#
# There is insufficient memory for the Java Runtime Environment to continue.
# Native memory allocation (malloc) failed to allocate 2402736 bytes for Chunk::new
# Possible reasons:
#   The system is out of physical RAM or swap space
#   In 32 bit mode, the process size limit was hit
# Possible solutions:
#   Reduce memory load on the system
#   Increase physical memory or swap space
#   Check if swap backing store is full
#   Use 64 bit Java on a 64 bit OS
#   Decrease Java heap size (-Xmx/-Xms)
#   Decrease number of Java threads
#   Decrease Java thread stack sizes (-Xss)
#   Set larger code cache with -XX:ReservedCodeCacheSize=
# This output file may be truncated or incomplete.
#
#  Out of Memory Error (allocation.cpp:390), pid=7860, tid=0x0000000000002190
#
# JRE version: OpenJDK Runtime Environment (8.0_152-b02) (build 1.8.0_152-release-1024-b02)
# Java VM: OpenJDK 64-Bit Server VM (25.152-b02 mixed mode windows-amd64 compressed oops)
# Failed to write core dump. Minidumps are not enabled by default on client versions of Windows
#

---------------  T H R E A D  ---------------

Current thread (0x0000000015e87000):  JavaThread "C2 CompilerThread0" daemon [_thread_in_native, id=8592, stack(0x00000000174f0000,0x00000000175f0000)]

Stack: [0x00000000174f0000,0x00000000175f0000]
[error occurred during error reporting (printing stack bounds), id 0xc0000005]

Native frames: (J=compiled Java code, j=interpreted, Vv=VM code, C=native code)


Current CompileTask:
C2:   4114 1584       4       java.net.URLClassLoader$1::run (5 bytes)


---------------  P R O C E S S  ---------------

Java Threads: ( => current thread )
  0x00000000194dc800 
[error occurred during error reporting (printing all threads), id 0xc0000005]

VM state:at safepoint (normal execution)

VM Mutex/Monitor currently owned by a thread:  ([mutex/lock_event])
[0x00000000023dcb10] Threads_lock - owner thread: 0x0000000015e45800
[0x00000000023dcd90] Heap_lock - owner thread: 0x0000000018f9f800

Heap:
 PSYoungGen      total 69632K, used 5943K [0x00000000e0000000, 0x00000000e4d00000, 0x0000000100000000)
  eden space 61952K, 0% used [0x00000000e0000000,0x00000000e0000000,0x00000000e3c80000)
  from space 7680K, 77% used [0x00000000e3c80000,0x00000000e424dd58,0x00000000e4400000)
  to   space 6144K, 0% used [0x00000000e4400000,0x00000000e4400000,0x00000000e4a00000)
 ParOldGen       total 42496K, used 7539K [0x00000000a0000000, 0x00000000a2980000, 0x00000000e0000000)
  object space 42496K, 17% used [0x00000000a0000000,0x00000000a075cfa8,0x00000000a2980000)
 Metaspace       used 20777K, capacity 21204K, committed 21248K, reserved 1067008K
  class space    used 2892K, capacity 3042K, committed 3072K, reserved 1048576K

Card table byte_map: [0x00000000118d0000,0x0000000011be0000] byte_map_base: 0x00000000113d0000

Marking Bits: (ParMarkBitMap*) 0x000000005e8e4970
 Begin Bits: [0x00000000121e0000, 0x00000000139e0000)
 End Bits:   [0x00000000139e0000, 0x00000000151e0000)

Polling page: 0x0000000000a90000

CodeCache: size=245760Kb used=5958Kb max_used=5958Kb free=239801Kb
 bounds [0x0000000002510000, 0x0000000002af0000, 0x0000000011510000]
 total_blobs=2113 nmethods=1723 adapters=301
 compilation: enabled

Compilation events (10 events):
Event: 4.027 Thread 0x0000000015e89800 1723   !   3       org.codehaus.groovy.util.ReferenceManager$CallBackedManager::removeStallEntries (43 bytes)
Event: 4.028 Thread 0x0000000015e89800 nmethod 1723 0x0000000002adb7d0 code [0x0000000002adb980, 0x0000000002adbfb8]
Event: 4.032 Thread 0x0000000015e89800 1724       3       java.util.concurrent.atomic.AtomicInteger::<init> (5 bytes)
Event: 4.032 Thread 0x0000000015e89800 nmethod 1724 0x0000000002adfb90 code [0x0000000002adfd00, 0x0000000002adff10]
Event: 4.032 Thread 0x0000000015e89800 1725       1       org.codehaus.groovy.runtime.metaclass.NewMetaMethod::getBytecodeParameterTypes (5 bytes)
Event: 4.033 Thread 0x0000000015e89800 nmethod 1725 0x0000000002adb490 code [0x0000000002adb5e0, 0x0000000002adb6f0]
Event: 4.033 Thread 0x0000000015e89800 1726       1       org.codehaus.groovy.runtime.metaclass.NewInstanceMetaMethod::isStatic (2 bytes)
Event: 4.033 Thread 0x0000000015e89800 nmethod 1726 0x0000000002adffd0 code [0x0000000002ae0120, 0x0000000002ae0230]
Event: 4.033 Thread 0x0000000015e89800 1727       1       org.codehaus.groovy.runtime.metaclass.MetaClassRegistryImpl::access$400 (5 bytes)
Event: 4.033 Thread 0x0000000015e89800 nmethod 1727 0x0000000002ae0290 code [0x0000000002ae03e0, 0x0000000002ae04d0]

GC Heap History (10 events):
Event: 0.969 GC heap after
Heap after GC invocations=3 (full 0):
 PSYoungGen      total 18432K, used 2544K [0x00000000e0000000, 0x00000000e2400000, 0x0000000100000000)
  eden space 15872K, 0% used [0x00000000e0000000,0x00000000e0000000,0x00000000e0f80000)
  from space 2560K, 99% used [0x00000000e0f80000,0x00000000e11fc010,0x00000000e1200000)
  to   space 2560K, 0% used [0x00000000e2180000,0x00000000e2180000,0x00000000e2400000)
 ParOldGen       total 42496K, used 719K [0x00000000a0000000, 0x00000000a2980000, 0x00000000e0000000)
  object space 42496K, 1% used [0x00000000a0000000,0x00000000a00b3d08,0x00000000a2980000)
 Metaspace       used 7218K, capacity 7532K, committed 7680K, reserved 1056768K
  class space    used 902K, capacity 984K, committed 1024K, reserved 1048576K
}
Event: 1.860 GC heap before
{Heap before GC invocations=4 (full 0):
 PSYoungGen      total 18432K, used 18416K [0x00000000e0000000, 0x00000000e2400000, 0x0000000100000000)
  eden space 15872K, 100% used [0x00000000e0000000,0x00000000e0f80000,0x00000000e0f80000)
  from space 2560K, 99% used [0x00000000e0f80000,0x00000000e11fc010,0x00000000e1200000)
  to   space 2560K, 0% used [0x00000000e2180000,0x00000000e2180000,0x00000000e2400000)
 ParOldGen       total 42496K, used 719K [0x00000000a0000000, 0x00000000a2980000, 0x00000000e0000000)
  object space 42496K, 1% used [0x00000000a0000000,0x00000000a00b3d08,0x00000000a2980000)
 Metaspace       used 10757K, capacity 11084K, committed 11264K, reserved 1058816K
  class space    used 1405K, capacity 1522K, committed 1536K, reserved 1048576K
Event: 1.866 GC heap after
Heap after GC invocations=4 (full 0):
 PSYoungGen      total 34304K, used 2544K [0x00000000e0000000, 0x00000000e2400000, 0x0000000100000000)
  eden space 31744K, 0% used [0x00000000e0000000,0x00000000e0000000,0x00000000e1f00000)
  from space 2560K, 99% used [0x00000000e2180000,0x00000000e23fc010,0x00000000e2400000)
  to   space 2560K, 0% used [0x00000000e1f00000,0x00000000e1f00000,0x00000000e2180000)
 ParOldGen       total 42496K, used 2704K [0x00000000a0000000, 0x00000000a2980000, 0x00000000e0000000)
  object space 42496K, 6% used [0x00000000a0000000,0x00000000a02a4208,0x00000000a2980000)
 Metaspace       used 10757K, capacity 11084K, committed 11264K, reserved 1058816K
  class space    used 1405K, capacity 1522K, committed 1536K, reserved 1048576K
}
Event: 2.512 GC heap before
{Heap before GC invocations=5 (full 0):
 PSYoungGen      total 34304K, used 34288K [0x00000000e0000000, 0x00000000e2400000, 0x0000000100000000)
  eden space 31744K, 100% used [0x00000000e0000000,0x00000000e1f00000,0x00000000e1f00000)
  from space 2560K, 99% used [0x00000000e2180000,0x00000000e23fc010,0x00000000e2400000)
  to   space 2560K, 0% used [0x00000000e1f00000,0x00000000e1f00000,0x00000000e2180000)
 ParOldGen       total 42496K, used 2704K [0x00000000a0000000, 0x00000000a2980000, 0x00000000e0000000)
  object space 42496K, 6% used [0x00000000a0000000,0x00000000a02a4208,0x00000000a2980000)
 Metaspace       used 14084K, capacity 14490K, committed 14720K, reserved 1062912K
  class space    used 1950K, capacity 2095K, committed 2176K, reserved 1048576K
Event: 2.518 GC heap after
Heap after GC invocations=5 (full 0):
 PSYoungGen      total 34304K, used 2528K [0x00000000e0000000, 0x00000000e4a00000, 0x0000000100000000)
  eden space 31744K, 0% used [0x00000000e0000000,0x00000000e0000000,0x00000000e1f00000)
  from space 2560K, 98% used [0x00000000e1f00000,0x00000000e2178020,0x00000000e2180000)
  to   space 6144K, 0% used [0x00000000e4400000,0x00000000e4400000,0x00000000e4a00000)
 ParOldGen       total 42496K, used 6333K [0x00000000a0000000, 0x00000000a2980000, 0x00000000e0000000)
  object space 42496K, 14% used [0x00000000a0000000,0x00000000a062f4d8,0x00000000a2980000)
 Metaspace       used 14084K, capacity 14490K, committed 14720K, reserved 1062912K
  class space    used 1950K, capacity 2095K, committed 2176K, reserved 1048576K
}
Event: 3.142 GC heap before
{Heap before GC invocations=6 (full 0):
 PSYoungGen      total 34304K, used 34272K [0x00000000e0000000, 0x00000000e4a00000, 0x0000000100000000)
  eden space 31744K, 100% used [0x00000000e0000000,0x00000000e1f00000,0x00000000e1f00000)
  from space 2560K, 98% used [0x00000000e1f00000,0x00000000e2178020,0x00000000e2180000)
  to   space 6144K, 0% used [0x00000000e4400000,0x00000000e4400000,0x00000000e4a00000)
 ParOldGen       total 42496K, used 6333K [0x00000000a0000000, 0x00000000a2980000, 0x00000000e0000000)
  object space 42496K, 14% used [0x00000000a0000000,0x00000000a062f4d8,0x00000000a2980000)
 Metaspace       used 17122K, capacity 17490K, committed 17792K, reserved 1064960K
  class space    used 2456K, capacity 2579K, committed 2688K, reserved 1048576K
Event: 3.155 GC heap after
Heap after GC invocations=6 (full 0):
 PSYoungGen      total 68096K, used 6115K [0x00000000e0000000, 0x00000000e4d00000, 0x0000000100000000)
  eden space 61952K, 0% used [0x00000000e0000000,0x00000000e0000000,0x00000000e3c80000)
  from space 6144K, 99% used [0x00000000e4400000,0x00000000e49f8f00,0x00000000e4a00000)
  to   space 7680K, 0% used [0x00000000e3c80000,0x00000000e3c80000,0x00000000e4400000)
 ParOldGen       total 42496K, used 6681K [0x00000000a0000000, 0x00000000a2980000, 0x00000000e0000000)
  object space 42496K, 15% used [0x00000000a0000000,0x00000000a0686468,0x00000000a2980000)
 Metaspace       used 17122K, capacity 17490K, committed 17792K, reserved 1064960K
  class space    used 2456K, capacity 2579K, committed 2688K, reserved 1048576K
}
Event: 4.035 GC heap before
{Heap before GC invocations=7 (full 0):
 PSYoungGen      total 68096K, used 24109K [0x00000000e0000000, 0x00000000e4d00000, 0x0000000100000000)
  eden space 61952K, 29% used [0x00000000e0000000,0x00000000e1192858,0x00000000e3c80000)
  from space 6144K, 99% used [0x00000000e4400000,0x00000000e49f8f00,0x00000000e4a00000)
  to   space 7680K, 0% used [0x00000000e3c80000,0x00000000e3c80000,0x00000000e4400000)
 ParOldGen       total 42496K, used 6681K [0x00000000a0000000, 0x00000000a2980000, 0x00000000e0000000)
  object space 42496K, 15% used [0x00000000a0000000,0x00000000a0686468,0x00000000a2980000)
 Metaspace       used 20777K, capacity 21204K, committed 21248K, reserved 1067008K
  class space    used 2892K, capacity 3042K, committed 3072K, reserved 1048576K
Event: 4.048 GC heap after
Heap after GC invocations=7 (full 0):
 PSYoungGen      total 69632K, used 5943K [0x00000000e0000000, 0x00000000e4d00000, 0x0000000100000000)
  eden space 61952K, 0% used [0x00000000e0000000,0x00000000e0000000,0x00000000e3c80000)
  from space 7680K, 77% used [0x00000000e3c80000,0x00000000e424dd58,0x00000000e4400000)
  to   space 6144K, 0% used [0x00000000e4400000,0x00000000e4400000,0x00000000e4a00000)
 ParOldGen       total 42496K, used 7539K [0x00000000a0000000, 0x00000000a2980000, 0x00000000e0000000)
  object space 42496K, 17% used [0x00000000a0000000,0x00000000a075cfa8,0x00000000a2980000)
 Metaspace       used 20777K, capacity 21204K, committed 21248K, reserved 1067008K
  class space    used 2892K, capacity 3042K, committed 3072K, reserved 1048576K
}
Event: 4.048 GC heap before
{Heap before GC invocations=8 (full 1):
 PSYoungGen      total 69632K, used 5943K [0x00000000e0000000, 0x00000000e4d00000, 0x0000000100000000)
  eden space 61952K, 0% used [0x00000000e0000000,0x00000000e0000000,0x00000000e3c80000)
  from space 7680K, 77% used [0x00000000e3c80000,0x00000000e424dd58,0x00000000e4400000)
  to   space 6144K, 0% used [0x00000000e4400000,0x00000000e4400000,0x00000000e4a00000)
 ParOldGen       total 42496K, used 7539K [0x00000000a0000000, 0x00000000a2980000, 0x00000000e0000000)
  object space 42496K, 17% used [0x00000000a0000000,0x00000000a075cfa8,0x00000000a2980000)
 Metaspace       used 20777K, capacity 21204K, committed 21248K, reserved 1067008K
  class space    used 2892K, capacity 3042K, committed 3072K, reserved 1048576K

Deoptimization events (10 events):
Event: 3.003 Thread 0x0000000018f9f800 Uncommon trap: reason=unstable_if action=reinterpret pc=0x00000000027b4140 method=java.net.URI.match(CJJ)Z @ 19
Event: 3.054 Thread 0x0000000018f9f800 Uncommon trap: reason=unstable_if action=reinterpret pc=0x00000000027a9298 method=java.io.File.getName()Ljava/lang/String; @ 16
Event: 3.199 Thread 0x0000000018f9f800 Uncommon trap: reason=bimorphic action=maybe_recompile pc=0x00000000029a2e1c method=java.lang.ClassLoader.loadClass(Ljava/lang/String;Z)Ljava/lang/Class; @ 38
Event: 3.265 Thread 0x0000000018f9f800 Uncommon trap: reason=bimorphic action=maybe_recompile pc=0x00000000029a2e1c method=java.lang.ClassLoader.loadClass(Ljava/lang/String;Z)Ljava/lang/Class; @ 38
Event: 3.265 Thread 0x0000000018f9f800 Uncommon trap: reason=bimorphic action=maybe_recompile pc=0x00000000029a2e1c method=java.lang.ClassLoader.loadClass(Ljava/lang/String;Z)Ljava/lang/Class; @ 38
Event: 3.266 Thread 0x0000000018f9f800 Uncommon trap: reason=bimorphic action=maybe_recompile pc=0x00000000029a2e1c method=java.lang.ClassLoader.loadClass(Ljava/lang/String;Z)Ljava/lang/Class; @ 38
Event: 3.420 Thread 0x0000000018f9f800 Uncommon trap: reason=bimorphic action=maybe_recompile pc=0x0000000002a55c54 method=java.lang.ClassLoader.getPackage(Ljava/lang/String;)Ljava/lang/Package; @ 47
Event: 3.423 Thread 0x0000000018f9f800 Uncommon trap: reason=bimorphic action=maybe_recompile pc=0x0000000002a55c54 method=java.lang.ClassLoader.getPackage(Ljava/lang/String;)Ljava/lang/Package; @ 47
Event: 3.439 Thread 0x0000000018f9f800 Uncommon trap: reason=bimorphic action=maybe_recompile pc=0x0000000002a55c54 method=java.lang.ClassLoader.getPackage(Ljava/lang/String;)Ljava/lang/Package; @ 47
Event: 3.451 Thread 0x0000000018f9f800 Uncommon trap: reason=bimorphic action=maybe_recompile pc=0x0000000002a55c54 method=java.lang.ClassLoader.getPackage(Ljava/lang/String;)Ljava/lang/Package; @ 47

Classes redefined (0 events):
No events

Internal exceptions (10 events):
Event: 3.070 Thread 0x0000000018f9f800 Exception <a 'java/lang/NoSuchMethodError': <clinit>> (0x00000000e1c112f8) thrown at [D:\src\AOSP-openjdk-cygwin\jdk8u\hotspot\src\share\vm\prims\jni.cpp, line 1613]
Event: 3.070 Thread 0x0000000018f9f800 Exception <a 'java/lang/NoSuchMethodError': <clinit>> (0x00000000e1c13c98) thrown at [D:\src\AOSP-openjdk-cygwin\jdk8u\hotspot\src\share\vm\prims\jni.cpp, line 1613]
Event: 3.071 Thread 0x0000000018f9f800 Exception <a 'java/lang/NoSuchMethodError': <clinit>> (0x00000000e1c21288) thrown at [D:\src\AOSP-openjdk-cygwin\jdk8u\hotspot\src\share\vm\prims\jni.cpp, line 1613]
Event: 3.072 Thread 0x0000000018f9f800 Exception <a 'java/lang/NoSuchMethodError': <clinit>> (0x00000000e1c2ca08) thrown at [D:\src\AOSP-openjdk-cygwin\jdk8u\hotspot\src\share\vm\prims\jni.cpp, line 1613]
Event: 3.270 Thread 0x0000000018f9f800 Exception <a 'java/lang/NoSuchMethodError': <clinit>> (0x00000000e00fec90) thrown at [D:\src\AOSP-openjdk-cygwin\jdk8u\hotspot\src\share\vm\prims\jni.cpp, line 1613]
Event: 3.425 Thread 0x0000000018f9f800 Exception <a 'java/lang/NoSuchMethodError': <clinit>> (0x00000000e0149dd0) thrown at [D:\src\AOSP-openjdk-cygwin\jdk8u\hotspot\src\share\vm\prims\jni.cpp, line 1613]
Event: 3.427 Thread 0x0000000018f9f800 Exception <a 'java/lang/NoSuchMethodError': <clinit>> (0x00000000e01577d0) thrown at [D:\src\AOSP-openjdk-cygwin\jdk8u\hotspot\src\share\vm\prims\jni.cpp, line 1613]
Event: 3.455 Thread 0x0000000018f9f800 Exception <a 'java/lang/NoSuchMethodError': <clinit>> (0x00000000e01e7ad0) thrown at [D:\src\AOSP-openjdk-cygwin\jdk8u\hotspot\src\share\vm\prims\jni.cpp, line 1613]
Event: 3.455 Thread 0x0000000018f9f800 Exception <a 'java/lang/NoSuchMethodError': <clinit>> (0x00000000e01eb790) thrown at [D:\src\AOSP-openjdk-cygwin\jdk8u\hotspot\src\share\vm\prims\jni.cpp, line 1613]
Event: 3.455 Thread 0x0000000018f9f800 Exception <a 'java/lang/NoSuchMethodError': <clinit>> (0x00000000e01ed298) thrown at [D:\src\AOSP-openjdk-cygwin\jdk8u\hotspot\src\share\vm\prims\jni.cpp, line 1613]

Events (10 events):
Event: 4.031 loading class org/w3c/dom/UserDataHandler done
Event: 4.031 loading class org/w3c/dom/Document
Event: 4.031 loading class org/w3c/dom/Document done
Event: 4.032 loading class javax/script/ScriptEngineManager
Event: 4.032 loading class javax/script/ScriptEngineManager done
Event: 4.033 loading class groovy/runtime/metaclass/CustomMetaClassCreationHandle
Event: 4.033 loading class groovy/runtime/metaclass/CustomMetaClassCreationHandle done
Event: 4.033 loading class groovy/lang/ExpandoMetaClass
Event: 4.033 loading class groovy/lang/ExpandoMetaClass done
Event: 4.034 Executing VM operation: CollectForMetadataAllocation


Dynamic libraries:
0x00007ff719540000 - 0x00007ff719571000 	C:\Program Files\Android\Android Studio\jre\bin\java.exe
0x00007ffb00460000 - 0x00007ffb00641000 	C:\WINDOWS\SYSTEM32\ntdll.dll
0x00007ffafeab0000 - 0x00007ffafeb62000 	C:\WINDOWS\System32\KERNEL32.DLL
0x00007ffafd360000 - 0x00007ffafd5d3000 	C:\WINDOWS\System32\KERNELBASE.dll
0x00007ffb00370000 - 0x00007ffb00411000 	C:\WINDOWS\System32\ADVAPI32.dll
0x00007ffafe100000 - 0x00007ffafe19e000 	C:\WINDOWS\System32\msvcrt.dll
0x00007ffafdd40000 - 0x00007ffafdd9b000 	C:\WINDOWS\System32\sechost.dll
0x00007ffafe950000 - 0x00007ffafea74000 	C:\WINDOWS\System32\RPCRT4.dll
0x00007ffafe600000 - 0x00007ffafe790000 	C:\WINDOWS\System32\USER32.dll
0x00007ffafd8d0000 - 0x00007ffafd8f0000 	C:\WINDOWS\System32\win32u.dll
0x00007ffb00340000 - 0x00007ffb00368000 	C:\WINDOWS\System32\GDI32.dll
0x00007ffafd640000 - 0x00007ffafd7d2000 	C:\WINDOWS\System32\gdi32full.dll
0x00007ffafd7e0000 - 0x00007ffafd87f000 	C:\WINDOWS\System32\msvcp_win.dll
0x00007ffafc830000 - 0x00007ffafc92a000 	C:\WINDOWS\System32\ucrtbase.dll
0x00007ffaf16d0000 - 0x00007ffaf1939000 	C:\WINDOWS\WinSxS\amd64_microsoft.windows.common-controls_6595b64144ccf1df_6.0.17134.228_none_fb4599993062b194\COMCTL32.dll
0x00007ffafe2d0000 - 0x00007ffafe5f3000 	C:\WINDOWS\System32\combase.dll
0x00007ffafd230000 - 0x00007ffafd2aa000 	C:\WINDOWS\System32\bcryptPrimitives.dll
0x00007ffafea80000 - 0x00007ffafeaad000 	C:\WINDOWS\System32\IMM32.DLL
0x000000005df60000 - 0x000000005e032000 	C:\Program Files\Android\Android Studio\jre\jre\bin\msvcr100.dll
0x000000005e120000 - 0x000000005e95f000 	C:\Program Files\Android\Android Studio\jre\jre\bin\server\jvm.dll
0x00007ffafdda0000 - 0x00007ffafdda8000 	C:\WINDOWS\System32\PSAPI.DLL
0x00007ffaf6d60000 - 0x00007ffaf6d69000 	C:\WINDOWS\SYSTEM32\WSOCK32.dll
0x00007ffafe260000 - 0x00007ffafe2cc000 	C:\WINDOWS\System32\WS2_32.dll
0x00007ffafa4a0000 - 0x00007ffafa4c3000 	C:\WINDOWS\SYSTEM32\WINMM.dll
0x00007ffaf1b20000 - 0x00007ffaf1b2a000 	C:\WINDOWS\SYSTEM32\VERSION.dll
0x00007ffafa470000 - 0x00007ffafa49a000 	C:\WINDOWS\SYSTEM32\WINMMBASE.dll
0x00007ffafd880000 - 0x00007ffafd8c9000 	C:\WINDOWS\System32\cfgmgr32.dll
0x00007ffafa950000 - 0x00007ffafa95f000 	C:\Program Files\Android\Android Studio\jre\jre\bin\verify.dll
0x00007ffaf58f0000 - 0x00007ffaf5919000 	C:\Program Files\Android\Android Studio\jre\jre\bin\java.dll
0x00007ffaf58d0000 - 0x00007ffaf58e6000 	C:\Program Files\Android\Android Studio\jre\jre\bin\zip.dll
0x00007ffafeda0000 - 0x00007ffb001e0000 	C:\WINDOWS\System32\SHELL32.dll
0x00007ffafe1a0000 - 0x00007ffafe249000 	C:\WINDOWS\System32\shcore.dll
0x00007ffafc930000 - 0x00007ffafd03d000 	C:\WINDOWS\System32\windows.storage.dll
0x00007ffafe0a0000 - 0x00007ffafe0f1000 	C:\WINDOWS\System32\shlwapi.dll
0x00007ffafc810000 - 0x00007ffafc821000 	C:\WINDOWS\System32\kernel.appcore.dll
0x00007ffafc7d0000 - 0x00007ffafc7ef000 	C:\WINDOWS\System32\profapi.dll
0x00007ffafc780000 - 0x00007ffafc7cc000 	C:\WINDOWS\System32\powrprof.dll
0x00007ffafc770000 - 0x00007ffafc77a000 	C:\WINDOWS\System32\FLTLIB.DLL
0x00007ffaf5890000 - 0x00007ffaf58aa000 	C:\Program Files\Android\Android Studio\jre\jre\bin\net.dll
0x00007ffafbf90000 - 0x00007ffafbff6000 	C:\WINDOWS\system32\mswsock.dll
0x00007ffaf2360000 - 0x00007ffaf2371000 	C:\Program Files\Android\Android Studio\jre\jre\bin\nio.dll
0x00007ffaf01b0000 - 0x00007ffaf01ce000 	C:\Users\renan\.gradle\native\25\windows-amd64\native-platform.dll
0x00007ffaf6f70000 - 0x00007ffaf6f7d000 	C:\Program Files\Android\Android Studio\jre\jre\bin\management.dll
0x00007ffafc140000 - 0x00007ffafc157000 	C:\WINDOWS\SYSTEM32\CRYPTSP.dll
0x00007ffafbb70000 - 0x00007ffafbba3000 	C:\WINDOWS\system32\rsaenh.dll
0x00007ffafc270000 - 0x00007ffafc295000 	C:\WINDOWS\SYSTEM32\bcrypt.dll
0x00007ffafc6a0000 - 0x00007ffafc6c8000 	C:\WINDOWS\SYSTEM32\USERENV.dll
0x00007ffafc160000 - 0x00007ffafc16b000 	C:\WINDOWS\SYSTEM32\CRYPTBASE.dll
0x00007ffafbd10000 - 0x00007ffafbd48000 	C:\WINDOWS\SYSTEM32\IPHLPAPI.DLL
0x00007ffb00420000 - 0x00007ffb00428000 	C:\WINDOWS\System32\NSI.dll
0x00007ffaf3d20000 - 0x00007ffaf3d36000 	C:\WINDOWS\SYSTEM32\dhcpcsvc6.DLL
0x00007ffaf3ea0000 - 0x00007ffaf3eba000 	C:\WINDOWS\SYSTEM32\dhcpcsvc.DLL

VM Arguments:
jvm_args: -Xmx1536m -Dfile.encoding=windows-1252 -Duser.country=BR -Duser.language=pt -Duser.variant 
java_command: org.gradle.launcher.daemon.bootstrap.GradleDaemon 4.4
java_class_path (initial): C:\Users\renan\.gradle\wrapper\dists\gradle-4.4-all\9br9xq1tocpiv8o6njlyu5op1\gradle-4.4\lib\gradle-launcher-4.4.jar
Launcher Type: SUN_STANDARD

Environment Variables:
PATH=C:\Program Files (x86)\Common Files\Oracle\Java\javapath;C:\ProgramData\Oracle\Java\javapath;C:\WINDOWS\system32;C:\WINDOWS;C:\WINDOWS\System32\Wbem;C:\WINDOWS\System32\WindowsPowerShell\v1.0\;C:\Users\renan\AppData\Local\Programs\Python\Python36-32;C:\Users\renan\AppData\Local\Programs\Python\Python36-32\Scripts;;C:\WINDOWS\System32\OpenSSH\;C:\Program Files\MySQL\MySQL Utilities 1.6\;C:\Program Files\Microsoft VS Code\bin;C:\Program Files\nodejs\;C:\Users\renan\AppData\Local\Microsoft\WindowsApps;C:\Users\renan\AppData\Roaming\npm;C:\Users\renan\AppData\Local\Programs\Microsoft VS Code\bin
USERNAME=renan
OS=Windows_NT
PROCESSOR_IDENTIFIER=Intel64 Family 6 Model 142 Stepping 9, GenuineIntel



---------------  S Y S T E M  ---------------

OS: Windows 10.0 , 64 bit Build 17134 (10.0.17134.1)

CPU:total 4 (initial active 4) (2 cores per cpu, 2 threads per core) family 6 model 142 stepping 9, cmov, cx8, fxsr, mmx, sse, sse2, sse3, ssse3, sse4.1, sse4.2, popcnt, avx, avx2, aes, clmul, erms, 3dnowpref, lzcnt, ht, tsc, tscinvbit, bmi1, bmi2, adx

Memory: 4k page, physical 4034820k(1139788k free), swap 5673220k(8108k free)

vm_info: OpenJDK 64-Bit Server VM (25.152-b02) for windows-amd64 JRE (1.8.0_152-release-1024-b02), built by "builder" with MS VC++ 10.0 (VS2010)

time: Mon Aug 27 19:31:47 2018
elapsed time: 4 seconds (0d 0h 0m 4s)

