#
# There is insufficient memory for the Java Runtime Environment to continue.
# Native memory allocation (malloc) failed to allocate 1019376 bytes for Chunk::new
# Possible reasons:
#   The system is out of physical RAM or swap space
#   In 32 bit mode, the process size limit was hit
# Possible solutions:
#   Reduce memory load on the system
#   Increase physical memory or swap space
#   Check if swap backing store is full
#   Use 64 bit Java on a 64 bit OS
#   Decrease Java heap size (-Xmx/-Xms)
#   Decrease number of Java threads
#   Decrease Java thread stack sizes (-Xss)
#   Set larger code cache with -XX:ReservedCodeCacheSize=
# This output file may be truncated or incomplete.
#
#  Out of Memory Error (allocation.cpp:390), pid=7800, tid=0x0000000000002128
#
# JRE version: OpenJDK Runtime Environment (8.0_152-b02) (build 1.8.0_152-release-1024-b02)
# Java VM: OpenJDK 64-Bit Server VM (25.152-b02 mixed mode windows-amd64 compressed oops)
# Failed to write core dump. Minidumps are not enabled by default on client versions of Windows
#

---------------  T H R E A D  ---------------

Current thread (0x0000000012fee800):  JavaThread "C2 CompilerThread1" daemon [_thread_in_native, id=8488, stack(0x0000000014790000,0x0000000014890000)]

Stack: [0x0000000014790000,0x0000000014890000]
[error occurred during error reporting (printing stack bounds), id 0xc0000005]

Native frames: (J=compiled Java code, j=interpreted, Vv=VM code, C=native code)


Current CompileTask:
C2:   2046  847 %     4       org.objectweb.asm.ClassReader::readCode @ 74 (3575 bytes)


---------------  P R O C E S S  ---------------

Java Threads: ( => current thread )
  0x000000001303e000 JavaThread "Service Thread" daemon [_thread_blocked, id=2744, stack(0x0000000014d90000,0x0000000014e90000)]
  0x00000000148a8800 JavaThread "C1 CompilerThread2" daemon [_thread_blocked, id=9176, stack(0x0000000014c90000,0x0000000014d90000)]
=>0x0000000012fee800 JavaThread "C2 CompilerThread1" daemon [_thread_in_native, id=8488, stack(0x0000000014790000,0x0000000014890000)]
  0x0000000012fec000 JavaThread "C2 CompilerThread0" daemon [_thread_blocked, id=11420, stack(0x0000000014690000,0x0000000014790000)]
  0x0000000012feb000 JavaThread "Attach Listener" daemon [_thread_blocked, id=5796, stack(0x0000000014590000,0x0000000014690000)]
  0x0000000012fe9800 JavaThread "Signal Dispatcher" daemon [_thread_blocked, id=3708, stack(0x0000000014490000,0x0000000014590000)]
  0x0000000012fc8800 JavaThread "Finalizer" daemon [_thread_blocked, id=12456, stack(0x0000000014270000,0x0000000014370000)]
  0x0000000002c34800 JavaThread "Reference Handler" daemon [_thread_blocked, id=1020, stack(0x0000000014170000,0x0000000014270000)]
  0x0000000002b44000 JavaThread "main" [_thread_in_native, id=6696, stack(0x0000000002a40000,0x0000000002b40000)]

Other Threads:
  0x0000000012fa5800 VMThread [stack: 0x0000000014070000,0x0000000014170000] [id=2652]
  0x00000000148aa000 WatcherThread [stack: 0x0000000014e90000,0x0000000014f90000] [id=9852]

VM state:not at safepoint (normal execution)

VM Mutex/Monitor currently owned by a thread: None

Heap:
 PSYoungGen      total 18432K, used 13219K [0x00000000feb00000, 0x00000000fff80000, 0x0000000100000000)
  eden space 15872K, 67% used [0x00000000feb00000,0x00000000ff56e2c0,0x00000000ffa80000)
  from space 2560K, 99% used [0x00000000ffd00000,0x00000000fff7ab58,0x00000000fff80000)
  to   space 2560K, 0% used [0x00000000ffa80000,0x00000000ffa80000,0x00000000ffd00000)
 ParOldGen       total 42496K, used 4531K [0x00000000fc000000, 0x00000000fe980000, 0x00000000feb00000)
  object space 42496K, 10% used [0x00000000fc000000,0x00000000fc46cc80,0x00000000fe980000)
 Metaspace       used 7628K, capacity 7876K, committed 7936K, reserved 1056768K
  class space    used 872K, capacity 970K, committed 1024K, reserved 1048576K

Card table byte_map: [0x00000000028f0000,0x0000000002920000] byte_map_base: 0x0000000002110000

Marking Bits: (ParMarkBitMap*) 0x00000000760e4970
 Begin Bits: [0x0000000012420000, 0x0000000012520000)
 End Bits:   [0x0000000012520000, 0x0000000012620000)

Polling page: 0x00000000007f0000

CodeCache: size=245760Kb used=3651Kb max_used=3662Kb free=242108Kb
 bounds [0x0000000002c40000, 0x0000000002fe0000, 0x0000000011c40000]
 total_blobs=1312 nmethods=980 adapters=246
 compilation: enabled

Compilation events (10 events):
Event: 2.023 Thread 0x0000000012fec000 nmethod 927 0x0000000002fcf390 code [0x0000000002fcf760, 0x0000000002fd20a8]
Event: 2.023 Thread 0x0000000012fec000  926  s    4       java.io.BufferedOutputStream::write (35 bytes)
Event: 2.025 Thread 0x0000000012fec000 nmethod 926 0x0000000002fcbe10 code [0x0000000002fcbf60, 0x0000000002fcc2c8]
Event: 2.025 Thread 0x0000000012fec000  938       4       org.objectweb.asm.MethodVisitor::visitJumpInsn (17 bytes)
Event: 2.025 Thread 0x0000000012fec000 nmethod 938 0x0000000002fca690 code [0x0000000002fca7c0, 0x0000000002fca858]
Event: 2.025 Thread 0x0000000012fec000  906       4       org.objectweb.asm.MethodWriter::visitLineNumber (50 bytes)
Event: 2.030 Thread 0x0000000012fec000 nmethod 906 0x0000000002fcce50 code [0x0000000002fccfc0, 0x0000000002fcd438]
Event: 2.030 Thread 0x0000000012fec000  929       4       org.objectweb.asm.ByteVector::putInt (74 bytes)
Event: 2.032 Thread 0x0000000012fec000 nmethod 929 0x0000000002fca250 code [0x0000000002fca3a0, 0x0000000002fca548]
Event: 2.032 Thread 0x0000000012fec000  953       4       org.objectweb.asm.ClassWriter::newStringishItem (68 bytes)

GC Heap History (4 events):
Event: 1.473 GC heap before
{Heap before GC invocations=1 (full 0):
 PSYoungGen      total 18432K, used 15872K [0x00000000feb00000, 0x00000000fff80000, 0x0000000100000000)
  eden space 15872K, 100% used [0x00000000feb00000,0x00000000ffa80000,0x00000000ffa80000)
  from space 2560K, 0% used [0x00000000ffd00000,0x00000000ffd00000,0x00000000fff80000)
  to   space 2560K, 0% used [0x00000000ffa80000,0x00000000ffa80000,0x00000000ffd00000)
 ParOldGen       total 42496K, used 0K [0x00000000fc000000, 0x00000000fe980000, 0x00000000feb00000)
  object space 42496K, 0% used [0x00000000fc000000,0x00000000fc000000,0x00000000fe980000)
 Metaspace       used 6733K, capacity 6938K, committed 7040K, reserved 1056768K
  class space    used 800K, capacity 871K, committed 896K, reserved 1048576K
Event: 1.478 GC heap after
Heap after GC invocations=1 (full 0):
 PSYoungGen      total 18432K, used 2528K [0x00000000feb00000, 0x00000000fff80000, 0x0000000100000000)
  eden space 15872K, 0% used [0x00000000feb00000,0x00000000feb00000,0x00000000ffa80000)
  from space 2560K, 98% used [0x00000000ffa80000,0x00000000ffcf8030,0x00000000ffd00000)
  to   space 2560K, 0% used [0x00000000ffd00000,0x00000000ffd00000,0x00000000fff80000)
 ParOldGen       total 42496K, used 1066K [0x00000000fc000000, 0x00000000fe980000, 0x00000000feb00000)
  object space 42496K, 2% used [0x00000000fc000000,0x00000000fc10a8c0,0x00000000fe980000)
 Metaspace       used 6733K, capacity 6938K, committed 7040K, reserved 1056768K
  class space    used 800K, capacity 871K, committed 896K, reserved 1048576K
}
Event: 1.905 GC heap before
{Heap before GC invocations=2 (full 0):
 PSYoungGen      total 18432K, used 18400K [0x00000000feb00000, 0x00000000fff80000, 0x0000000100000000)
  eden space 15872K, 100% used [0x00000000feb00000,0x00000000ffa80000,0x00000000ffa80000)
  from space 2560K, 98% used [0x00000000ffa80000,0x00000000ffcf8030,0x00000000ffd00000)
  to   space 2560K, 0% used [0x00000000ffd00000,0x00000000ffd00000,0x00000000fff80000)
 ParOldGen       total 42496K, used 1066K [0x00000000fc000000, 0x00000000fe980000, 0x00000000feb00000)
  object space 42496K, 2% used [0x00000000fc000000,0x00000000fc10a8c0,0x00000000fe980000)
 Metaspace       used 7574K, capacity 7812K, committed 7936K, reserved 1056768K
  class space    used 872K, capacity 970K, committed 1024K, reserved 1048576K
Event: 1.911 GC heap after
Heap after GC invocations=2 (full 0):
 PSYoungGen      total 18432K, used 2538K [0x00000000feb00000, 0x00000000fff80000, 0x0000000100000000)
  eden space 15872K, 0% used [0x00000000feb00000,0x00000000feb00000,0x00000000ffa80000)
  from space 2560K, 99% used [0x00000000ffd00000,0x00000000fff7ab58,0x00000000fff80000)
  to   space 2560K, 0% used [0x00000000ffa80000,0x00000000ffa80000,0x00000000ffd00000)
 ParOldGen       total 42496K, used 4531K [0x00000000fc000000, 0x00000000fe980000, 0x00000000feb00000)
  object space 42496K, 10% used [0x00000000fc000000,0x00000000fc46cc80,0x00000000fe980000)
 Metaspace       used 7574K, capacity 7812K, committed 7936K, reserved 1056768K
  class space    used 872K, capacity 970K, committed 1024K, reserved 1048576K
}

Deoptimization events (10 events):
Event: 1.424 Thread 0x0000000002b44000 Uncommon trap: reason=unstable_if action=reinterpret pc=0x0000000002e6289c method=java.util.zip.ZipFile$ZipEntryIterator.hasNext()Z @ 25
Event: 1.424 Thread 0x0000000002b44000 Uncommon trap: reason=unstable_if action=reinterpret pc=0x0000000002e6792c method=java.util.zip.ZipCoder.decoder()Ljava/nio/charset/CharsetDecoder; @ 4
Event: 1.425 Thread 0x0000000002b44000 Uncommon trap: reason=unstable_if action=reinterpret pc=0x0000000002e6bc1c method=java.util.zip.ZipFile$ZipEntryIterator.hasNext()Z @ 25
Event: 1.425 Thread 0x0000000002b44000 Uncommon trap: reason=unstable_if action=reinterpret pc=0x0000000002e5e27c method=java.util.zip.ZipCoder.decoder()Ljava/nio/charset/CharsetDecoder; @ 4
Event: 1.543 Thread 0x0000000002b44000 Uncommon trap: reason=unstable_if action=reinterpret pc=0x0000000002e7bcf0 method=java.util.zip.ZipFile.getZipEntry(Ljava/lang/String;J)Ljava/util/zip/ZipEntry; @ 19
Event: 1.660 Thread 0x0000000002b44000 Uncommon trap: reason=unstable_if action=reinterpret pc=0x0000000002e6689c method=java.util.zip.ZipEntry.setExtra0([BZ)V @ 279
Event: 1.790 Thread 0x0000000002b44000 Uncommon trap: reason=unstable_if action=reinterpret pc=0x0000000002e1af38 method=java.lang.String.<init>([CII)V @ 18
Event: 1.825 Thread 0x0000000002b44000 Uncommon trap: reason=unstable_if action=reinterpret pc=0x0000000002eeda04 method=org.objectweb.asm.ClassReader.readUTF8(I[C)Ljava/lang/String; @ 7
Event: 1.902 Thread 0x0000000002b44000 Uncommon trap: reason=unstable_if action=reinterpret pc=0x0000000002f4fd98 method=org.objectweb.asm.Type.getArgumentsAndReturnSizes(Ljava/lang/String;)I @ 47
Event: 1.925 Thread 0x0000000002b44000 Uncommon trap: reason=unstable_if action=reinterpret pc=0x0000000002f3da1c method=org.objectweb.asm.Item.isEqualTo(Lorg/objectweb/asm/Item;)Z @ 345

Classes redefined (0 events):
No events

Internal exceptions (10 events):
Event: 1.557 Thread 0x0000000002b44000 Exception <a 'sun/nio/fs/WindowsException'> (0x00000000ff2a2b00) thrown at [D:\src\AOSP-openjdk-cygwin\jdk8u\hotspot\src\share\vm\prims\jni.cpp, line 709]
Event: 1.557 Thread 0x0000000002b44000 Exception <a 'sun/nio/fs/WindowsException'> (0x00000000ff2a30d8) thrown at [D:\src\AOSP-openjdk-cygwin\jdk8u\hotspot\src\share\vm\prims\jni.cpp, line 709]
Event: 1.557 Thread 0x0000000002b44000 Exception <a 'sun/nio/fs/WindowsException'> (0x00000000ff2a38a8) thrown at [D:\src\AOSP-openjdk-cygwin\jdk8u\hotspot\src\share\vm\prims\jni.cpp, line 709]
Event: 1.572 Thread 0x0000000002b44000 Exception <a 'sun/nio/fs/WindowsException'> (0x00000000ff2a8840) thrown at [D:\src\AOSP-openjdk-cygwin\jdk8u\hotspot\src\share\vm\prims\jni.cpp, line 709]
Event: 1.688 Thread 0x0000000002b44000 Exception <a 'sun/nio/fs/WindowsException'> (0x00000000ff4f3fe8) thrown at [D:\src\AOSP-openjdk-cygwin\jdk8u\hotspot\src\share\vm\prims\jni.cpp, line 709]
Event: 1.688 Thread 0x0000000002b44000 Exception <a 'sun/nio/fs/WindowsException'> (0x00000000ff4f45d0) thrown at [D:\src\AOSP-openjdk-cygwin\jdk8u\hotspot\src\share\vm\prims\jni.cpp, line 709]
Event: 1.822 Thread 0x0000000002b44000 Exception <a 'sun/nio/fs/WindowsException'> (0x00000000ff7373c8) thrown at [D:\src\AOSP-openjdk-cygwin\jdk8u\hotspot\src\share\vm\prims\jni.cpp, line 709]
Event: 1.822 Thread 0x0000000002b44000 Exception <a 'sun/nio/fs/WindowsException'> (0x00000000ff737930) thrown at [D:\src\AOSP-openjdk-cygwin\jdk8u\hotspot\src\share\vm\prims\jni.cpp, line 709]
Event: 1.870 Thread 0x0000000002b44000 Exception <a 'sun/nio/fs/WindowsException'> (0x00000000ff84b158) thrown at [D:\src\AOSP-openjdk-cygwin\jdk8u\hotspot\src\share\vm\prims\jni.cpp, line 709]
Event: 1.870 Thread 0x0000000002b44000 Exception <a 'sun/nio/fs/WindowsException'> (0x00000000ff84b6c0) thrown at [D:\src\AOSP-openjdk-cygwin\jdk8u\hotspot\src\share\vm\prims\jni.cpp, line 709]

Events (10 events):
Event: 1.902 Thread 0x0000000002b44000 Uncommon trap: trap_request=0xffffff65 fr.pc=0x0000000002f4fd98
Event: 1.902 Thread 0x0000000002b44000 DEOPT PACKING pc=0x0000000002f4fd98 sp=0x0000000002b3e520
Event: 1.902 Thread 0x0000000002b44000 DEOPT UNPACKING pc=0x0000000002c8557b sp=0x0000000002b3e4a8 mode 2
Event: 1.905 Executing VM operation: ParallelGCFailedAllocation
Event: 1.911 Executing VM operation: ParallelGCFailedAllocation done
Event: 1.925 Thread 0x0000000002b44000 Uncommon trap: trap_request=0xffffff65 fr.pc=0x0000000002f3da1c
Event: 1.925 Thread 0x0000000002b44000 DEOPT PACKING pc=0x0000000002f3da1c sp=0x0000000002b3e470
Event: 1.925 Thread 0x0000000002b44000 DEOPT UNPACKING pc=0x0000000002c8557b sp=0x0000000002b3e408 mode 2
Event: 1.943 Thread 0x0000000002b44000 DEOPT PACKING pc=0x0000000002d8f047 sp=0x0000000002b3ee70
Event: 1.943 Thread 0x0000000002b44000 DEOPT UNPACKING pc=0x0000000002c875d0 sp=0x0000000002b3eba0 mode 0


Dynamic libraries:
0x00007ff62fe00000 - 0x00007ff62fe31000 	C:\Program Files\Android\Android Studio\jre\bin\java.exe
0x00007fffcac80000 - 0x00007fffcae61000 	C:\WINDOWS\SYSTEM32\ntdll.dll
0x00007fffc8620000 - 0x00007fffc86d2000 	C:\WINDOWS\System32\KERNEL32.DLL
0x00007fffc7d10000 - 0x00007fffc7f83000 	C:\WINDOWS\System32\KERNELBASE.dll
0x00007fffc8b90000 - 0x00007fffc8c31000 	C:\WINDOWS\System32\ADVAPI32.dll
0x00007fffc8c40000 - 0x00007fffc8cde000 	C:\WINDOWS\System32\msvcrt.dll
0x00007fffc84d0000 - 0x00007fffc852b000 	C:\WINDOWS\System32\sechost.dll
0x00007fffc8cf0000 - 0x00007fffc8e14000 	C:\WINDOWS\System32\RPCRT4.dll
0x00007fffcaa10000 - 0x00007fffcaba0000 	C:\WINDOWS\System32\USER32.dll
0x00007fffc7050000 - 0x00007fffc7070000 	C:\WINDOWS\System32\win32u.dll
0x00007fffc9040000 - 0x00007fffc9068000 	C:\WINDOWS\System32\GDI32.dll
0x00007fffc7270000 - 0x00007fffc7402000 	C:\WINDOWS\System32\gdi32full.dll
0x00007fffc7070000 - 0x00007fffc710f000 	C:\WINDOWS\System32\msvcp_win.dll
0x00007fffc7110000 - 0x00007fffc720a000 	C:\WINDOWS\System32\ucrtbase.dll
0x00007fffbfb30000 - 0x00007fffbfd99000 	C:\WINDOWS\WinSxS\amd64_microsoft.windows.common-controls_6595b64144ccf1df_6.0.17134.285_none_fb4297e330656775\COMCTL32.dll
0x00007fffca6e0000 - 0x00007fffcaa03000 	C:\WINDOWS\System32\combase.dll
0x00007fffc7fe0000 - 0x00007fffc805a000 	C:\WINDOWS\System32\bcryptPrimitives.dll
0x00007fffc8530000 - 0x00007fffc855d000 	C:\WINDOWS\System32\IMM32.DLL
0x0000000075760000 - 0x0000000075832000 	C:\Program Files\Android\Android Studio\jre\jre\bin\msvcr100.dll
0x0000000075920000 - 0x000000007615f000 	C:\Program Files\Android\Android Studio\jre\jre\bin\server\jvm.dll
0x00007fffc8fc0000 - 0x00007fffc8fc8000 	C:\WINDOWS\System32\PSAPI.DLL
0x00007fffc27f0000 - 0x00007fffc27f9000 	C:\WINDOWS\SYSTEM32\WSOCK32.dll
0x00007fffc8fd0000 - 0x00007fffc903c000 	C:\WINDOWS\System32\WS2_32.dll
0x00007fffbfe80000 - 0x00007fffbfe8a000 	C:\WINDOWS\SYSTEM32\VERSION.dll
0x00007fffbcb60000 - 0x00007fffbcb83000 	C:\WINDOWS\SYSTEM32\WINMM.dll
0x00007fffbc970000 - 0x00007fffbc99a000 	C:\WINDOWS\SYSTEM32\winmmbase.dll
0x00007fffc7f90000 - 0x00007fffc7fd9000 	C:\WINDOWS\System32\cfgmgr32.dll
0x00007fffc3d50000 - 0x00007fffc3d5f000 	C:\Program Files\Android\Android Studio\jre\jre\bin\verify.dll
0x00007fffa1610000 - 0x00007fffa1639000 	C:\Program Files\Android\Android Studio\jre\jre\bin\java.dll
0x00007fff9c5d0000 - 0x00007fff9c5e6000 	C:\Program Files\Android\Android Studio\jre\jre\bin\zip.dll
0x00007fffc9070000 - 0x00007fffca4b0000 	C:\WINDOWS\System32\SHELL32.dll
0x00007fffcaba0000 - 0x00007fffcac49000 	C:\WINDOWS\System32\shcore.dll
0x00007fffc7410000 - 0x00007fffc7b1d000 	C:\WINDOWS\System32\windows.storage.dll
0x00007fffc8b30000 - 0x00007fffc8b81000 	C:\WINDOWS\System32\shlwapi.dll
0x00007fffc7030000 - 0x00007fffc7041000 	C:\WINDOWS\System32\kernel.appcore.dll
0x00007fffc7010000 - 0x00007fffc702f000 	C:\WINDOWS\System32\profapi.dll
0x00007fffc6fb0000 - 0x00007fffc6ffc000 	C:\WINDOWS\System32\powrprof.dll
0x00007fffc7000000 - 0x00007fffc700a000 	C:\WINDOWS\System32\FLTLIB.DLL
0x00007fffc6960000 - 0x00007fffc6977000 	C:\WINDOWS\SYSTEM32\CRYPTSP.dll
0x00007fffc6390000 - 0x00007fffc63c3000 	C:\WINDOWS\system32\rsaenh.dll
0x00007fffc6a90000 - 0x00007fffc6ab5000 	C:\WINDOWS\SYSTEM32\bcrypt.dll
0x00007fffc6e90000 - 0x00007fffc6eb8000 	C:\WINDOWS\SYSTEM32\USERENV.dll
0x00007fffc6980000 - 0x00007fffc698b000 	C:\WINDOWS\SYSTEM32\CRYPTBASE.dll
0x00007fff9be80000 - 0x00007fff9be9a000 	C:\Program Files\Android\Android Studio\jre\jre\bin\net.dll
0x00007fffc67b0000 - 0x00007fffc6816000 	C:\WINDOWS\system32\mswsock.dll
0x00007fffc6530000 - 0x00007fffc6568000 	C:\WINDOWS\SYSTEM32\IPHLPAPI.DLL
0x00007fffca610000 - 0x00007fffca618000 	C:\WINDOWS\System32\NSI.dll
0x00007fffc1260000 - 0x00007fffc1276000 	C:\WINDOWS\SYSTEM32\dhcpcsvc6.DLL
0x00007fffc1640000 - 0x00007fffc165a000 	C:\WINDOWS\SYSTEM32\dhcpcsvc.DLL
0x00007fff9be60000 - 0x00007fff9be71000 	C:\Program Files\Android\Android Studio\jre\jre\bin\nio.dll

VM Arguments:
jvm_args: -Djava.awt.headless=true -Xmx64M -Dfile.encoding=windows-1252 -Duser.country=BR -Duser.language=pt -Duser.variant 
java_command: com.google.devtools.build.android.desugar.Desugar --input C:\Users\renan\usjt_entregas\Android-usjt-master\WeatherForeCastByCityCCP3ANBUA\app\build\intermediates\transforms\stackFramesFixer\debug\12.jar --output C:\Users\renan\usjt_entregas\Android-usjt-master\WeatherForeCastByCityCCP3ANBUA\app\build\intermediates\transforms\desugar\debug\13.jar --input C:\Users\renan\usjt_entregas\Android-usjt-master\WeatherForeCastByCityCCP3ANBUA\app\build\intermediates\transforms\stackFramesFixer\debug\9.jar --output C:\Users\renan\usjt_entregas\Android-usjt-master\WeatherForeCastByCityCCP3ANBUA\app\build\intermediates\transforms\desugar\debug\10.jar --input C:\Users\renan\usjt_entregas\Android-usjt-master\WeatherForeCastByCityCCP3ANBUA\app\build\intermediates\transforms\stackFramesFixer\debug\5.jar --output C:\Users\renan\usjt_entregas\Android-usjt-master\WeatherForeCastByCityCCP3ANBUA\app\build\intermediates\transforms\desugar\debug\6.jar --input C:\Users\renan\usjt_entregas\Android-usjt-master\WeatherForeCastByCityCCP3ANBUA\app\build\intermediates\transforms\stackFramesFixer\debug\10.jar --output C:\Users\renan\usjt_entregas\Android-usjt-master\WeatherForeCastByCityCCP3ANBUA\app\build\intermediates\transforms\desugar\debug\11.jar --input C:\Users\renan\usjt_entregas\Android-usjt-master\WeatherForeCastByCityCCP3ANBUA\app\build\intermediates\transforms\stackFramesFixer\debug\2.jar --output C:\Users\renan\usjt_entregas\Android-usjt-master\WeatherForeCastByCityCCP3ANBUA\app\build\intermediates\transforms\desugar\debug\3.jar --input C:\Users\renan\usjt_entregas\Android-usjt-master\WeatherForeCastByCityCCP3ANBUA\app\build\intermediates\transforms\stackFramesFixer\debug\18.jar --output C:\Users\renan\usjt_entregas\Android-usjt-master\WeatherForeCastByCityCCP3ANBUA\app\build\intermediates\transforms\desugar\debug\19.jar --input C:\Users\renan\usjt_entregas\Android-usjt-master\WeatherForeCastByCityCCP3ANBUA\app\build\intermediates\transforms\stackFramesFixer\debug\17.ja
java_class_path (initial): C:\Users\renan\AppData\Local\Temp\desugar_deploy.jar6393368399033364031
Launcher Type: SUN_STANDARD

Environment Variables:
PATH=C:\Program Files (x86)\Common Files\Oracle\Java\javapath;C:\ProgramData\Oracle\Java\javapath;C:\WINDOWS\system32;C:\WINDOWS;C:\WINDOWS\System32\Wbem;C:\WINDOWS\System32\WindowsPowerShell\v1.0\;C:\Users\renan\AppData\Local\Programs\Python\Python36-32;C:\Users\renan\AppData\Local\Programs\Python\Python36-32\Scripts;;C:\WINDOWS\System32\OpenSSH\;C:\Program Files\MySQL\MySQL Utilities 1.6\;C:\Program Files\Microsoft VS Code\bin;C:\Program Files\nodejs\;C:\Users\renan\AppData\Local\Microsoft\WindowsApps;C:\Users\renan\AppData\Roaming\npm;C:\Users\renan\AppData\Local\Programs\Microsoft VS Code\bin
USERNAME=renan
OS=Windows_NT
PROCESSOR_IDENTIFIER=Intel64 Family 6 Model 142 Stepping 9, GenuineIntel



---------------  S Y S T E M  ---------------

OS: Windows 10.0 , 64 bit Build 17134 (10.0.17134.1)

CPU:total 4 (initial active 4) (2 cores per cpu, 2 threads per core) family 6 model 142 stepping 9, cmov, cx8, fxsr, mmx, sse, sse2, sse3, ssse3, sse4.1, sse4.2, popcnt, avx, avx2, aes, clmul, erms, 3dnowpref, lzcnt, ht, tsc, tscinvbit, bmi1, bmi2, adx

Memory: 4k page, physical 4034820k(370400k free), swap 5673220k(4612k free)

vm_info: OpenJDK 64-Bit Server VM (25.152-b02) for windows-amd64 JRE (1.8.0_152-release-1024-b02), built by "builder" with MS VC++ 10.0 (VS2010)

time: Mon Oct 01 22:00:58 2018
elapsed time: 2 seconds (0d 0h 0m 2s)

