#
# There is insufficient memory for the Java Runtime Environment to continue.
# Native memory allocation (malloc) failed to allocate 1048576 bytes for AllocateHeap
# Possible reasons:
#   The system is out of physical RAM or swap space
#   In 32 bit mode, the process size limit was hit
# Possible solutions:
#   Reduce memory load on the system
#   Increase physical memory or swap space
#   Check if swap backing store is full
#   Use 64 bit Java on a 64 bit OS
#   Decrease Java heap size (-Xmx/-Xms)
#   Decrease number of Java threads
#   Decrease Java thread stack sizes (-Xss)
#   Set larger code cache with -XX:ReservedCodeCacheSize=
# This output file may be truncated or incomplete.
#
#  Out of Memory Error (memory/allocation.inline.hpp:61), pid=6720, tid=0x0000000000002994
#
# JRE version:  (8.0_152-b02) (build )
# Java VM: OpenJDK 64-Bit Server VM (25.152-b02 mixed mode windows-amd64 compressed oops)
# Failed to write core dump. Minidumps are not enabled by default on client versions of Windows
#

---------------  T H R E A D  ---------------

Current thread (0x0000000003404000):  JavaThread "Unknown thread" [_thread_in_vm, id=10644, stack(0x0000000003300000,0x0000000003400000)]

Stack: [0x0000000003300000,0x0000000003400000]
[error occurred during error reporting (printing stack bounds), id 0xc0000005]

Native frames: (J=compiled Java code, j=interpreted, Vv=VM code, C=native code)


---------------  P R O C E S S  ---------------

Java Threads: ( => current thread )

Other Threads:

=>0x0000000003404000 (exited) JavaThread "Unknown thread" [_thread_in_vm, id=10644, stack(0x0000000003300000,0x0000000003400000)]

VM state:not at safepoint (normal execution)

VM Mutex/Monitor currently owned by a thread: None

Heap:
 PSYoungGen      total 18432K, used 317K [0x00000000feb00000, 0x00000000fff80000, 0x0000000100000000)
  eden space 15872K, 2% used [0x00000000feb00000,0x00000000feb4f5d0,0x00000000ffa80000)
  from space 2560K, 0% used [0x00000000ffd00000,0x00000000ffd00000,0x00000000fff80000)
  to   space 2560K, 0% used [0x00000000ffa80000,0x00000000ffa80000,0x00000000ffd00000)
 ParOldGen       total 42496K, used 0K [0x00000000fc000000, 0x00000000fe980000, 0x00000000feb00000)
  object space 42496K, 0% used [0x00000000fc000000,0x00000000fc000000,0x00000000fe980000)
 Metaspace       used 772K, capacity 4480K, committed 4480K, reserved 1056768K
  class space    used 73K, capacity 384K, committed 384K, reserved 1048576K

Card table byte_map: [0x0000000002f60000,0x0000000002f90000] byte_map_base: 0x0000000002780000

Marking Bits: (ParMarkBitMap*) 0x0000000058564970
 Begin Bits: [0x0000000012cc0000, 0x0000000012dc0000)
 End Bits:   [0x0000000012dc0000, 0x0000000012ec0000)

Polling page: 0x00000000017f0000

CodeCache: size=245760Kb used=328Kb max_used=328Kb free=245431Kb
 bounds [0x0000000003500000, 0x0000000003770000, 0x0000000012500000]
 total_blobs=57 nmethods=0 adapters=38
 compilation: enabled

Compilation events (0 events):
No events

GC Heap History (0 events):
No events

Deoptimization events (0 events):
No events

Classes redefined (0 events):
No events

Internal exceptions (0 events):
No events

Events (10 events):
Event: 0.070 loading class java/lang/Short
Event: 0.070 loading class java/lang/Short done
Event: 0.070 loading class java/lang/Integer
Event: 0.070 loading class java/lang/Integer done
Event: 0.070 loading class java/lang/Long
Event: 0.070 loading class java/lang/Long done
Event: 0.071 loading class java/lang/NullPointerException
Event: 0.071 loading class java/lang/NullPointerException done
Event: 0.071 loading class java/lang/ArithmeticException
Event: 0.071 loading class java/lang/ArithmeticException done


Dynamic libraries:
0x00007ff7745b0000 - 0x00007ff7745e1000 	C:\Program Files\Android\Android Studio\jre\bin\java.exe
0x00007ff812d90000 - 0x00007ff812f71000 	C:\WINDOWS\SYSTEM32\ntdll.dll
0x00007ff8106b0000 - 0x00007ff810762000 	C:\WINDOWS\System32\KERNEL32.DLL
0x00007ff80f1e0000 - 0x00007ff80f453000 	C:\WINDOWS\System32\KERNELBASE.dll
0x00007ff810bf0000 - 0x00007ff810c91000 	C:\WINDOWS\System32\ADVAPI32.dll
0x00007ff810960000 - 0x00007ff8109fe000 	C:\WINDOWS\System32\msvcrt.dll
0x00007ff812c90000 - 0x00007ff812ceb000 	C:\WINDOWS\System32\sechost.dll
0x00007ff812b40000 - 0x00007ff812c64000 	C:\WINDOWS\System32\RPCRT4.dll
0x00007ff810a60000 - 0x00007ff810bf0000 	C:\WINDOWS\System32\USER32.dll
0x00007ff80fe10000 - 0x00007ff80fe30000 	C:\WINDOWS\System32\win32u.dll
0x00007ff8121b0000 - 0x00007ff8121d8000 	C:\WINDOWS\System32\GDI32.dll
0x00007ff80fe90000 - 0x00007ff810022000 	C:\WINDOWS\System32\gdi32full.dll
0x00007ff80fd70000 - 0x00007ff80fe0f000 	C:\WINDOWS\System32\msvcp_win.dll
0x00007ff80fc70000 - 0x00007ff80fd6a000 	C:\WINDOWS\System32\ucrtbase.dll
0x00007ff801550000 - 0x00007ff8017b9000 	C:\WINDOWS\WinSxS\amd64_microsoft.windows.common-controls_6595b64144ccf1df_6.0.17134.345_none_fb429a5930656358\COMCTL32.dll
0x00007ff810380000 - 0x00007ff8106a3000 	C:\WINDOWS\System32\combase.dll
0x00007ff80f160000 - 0x00007ff80f1da000 	C:\WINDOWS\System32\bcryptPrimitives.dll
0x00007ff810830000 - 0x00007ff81085d000 	C:\WINDOWS\System32\IMM32.DLL
0x0000000057be0000 - 0x0000000057cb2000 	C:\Program Files\Android\Android Studio\jre\jre\bin\msvcr100.dll
0x0000000057da0000 - 0x00000000585df000 	C:\Program Files\Android\Android Studio\jre\jre\bin\server\jvm.dll
0x00007ff810950000 - 0x00007ff810958000 	C:\WINDOWS\System32\PSAPI.DLL
0x00007ff8036c0000 - 0x00007ff8036c9000 	C:\WINDOWS\SYSTEM32\WSOCK32.dll
0x00007ff812cf0000 - 0x00007ff812d5c000 	C:\WINDOWS\System32\WS2_32.dll
0x00007ff80cdd0000 - 0x00007ff80cdf3000 	C:\WINDOWS\SYSTEM32\WINMM.dll
0x00007ff801990000 - 0x00007ff80199a000 	C:\WINDOWS\SYSTEM32\VERSION.dll
0x00007ff80cda0000 - 0x00007ff80cdca000 	C:\WINDOWS\SYSTEM32\WINMMBASE.dll
0x00007ff80f460000 - 0x00007ff80f4a9000 	C:\WINDOWS\System32\cfgmgr32.dll
0x00007ff807400000 - 0x00007ff80740f000 	C:\Program Files\Android\Android Studio\jre\jre\bin\verify.dll
0x00007ff8001f0000 - 0x00007ff800219000 	C:\Program Files\Android\Android Studio\jre\jre\bin\java.dll
0x00007ff806ee0000 - 0x00007ff806ef6000 	C:\Program Files\Android\Android Studio\jre\jre\bin\zip.dll

VM Arguments:
jvm_args: -Djava.awt.headless=true -Xmx64M -Dfile.encoding=windows-1252 -Duser.country=BR -Duser.language=pt -Duser.variant 
java_command: com.google.devtools.build.android.desugar.Desugar --input C:\Users\renan\usjt_entregas\DESWEBMOB\WeatherForeCastByCityCCP3ANBUA\app\build\intermediates\transforms\stackFramesFixer\debug\6.jar --output C:\Users\renan\usjt_entregas\DESWEBMOB\WeatherForeCastByCityCCP3ANBUA\app\build\intermediates\transforms\desugar\debug\7.jar --input C:\Users\renan\usjt_entregas\DESWEBMOB\WeatherForeCastByCityCCP3ANBUA\app\build\intermediates\transforms\stackFramesFixer\debug\13.jar --output C:\Users\renan\usjt_entregas\DESWEBMOB\WeatherForeCastByCityCCP3ANBUA\app\build\intermediates\transforms\desugar\debug\14.jar --input C:\Users\renan\usjt_entregas\DESWEBMOB\WeatherForeCastByCityCCP3ANBUA\app\build\intermediates\transforms\stackFramesFixer\debug\10.jar --output C:\Users\renan\usjt_entregas\DESWEBMOB\WeatherForeCastByCityCCP3ANBUA\app\build\intermediates\transforms\desugar\debug\11.jar --input C:\Users\renan\usjt_entregas\DESWEBMOB\WeatherForeCastByCityCCP3ANBUA\app\build\intermediates\transforms\stackFramesFixer\debug\11.jar --output C:\Users\renan\usjt_entregas\DESWEBMOB\WeatherForeCastByCityCCP3ANBUA\app\build\intermediates\transforms\desugar\debug\12.jar --input C:\Users\renan\usjt_entregas\DESWEBMOB\WeatherForeCastByCityCCP3ANBUA\app\build\intermediates\transforms\stackFramesFixer\debug\12.jar --output C:\Users\renan\usjt_entregas\DESWEBMOB\WeatherForeCastByCityCCP3ANBUA\app\build\intermediates\transforms\desugar\debug\13.jar --input C:\Users\renan\usjt_entregas\DESWEBMOB\WeatherForeCastByCityCCP3ANBUA\app\build\intermediates\transforms\stackFramesFixer\debug\3.jar --output C:\Users\renan\usjt_entregas\DESWEBMOB\WeatherForeCastByCityCCP3ANBUA\app\build\intermediates\transforms\desugar\debug\4.jar --input C:\Users\renan\usjt_entregas\DESWEBMOB\WeatherForeCastByCityCCP3ANBUA\app\build\intermediates\transforms\stackFramesFixer\debug\18.jar --output C:\Users\renan\usjt_entregas\DESWEBMOB\WeatherForeCastByCityCCP3ANBUA\app\build\intermediates\transforms\desugar\debug
java_class_path (initial): C:\Users\renan\AppData\Local\Temp\desugar_deploy.jar1616895258968557352
Launcher Type: SUN_STANDARD

Environment Variables:
PATH=C:\Program Files (x86)\Common Files\Oracle\Java\javapath;C:\ProgramData\Oracle\Java\javapath;C:\WINDOWS\system32;C:\WINDOWS;C:\WINDOWS\System32\Wbem;C:\WINDOWS\System32\WindowsPowerShell\v1.0\;C:\Users\renan\AppData\Local\Programs\Python\Python36-32;C:\Users\renan\AppData\Local\Programs\Python\Python36-32\Scripts;;C:\WINDOWS\System32\OpenSSH\;C:\Program Files\MySQL\MySQL Utilities 1.6\;C:\Program Files\Microsoft VS Code\bin;C:\Program Files\nodejs\;C:\Users\renan\AppData\Local\Microsoft\WindowsApps;C:\Users\renan\AppData\Roaming\npm;C:\Users\renan\AppData\Local\Programs\Microsoft VS Code\bin
USERNAME=renan
OS=Windows_NT
PROCESSOR_IDENTIFIER=Intel64 Family 6 Model 142 Stepping 9, GenuineIntel



---------------  S Y S T E M  ---------------

OS: Windows 10.0 , 64 bit Build 17134 (10.0.17134.1)

CPU:total 4 (initial active 4) (2 cores per cpu, 2 threads per core) family 6 model 142 stepping 9, cmov, cx8, fxsr, mmx, sse, sse2, sse3, ssse3, sse4.1, sse4.2, popcnt, avx, avx2, aes, clmul, erms, 3dnowpref, lzcnt, ht, tsc, tscinvbit, bmi1, bmi2, adx

Memory: 4k page, physical 4034820k(360632k free), swap 5673220k(108900k free)

vm_info: OpenJDK 64-Bit Server VM (25.152-b02) for windows-amd64 JRE (1.8.0_152-release-1024-b02), built by "builder" with MS VC++ 10.0 (VS2010)

time: Sun Oct 21 13:48:45 2018
elapsed time: 0 seconds (0d 0h 0m 0s)

