#
# There is insufficient memory for the Java Runtime Environment to continue.
# Native memory allocation (malloc) failed to allocate 32744 bytes for ChunkPool::allocate
# Possible reasons:
#   The system is out of physical RAM or swap space
#   In 32 bit mode, the process size limit was hit
# Possible solutions:
#   Reduce memory load on the system
#   Increase physical memory or swap space
#   Check if swap backing store is full
#   Use 64 bit Java on a 64 bit OS
#   Decrease Java heap size (-Xmx/-Xms)
#   Decrease number of Java threads
#   Decrease Java thread stack sizes (-Xss)
#   Set larger code cache with -XX:ReservedCodeCacheSize=
# This output file may be truncated or incomplete.
#
#  Out of Memory Error (allocation.cpp:273), pid=3884, tid=0x0000000000001940
#
# JRE version: OpenJDK Runtime Environment (8.0_152-b02) (build 1.8.0_152-release-1024-b02)
# Java VM: OpenJDK 64-Bit Server VM (25.152-b02 mixed mode windows-amd64 compressed oops)
# Failed to write core dump. Minidumps are not enabled by default on client versions of Windows
#

---------------  T H R E A D  ---------------

Current thread (0x00000000166f0800):  JavaThread "C1 CompilerThread2" daemon [_thread_in_native, id=6464, stack(0x0000000017f70000,0x0000000018070000)]

Stack: [0x0000000017f70000,0x0000000018070000]
[error occurred during error reporting (printing stack bounds), id 0xc0000005]

Native frames: (J=compiled Java code, j=interpreted, Vv=VM code, C=native code)


Current CompileTask:
C1:  51887 12486 %     3       com.android.tools.r8.org.objectweb.asm.ClassReader::readCode @ 1446 (3575 bytes)


---------------  P R O C E S S  ---------------

Java Threads: ( => current thread )
  0x000000001b804000 JavaThread "pool-10-thread-2" [_thread_in_native, id=1848, stack(0x0000000029db0000,0x0000000029eb0000)]
  0x000000001b808000 JavaThread "pool-10-thread-1" [_thread_blocked, id=4968, stack(0x0000000029cb0000,0x0000000029db0000)]
  0x000000001b802000 JavaThread "pool-9-thread-2" [_thread_in_Java, id=10284, stack(0x0000000029bb0000,0x0000000029cb0000)]
  0x000000001b802800 JavaThread "pool-9-thread-1" [_thread_blocked, id=2268, stack(0x0000000029ab0000,0x0000000029bb0000)]
  0x000000001dccb000 JavaThread "pool-7-thread-2" [_thread_in_Java, id=9136, stack(0x00000000298b0000,0x00000000299b0000)]
  0x000000001dcd1000 JavaThread "pool-7-thread-1" [_thread_in_Java, id=11256, stack(0x00000000296b0000,0x00000000297b0000)]
  0x000000001bce3000 JavaThread "ForkJoinPool.commonPool-worker-0" daemon [_thread_blocked, id=6860, stack(0x00000000293b0000,0x00000000294b0000)]
  0x000000001bcd6000 JavaThread "ForkJoinPool.commonPool-worker-3" daemon [_thread_blocked, id=1568, stack(0x00000000292b0000,0x00000000293b0000)]
  0x000000001dcd0800 JavaThread "ForkJoinPool.commonPool-worker-2" daemon [_thread_blocked, id=8184, stack(0x00000000283b0000,0x00000000284b0000)]
  0x000000001dccf800 JavaThread "Cache worker for Java compile cache (C:\Users\renan\usjt_entregas\DESWEBMOB\PipocaMobile\.gradle\4.4\javaCompile)" [_thread_blocked, id=10136, stack(0x00000000282b0000,0x00000000283b0000)]
  0x000000001bcdc000 JavaThread "Task worker for ':' Thread 3" [_thread_blocked, id=12836, stack(0x00000000274b0000,0x00000000275b0000)]
  0x000000001bcdb800 JavaThread "Task worker for ':' Thread 2" [_thread_blocked, id=5528, stack(0x00000000273b0000,0x00000000274b0000)]
  0x000000001bce1800 JavaThread "Task worker for ':'" [_thread_blocked, id=12852, stack(0x00000000272b0000,0x00000000273b0000)]
  0x000000001bce2000 JavaThread "Cache worker for Build Output Cleanup Cache (C:\Users\renan\usjt_entregas\DESWEBMOB\PipocaMobile\.gradle\buildOutputCleanup)" [_thread_blocked, id=11944, stack(0x00000000271b0000,0x00000000272b0000)]
  0x000000001bcda000 JavaThread "Cache worker for task history cache (C:\Users\renan\usjt_entregas\DESWEBMOB\PipocaMobile\.gradle\4.4\taskHistory)" [_thread_blocked, id=12016, stack(0x00000000270b0000,0x00000000271b0000)]
  0x000000001bce0800 JavaThread "Cache worker for file content cache (C:\Users\renan\usjt_entregas\DESWEBMOB\PipocaMobile\.gradle\4.4\fileContent)" [_thread_blocked, id=9608, stack(0x0000000026fb0000,0x00000000270b0000)]
  0x000000001bcde800 JavaThread "build operations Thread 4" [_thread_blocked, id=9572, stack(0x0000000026eb0000,0x0000000026fb0000)]
  0x000000001bcdf000 JavaThread "build operations Thread 3" [_thread_blocked, id=1040, stack(0x0000000026db0000,0x0000000026eb0000)]
  0x000000001bcdd800 JavaThread "build operations Thread 2" [_thread_blocked, id=7128, stack(0x0000000026cb0000,0x0000000026db0000)]
  0x000000001bcdd000 JavaThread "build operations" [_thread_blocked, id=6360, stack(0x0000000026bb0000,0x0000000026cb0000)]
  0x000000001bce0000 JavaThread "Cache worker for Artifact transforms cache (C:\Users\renan\.gradle\caches\transforms-1)" [_thread_blocked, id=7492, stack(0x0000000026ab0000,0x0000000026bb0000)]
  0x000000001bcd7800 JavaThread "Cache worker for file hash cache (C:\Users\renan\usjt_entregas\DESWEBMOB\PipocaMobile\.gradle\4.4\fileHashes)" [_thread_blocked, id=6664, stack(0x00000000269b0000,0x0000000026ab0000)]
  0x000000001bcd8800 JavaThread "Stdin handler" [_thread_blocked, id=4720, stack(0x00000000268b0000,0x00000000269b0000)]
  0x000000001bcda800 JavaThread "Asynchronous log dispatcher for DefaultDaemonConnection: socket connection from /127.0.0.1:60400 to /127.0.0.1:60425" [_thread_blocked, id=3784, stack(0x00000000267b0000,0x00000000268b0000)]
  0x000000001bcd5800 JavaThread "Cancel handler" [_thread_blocked, id=6216, stack(0x00000000266b0000,0x00000000267b0000)]
  0x000000001bcd7000 JavaThread "Handler for socket connection from /127.0.0.1:60400 to /127.0.0.1:60425" [_thread_in_native, id=1628, stack(0x00000000265b0000,0x00000000266b0000)]
  0x000000001dcce000 JavaThread "Memory manager" [_thread_blocked, id=12756, stack(0x0000000022360000,0x0000000022460000)]
  0x0000000019882800 JavaThread "File lock request listener" [_thread_in_native, id=3544, stack(0x000000001b1d0000,0x000000001b2d0000)]
  0x00000000197c5800 JavaThread "Cache worker for file hash cache (C:\Users\renan\.gradle\caches\4.4\fileHashes)" [_thread_blocked, id=11964, stack(0x000000001b0d0000,0x000000001b1d0000)]
  0x00000000196f4000 JavaThread "Daemon worker" [_thread_blocked, id=8692, stack(0x000000001abd0000,0x000000001acd0000)]
  0x0000000019732000 JavaThread "Daemon" [_thread_blocked, id=12920, stack(0x000000001a6d0000,0x000000001a7d0000)]
  0x00000000193d5800 JavaThread "Daemon periodic checks" [_thread_blocked, id=12956, stack(0x000000001a5d0000,0x000000001a6d0000)]
  0x00000000195ac800 JavaThread "Incoming local TCP Connector on port 60400" [_thread_in_native, id=9660, stack(0x000000001a380000,0x000000001a480000)]
  0x0000000018098800 JavaThread "Service Thread" daemon [_thread_blocked, id=2568, stack(0x0000000018470000,0x0000000018570000)]
=>0x00000000166f0800 JavaThread "C1 CompilerThread2" daemon [_thread_in_native, id=6464, stack(0x0000000017f70000,0x0000000018070000)]
  0x00000000166ec800 JavaThread "C2 CompilerThread1" daemon [_thread_in_native, id=8032, stack(0x0000000017e70000,0x0000000017f70000)]
  0x00000000166f7000 JavaThread "C2 CompilerThread0" daemon [_thread_in_native, id=12076, stack(0x0000000017d70000,0x0000000017e70000)]
  0x00000000166f5800 JavaThread "Attach Listener" daemon [_thread_blocked, id=11156, stack(0x0000000017c70000,0x0000000017d70000)]
  0x00000000166f4800 JavaThread "Signal Dispatcher" daemon [_thread_blocked, id=4364, stack(0x0000000017b70000,0x0000000017c70000)]
  0x0000000002d5c000 JavaThread "Finalizer" daemon [_thread_blocked, id=6040, stack(0x0000000017950000,0x0000000017a50000)]
  0x0000000002d51000 JavaThread "Reference Handler" daemon [_thread_blocked, id=10900, stack(0x0000000017850000,0x0000000017950000)]
  0x0000000002b5d800 JavaThread "main" [_thread_blocked, id=12352, stack(0x0000000002b60000,0x0000000002c60000)]

Other Threads:
  0x00000000166b5800 VMThread [stack: 0x0000000017750000,0x0000000017850000] [id=2652]
  0x000000001674d000 WatcherThread [stack: 0x0000000018570000,0x0000000018670000] [id=11300]

VM state:not at safepoint (normal execution)

VM Mutex/Monitor currently owned by a thread: None

Heap:
 PSYoungGen      total 291328K, used 45839K [0x00000000e0000000, 0x00000000f4580000, 0x0000000100000000)
  eden space 270336K, 14% used [0x00000000e0000000,0x00000000e2668870,0x00000000f0800000)
  from space 20992K, 31% used [0x00000000f1b80000,0x00000000f21db400,0x00000000f3000000)
  to   space 19968K, 0% used [0x00000000f0800000,0x00000000f0800000,0x00000000f1b80000)
 ParOldGen       total 95744K, used 60763K [0x00000000a0000000, 0x00000000a5d80000, 0x00000000e0000000)
  object space 95744K, 63% used [0x00000000a0000000,0x00000000a3b56da8,0x00000000a5d80000)
 Metaspace       used 81137K, capacity 84768K, committed 84992K, reserved 1122304K
  class space    used 10655K, capacity 11459K, committed 11520K, reserved 1048576K

Card table byte_map: [0x0000000012120000,0x0000000012430000] byte_map_base: 0x0000000011c20000

Marking Bits: (ParMarkBitMap*) 0x0000000071e44970
 Begin Bits: [0x0000000012a30000, 0x0000000014230000)
 End Bits:   [0x0000000014230000, 0x0000000015a30000)

Polling page: 0x0000000000e20000

CodeCache: size=245760Kb used=35536Kb max_used=35536Kb free=210223Kb
 bounds [0x0000000002d60000, 0x0000000005040000, 0x0000000011d60000]
 total_blobs=11451 nmethods=10617 adapters=745
 compilation: enabled

Compilation events (10 events):
Event: 51.848 Thread 0x00000000166f0800 nmethod 12484 0x0000000005034490 code [0x00000000050345e0, 0x00000000050347b0]
Event: 51.848 Thread 0x00000000166f0800 12480       3       com.android.tools.r8.it.unimi.dsi.fastutil.ints.Int2ReferenceOpenHashMap$EntryIterator::next (5 bytes)
Event: 51.848 Thread 0x00000000166f0800 nmethod 12480 0x0000000005034850 code [0x00000000050349e0, 0x0000000005034da8]
Event: 51.848 Thread 0x00000000166f0800 12482       3       com.android.tools.r8.it.unimi.dsi.fastutil.ints.Int2ReferenceOpenHashMap$EntryIterator::next (21 bytes)
Event: 51.848 Thread 0x00000000166f0800 nmethod 12482 0x0000000005034f50 code [0x00000000050350c0, 0x0000000005035428]
Event: 51.848 Thread 0x00000000166f0800 12477       3       com.android.tools.r8.it.unimi.dsi.fastutil.ints.Int2ReferenceOpenHashMap$MapEntry::getIntKey (13 bytes)
Event: 51.848 Thread 0x00000000166f0800 nmethod 12477 0x0000000005035550 code [0x00000000050356a0, 0x0000000005035830]
Event: 51.848 Thread 0x00000000166f0800 12485       3       com.android.tools.r8.org.objectweb.asm.ClassReader::createDebugLabel (22 bytes)
Event: 51.848 Thread 0x00000000166f0800 nmethod 12485 0x0000000005035950 code [0x0000000005035ae0, 0x0000000005035fb0]
Event: 51.848 Thread 0x00000000166f0800 12486 %     3       com.android.tools.r8.org.objectweb.asm.ClassReader::readCode @ 1446 (3575 bytes)

GC Heap History (10 events):
Event: 13.097 GC heap before
{Heap before GC invocations=15 (full 2):
 PSYoungGen      total 194560K, used 97449K [0x00000000e0000000, 0x00000000ed080000, 0x0000000100000000)
  eden space 179200K, 46% used [0x00000000e0000000,0x00000000e5178e08,0x00000000eaf00000)
  from space 15360K, 91% used [0x00000000ebf80000,0x00000000ecd31928,0x00000000ece80000)
  to   space 16896K, 0% used [0x00000000eaf00000,0x00000000eaf00000,0x00000000ebf80000)
 ParOldGen       total 54784K, used 28780K [0x00000000a0000000, 0x00000000a3580000, 0x00000000e0000000)
  object space 54784K, 52% used [0x00000000a0000000,0x00000000a1c1b190,0x00000000a3580000)
 Metaspace       used 57131K, capacity 58934K, committed 59008K, reserved 1099776K
  class space    used 7789K, capacity 8261K, committed 8320K, reserved 1048576K
Event: 13.141 GC heap after
Heap after GC invocations=15 (full 2):
 PSYoungGen      total 196096K, used 9990K [0x00000000e0000000, 0x00000000f1600000, 0x0000000100000000)
  eden space 179200K, 0% used [0x00000000e0000000,0x00000000e0000000,0x00000000eaf00000)
  from space 16896K, 59% used [0x00000000eaf00000,0x00000000eb8c1930,0x00000000ebf80000)
  to   space 16896K, 0% used [0x00000000f0580000,0x00000000f0580000,0x00000000f1600000)
 ParOldGen       total 54784K, used 37017K [0x00000000a0000000, 0x00000000a3580000, 0x00000000e0000000)
  object space 54784K, 67% used [0x00000000a0000000,0x00000000a2426738,0x00000000a3580000)
 Metaspace       used 57131K, capacity 58934K, committed 59008K, reserved 1099776K
  class space    used 7789K, capacity 8261K, committed 8320K, reserved 1048576K
}
Event: 13.141 GC heap before
{Heap before GC invocations=16 (full 3):
 PSYoungGen      total 196096K, used 9990K [0x00000000e0000000, 0x00000000f1600000, 0x0000000100000000)
  eden space 179200K, 0% used [0x00000000e0000000,0x00000000e0000000,0x00000000eaf00000)
  from space 16896K, 59% used [0x00000000eaf00000,0x00000000eb8c1930,0x00000000ebf80000)
  to   space 16896K, 0% used [0x00000000f0580000,0x00000000f0580000,0x00000000f1600000)
 ParOldGen       total 54784K, used 37017K [0x00000000a0000000, 0x00000000a3580000, 0x00000000e0000000)
  object space 54784K, 67% used [0x00000000a0000000,0x00000000a2426738,0x00000000a3580000)
 Metaspace       used 57131K, capacity 58934K, committed 59008K, reserved 1099776K
  class space    used 7789K, capacity 8261K, committed 8320K, reserved 1048576K
Event: 13.488 GC heap after
Heap after GC invocations=16 (full 3):
 PSYoungGen      total 196096K, used 0K [0x00000000e0000000, 0x00000000f1600000, 0x0000000100000000)
  eden space 179200K, 0% used [0x00000000e0000000,0x00000000e0000000,0x00000000eaf00000)
  from space 16896K, 0% used [0x00000000eaf00000,0x00000000eaf00000,0x00000000ebf80000)
  to   space 16896K, 0% used [0x00000000f0580000,0x00000000f0580000,0x00000000f1600000)
 ParOldGen       total 95744K, used 42136K [0x00000000a0000000, 0x00000000a5d80000, 0x00000000e0000000)
  object space 95744K, 44% used [0x00000000a0000000,0x00000000a29260e0,0x00000000a5d80000)
 Metaspace       used 57131K, capacity 58934K, committed 59008K, reserved 1099776K
  class space    used 7789K, capacity 8261K, committed 8320K, reserved 1048576K
}
Event: 42.278 GC heap before
{Heap before GC invocations=17 (full 3):
 PSYoungGen      total 196096K, used 179200K [0x00000000e0000000, 0x00000000f1600000, 0x0000000100000000)
  eden space 179200K, 100% used [0x00000000e0000000,0x00000000eaf00000,0x00000000eaf00000)
  from space 16896K, 0% used [0x00000000eaf00000,0x00000000eaf00000,0x00000000ebf80000)
  to   space 16896K, 0% used [0x00000000f0580000,0x00000000f0580000,0x00000000f1600000)
 ParOldGen       total 95744K, used 42136K [0x00000000a0000000, 0x00000000a5d80000, 0x00000000e0000000)
  object space 95744K, 44% used [0x00000000a0000000,0x00000000a29260e0,0x00000000a5d80000)
 Metaspace       used 64212K, capacity 66552K, committed 66816K, reserved 1107968K
  class space    used 8527K, capacity 9115K, committed 9216K, reserved 1048576K
Event: 42.292 GC heap after
Heap after GC invocations=17 (full 3):
 PSYoungGen      total 234496K, used 11487K [0x00000000e0000000, 0x00000000f1100000, 0x0000000100000000)
  eden space 222720K, 0% used [0x00000000e0000000,0x00000000e0000000,0x00000000ed980000)
  from space 11776K, 97% used [0x00000000f0580000,0x00000000f10b7de8,0x00000000f1100000)
  to   space 17408K, 0% used [0x00000000eef00000,0x00000000eef00000,0x00000000f0000000)
 ParOldGen       total 95744K, used 42144K [0x00000000a0000000, 0x00000000a5d80000, 0x00000000e0000000)
  object space 95744K, 44% used [0x00000000a0000000,0x00000000a29280e0,0x00000000a5d80000)
 Metaspace       used 64212K, capacity 66552K, committed 66816K, reserved 1107968K
  class space    used 8527K, capacity 9115K, committed 9216K, reserved 1048576K
}
Event: 49.257 GC heap before
{Heap before GC invocations=18 (full 3):
 PSYoungGen      total 234496K, used 233600K [0x00000000e0000000, 0x00000000f1100000, 0x0000000100000000)
  eden space 222720K, 99% used [0x00000000e0000000,0x00000000ed8e8540,0x00000000ed980000)
  from space 11776K, 97% used [0x00000000f0580000,0x00000000f10b7de8,0x00000000f1100000)
  to   space 17408K, 0% used [0x00000000eef00000,0x00000000eef00000,0x00000000f0000000)
 ParOldGen       total 95744K, used 42144K [0x00000000a0000000, 0x00000000a5d80000, 0x00000000e0000000)
  object space 95744K, 44% used [0x00000000a0000000,0x00000000a29280e0,0x00000000a5d80000)
 Metaspace       used 72869K, capacity 75484K, committed 75776K, reserved 1114112K
  class space    used 9538K, capacity 10163K, committed 10240K, reserved 1048576K
Event: 49.283 GC heap after
Heap after GC invocations=18 (full 3):
 PSYoungGen      total 262144K, used 17381K [0x00000000e0000000, 0x00000000f3000000, 0x0000000100000000)
  eden space 244736K, 0% used [0x00000000e0000000,0x00000000e0000000,0x00000000eef00000)
  from space 17408K, 99% used [0x00000000eef00000,0x00000000efff9738,0x00000000f0000000)
  to   space 20992K, 0% used [0x00000000f1b80000,0x00000000f1b80000,0x00000000f3000000)
 ParOldGen       total 95744K, used 44552K [0x00000000a0000000, 0x00000000a5d80000, 0x00000000e0000000)
  object space 95744K, 46% used [0x00000000a0000000,0x00000000a2b82158,0x00000000a5d80000)
 Metaspace       used 72869K, capacity 75484K, committed 75776K, reserved 1114112K
  class space    used 9538K, capacity 10163K, committed 10240K, reserved 1048576K
}
Event: 51.227 GC heap before
{Heap before GC invocations=19 (full 3):
 PSYoungGen      total 262144K, used 262037K [0x00000000e0000000, 0x00000000f3000000, 0x0000000100000000)
  eden space 244736K, 99% used [0x00000000e0000000,0x00000000eeeec098,0x00000000eef00000)
  from space 17408K, 99% used [0x00000000eef00000,0x00000000efff9738,0x00000000f0000000)
  to   space 20992K, 0% used [0x00000000f1b80000,0x00000000f1b80000,0x00000000f3000000)
 ParOldGen       total 95744K, used 44552K [0x00000000a0000000, 0x00000000a5d80000, 0x00000000e0000000)
  object space 95744K, 46% used [0x00000000a0000000,0x00000000a2b82158,0x00000000a5d80000)
 Metaspace       used 76763K, capacity 79746K, committed 79872K, reserved 1118208K
  class space    used 10018K, capacity 10724K, committed 10752K, reserved 1048576K
Event: 51.250 GC heap after
Heap after GC invocations=19 (full 3):
 PSYoungGen      total 291328K, used 6509K [0x00000000e0000000, 0x00000000f4580000, 0x0000000100000000)
  eden space 270336K, 0% used [0x00000000e0000000,0x00000000e0000000,0x00000000f0800000)
  from space 20992K, 31% used [0x00000000f1b80000,0x00000000f21db400,0x00000000f3000000)
  to   space 19968K, 0% used [0x00000000f0800000,0x00000000f0800000,0x00000000f1b80000)
 ParOldGen       total 95744K, used 60763K [0x00000000a0000000, 0x00000000a5d80000, 0x00000000e0000000)
  object space 95744K, 63% used [0x00000000a0000000,0x00000000a3b56da8,0x00000000a5d80000)
 Metaspace       used 76763K, capacity 79746K, committed 79872K, reserved 1118208K
  class space    used 10018K, capacity 10724K, committed 10752K, reserved 1048576K
}

Deoptimization events (10 events):
Event: 50.996 Thread 0x000000001bcd6000 Uncommon trap: reason=unstable_if action=reinterpret pc=0x0000000004a45f60 method=sun.nio.fs.WindowsPathParser.isSlash(C)Z @ 9
Event: 50.996 Thread 0x000000001dcd0800 Uncommon trap: reason=unstable_if action=reinterpret pc=0x0000000004a45f60 method=sun.nio.fs.WindowsPathParser.isSlash(C)Z @ 9
Event: 50.996 Thread 0x000000001bce3000 Uncommon trap: reason=unstable_if action=reinterpret pc=0x0000000004a45f60 method=sun.nio.fs.WindowsPathParser.isSlash(C)Z @ 9
Event: 50.996 Thread 0x000000001bcd6000 Uncommon trap: reason=unstable_if action=reinterpret pc=0x0000000003d54078 method=sun.nio.fs.WindowsPathParser.isSlash(C)Z @ 9
Event: 50.996 Thread 0x000000001dcd0800 Uncommon trap: reason=unstable_if action=reinterpret pc=0x0000000003d54078 method=sun.nio.fs.WindowsPathParser.isSlash(C)Z @ 9
Event: 50.996 Thread 0x000000001bce3000 Uncommon trap: reason=unstable_if action=reinterpret pc=0x0000000003d54078 method=sun.nio.fs.WindowsPathParser.isSlash(C)Z @ 9
Event: 50.996 Thread 0x000000001bcd6000 Uncommon trap: reason=unstable_if action=reinterpret pc=0x0000000003993af8 method=sun.nio.fs.WindowsPathParser.isSlash(C)Z @ 9
Event: 51.399 Thread 0x000000001dccb000 Uncommon trap: reason=unstable_if action=reinterpret pc=0x0000000004a43480 method=java.util.concurrent.locks.ReentrantLock$Sync.nonfairTryAcquire(I)Z @ 19
Event: 51.413 Thread 0x000000001bce3000 Uncommon trap: reason=unstable_if action=reinterpret pc=0x00000000032e2bc4 method=java.lang.StringBuffer.toString()Ljava/lang/String; @ 4
Event: 51.413 Thread 0x000000001bcd6000 Uncommon trap: reason=unstable_if action=reinterpret pc=0x00000000032e2bc4 method=java.lang.StringBuffer.toString()Ljava/lang/String; @ 4

Classes redefined (0 events):
No events

Internal exceptions (10 events):
Event: 50.995 Thread 0x000000001dcd0800 Exception <a 'java/lang/NoSuchMethodError': java.lang.Object.lambda$static$0(Ljava/lang/String;)Z> (0x00000000ee0eec60) thrown at [D:\src\AOSP-openjdk-cygwin\jdk8u\hotspot\src\share\vm\interpreter\linkResolver.cpp, line 584]
Event: 51.037 Thread 0x000000001dcd0800 Exception <a 'sun/nio/fs/WindowsException'> (0x00000000ee34a240) thrown at [D:\src\AOSP-openjdk-cygwin\jdk8u\hotspot\src\share\vm\prims\jni.cpp, line 709]
Event: 51.037 Thread 0x000000001bcd6000 Exception <a 'sun/nio/fs/WindowsException'> (0x00000000ee2d6cf8) thrown at [D:\src\AOSP-openjdk-cygwin\jdk8u\hotspot\src\share\vm\prims\jni.cpp, line 709]
Event: 51.037 Thread 0x000000001bce3000 Exception <a 'sun/nio/fs/WindowsException'> (0x00000000ee1c7730) thrown at [D:\src\AOSP-openjdk-cygwin\jdk8u\hotspot\src\share\vm\prims\jni.cpp, line 709]
Event: 51.538 Thread 0x000000001bce3800 Exception <a 'sun/nio/fs/WindowsException'> (0x00000000e12ab010) thrown at [D:\src\AOSP-openjdk-cygwin\jdk8u\hotspot\src\share\vm\prims\jni.cpp, line 709]
Event: 51.539 Thread 0x000000001dcca800 Exception <a 'sun/nio/fs/WindowsException'> (0x00000000e12c6800) thrown at [D:\src\AOSP-openjdk-cygwin\jdk8u\hotspot\src\share\vm\prims\jni.cpp, line 709]
Event: 51.539 Thread 0x000000001b806800 Exception <a 'sun/nio/fs/WindowsException'> (0x00000000e123fb20) thrown at [D:\src\AOSP-openjdk-cygwin\jdk8u\hotspot\src\share\vm\prims\jni.cpp, line 709]
Event: 51.652 Thread 0x000000001bcd6000 Exception <a 'sun/nio/fs/WindowsException'> (0x00000000e1709c48) thrown at [D:\src\AOSP-openjdk-cygwin\jdk8u\hotspot\src\share\vm\prims\jni.cpp, line 709]
Event: 51.668 Thread 0x000000001bce3000 Exception <a 'sun/nio/fs/WindowsException'> (0x00000000e18e4968) thrown at [D:\src\AOSP-openjdk-cygwin\jdk8u\hotspot\src\share\vm\prims\jni.cpp, line 709]
Event: 51.754 Thread 0x000000001b804000 Exception <a 'sun/nio/fs/WindowsException'> (0x00000000e1f6b6d8) thrown at [D:\src\AOSP-openjdk-cygwin\jdk8u\hotspot\src\share\vm\prims\jni.cpp, line 709]

Events (10 events):
Event: 51.836 loading class com/android/tools/r8/code/MoveObject16
Event: 51.836 loading class com/android/tools/r8/code/MoveObject16 done
Event: 51.844 loading class com/android/tools/r8/graph/DexDebugEvent$EndLocal
Event: 51.844 loading class com/android/tools/r8/graph/DexDebugEvent$EndLocal done
Event: 51.845 loading class com/android/tools/r8/graph/DexDebugEvent$EndLocal
Event: 51.845 loading class com/android/tools/r8/graph/DexDebugEvent$EndLocal done
Event: 51.846 loading class com/android/tools/r8/graph/DexDebugEvent$RestartLocal
Event: 51.846 loading class com/android/tools/r8/graph/DexDebugEvent$RestartLocal done
Event: 51.846 loading class com/android/tools/r8/graph/DexDebugEvent$RestartLocal
Event: 51.846 loading class com/android/tools/r8/graph/DexDebugEvent$RestartLocal done


Dynamic libraries:
0x00007ff6775b0000 - 0x00007ff6775e1000 	C:\Program Files\Android\Android Studio\jre\bin\java.exe
0x00007ffad3a30000 - 0x00007ffad3c11000 	C:\WINDOWS\SYSTEM32\ntdll.dll
0x00007ffad1270000 - 0x00007ffad1322000 	C:\WINDOWS\System32\KERNEL32.DLL
0x00007ffad0ac0000 - 0x00007ffad0d33000 	C:\WINDOWS\System32\KERNELBASE.dll
0x00007ffad3660000 - 0x00007ffad3701000 	C:\WINDOWS\System32\ADVAPI32.dll
0x00007ffad11d0000 - 0x00007ffad126e000 	C:\WINDOWS\System32\msvcrt.dll
0x00007ffad3840000 - 0x00007ffad389b000 	C:\WINDOWS\System32\sechost.dll
0x00007ffad3710000 - 0x00007ffad3834000 	C:\WINDOWS\System32\RPCRT4.dll
0x00007ffad0ec0000 - 0x00007ffad1050000 	C:\WINDOWS\System32\USER32.dll
0x00007ffad0000000 - 0x00007ffad0020000 	C:\WINDOWS\System32\win32u.dll
0x00007ffad10c0000 - 0x00007ffad10e8000 	C:\WINDOWS\System32\GDI32.dll
0x00007ffacfe00000 - 0x00007ffacff92000 	C:\WINDOWS\System32\gdi32full.dll
0x00007ffad0210000 - 0x00007ffad02af000 	C:\WINDOWS\System32\msvcp_win.dll
0x00007ffad02b0000 - 0x00007ffad03aa000 	C:\WINDOWS\System32\ucrtbase.dll
0x00007ffac2550000 - 0x00007ffac27b9000 	C:\WINDOWS\WinSxS\amd64_microsoft.windows.common-controls_6595b64144ccf1df_6.0.17134.345_none_fb429a5930656358\COMCTL32.dll
0x00007ffad3320000 - 0x00007ffad3643000 	C:\WINDOWS\System32\combase.dll
0x00007ffad0e40000 - 0x00007ffad0eba000 	C:\WINDOWS\System32\bcryptPrimitives.dll
0x00007ffad1100000 - 0x00007ffad112d000 	C:\WINDOWS\System32\IMM32.DLL
0x0000000071480000 - 0x0000000071552000 	C:\Program Files\Android\Android Studio\jre\jre\bin\msvcr100.dll
0x0000000071680000 - 0x0000000071ebf000 	C:\Program Files\Android\Android Studio\jre\jre\bin\server\jvm.dll
0x00007ffad3650000 - 0x00007ffad3658000 	C:\WINDOWS\System32\PSAPI.DLL
0x00007ffacdcd0000 - 0x00007ffacdcf3000 	C:\WINDOWS\SYSTEM32\WINMM.dll
0x00007ffacb0f0000 - 0x00007ffacb0f9000 	C:\WINDOWS\SYSTEM32\WSOCK32.dll
0x00007ffac2540000 - 0x00007ffac254a000 	C:\WINDOWS\SYSTEM32\VERSION.dll
0x00007ffad3990000 - 0x00007ffad39fc000 	C:\WINDOWS\System32\WS2_32.dll
0x00007ffacdbb0000 - 0x00007ffacdbda000 	C:\WINDOWS\SYSTEM32\winmmbase.dll
0x00007ffad0df0000 - 0x00007ffad0e39000 	C:\WINDOWS\System32\cfgmgr32.dll
0x00007ffac6d10000 - 0x00007ffac6d1f000 	C:\Program Files\Android\Android Studio\jre\jre\bin\verify.dll
0x00007ffac1cb0000 - 0x00007ffac1cd9000 	C:\Program Files\Android\Android Studio\jre\jre\bin\java.dll
0x00007ffac32a0000 - 0x00007ffac32b6000 	C:\Program Files\Android\Android Studio\jre\jre\bin\zip.dll
0x00007ffad1ee0000 - 0x00007ffad331f000 	C:\WINDOWS\System32\SHELL32.dll
0x00007ffad1bb0000 - 0x00007ffad1c59000 	C:\WINDOWS\System32\shcore.dll
0x00007ffad03b0000 - 0x00007ffad0abd000 	C:\WINDOWS\System32\windows.storage.dll
0x00007ffad1060000 - 0x00007ffad10b1000 	C:\WINDOWS\System32\shlwapi.dll
0x00007ffacfde0000 - 0x00007ffacfdf1000 	C:\WINDOWS\System32\kernel.appcore.dll
0x00007ffacfdc0000 - 0x00007ffacfddf000 	C:\WINDOWS\System32\profapi.dll
0x00007ffacfd60000 - 0x00007ffacfdac000 	C:\WINDOWS\System32\powrprof.dll
0x00007ffacfdb0000 - 0x00007ffacfdba000 	C:\WINDOWS\System32\FLTLIB.DLL
0x00007ffab6cb0000 - 0x00007ffab6cca000 	C:\Program Files\Android\Android Studio\jre\jre\bin\net.dll
0x00007ffacf200000 - 0x00007ffacf266000 	C:\WINDOWS\system32\mswsock.dll
0x00007ffab5270000 - 0x00007ffab5281000 	C:\Program Files\Android\Android Studio\jre\jre\bin\nio.dll
0x00007ffac9410000 - 0x00007ffac942e000 	C:\Users\renan\.gradle\native\25\windows-amd64\native-platform.dll
0x00007ffac61e0000 - 0x00007ffac61ed000 	C:\Program Files\Android\Android Studio\jre\jre\bin\management.dll
0x00007ffacf830000 - 0x00007ffacf847000 	C:\WINDOWS\SYSTEM32\CRYPTSP.dll
0x00007ffacede0000 - 0x00007ffacee13000 	C:\WINDOWS\system32\rsaenh.dll
0x00007ffacf790000 - 0x00007ffacf7b5000 	C:\WINDOWS\SYSTEM32\bcrypt.dll
0x00007ffacfc40000 - 0x00007ffacfc68000 	C:\WINDOWS\SYSTEM32\USERENV.dll
0x00007ffacf3b0000 - 0x00007ffacf3bb000 	C:\WINDOWS\SYSTEM32\CRYPTBASE.dll
0x00007ffacef80000 - 0x00007ffacefb8000 	C:\WINDOWS\SYSTEM32\IPHLPAPI.DLL
0x00007ffad10f0000 - 0x00007ffad10f8000 	C:\WINDOWS\System32\NSI.dll
0x00007ffac65f0000 - 0x00007ffac6606000 	C:\WINDOWS\SYSTEM32\dhcpcsvc6.DLL
0x00007ffac7250000 - 0x00007ffac726a000 	C:\WINDOWS\SYSTEM32\dhcpcsvc.DLL

VM Arguments:
jvm_args: -Xmx1536m -Dfile.encoding=windows-1252 -Duser.country=BR -Duser.language=pt -Duser.variant 
java_command: org.gradle.launcher.daemon.bootstrap.GradleDaemon 4.4
java_class_path (initial): C:\Users\renan\.gradle\wrapper\dists\gradle-4.4-all\9br9xq1tocpiv8o6njlyu5op1\gradle-4.4\lib\gradle-launcher-4.4.jar
Launcher Type: SUN_STANDARD

Environment Variables:
PATH=C:\Program Files (x86)\Common Files\Oracle\Java\javapath;C:\ProgramData\Oracle\Java\javapath;C:\WINDOWS\system32;C:\WINDOWS;C:\WINDOWS\System32\Wbem;C:\WINDOWS\System32\WindowsPowerShell\v1.0\;C:\Users\renan\AppData\Local\Programs\Python\Python36-32;C:\Users\renan\AppData\Local\Programs\Python\Python36-32\Scripts;;C:\WINDOWS\System32\OpenSSH\;C:\Program Files\MySQL\MySQL Utilities 1.6\;C:\Program Files\Microsoft VS Code\bin;C:\Program Files\nodejs\;C:\Users\renan\AppData\Local\Microsoft\WindowsApps;C:\Users\renan\AppData\Roaming\npm;C:\Users\renan\AppData\Local\Programs\Microsoft VS Code\bin
USERNAME=renan
OS=Windows_NT
PROCESSOR_IDENTIFIER=Intel64 Family 6 Model 142 Stepping 9, GenuineIntel



---------------  S Y S T E M  ---------------

OS: Windows 10.0 , 64 bit Build 17134 (10.0.17134.1)

CPU:total 4 (initial active 4) (2 cores per cpu, 2 threads per core) family 6 model 142 stepping 9, cmov, cx8, fxsr, mmx, sse, sse2, sse3, ssse3, sse4.1, sse4.2, popcnt, avx, avx2, aes, clmul, erms, 3dnowpref, lzcnt, ht, tsc, tscinvbit, bmi1, bmi2, adx

Memory: 4k page, physical 4034820k(360476k free), swap 5673220k(4208k free)

vm_info: OpenJDK 64-Bit Server VM (25.152-b02) for windows-amd64 JRE (1.8.0_152-release-1024-b02), built by "builder" with MS VC++ 10.0 (VS2010)

time: Sat Oct 27 13:27:51 2018
elapsed time: 51 seconds (0d 0h 0m 51s)

