#
# There is insufficient memory for the Java Runtime Environment to continue.
# Native memory allocation (malloc) failed to allocate 1033936 bytes for Chunk::new
# Possible reasons:
#   The system is out of physical RAM or swap space
#   In 32 bit mode, the process size limit was hit
# Possible solutions:
#   Reduce memory load on the system
#   Increase physical memory or swap space
#   Check if swap backing store is full
#   Use 64 bit Java on a 64 bit OS
#   Decrease Java heap size (-Xmx/-Xms)
#   Decrease number of Java threads
#   Decrease Java thread stack sizes (-Xss)
#   Set larger code cache with -XX:ReservedCodeCacheSize=
# This output file may be truncated or incomplete.
#
#  Out of Memory Error (allocation.cpp:390), pid=7792, tid=0x0000000000000ea8
#
# JRE version: OpenJDK Runtime Environment (8.0_152-b02) (build 1.8.0_152-release-1024-b02)
# Java VM: OpenJDK 64-Bit Server VM (25.152-b02 mixed mode windows-amd64 compressed oops)
# Failed to write core dump. Minidumps are not enabled by default on client versions of Windows
#

---------------  T H R E A D  ---------------

Current thread (0x0000000015f4e000):  JavaThread "C2 CompilerThread1" daemon [_thread_in_native, id=3752, stack(0x00000000176c0000,0x00000000177c0000)]

Stack: [0x00000000176c0000,0x00000000177c0000]
[error occurred during error reporting (printing stack bounds), id 0xc0000005]

Native frames: (J=compiled Java code, j=interpreted, Vv=VM code, C=native code)


Current CompileTask:
C2:  33970 10071       4       java.beans.Introspector::addPropertyDescriptor (265 bytes)


---------------  P R O C E S S  ---------------

Java Threads: ( => current thread )
  0x000000001c0fe800 JavaThread "build operations Thread 4" [_thread_blocked, id=8488, stack(0x0000000026630000,0x0000000026730000)]
  0x000000001c105800 JavaThread "build operations Thread 3" [_thread_blocked, id=6956, stack(0x0000000026530000,0x0000000026630000)]
  0x000000001c102800 JavaThread "build operations Thread 2" [_thread_blocked, id=10796, stack(0x0000000026430000,0x0000000026530000)]
  0x000000001c100000 JavaThread "build operations" [_thread_blocked, id=2040, stack(0x0000000026330000,0x0000000026430000)]
  0x000000001c0f7000 JavaThread "Cache worker for Artifact transforms cache (C:\Users\renan\.gradle\caches\transforms-1)" [_thread_blocked, id=4020, stack(0x0000000026230000,0x0000000026330000)]
  0x000000001c0fe000 JavaThread "Cache worker for file hash cache (C:\Users\renan\usjt_entregas\DESWEBMOB\PipocaMobile\.gradle\4.4\fileHashes)" [_thread_blocked, id=4508, stack(0x0000000026130000,0x0000000026230000)]
  0x000000001c0f6800 JavaThread "Stdin handler" [_thread_blocked, id=12560, stack(0x0000000026030000,0x0000000026130000)]
  0x000000001c0fd000 JavaThread "Asynchronous log dispatcher for DefaultDaemonConnection: socket connection from /127.0.0.1:60750 to /127.0.0.1:60756" [_thread_blocked, id=7808, stack(0x0000000025f30000,0x0000000026030000)]
  0x000000001c0fc800 JavaThread "Cancel handler" [_thread_blocked, id=8924, stack(0x0000000025e30000,0x0000000025f30000)]
  0x000000001c0fb800 JavaThread "Handler for socket connection from /127.0.0.1:60750 to /127.0.0.1:60756" [_thread_in_native, id=4624, stack(0x0000000025d30000,0x0000000025e30000)]
  0x000000001c0f8000 JavaThread "Memory manager" [_thread_blocked, id=7624, stack(0x0000000021130000,0x0000000021230000)]
  0x000000001916b800 JavaThread "File lock request listener" [_thread_in_native, id=1224, stack(0x000000001aa20000,0x000000001ab20000)]
  0x000000001916b000 JavaThread "Cache worker for file hash cache (C:\Users\renan\.gradle\caches\4.4\fileHashes)" [_thread_blocked, id=5800, stack(0x000000001a920000,0x000000001aa20000)]
  0x000000001901b800 JavaThread "Daemon worker" [_thread_in_vm, id=6672, stack(0x000000001a420000,0x000000001a520000)]
  0x0000000018dec000 JavaThread "Daemon" [_thread_blocked, id=10716, stack(0x0000000019f20000,0x000000001a020000)]
  0x0000000018dba000 JavaThread "Daemon periodic checks" [_thread_blocked, id=2856, stack(0x0000000019e20000,0x0000000019f20000)]
  0x0000000018db2800 JavaThread "Incoming local TCP Connector on port 60750" [_thread_in_native, id=8628, stack(0x0000000019bd0000,0x0000000019cd0000)]
  0x0000000015fae800 JavaThread "Service Thread" daemon [_thread_blocked, id=8340, stack(0x0000000017cc0000,0x0000000017dc0000)]
  0x0000000015f51800 JavaThread "C1 CompilerThread2" daemon [_thread_blocked, id=7892, stack(0x00000000177c0000,0x00000000178c0000)]
=>0x0000000015f4e000 JavaThread "C2 CompilerThread1" daemon [_thread_in_native, id=3752, stack(0x00000000176c0000,0x00000000177c0000)]
  0x0000000015f48000 JavaThread "C2 CompilerThread0" daemon [_thread_in_native, id=11328, stack(0x00000000175c0000,0x00000000176c0000)]
  0x0000000015f56800 JavaThread "Attach Listener" daemon [_thread_blocked, id=776, stack(0x00000000174c0000,0x00000000175c0000)]
  0x0000000015f55800 JavaThread "Signal Dispatcher" daemon [_thread_blocked, id=9452, stack(0x00000000173c0000,0x00000000174c0000)]
  0x00000000025dc000 JavaThread "Finalizer" daemon [_thread_blocked, id=9988, stack(0x00000000171b0000,0x00000000172b0000)]
  0x00000000025d1000 JavaThread "Reference Handler" daemon [_thread_blocked, id=1068, stack(0x00000000170b0000,0x00000000171b0000)]
  0x00000000024dd800 JavaThread "main" [_thread_blocked, id=9496, stack(0x00000000023c0000,0x00000000024c0000)]

Other Threads:
  0x0000000015f15800 VMThread [stack: 0x0000000016fb0000,0x00000000170b0000] [id=6220]
  0x00000000178e1000 WatcherThread [stack: 0x0000000017dc0000,0x0000000017ec0000] [id=12456]

VM state:not at safepoint (normal execution)

VM Mutex/Monitor currently owned by a thread: None

Heap:
 PSYoungGen      total 212992K, used 121813K [0x00000000e0000000, 0x00000000ee180000, 0x0000000100000000)
  eden space 197120K, 56% used [0x00000000e0000000,0x00000000e6d7e2f0,0x00000000ec080000)
  from space 15872K, 61% used [0x00000000ed200000,0x00000000edb772d8,0x00000000ee180000)
  to   space 16896K, 0% used [0x00000000ec080000,0x00000000ec080000,0x00000000ed100000)
 ParOldGen       total 94720K, used 49265K [0x00000000a0000000, 0x00000000a5c80000, 0x00000000e0000000)
  object space 94720K, 52% used [0x00000000a0000000,0x00000000a301c6c8,0x00000000a5c80000)
 Metaspace       used 68463K, capacity 70938K, committed 71168K, reserved 1110016K
  class space    used 9103K, capacity 9665K, committed 9728K, reserved 1048576K

Card table byte_map: [0x00000000119a0000,0x0000000011cb0000] byte_map_base: 0x00000000114a0000

Marking Bits: (ParMarkBitMap*) 0x0000000071e64970
 Begin Bits: [0x00000000122b0000, 0x0000000013ab0000)
 End Bits:   [0x0000000013ab0000, 0x00000000152b0000)

Polling page: 0x0000000000bb0000

CodeCache: size=245760Kb used=29396Kb max_used=29396Kb free=216364Kb
 bounds [0x00000000025e0000, 0x00000000042c0000, 0x00000000115e0000]
 total_blobs=9446 nmethods=8621 adapters=737
 compilation: enabled

Compilation events (10 events):
Event: 33.915 Thread 0x0000000015f51800 10105       1       org.codehaus.groovy.reflection.CachedMethod::setAccessible (5 bytes)
Event: 33.915 Thread 0x0000000015f51800 nmethod 10105 0x00000000042ad250 code [0x00000000042ad3a0, 0x00000000042ad4b0]
Event: 33.916 Thread 0x0000000015f51800 10106       3       org.codehaus.groovy.classgen.asm.BytecodeHelper::getClassInternalName (9 bytes)
Event: 33.916 Thread 0x0000000015f51800 nmethod 10106 0x00000000042ad510 code [0x00000000042ad680, 0x00000000042ad888]
Event: 33.926 Thread 0x0000000015f51800 10107       3       org.codehaus.groovy.reflection.ClassLoaderForClassArtifacts::loadClass (38 bytes)
Event: 33.927 Thread 0x0000000015f51800 nmethod 10107 0x00000000042ad950 code [0x00000000042adae0, 0x00000000042adf68]
Event: 33.927 Thread 0x0000000015f51800 10108  s!   3       org.codehaus.groovy.runtime.callsite.CallSiteClassLoader::loadClass (44 bytes)
Event: 33.929 Thread 0x0000000015f51800 nmethod 10108 0x00000000042ae0d0 code [0x00000000042ae3a0, 0x00000000042afe78]
Event: 33.938 Thread 0x0000000015f51800 10110       3       groovyjarjarasm.asm.ClassWriter::a (71 bytes)
Event: 33.938 Thread 0x0000000015f51800 nmethod 10110 0x00000000042b0b90 code [0x00000000042b0d60, 0x00000000042b1278]

GC Heap History (10 events):
Event: 14.573 GC heap before
{Heap before GC invocations=17 (full 2):
 PSYoungGen      total 140288K, used 44901K [0x00000000e0000000, 0x00000000e9700000, 0x0000000100000000)
  eden space 126976K, 27% used [0x00000000e0000000,0x00000000e2187f08,0x00000000e7c00000)
  from space 13312K, 79% used [0x00000000e8a00000,0x00000000e94518c0,0x00000000e9700000)
  to   space 13824K, 0% used [0x00000000e7c00000,0x00000000e7c00000,0x00000000e8980000)
 ParOldGen       total 56320K, used 32475K [0x00000000a0000000, 0x00000000a3700000, 0x00000000e0000000)
  object space 56320K, 57% used [0x00000000a0000000,0x00000000a1fb6fd8,0x00000000a3700000)
 Metaspace       used 57086K, capacity 58870K, committed 59008K, reserved 1099776K
  class space    used 7810K, capacity 8242K, committed 8320K, reserved 1048576K
Event: 14.584 GC heap after
Heap after GC invocations=17 (full 2):
 PSYoungGen      total 140800K, used 8176K [0x00000000e0000000, 0x00000000eb380000, 0x0000000100000000)
  eden space 126976K, 0% used [0x00000000e0000000,0x00000000e0000000,0x00000000e7c00000)
  from space 13824K, 59% used [0x00000000e7c00000,0x00000000e83fc060,0x00000000e8980000)
  to   space 13824K, 0% used [0x00000000ea600000,0x00000000ea600000,0x00000000eb380000)
 ParOldGen       total 56320K, used 32483K [0x00000000a0000000, 0x00000000a3700000, 0x00000000e0000000)
  object space 56320K, 57% used [0x00000000a0000000,0x00000000a1fb8fd8,0x00000000a3700000)
 Metaspace       used 57086K, capacity 58870K, committed 59008K, reserved 1099776K
  class space    used 7810K, capacity 8242K, committed 8320K, reserved 1048576K
}
Event: 14.584 GC heap before
{Heap before GC invocations=18 (full 3):
 PSYoungGen      total 140800K, used 8176K [0x00000000e0000000, 0x00000000eb380000, 0x0000000100000000)
  eden space 126976K, 0% used [0x00000000e0000000,0x00000000e0000000,0x00000000e7c00000)
  from space 13824K, 59% used [0x00000000e7c00000,0x00000000e83fc060,0x00000000e8980000)
  to   space 13824K, 0% used [0x00000000ea600000,0x00000000ea600000,0x00000000eb380000)
 ParOldGen       total 56320K, used 32483K [0x00000000a0000000, 0x00000000a3700000, 0x00000000e0000000)
  object space 56320K, 57% used [0x00000000a0000000,0x00000000a1fb8fd8,0x00000000a3700000)
 Metaspace       used 57086K, capacity 58870K, committed 59008K, reserved 1099776K
  class space    used 7810K, capacity 8242K, committed 8320K, reserved 1048576K
Event: 14.837 GC heap after
Heap after GC invocations=18 (full 3):
 PSYoungGen      total 140800K, used 0K [0x00000000e0000000, 0x00000000eb380000, 0x0000000100000000)
  eden space 126976K, 0% used [0x00000000e0000000,0x00000000e0000000,0x00000000e7c00000)
  from space 13824K, 0% used [0x00000000e7c00000,0x00000000e7c00000,0x00000000e8980000)
  to   space 13824K, 0% used [0x00000000ea600000,0x00000000ea600000,0x00000000eb380000)
 ParOldGen       total 94720K, used 36755K [0x00000000a0000000, 0x00000000a5c80000, 0x00000000e0000000)
  object space 94720K, 38% used [0x00000000a0000000,0x00000000a23e4ef0,0x00000000a5c80000)
 Metaspace       used 57086K, capacity 58870K, committed 59008K, reserved 1099776K
  class space    used 7810K, capacity 8242K, committed 8320K, reserved 1048576K
}
Event: 18.596 GC heap before
{Heap before GC invocations=19 (full 3):
 PSYoungGen      total 140800K, used 126843K [0x00000000e0000000, 0x00000000eb380000, 0x0000000100000000)
  eden space 126976K, 99% used [0x00000000e0000000,0x00000000e7bdedb0,0x00000000e7c00000)
  from space 13824K, 0% used [0x00000000e7c00000,0x00000000e7c00000,0x00000000e8980000)
  to   space 13824K, 0% used [0x00000000ea600000,0x00000000ea600000,0x00000000eb380000)
 ParOldGen       total 94720K, used 36755K [0x00000000a0000000, 0x00000000a5c80000, 0x00000000e0000000)
  object space 94720K, 38% used [0x00000000a0000000,0x00000000a23e4ef0,0x00000000a5c80000)
 Metaspace       used 62326K, capacity 64168K, committed 64384K, reserved 1105920K
  class space    used 8342K, capacity 8771K, committed 8832K, reserved 1048576K
Event: 18.613 GC heap after
Heap after GC invocations=19 (full 3):
 PSYoungGen      total 164352K, used 13796K [0x00000000e0000000, 0x00000000eb380000, 0x0000000100000000)
  eden space 150528K, 0% used [0x00000000e0000000,0x00000000e0000000,0x00000000e9300000)
  from space 13824K, 99% used [0x00000000ea600000,0x00000000eb379060,0x00000000eb380000)
  to   space 15872K, 0% used [0x00000000e9480000,0x00000000e9480000,0x00000000ea400000)
 ParOldGen       total 94720K, used 37429K [0x00000000a0000000, 0x00000000a5c80000, 0x00000000e0000000)
  object space 94720K, 39% used [0x00000000a0000000,0x00000000a248d508,0x00000000a5c80000)
 Metaspace       used 62326K, capacity 64168K, committed 64384K, reserved 1105920K
  class space    used 8342K, capacity 8771K, committed 8832K, reserved 1048576K
}
Event: 18.643 GC heap before
{Heap before GC invocations=20 (full 3):
 PSYoungGen      total 164352K, used 163377K [0x00000000e0000000, 0x00000000eb380000, 0x0000000100000000)
  eden space 150528K, 99% used [0x00000000e0000000,0x00000000e9213550,0x00000000e9300000)
  from space 13824K, 99% used [0x00000000ea600000,0x00000000eb379060,0x00000000eb380000)
  to   space 15872K, 0% used [0x00000000e9480000,0x00000000e9480000,0x00000000ea400000)
 ParOldGen       total 94720K, used 37429K [0x00000000a0000000, 0x00000000a5c80000, 0x00000000e0000000)
  object space 94720K, 39% used [0x00000000a0000000,0x00000000a248d508,0x00000000a5c80000)
 Metaspace       used 62331K, capacity 64168K, committed 64384K, reserved 1105920K
  class space    used 8342K, capacity 8771K, committed 8832K, reserved 1048576K
Event: 18.657 GC heap after
Heap after GC invocations=20 (full 3):
 PSYoungGen      total 167936K, used 12862K [0x00000000e0000000, 0x00000000ee280000, 0x0000000100000000)
  eden space 152064K, 0% used [0x00000000e0000000,0x00000000e0000000,0x00000000e9480000)
  from space 15872K, 81% used [0x00000000e9480000,0x00000000ea10f9b0,0x00000000ea400000)
  to   space 16896K, 0% used [0x00000000ed200000,0x00000000ed200000,0x00000000ee280000)
 ParOldGen       total 94720K, used 37429K [0x00000000a0000000, 0x00000000a5c80000, 0x00000000e0000000)
  object space 94720K, 39% used [0x00000000a0000000,0x00000000a248d508,0x00000000a5c80000)
 Metaspace       used 62331K, capacity 64168K, committed 64384K, reserved 1105920K
  class space    used 8342K, capacity 8771K, committed 8832K, reserved 1048576K
}
Event: 32.978 GC heap before
{Heap before GC invocations=21 (full 3):
 PSYoungGen      total 167936K, used 164926K [0x00000000e0000000, 0x00000000ee280000, 0x0000000100000000)
  eden space 152064K, 100% used [0x00000000e0000000,0x00000000e9480000,0x00000000e9480000)
  from space 15872K, 81% used [0x00000000e9480000,0x00000000ea10f9b0,0x00000000ea400000)
  to   space 16896K, 0% used [0x00000000ed200000,0x00000000ed200000,0x00000000ee280000)
 ParOldGen       total 94720K, used 37429K [0x00000000a0000000, 0x00000000a5c80000, 0x00000000e0000000)
  object space 94720K, 39% used [0x00000000a0000000,0x00000000a248d508,0x00000000a5c80000)
 Metaspace       used 67124K, capacity 69430K, committed 69632K, reserved 1110016K
  class space    used 8895K, capacity 9424K, committed 9472K, reserved 1048576K
Event: 33.007 GC heap after
Heap after GC invocations=21 (full 3):
 PSYoungGen      total 212992K, used 9692K [0x00000000e0000000, 0x00000000ee180000, 0x0000000100000000)
  eden space 197120K, 0% used [0x00000000e0000000,0x00000000e0000000,0x00000000ec080000)
  from space 15872K, 61% used [0x00000000ed200000,0x00000000edb772d8,0x00000000ee180000)
  to   space 16896K, 0% used [0x00000000ec080000,0x00000000ec080000,0x00000000ed100000)
 ParOldGen       total 94720K, used 49265K [0x00000000a0000000, 0x00000000a5c80000, 0x00000000e0000000)
  object space 94720K, 52% used [0x00000000a0000000,0x00000000a301c6c8,0x00000000a5c80000)
 Metaspace       used 67124K, capacity 69430K, committed 69632K, reserved 1110016K
  class space    used 8895K, capacity 9424K, committed 9472K, reserved 1048576K
}

Deoptimization events (10 events):
Event: 32.103 Thread 0x000000001901b800 Uncommon trap: reason=unstable_if action=reinterpret pc=0x0000000003cd3644 method=java.util.WeakHashMap.get(Ljava/lang/Object;)Ljava/lang/Object; @ 56
Event: 32.156 Thread 0x000000001901b800 Uncommon trap: reason=class_check action=maybe_recompile pc=0x0000000002db2604 method=com.google.common.cache.LocalCache$Segment.getLiveValue(Lcom/google/common/cache/LocalCache$ReferenceEntry;J)Ljava/lang/Object; @ 1
Event: 32.568 Thread 0x000000001901b800 Uncommon trap: reason=unstable_if action=reinterpret pc=0x0000000002dc352c method=com.google.common.base.CharMatcher$IsEither.matches(C)Z @ 5
Event: 32.866 Thread 0x000000001901b800 Uncommon trap: reason=unstable_if action=reinterpret pc=0x00000000039ae210 method=java.lang.reflect.AccessibleObject.setAccessible0(Ljava/lang/reflect/AccessibleObject;Z)V @ 23
Event: 33.215 Thread 0x000000001901b800 Uncommon trap: reason=unstable_if action=reinterpret pc=0x000000000327f2c4 method=groovy.lang.MetaClassImpl.checkIfStdMethod(Lgroovy/lang/MetaMethod;)V @ 55
Event: 33.317 Thread 0x000000001901b800 Uncommon trap: reason=class_check action=maybe_recompile pc=0x0000000003b2b654 method=groovy.lang.MetaMethod.isStatic()Z @ 1
Event: 33.317 Thread 0x000000001901b800 Uncommon trap: reason=class_check action=maybe_recompile pc=0x0000000003b2b654 method=groovy.lang.MetaMethod.isStatic()Z @ 1
Event: 33.317 Thread 0x000000001901b800 Uncommon trap: reason=class_check action=maybe_recompile pc=0x0000000003b2b654 method=groovy.lang.MetaMethod.isStatic()Z @ 1
Event: 33.317 Thread 0x000000001901b800 Uncommon trap: reason=class_check action=maybe_recompile pc=0x0000000003b2b654 method=groovy.lang.MetaMethod.isStatic()Z @ 1
Event: 33.321 Thread 0x000000001901b800 Uncommon trap: reason=unstable_if action=reinterpret pc=0x0000000004148e9c method=groovy.lang.MetaClassImpl.filterPropertyMethod(Ljava/lang/Object;ZZ)Ljava/lang/Object; @ 60

Classes redefined (0 events):
No events

Internal exceptions (10 events):
Event: 33.941 Thread 0x000000001901b800 Exception <a 'java/lang/ClassNotFoundException': org/gradle/api/JavaVersionBeanInfo> (0x00000000e69ec580) thrown at [D:\src\AOSP-openjdk-cygwin\jdk8u\hotspot\src\share\vm\classfile\systemDictionary.cpp, line 210]
Event: 33.941 Thread 0x000000001901b800 Exception <a 'java/lang/ClassNotFoundException': java/lang/EnumBeanInfo> (0x00000000e69f3028) thrown at [D:\src\AOSP-openjdk-cygwin\jdk8u\hotspot\src\share\vm\classfile\systemDictionary.cpp, line 210]
Event: 33.941 Thread 0x000000001901b800 Exception <a 'java/lang/ClassNotFoundException': java/lang/EnumCustomizer> (0x00000000e69f9ef8) thrown at [D:\src\AOSP-openjdk-cygwin\jdk8u\hotspot\src\share\vm\classfile\systemDictionary.cpp, line 210]
Event: 33.947 Thread 0x000000001901b800 Exception <a 'java/lang/ClassNotFoundException': org/gradle/api/JavaVersionCustomizer> (0x00000000e6a11208) thrown at [D:\src\AOSP-openjdk-cygwin\jdk8u\hotspot\src\share\vm\classfile\systemDictionary.cpp, line 210]
Event: 33.956 Thread 0x000000001901b800 Exception <a 'java/lang/ClassNotFoundException': org/gradle/api/internal/tasks/DefaultSourceSetContainer_DecoratedBeanInfo> (0x00000000e6a7f890) thrown at [D:\src\AOSP-openjdk-cygwin\jdk8u\hotspot\src\share\vm\classfile\systemDictionary.cpp, line 210]
Event: 33.957 Thread 0x000000001901b800 Exception <a 'java/lang/ClassNotFoundException': org/gradle/api/internal/tasks/DefaultSourceSetContainerBeanInfo> (0x00000000e6aa5f68) thrown at [D:\src\AOSP-openjdk-cygwin\jdk8u\hotspot\src\share\vm\classfile\systemDictionary.cpp, line 210]
Event: 33.957 Thread 0x000000001901b800 Exception <a 'java/lang/ClassNotFoundException': org/gradle/api/internal/tasks/DefaultSourceSetContainerCustomizer> (0x00000000e6accf40) thrown at [D:\src\AOSP-openjdk-cygwin\jdk8u\hotspot\src\share\vm\classfile\systemDictionary.cpp, line 210]
Event: 33.959 Thread 0x000000001901b800 Exception <a 'java/lang/ClassNotFoundException': org/gradle/api/internal/tasks/DefaultSourceSetContainer_DecoratedCustomizer> (0x00000000e6b07660) thrown at [D:\src\AOSP-openjdk-cygwin\jdk8u\hotspot\src\share\vm\classfile\systemDictionary.cpp, line 210]
Event: 33.961 Thread 0x000000001901b800 Exception <a 'java/lang/ClassNotFoundException': org/gradle/api/tasks/SourceSetContainerBeanInfo> (0x00000000e6b6d980) thrown at [D:\src\AOSP-openjdk-cygwin\jdk8u\hotspot\src\share\vm\classfile\systemDictionary.cpp, line 210]
Event: 33.961 Thread 0x000000001901b800 Exception <a 'java/lang/ClassNotFoundException': org/gradle/api/tasks/SourceSetContainerCustomizer> (0x00000000e6b8dca8) thrown at [D:\src\AOSP-openjdk-cygwin\jdk8u\hotspot\src\share\vm\classfile\systemDictionary.cpp, line 210]

Events (10 events):
Event: 33.961 loading class org/gradle/api/tasks/SourceSetContainerBeanInfo
Event: 33.961 loading class org/gradle/api/tasks/SourceSetContainerBeanInfo done
Event: 33.961 loading class org/gradle/api/tasks/SourceSetContainerBeanInfo
Event: 33.961 loading class org/gradle/api/tasks/SourceSetContainerBeanInfo done
Event: 33.961 loading class org/gradle/api/tasks/SourceSetContainerCustomizer
Event: 33.961 loading class org/gradle/api/tasks/SourceSetContainerCustomizer done
Event: 33.961 loading class org/gradle/api/tasks/SourceSetContainerCustomizer
Event: 33.961 loading class org/gradle/api/tasks/SourceSetContainerCustomizer done
Event: 33.961 loading class org/gradle/api/tasks/SourceSetContainerCustomizer
Event: 33.961 loading class org/gradle/api/tasks/SourceSetContainerCustomizer done


Dynamic libraries:
0x00007ff63c3b0000 - 0x00007ff63c3e1000 	C:\Program Files\Android\Android Studio\jre\bin\java.exe
0x00007ffad3a30000 - 0x00007ffad3c11000 	C:\WINDOWS\SYSTEM32\ntdll.dll
0x00007ffad1270000 - 0x00007ffad1322000 	C:\WINDOWS\System32\KERNEL32.DLL
0x00007ffad0ac0000 - 0x00007ffad0d33000 	C:\WINDOWS\System32\KERNELBASE.dll
0x00007ffad3660000 - 0x00007ffad3701000 	C:\WINDOWS\System32\ADVAPI32.dll
0x00007ffad11d0000 - 0x00007ffad126e000 	C:\WINDOWS\System32\msvcrt.dll
0x00007ffad3840000 - 0x00007ffad389b000 	C:\WINDOWS\System32\sechost.dll
0x00007ffad3710000 - 0x00007ffad3834000 	C:\WINDOWS\System32\RPCRT4.dll
0x00007ffad0ec0000 - 0x00007ffad1050000 	C:\WINDOWS\System32\USER32.dll
0x00007ffad0000000 - 0x00007ffad0020000 	C:\WINDOWS\System32\win32u.dll
0x00007ffad10c0000 - 0x00007ffad10e8000 	C:\WINDOWS\System32\GDI32.dll
0x00007ffacfe00000 - 0x00007ffacff92000 	C:\WINDOWS\System32\gdi32full.dll
0x00007ffad0210000 - 0x00007ffad02af000 	C:\WINDOWS\System32\msvcp_win.dll
0x00007ffad02b0000 - 0x00007ffad03aa000 	C:\WINDOWS\System32\ucrtbase.dll
0x00007ffac2550000 - 0x00007ffac27b9000 	C:\WINDOWS\WinSxS\amd64_microsoft.windows.common-controls_6595b64144ccf1df_6.0.17134.345_none_fb429a5930656358\COMCTL32.dll
0x00007ffad3320000 - 0x00007ffad3643000 	C:\WINDOWS\System32\combase.dll
0x00007ffad0e40000 - 0x00007ffad0eba000 	C:\WINDOWS\System32\bcryptPrimitives.dll
0x00007ffad1100000 - 0x00007ffad112d000 	C:\WINDOWS\System32\IMM32.DLL
0x00000000714e0000 - 0x00000000715b2000 	C:\Program Files\Android\Android Studio\jre\jre\bin\msvcr100.dll
0x00000000716a0000 - 0x0000000071edf000 	C:\Program Files\Android\Android Studio\jre\jre\bin\server\jvm.dll
0x00007ffad3650000 - 0x00007ffad3658000 	C:\WINDOWS\System32\PSAPI.DLL
0x00007ffacf7d0000 - 0x00007ffacf7d9000 	C:\WINDOWS\SYSTEM32\WSOCK32.dll
0x00007ffacdcd0000 - 0x00007ffacdcf3000 	C:\WINDOWS\SYSTEM32\WINMM.dll
0x00007ffad3990000 - 0x00007ffad39fc000 	C:\WINDOWS\System32\WS2_32.dll
0x00007ffac2540000 - 0x00007ffac254a000 	C:\WINDOWS\SYSTEM32\VERSION.dll
0x00007ffacdbb0000 - 0x00007ffacdbda000 	C:\WINDOWS\SYSTEM32\WINMMBASE.dll
0x00007ffad0df0000 - 0x00007ffad0e39000 	C:\WINDOWS\System32\cfgmgr32.dll
0x00007ffacc480000 - 0x00007ffacc48f000 	C:\Program Files\Android\Android Studio\jre\jre\bin\verify.dll
0x00007ffac3150000 - 0x00007ffac3179000 	C:\Program Files\Android\Android Studio\jre\jre\bin\java.dll
0x00007ffac9420000 - 0x00007ffac9436000 	C:\Program Files\Android\Android Studio\jre\jre\bin\zip.dll
0x00007ffad1ee0000 - 0x00007ffad331f000 	C:\WINDOWS\System32\SHELL32.dll
0x00007ffad1bb0000 - 0x00007ffad1c59000 	C:\WINDOWS\System32\shcore.dll
0x00007ffad03b0000 - 0x00007ffad0abd000 	C:\WINDOWS\System32\windows.storage.dll
0x00007ffad1060000 - 0x00007ffad10b1000 	C:\WINDOWS\System32\shlwapi.dll
0x00007ffacfde0000 - 0x00007ffacfdf1000 	C:\WINDOWS\System32\kernel.appcore.dll
0x00007ffacfdc0000 - 0x00007ffacfddf000 	C:\WINDOWS\System32\profapi.dll
0x00007ffacfd60000 - 0x00007ffacfdac000 	C:\WINDOWS\System32\powrprof.dll
0x00007ffacfdb0000 - 0x00007ffacfdba000 	C:\WINDOWS\System32\FLTLIB.DLL
0x00007ffac6960000 - 0x00007ffac697a000 	C:\Program Files\Android\Android Studio\jre\jre\bin\net.dll
0x00007ffacf200000 - 0x00007ffacf266000 	C:\WINDOWS\system32\mswsock.dll
0x00007ffac60e0000 - 0x00007ffac60f1000 	C:\Program Files\Android\Android Studio\jre\jre\bin\nio.dll
0x00007ffacacd0000 - 0x00007ffacacee000 	C:\Users\renan\.gradle\native\25\windows-amd64\native-platform.dll
0x00007ffac6c40000 - 0x00007ffac6c4d000 	C:\Program Files\Android\Android Studio\jre\jre\bin\management.dll
0x00007ffacf830000 - 0x00007ffacf847000 	C:\WINDOWS\SYSTEM32\CRYPTSP.dll
0x00007ffacede0000 - 0x00007ffacee13000 	C:\WINDOWS\system32\rsaenh.dll
0x00007ffacf790000 - 0x00007ffacf7b5000 	C:\WINDOWS\SYSTEM32\bcrypt.dll
0x00007ffacfc40000 - 0x00007ffacfc68000 	C:\WINDOWS\SYSTEM32\USERENV.dll
0x00007ffacf3b0000 - 0x00007ffacf3bb000 	C:\WINDOWS\SYSTEM32\CRYPTBASE.dll
0x00007ffacef80000 - 0x00007ffacefb8000 	C:\WINDOWS\SYSTEM32\IPHLPAPI.DLL
0x00007ffad10f0000 - 0x00007ffad10f8000 	C:\WINDOWS\System32\NSI.dll
0x00007ffac65f0000 - 0x00007ffac6606000 	C:\WINDOWS\SYSTEM32\dhcpcsvc6.DLL
0x00007ffac7250000 - 0x00007ffac726a000 	C:\WINDOWS\SYSTEM32\dhcpcsvc.DLL
0x00007ffaceb00000 - 0x00007ffaceb31000 	C:\WINDOWS\SYSTEM32\ntmarta.dll

VM Arguments:
jvm_args: -Xmx1536m -Dfile.encoding=windows-1252 -Duser.country=BR -Duser.language=pt -Duser.variant 
java_command: org.gradle.launcher.daemon.bootstrap.GradleDaemon 4.4
java_class_path (initial): C:\Users\renan\.gradle\wrapper\dists\gradle-4.4-all\9br9xq1tocpiv8o6njlyu5op1\gradle-4.4\lib\gradle-launcher-4.4.jar
Launcher Type: SUN_STANDARD

Environment Variables:
PATH=C:\Program Files (x86)\Common Files\Oracle\Java\javapath;C:\ProgramData\Oracle\Java\javapath;C:\WINDOWS\system32;C:\WINDOWS;C:\WINDOWS\System32\Wbem;C:\WINDOWS\System32\WindowsPowerShell\v1.0\;C:\Users\renan\AppData\Local\Programs\Python\Python36-32;C:\Users\renan\AppData\Local\Programs\Python\Python36-32\Scripts;;C:\WINDOWS\System32\OpenSSH\;C:\Program Files\MySQL\MySQL Utilities 1.6\;C:\Program Files\Microsoft VS Code\bin;C:\Program Files\nodejs\;C:\Users\renan\AppData\Local\Microsoft\WindowsApps;C:\Users\renan\AppData\Roaming\npm;C:\Users\renan\AppData\Local\Programs\Microsoft VS Code\bin
USERNAME=renan
OS=Windows_NT
PROCESSOR_IDENTIFIER=Intel64 Family 6 Model 142 Stepping 9, GenuineIntel



---------------  S Y S T E M  ---------------

OS: Windows 10.0 , 64 bit Build 17134 (10.0.17134.1)

CPU:total 4 (initial active 4) (2 cores per cpu, 2 threads per core) family 6 model 142 stepping 9, cmov, cx8, fxsr, mmx, sse, sse2, sse3, ssse3, sse4.1, sse4.2, popcnt, avx, avx2, aes, clmul, erms, 3dnowpref, lzcnt, ht, tsc, tscinvbit, bmi1, bmi2, adx

Memory: 4k page, physical 4034820k(538804k free), swap 5673220k(5012k free)

vm_info: OpenJDK 64-Bit Server VM (25.152-b02) for windows-amd64 JRE (1.8.0_152-release-1024-b02), built by "builder" with MS VC++ 10.0 (VS2010)

time: Sat Oct 27 13:57:05 2018
elapsed time: 33 seconds (0d 0h 0m 33s)

