#
# There is insufficient memory for the Java Runtime Environment to continue.
# Native memory allocation (malloc) failed to allocate 810496 bytes for Chunk::new
# Possible reasons:
#   The system is out of physical RAM or swap space
#   In 32 bit mode, the process size limit was hit
# Possible solutions:
#   Reduce memory load on the system
#   Increase physical memory or swap space
#   Check if swap backing store is full
#   Use 64 bit Java on a 64 bit OS
#   Decrease Java heap size (-Xmx/-Xms)
#   Decrease number of Java threads
#   Decrease Java thread stack sizes (-Xss)
#   Set larger code cache with -XX:ReservedCodeCacheSize=
# This output file may be truncated or incomplete.
#
#  Out of Memory Error (allocation.cpp:390), pid=4768, tid=0x0000000000000d8c
#
# JRE version: OpenJDK Runtime Environment (8.0_152-b02) (build 1.8.0_152-release-1024-b02)
# Java VM: OpenJDK 64-Bit Server VM (25.152-b02 mixed mode windows-amd64 compressed oops)
# Failed to write core dump. Minidumps are not enabled by default on client versions of Windows
#

---------------  T H R E A D  ---------------

Current thread (0x00000000167b7000):  JavaThread "C2 CompilerThread0" daemon [_thread_in_native, id=3468, stack(0x0000000017e30000,0x0000000017f30000)]

Stack: [0x0000000017e30000,0x0000000017f30000]
[error occurred during error reporting (printing stack bounds), id 0xc0000005]

Native frames: (J=compiled Java code, j=interpreted, Vv=VM code, C=native code)


Current CompileTask:
C2:3676252 22770       4       com.android.tools.r8.dex.FileWriter::writeCodeItem (502 bytes)


---------------  P R O C E S S  ---------------

Java Threads: ( => current thread )
  0x000000001e660000 JavaThread "ForkJoinPool.commonPool-worker-1" daemon [_thread_blocked, id=8696, stack(0x000000003f860000,0x000000003f960000)]
  0x000000001e65c800 JavaThread "ForkJoinPool.commonPool-worker-0" daemon [_thread_blocked, id=8120, stack(0x000000003f760000,0x000000003f860000)]
  0x000000001e65d000 JavaThread "ForkJoinPool.commonPool-worker-3" daemon [_thread_blocked, id=964, stack(0x000000003e760000,0x000000003e860000)]
  0x000000001e653800 JavaThread "Cache worker for Java compile cache (C:\Users\renan\usjt_entregas\DESWEBMOB\PipocaMobile\.gradle\4.4\javaCompile)" [_thread_blocked, id=9088, stack(0x000000003e660000,0x000000003e760000)]
  0x000000001e658000 JavaThread "Task worker for ':' Thread 3" [_thread_blocked, id=2856, stack(0x000000003e560000,0x000000003e660000)]
  0x000000001e657000 JavaThread "Task worker for ':' Thread 2" [_thread_blocked, id=5372, stack(0x000000003e460000,0x000000003e560000)]
  0x000000001e65a000 JavaThread "Task worker for ':'" [_thread_in_native, id=5800, stack(0x000000003e360000,0x000000003e460000)]
  0x000000001e659800 JavaThread "Cache worker for Build Output Cleanup Cache (C:\Users\renan\usjt_entregas\DESWEBMOB\PipocaMobile\.gradle\buildOutputCleanup)" [_thread_blocked, id=5144, stack(0x000000003e260000,0x000000003e360000)]
  0x000000001e655800 JavaThread "Cache worker for task history cache (C:\Users\renan\usjt_entregas\DESWEBMOB\PipocaMobile\.gradle\4.4\taskHistory)" [_thread_blocked, id=6848, stack(0x000000003e160000,0x000000003e260000)]
  0x000000001e658800 JavaThread "Cache worker for file content cache (C:\Users\renan\usjt_entregas\DESWEBMOB\PipocaMobile\.gradle\4.4\fileContent)" [_thread_blocked, id=204, stack(0x000000003e060000,0x000000003e160000)]
  0x000000001e655000 JavaThread "build operations Thread 4" [_thread_blocked, id=7464, stack(0x000000003df60000,0x000000003e060000)]
  0x000000001bccd800 JavaThread "build operations Thread 3" [_thread_blocked, id=11492, stack(0x000000003de60000,0x000000003df60000)]
  0x000000001bcd4800 JavaThread "build operations Thread 2" [_thread_blocked, id=10044, stack(0x000000003dd60000,0x000000003de60000)]
  0x000000001bcd1800 JavaThread "build operations" [_thread_blocked, id=9988, stack(0x000000003dc60000,0x000000003dd60000)]
  0x000000001bcd3000 JavaThread "Cache worker for Artifact transforms cache (C:\Users\renan\.gradle\caches\transforms-1)" [_thread_blocked, id=11764, stack(0x000000003db60000,0x000000003dc60000)]
  0x000000001bcd2000 JavaThread "Cache worker for file hash cache (C:\Users\renan\usjt_entregas\DESWEBMOB\PipocaMobile\.gradle\4.4\fileHashes)" [_thread_blocked, id=9456, stack(0x000000003da60000,0x000000003db60000)]
  0x000000001bcce800 JavaThread "Stdin handler" [_thread_blocked, id=4468, stack(0x000000003d960000,0x000000003da60000)]
  0x000000001bcc8800 JavaThread "Asynchronous log dispatcher for DefaultDaemonConnection: socket connection from /127.0.0.1:59055 to /127.0.0.1:59494" [_thread_blocked, id=1164, stack(0x000000003d860000,0x000000003d960000)]
  0x000000001bccf000 JavaThread "Daemon worker Thread 9" [_thread_blocked, id=1516, stack(0x000000003d760000,0x000000003d860000)]
  0x000000001bccd000 JavaThread "Cancel handler" [_thread_blocked, id=6256, stack(0x000000003d660000,0x000000003d760000)]
  0x000000001bccc000 JavaThread "Handler for socket connection from /127.0.0.1:59055 to /127.0.0.1:59494" [_thread_in_native, id=11376, stack(0x000000003d560000,0x000000003d660000)]
  0x000000001bccb800 JavaThread "Daemon Thread 9" [_thread_blocked, id=11620, stack(0x000000003d460000,0x000000003d560000)]
  0x000000001bcd0000 JavaThread "Java2D Disposer" daemon [_thread_blocked, id=2848, stack(0x000000002e960000,0x000000002ea60000)]
  0x000000001c65c000 JavaThread "Memory manager" [_thread_blocked, id=9572, stack(0x0000000021df0000,0x0000000021ef0000)]
  0x000000001984d000 JavaThread "File lock request listener" [_thread_in_native, id=104, stack(0x000000001b290000,0x000000001b390000)]
  0x0000000019b27000 JavaThread "Cache worker for file hash cache (C:\Users\renan\.gradle\caches\4.4\fileHashes)" [_thread_blocked, id=12000, stack(0x000000001b190000,0x000000001b290000)]
  0x000000001958f000 JavaThread "Daemon periodic checks" [_thread_blocked, id=9820, stack(0x000000001a690000,0x000000001a790000)]
  0x000000001955f000 JavaThread "Incoming local TCP Connector on port 59055" [_thread_in_native, id=2068, stack(0x000000001a440000,0x000000001a540000)]
  0x0000000018158800 JavaThread "Service Thread" daemon [_thread_blocked, id=5940, stack(0x0000000018530000,0x0000000018630000)]
  0x00000000167b1000 JavaThread "C1 CompilerThread2" daemon [_thread_blocked, id=8168, stack(0x0000000018030000,0x0000000018130000)]
  0x00000000167ad000 JavaThread "C2 CompilerThread1" daemon [_thread_in_native, id=7540, stack(0x0000000017f30000,0x0000000018030000)]
=>0x00000000167b7000 JavaThread "C2 CompilerThread0" daemon [_thread_in_native, id=3468, stack(0x0000000017e30000,0x0000000017f30000)]
  0x00000000167b5800 JavaThread "Attach Listener" daemon [_thread_blocked, id=13196, stack(0x0000000017d30000,0x0000000017e30000)]
  0x00000000167b4000 JavaThread "Signal Dispatcher" daemon [_thread_blocked, id=9244, stack(0x0000000017c30000,0x0000000017d30000)]
  0x0000000002e3c000 JavaThread "Finalizer" daemon [_thread_blocked, id=3096, stack(0x0000000017a20000,0x0000000017b20000)]
  0x0000000002e31000 JavaThread "Reference Handler" daemon [_thread_blocked, id=10616, stack(0x0000000017920000,0x0000000017a20000)]
  0x0000000002c3d800 JavaThread "main" [_thread_blocked, id=6276, stack(0x0000000002c40000,0x0000000002d40000)]

Other Threads:
  0x0000000016775800 VMThread [stack: 0x0000000017820000,0x0000000017920000] [id=12152]
  0x0000000018159000 WatcherThread [stack: 0x0000000018630000,0x0000000018730000] [id=7624]

VM state:not at safepoint (normal execution)

VM Mutex/Monitor currently owned by a thread: None

Heap:
 PSYoungGen      total 238592K, used 185571K [0x00000000e0000000, 0x00000000f1080000, 0x0000000100000000)
  eden space 206848K, 80% used [0x00000000e0000000,0x00000000ea1c2488,0x00000000eca00000)
  from space 31744K, 62% used [0x00000000eca00000,0x00000000edd76a30,0x00000000ee900000)
  to   space 31232K, 0% used [0x00000000ee900000,0x00000000ee900000,0x00000000f0780000)
 ParOldGen       total 133120K, used 62669K [0x00000000a0000000, 0x00000000a8200000, 0x00000000e0000000)
  object space 133120K, 47% used [0x00000000a0000000,0x00000000a3d33570,0x00000000a8200000)
 Metaspace       used 92411K, capacity 98596K, committed 99532K, reserved 1136640K
  class space    used 11772K, capacity 13054K, committed 13312K, reserved 1048576K

Card table byte_map: [0x0000000012200000,0x0000000012510000] byte_map_base: 0x0000000011d00000

Marking Bits: (ParMarkBitMap*) 0x0000000071e44970
 Begin Bits: [0x0000000012b10000, 0x0000000014310000)
 End Bits:   [0x0000000014310000, 0x0000000015b10000)

Polling page: 0x0000000000bf0000

CodeCache: size=245760Kb used=62750Kb max_used=62762Kb free=183009Kb
 bounds [0x0000000002e40000, 0x0000000006be0000, 0x0000000011e40000]
 total_blobs=19315 nmethods=18341 adapters=883
 compilation: enabled

Compilation events (10 events):
Event: 3675.600 Thread 0x00000000167b1000 22794       3       com.android.tools.r8.dex.VirtualFile::getClassDescriptors (82 bytes)
Event: 3675.601 Thread 0x00000000167b1000 nmethod 22794 0x0000000006bce010 code [0x0000000006bce240, 0x0000000006bceef8]
Event: 3675.617 Thread 0x00000000167ad000 nmethod 22774 0x0000000006bdd150 code [0x0000000006bdd360, 0x0000000006bddf60]
Event: 3675.617 Thread 0x00000000167ad000 22793       4       java.util.IdentityHashMap$IdentityHashMapIterator::hasNext (50 bytes)
Event: 3675.621 Thread 0x00000000167ad000 nmethod 22793 0x0000000006bcae10 code [0x0000000006bcaf40, 0x0000000006bcb0d8]
Event: 3675.621 Thread 0x00000000167ad000 22789       4       com.android.tools.r8.dex.FileWriter$$Lambda$740/384610225::accept (12 bytes)
Event: 3675.628 Thread 0x00000000167ad000 nmethod 22789 0x0000000006bd6e10 code [0x0000000006bd6fa0, 0x0000000006bd73b8]
Event: 3675.628 Thread 0x00000000167ad000 22786       4       com.android.tools.r8.dex.DexOutputBuffer::putInt (15 bytes)
Event: 3675.633 Thread 0x00000000167ad000 nmethod 22786 0x0000000006bd6390 code [0x0000000006bd6500, 0x0000000006bd6898]
Event: 3675.633 Thread 0x00000000167ad000 22664       4       com.android.tools.r8.graph.DexTypeList::hashCode (8 bytes)

GC Heap History (10 events):
Event: 3663.736 GC heap before
{Heap before GC invocations=27 (full 3):
 PSYoungGen      total 185344K, used 171742K [0x00000000e0000000, 0x00000000eee00000, 0x0000000100000000)
  eden space 155648K, 100% used [0x00000000e0000000,0x00000000e9800000,0x00000000e9800000)
  from space 29696K, 54% used [0x00000000e9800000,0x00000000ea7b7a38,0x00000000eb500000)
  to   space 28672K, 0% used [0x00000000ed200000,0x00000000ed200000,0x00000000eee00000)
 ParOldGen       total 103936K, used 78392K [0x00000000a0000000, 0x00000000a6580000, 0x00000000e0000000)
  object space 103936K, 75% used [0x00000000a0000000,0x00000000a4c8e208,0x00000000a6580000)
 Metaspace       used 82722K, capacity 88242K, committed 88448K, reserved 1126400K
  class space    used 10674K, capacity 11875K, committed 11904K, reserved 1048576K
Event: 3663.758 GC heap after
Heap after GC invocations=27 (full 3):
 PSYoungGen      total 208896K, used 16458K [0x00000000e0000000, 0x00000000eea80000, 0x0000000100000000)
  eden space 183808K, 0% used [0x00000000e0000000,0x00000000e0000000,0x00000000eb380000)
  from space 25088K, 65% used [0x00000000ed200000,0x00000000ee2128e0,0x00000000eea80000)
  to   space 28160K, 0% used [0x00000000eb380000,0x00000000eb380000,0x00000000ecf00000)
 ParOldGen       total 103936K, used 79952K [0x00000000a0000000, 0x00000000a6580000, 0x00000000e0000000)
  object space 103936K, 76% used [0x00000000a0000000,0x00000000a4e14228,0x00000000a6580000)
 Metaspace       used 82722K, capacity 88242K, committed 88448K, reserved 1126400K
  class space    used 10674K, capacity 11875K, committed 11904K, reserved 1048576K
}
Event: 3668.730 GC heap before
{Heap before GC invocations=28 (full 3):
 PSYoungGen      total 208896K, used 200266K [0x00000000e0000000, 0x00000000eea80000, 0x0000000100000000)
  eden space 183808K, 100% used [0x00000000e0000000,0x00000000eb380000,0x00000000eb380000)
  from space 25088K, 65% used [0x00000000ed200000,0x00000000ee2128e0,0x00000000eea80000)
  to   space 28160K, 0% used [0x00000000eb380000,0x00000000eb380000,0x00000000ecf00000)
 ParOldGen       total 103936K, used 79952K [0x00000000a0000000, 0x00000000a6580000, 0x00000000e0000000)
  object space 103936K, 76% used [0x00000000a0000000,0x00000000a4e14228,0x00000000a6580000)
 Metaspace       used 90893K, capacity 97118K, committed 97280K, reserved 1134592K
  class space    used 11701K, capacity 13032K, committed 13056K, reserved 1048576K
Event: 3668.787 GC heap after
Heap after GC invocations=28 (full 3):
 PSYoungGen      total 211968K, used 26308K [0x00000000e0000000, 0x00000000f0780000, 0x0000000100000000)
  eden space 183808K, 0% used [0x00000000e0000000,0x00000000e0000000,0x00000000eb380000)
  from space 28160K, 93% used [0x00000000eb380000,0x00000000ecd31098,0x00000000ecf00000)
  to   space 31232K, 0% used [0x00000000ee900000,0x00000000ee900000,0x00000000f0780000)
 ParOldGen       total 103936K, used 79960K [0x00000000a0000000, 0x00000000a6580000, 0x00000000e0000000)
  object space 103936K, 76% used [0x00000000a0000000,0x00000000a4e16228,0x00000000a6580000)
 Metaspace       used 90893K, capacity 97118K, committed 97280K, reserved 1134592K
  class space    used 11701K, capacity 13032K, committed 13056K, reserved 1048576K
}
Event: 3669.244 GC heap before
{Heap before GC invocations=29 (full 3):
 PSYoungGen      total 211968K, used 83470K [0x00000000e0000000, 0x00000000f0780000, 0x0000000100000000)
  eden space 183808K, 31% used [0x00000000e0000000,0x00000000e37d2938,0x00000000eb380000)
  from space 28160K, 93% used [0x00000000eb380000,0x00000000ecd31098,0x00000000ecf00000)
  to   space 31232K, 0% used [0x00000000ee900000,0x00000000ee900000,0x00000000f0780000)
 ParOldGen       total 103936K, used 79960K [0x00000000a0000000, 0x00000000a6580000, 0x00000000e0000000)
  object space 103936K, 76% used [0x00000000a0000000,0x00000000a4e16228,0x00000000a6580000)
 Metaspace       used 91832K, capacity 98306K, committed 98380K, reserved 1134592K
  class space    used 11815K, capacity 13168K, committed 13184K, reserved 1048576K
Event: 3669.281 GC heap after
Heap after GC invocations=29 (full 3):
 PSYoungGen      total 238080K, used 21296K [0x00000000e0000000, 0x00000000f1080000, 0x0000000100000000)
  eden space 206848K, 0% used [0x00000000e0000000,0x00000000e0000000,0x00000000eca00000)
  from space 31232K, 68% used [0x00000000ee900000,0x00000000efdcc298,0x00000000f0780000)
  to   space 31744K, 0% used [0x00000000eca00000,0x00000000eca00000,0x00000000ee900000)
 ParOldGen       total 103936K, used 79968K [0x00000000a0000000, 0x00000000a6580000, 0x00000000e0000000)
  object space 103936K, 76% used [0x00000000a0000000,0x00000000a4e18228,0x00000000a6580000)
 Metaspace       used 91832K, capacity 98306K, committed 98380K, reserved 1134592K
  class space    used 11815K, capacity 13168K, committed 13184K, reserved 1048576K
}
Event: 3669.281 GC heap before
{Heap before GC invocations=30 (full 4):
 PSYoungGen      total 238080K, used 21296K [0x00000000e0000000, 0x00000000f1080000, 0x0000000100000000)
  eden space 206848K, 0% used [0x00000000e0000000,0x00000000e0000000,0x00000000eca00000)
  from space 31232K, 68% used [0x00000000ee900000,0x00000000efdcc298,0x00000000f0780000)
  to   space 31744K, 0% used [0x00000000eca00000,0x00000000eca00000,0x00000000ee900000)
 ParOldGen       total 103936K, used 79968K [0x00000000a0000000, 0x00000000a6580000, 0x00000000e0000000)
  object space 103936K, 76% used [0x00000000a0000000,0x00000000a4e18228,0x00000000a6580000)
 Metaspace       used 91832K, capacity 98306K, committed 98380K, reserved 1134592K
  class space    used 11815K, capacity 13168K, committed 13184K, reserved 1048576K
Event: 3669.980 GC heap after
Heap after GC invocations=30 (full 4):
 PSYoungGen      total 238080K, used 0K [0x00000000e0000000, 0x00000000f1080000, 0x0000000100000000)
  eden space 206848K, 0% used [0x00000000e0000000,0x00000000e0000000,0x00000000eca00000)
  from space 31232K, 0% used [0x00000000ee900000,0x00000000ee900000,0x00000000f0780000)
  to   space 31744K, 0% used [0x00000000eca00000,0x00000000eca00000,0x00000000ee900000)
 ParOldGen       total 133120K, used 62661K [0x00000000a0000000, 0x00000000a8200000, 0x00000000e0000000)
  object space 133120K, 47% used [0x00000000a0000000,0x00000000a3d31570,0x00000000a8200000)
 Metaspace       used 91368K, capacity 97356K, committed 98380K, reserved 1134592K
  class space    used 11698K, capacity 12958K, committed 13184K, reserved 1048576K
}
Event: 3673.590 GC heap before
{Heap before GC invocations=31 (full 4):
 PSYoungGen      total 238080K, used 206848K [0x00000000e0000000, 0x00000000f1080000, 0x0000000100000000)
  eden space 206848K, 100% used [0x00000000e0000000,0x00000000eca00000,0x00000000eca00000)
  from space 31232K, 0% used [0x00000000ee900000,0x00000000ee900000,0x00000000f0780000)
  to   space 31744K, 0% used [0x00000000eca00000,0x00000000eca00000,0x00000000ee900000)
 ParOldGen       total 133120K, used 62661K [0x00000000a0000000, 0x00000000a8200000, 0x00000000e0000000)
  object space 133120K, 47% used [0x00000000a0000000,0x00000000a3d31570,0x00000000a8200000)
 Metaspace       used 92246K, capacity 98384K, committed 99276K, reserved 1134592K
  class space    used 11770K, capacity 13050K, committed 13312K, reserved 1048576K
Event: 3673.641 GC heap after
Heap after GC invocations=31 (full 4):
 PSYoungGen      total 238592K, used 19930K [0x00000000e0000000, 0x00000000f1080000, 0x0000000100000000)
  eden space 206848K, 0% used [0x00000000e0000000,0x00000000e0000000,0x00000000eca00000)
  from space 31744K, 62% used [0x00000000eca00000,0x00000000edd76a30,0x00000000ee900000)
  to   space 31232K, 0% used [0x00000000ee900000,0x00000000ee900000,0x00000000f0780000)
 ParOldGen       total 133120K, used 62669K [0x00000000a0000000, 0x00000000a8200000, 0x00000000e0000000)
  object space 133120K, 47% used [0x00000000a0000000,0x00000000a3d33570,0x00000000a8200000)
 Metaspace       used 92246K, capacity 98384K, committed 99276K, reserved 1134592K
  class space    used 11770K, capacity 13050K, committed 13312K, reserved 1048576K
}

Deoptimization events (10 events):
Event: 3675.363 Thread 0x000000001e65f800 Uncommon trap: reason=array_check action=maybe_recompile pc=0x00000000064dd128 method=java.util.TimSort.mergeLo(IIII)V @ 81
Event: 3675.367 Thread 0x000000001e65f800 Uncommon trap: reason=array_check action=maybe_recompile pc=0x000000000630ff54 method=java.util.TimSort.mergeLo(IIII)V @ 212
Event: 3675.376 Thread 0x000000001e65f800 Uncommon trap: reason=array_check action=maybe_recompile pc=0x0000000006b1d7ac method=java.util.TimSort.mergeHi(IIII)V @ 250
Event: 3675.377 Thread 0x000000001e65f800 Uncommon trap: reason=array_check action=maybe_recompile pc=0x000000000630ff54 method=java.util.TimSort.mergeLo(IIII)V @ 212
Event: 3675.381 Thread 0x000000001e65f800 Uncommon trap: reason=array_check action=maybe_recompile pc=0x0000000006b1d88c method=java.util.TimSort.mergeHi(IIII)V @ 282
Event: 3675.532 Thread 0x000000001e65f800 Uncommon trap: reason=bimorphic action=maybe_recompile pc=0x0000000006bc9b84 method=com.android.tools.r8.it.unimi.dsi.fastutil.objects.Object2IntLinkedOpenHashMap.getInt(Ljava/lang/Object;)I @ 35
Event: 3675.532 Thread 0x000000001e65f800 Uncommon trap: reason=bimorphic action=maybe_recompile pc=0x0000000006bc9b84 method=com.android.tools.r8.it.unimi.dsi.fastutil.objects.Object2IntLinkedOpenHashMap.getInt(Ljava/lang/Object;)I @ 35
Event: 3675.532 Thread 0x000000001e65f800 Uncommon trap: reason=bimorphic action=maybe_recompile pc=0x0000000006bc9b84 method=com.android.tools.r8.it.unimi.dsi.fastutil.objects.Object2IntLinkedOpenHashMap.getInt(Ljava/lang/Object;)I @ 35
Event: 3675.532 Thread 0x000000001e65f800 Uncommon trap: reason=bimorphic action=maybe_recompile pc=0x0000000006bc9b84 method=com.android.tools.r8.it.unimi.dsi.fastutil.objects.Object2IntLinkedOpenHashMap.getInt(Ljava/lang/Object;)I @ 35
Event: 3675.618 Thread 0x000000001e65f800 Uncommon trap: reason=unstable_if action=reinterpret pc=0x00000000030aa6f8 method=java.nio.Bits.copyFromArray(Ljava/lang/Object;JJJJ)V @ 18

Classes redefined (0 events):
No events

Internal exceptions (10 events):
Event: 3674.518 Thread 0x000000001e660000 Exception <a 'sun/nio/fs/WindowsException'> (0x00000000e4544d68) thrown at [D:\src\AOSP-openjdk-cygwin\jdk8u\hotspot\src\share\vm\prims\jni.cpp, line 709]
Event: 3674.552 Thread 0x000000001e65f800 Exception <a 'sun/nio/fs/WindowsException'> (0x00000000e4909230) thrown at [D:\src\AOSP-openjdk-cygwin\jdk8u\hotspot\src\share\vm\prims\jni.cpp, line 709]
Event: 3674.624 Thread 0x000000001e65d000 Exception <a 'sun/nio/fs/WindowsException'> (0x00000000e3e5bcd8) thrown at [D:\src\AOSP-openjdk-cygwin\jdk8u\hotspot\src\share\vm\prims\jni.cpp, line 709]
Event: 3674.634 Thread 0x000000001e660000 Exception <a 'sun/nio/fs/WindowsException'> (0x00000000e493a4e0) thrown at [D:\src\AOSP-openjdk-cygwin\jdk8u\hotspot\src\share\vm\prims\jni.cpp, line 709]
Event: 3674.646 Thread 0x000000001e65b800 Exception <a 'sun/nio/fs/WindowsException'> (0x00000000e4b28138) thrown at [D:\src\AOSP-openjdk-cygwin\jdk8u\hotspot\src\share\vm\prims\jni.cpp, line 709]
Event: 3674.668 Thread 0x000000001e65e800 Exception <a 'sun/nio/fs/WindowsException'> (0x00000000e4b8bdd8) thrown at [D:\src\AOSP-openjdk-cygwin\jdk8u\hotspot\src\share\vm\prims\jni.cpp, line 709]
Event: 3674.699 Thread 0x000000001e65d000 Exception <a 'sun/nio/fs/WindowsException'> (0x00000000e4989a40) thrown at [D:\src\AOSP-openjdk-cygwin\jdk8u\hotspot\src\share\vm\prims\jni.cpp, line 709]
Event: 3674.803 Thread 0x000000001e65c800 Exception <a 'sun/nio/fs/WindowsException'> (0x00000000e6072ce8) thrown at [D:\src\AOSP-openjdk-cygwin\jdk8u\hotspot\src\share\vm\prims\jni.cpp, line 709]
Event: 3674.817 Thread 0x000000001e65e800 Exception <a 'sun/nio/fs/WindowsException'> (0x00000000e6468270) thrown at [D:\src\AOSP-openjdk-cygwin\jdk8u\hotspot\src\share\vm\prims\jni.cpp, line 709]
Event: 3675.603 Thread 0x000000001e65f800 Exception <a 'sun/nio/fs/WindowsException'> (0x00000000ea192948) thrown at [D:\src\AOSP-openjdk-cygwin\jdk8u\hotspot\src\share\vm\prims\jni.cpp, line 709]

Events (10 events):
Event: 3675.532 Thread 0x000000001e65f800 DEOPT PACKING pc=0x0000000006bc9b84 sp=0x000000004365ea60
Event: 3675.532 Thread 0x000000001e65f800 DEOPT UNPACKING pc=0x0000000002e8557b sp=0x000000004365ea28 mode 2
Event: 3675.532 Thread 0x000000001e65f800 Uncommon trap: trap_request=0xffffffc6 fr.pc=0x0000000006bc9b84
Event: 3675.532 Thread 0x000000001e65f800 DEOPT PACKING pc=0x0000000006bc9b84 sp=0x000000004365ea60
Event: 3675.532 Thread 0x000000001e65f800 DEOPT UNPACKING pc=0x0000000002e8557b sp=0x000000004365ea28 mode 2
Event: 3675.566 Thread 0x000000001e65f800 DEOPT PACKING pc=0x00000000069a8b9d sp=0x000000004365ed30
Event: 3675.566 Thread 0x000000001e65f800 DEOPT UNPACKING pc=0x0000000002e875d0 sp=0x000000004365ea60 mode 0
Event: 3675.618 Thread 0x000000001e65f800 Uncommon trap: trap_request=0xffffff65 fr.pc=0x00000000030aa6f8
Event: 3675.618 Thread 0x000000001e65f800 DEOPT PACKING pc=0x00000000030aa6f8 sp=0x000000004365e770
Event: 3675.618 Thread 0x000000001e65f800 DEOPT UNPACKING pc=0x0000000002e8557b sp=0x000000004365e728 mode 2


Dynamic libraries:
0x00007ff6775b0000 - 0x00007ff6775e1000 	C:\Program Files\Android\Android Studio\jre\bin\java.exe
0x00007ffad3a30000 - 0x00007ffad3c11000 	C:\WINDOWS\SYSTEM32\ntdll.dll
0x00007ffad1270000 - 0x00007ffad1322000 	C:\WINDOWS\System32\KERNEL32.DLL
0x00007ffad0ac0000 - 0x00007ffad0d33000 	C:\WINDOWS\System32\KERNELBASE.dll
0x00007ffad3660000 - 0x00007ffad3701000 	C:\WINDOWS\System32\ADVAPI32.dll
0x00007ffad11d0000 - 0x00007ffad126e000 	C:\WINDOWS\System32\msvcrt.dll
0x00007ffad3840000 - 0x00007ffad389b000 	C:\WINDOWS\System32\sechost.dll
0x00007ffad3710000 - 0x00007ffad3834000 	C:\WINDOWS\System32\RPCRT4.dll
0x00007ffad0ec0000 - 0x00007ffad1050000 	C:\WINDOWS\System32\USER32.dll
0x00007ffad0000000 - 0x00007ffad0020000 	C:\WINDOWS\System32\win32u.dll
0x00007ffad10c0000 - 0x00007ffad10e8000 	C:\WINDOWS\System32\GDI32.dll
0x00007ffacfe00000 - 0x00007ffacff92000 	C:\WINDOWS\System32\gdi32full.dll
0x00007ffad0210000 - 0x00007ffad02af000 	C:\WINDOWS\System32\msvcp_win.dll
0x00007ffad02b0000 - 0x00007ffad03aa000 	C:\WINDOWS\System32\ucrtbase.dll
0x00007ffac2550000 - 0x00007ffac27b9000 	C:\WINDOWS\WinSxS\amd64_microsoft.windows.common-controls_6595b64144ccf1df_6.0.17134.345_none_fb429a5930656358\COMCTL32.dll
0x00007ffad3320000 - 0x00007ffad3643000 	C:\WINDOWS\System32\combase.dll
0x00007ffad0e40000 - 0x00007ffad0eba000 	C:\WINDOWS\System32\bcryptPrimitives.dll
0x00007ffad1100000 - 0x00007ffad112d000 	C:\WINDOWS\System32\IMM32.DLL
0x0000000071480000 - 0x0000000071552000 	C:\Program Files\Android\Android Studio\jre\jre\bin\msvcr100.dll
0x0000000071680000 - 0x0000000071ebf000 	C:\Program Files\Android\Android Studio\jre\jre\bin\server\jvm.dll
0x00007ffad3650000 - 0x00007ffad3658000 	C:\WINDOWS\System32\PSAPI.DLL
0x00007ffac2540000 - 0x00007ffac254a000 	C:\WINDOWS\SYSTEM32\VERSION.dll
0x00007ffacb0f0000 - 0x00007ffacb0f9000 	C:\WINDOWS\SYSTEM32\WSOCK32.dll
0x00007ffacdcd0000 - 0x00007ffacdcf3000 	C:\WINDOWS\SYSTEM32\WINMM.dll
0x00007ffad3990000 - 0x00007ffad39fc000 	C:\WINDOWS\System32\WS2_32.dll
0x00007ffacdbb0000 - 0x00007ffacdbda000 	C:\WINDOWS\SYSTEM32\WINMMBASE.dll
0x00007ffad0df0000 - 0x00007ffad0e39000 	C:\WINDOWS\System32\cfgmgr32.dll
0x00007ffac6d10000 - 0x00007ffac6d1f000 	C:\Program Files\Android\Android Studio\jre\jre\bin\verify.dll
0x00007ffac1cb0000 - 0x00007ffac1cd9000 	C:\Program Files\Android\Android Studio\jre\jre\bin\java.dll
0x00007ffac32a0000 - 0x00007ffac32b6000 	C:\Program Files\Android\Android Studio\jre\jre\bin\zip.dll
0x00007ffad1ee0000 - 0x00007ffad331f000 	C:\WINDOWS\System32\SHELL32.dll
0x00007ffad1bb0000 - 0x00007ffad1c59000 	C:\WINDOWS\System32\shcore.dll
0x00007ffad03b0000 - 0x00007ffad0abd000 	C:\WINDOWS\System32\windows.storage.dll
0x00007ffad1060000 - 0x00007ffad10b1000 	C:\WINDOWS\System32\shlwapi.dll
0x00007ffacfde0000 - 0x00007ffacfdf1000 	C:\WINDOWS\System32\kernel.appcore.dll
0x00007ffacfdc0000 - 0x00007ffacfddf000 	C:\WINDOWS\System32\profapi.dll
0x00007ffacfd60000 - 0x00007ffacfdac000 	C:\WINDOWS\System32\powrprof.dll
0x00007ffacfdb0000 - 0x00007ffacfdba000 	C:\WINDOWS\System32\FLTLIB.DLL
0x00007ffab6cb0000 - 0x00007ffab6cca000 	C:\Program Files\Android\Android Studio\jre\jre\bin\net.dll
0x00007ffacf200000 - 0x00007ffacf266000 	C:\WINDOWS\system32\mswsock.dll
0x00007ffab5270000 - 0x00007ffab5281000 	C:\Program Files\Android\Android Studio\jre\jre\bin\nio.dll
0x00007ffac9410000 - 0x00007ffac942e000 	C:\Users\renan\.gradle\native\25\windows-amd64\native-platform.dll
0x00007ffac61e0000 - 0x00007ffac61ed000 	C:\Program Files\Android\Android Studio\jre\jre\bin\management.dll
0x00007ffacf830000 - 0x00007ffacf847000 	C:\WINDOWS\SYSTEM32\CRYPTSP.dll
0x00007ffacede0000 - 0x00007ffacee13000 	C:\WINDOWS\system32\rsaenh.dll
0x00007ffacf790000 - 0x00007ffacf7b5000 	C:\WINDOWS\SYSTEM32\bcrypt.dll
0x00007ffacfc40000 - 0x00007ffacfc68000 	C:\WINDOWS\SYSTEM32\USERENV.dll
0x00007ffacf3b0000 - 0x00007ffacf3bb000 	C:\WINDOWS\SYSTEM32\CRYPTBASE.dll
0x00007ffacef80000 - 0x00007ffacefb8000 	C:\WINDOWS\SYSTEM32\IPHLPAPI.DLL
0x00007ffad10f0000 - 0x00007ffad10f8000 	C:\WINDOWS\System32\NSI.dll
0x00007ffac65f0000 - 0x00007ffac6606000 	C:\WINDOWS\SYSTEM32\dhcpcsvc6.DLL
0x00007ffac7250000 - 0x00007ffac726a000 	C:\WINDOWS\SYSTEM32\dhcpcsvc.DLL
0x00007ffab11d0000 - 0x00007ffab11f4000 	C:\Program Files\Android\Android Studio\jre\jre\bin\sunec.dll
0x00007ffacefc0000 - 0x00007ffacf07e000 	C:\WINDOWS\SYSTEM32\DNSAPI.dll
0x00007ffac3c10000 - 0x00007ffac3c1a000 	C:\Windows\System32\rasadhlp.dll
0x00007ffac4020000 - 0x00007ffac4092000 	C:\WINDOWS\System32\fwpuclnt.dll
0x00007ffaca810000 - 0x00007ffaca81b000 	C:\Program Files\Android\Android Studio\jre\jre\bin\sunmscapi.dll
0x00007ffad0020000 - 0x00007ffad0202000 	C:\WINDOWS\System32\CRYPT32.dll
0x00007ffacfd40000 - 0x00007ffacfd52000 	C:\WINDOWS\System32\MSASN1.dll
0x00007ffaa5ef0000 - 0x00007ffaa6086000 	C:\Program Files\Android\Android Studio\jre\jre\bin\awt.dll
0x00007ffad38a0000 - 0x00007ffad3962000 	C:\WINDOWS\System32\OLEAUT32.dll
0x00007ffacd010000 - 0x00007ffacd5d7000 	C:\WINDOWS\SYSTEM32\d2d1.dll
0x00007ffacde60000 - 0x00007ffacdeeb000 	C:\WINDOWS\SYSTEM32\apphelp.dll
0x00007ffaceb00000 - 0x00007ffaceb31000 	C:\WINDOWS\SYSTEM32\ntmarta.dll
0x00007fface120000 - 0x00007fface149000 	C:\WINDOWS\system32\DWMAPI.DLL
0x00007fface050000 - 0x00007fface0e8000 	C:\WINDOWS\system32\uxtheme.dll

VM Arguments:
jvm_args: -Xmx1536m -Dfile.encoding=windows-1252 -Duser.country=BR -Duser.language=pt -Duser.variant 
java_command: org.gradle.launcher.daemon.bootstrap.GradleDaemon 4.4
java_class_path (initial): C:\Users\renan\.gradle\wrapper\dists\gradle-4.4-all\9br9xq1tocpiv8o6njlyu5op1\gradle-4.4\lib\gradle-launcher-4.4.jar
Launcher Type: SUN_STANDARD

Environment Variables:
PATH=C:\Program Files (x86)\Common Files\Oracle\Java\javapath;C:\ProgramData\Oracle\Java\javapath;C:\WINDOWS\system32;C:\WINDOWS;C:\WINDOWS\System32\Wbem;C:\WINDOWS\System32\WindowsPowerShell\v1.0\;C:\Users\renan\AppData\Local\Programs\Python\Python36-32;C:\Users\renan\AppData\Local\Programs\Python\Python36-32\Scripts;;C:\WINDOWS\System32\OpenSSH\;C:\Program Files\MySQL\MySQL Utilities 1.6\;C:\Program Files\Microsoft VS Code\bin;C:\Program Files\nodejs\;C:\Users\renan\AppData\Local\Microsoft\WindowsApps;C:\Users\renan\AppData\Roaming\npm;C:\Users\renan\AppData\Local\Programs\Microsoft VS Code\bin
USERNAME=renan
OS=Windows_NT
PROCESSOR_IDENTIFIER=Intel64 Family 6 Model 142 Stepping 9, GenuineIntel



---------------  S Y S T E M  ---------------

OS: Windows 10.0 , 64 bit Build 17134 (10.0.17134.1)

CPU:total 4 (initial active 4) (2 cores per cpu, 2 threads per core) family 6 model 142 stepping 9, cmov, cx8, fxsr, mmx, sse, sse2, sse3, ssse3, sse4.1, sse4.2, popcnt, avx, avx2, aes, clmul, erms, 3dnowpref, lzcnt, ht, tsc, tscinvbit, bmi1, bmi2, adx

Memory: 4k page, physical 4034820k(305044k free), swap 5673220k(4816k free)

vm_info: OpenJDK 64-Bit Server VM (25.152-b02) for windows-amd64 JRE (1.8.0_152-release-1024-b02), built by "builder" with MS VC++ 10.0 (VS2010)

time: Sat Oct 27 12:42:06 2018
elapsed time: 3675 seconds (0d 1h 1m 15s)

