#
# There is insufficient memory for the Java Runtime Environment to continue.
# Native memory allocation (malloc) failed to allocate 905136 bytes for Chunk::new
# Possible reasons:
#   The system is out of physical RAM or swap space
#   In 32 bit mode, the process size limit was hit
# Possible solutions:
#   Reduce memory load on the system
#   Increase physical memory or swap space
#   Check if swap backing store is full
#   Use 64 bit Java on a 64 bit OS
#   Decrease Java heap size (-Xmx/-Xms)
#   Decrease number of Java threads
#   Decrease Java thread stack sizes (-Xss)
#   Set larger code cache with -XX:ReservedCodeCacheSize=
# This output file may be truncated or incomplete.
#
#  Out of Memory Error (allocation.cpp:390), pid=6472, tid=0x00000000000010f8
#
# JRE version: OpenJDK Runtime Environment (8.0_152-b02) (build 1.8.0_152-release-1024-b02)
# Java VM: OpenJDK 64-Bit Server VM (25.152-b02 mixed mode windows-amd64 compressed oops)
# Failed to write core dump. Minidumps are not enabled by default on client versions of Windows
#

---------------  T H R E A D  ---------------

Current thread (0x00000000161c8800):  JavaThread "C2 CompilerThread0" daemon [_thread_in_native, id=4344, stack(0x0000000017830000,0x0000000017930000)]

Stack: [0x0000000017830000,0x0000000017930000]
[error occurred during error reporting (printing stack bounds), id 0xc0000005]

Native frames: (J=compiled Java code, j=interpreted, Vv=VM code, C=native code)


Current CompileTask:
C2:   2175 1459   !   4       java.net.URLClassLoader$1::run (63 bytes)


---------------  P R O C E S S  ---------------

Java Threads: ( => current thread )
  0x0000000019552000 JavaThread "Cache worker for file hash cache (C:\Users\renan\usjt_entregas\DESWEBMOB\AgendaComFirebase\.gradle\4.4\fileHashes)" [_thread_blocked, id=12816, stack(0x000000001bd60000,0x000000001be60000)]
  0x000000001949f000 JavaThread "File lock request listener" [_thread_in_native, id=7712, stack(0x000000001ac90000,0x000000001ad90000)]
  0x000000001942e000 JavaThread "Cache worker for file hash cache (C:\Users\renan\.gradle\caches\4.4\fileHashes)" [_thread_blocked, id=2820, stack(0x000000001ab90000,0x000000001ac90000)]
  0x0000000018965800 JavaThread "Stdin handler" [_thread_blocked, id=8540, stack(0x000000001a890000,0x000000001a990000)]
  0x0000000018965000 JavaThread "Asynchronous log dispatcher for DefaultDaemonConnection: socket connection from /127.0.0.1:51707 to /127.0.0.1:51708" [_thread_blocked, id=11296, stack(0x000000001a790000,0x000000001a890000)]
  0x0000000018960800 JavaThread "Daemon worker" [_thread_in_Java, id=5028, stack(0x000000001a690000,0x000000001a790000)]
  0x0000000018995000 JavaThread "Cancel handler" [_thread_blocked, id=11988, stack(0x000000001a590000,0x000000001a690000)]
  0x0000000018ebf000 JavaThread "Handler for socket connection from /127.0.0.1:51707 to /127.0.0.1:51708" [_thread_in_native, id=10388, stack(0x000000001a290000,0x000000001a390000)]
  0x0000000018ead800 JavaThread "Daemon" [_thread_blocked, id=9288, stack(0x000000001a190000,0x000000001a290000)]
  0x00000000188fb000 JavaThread "Daemon periodic checks" [_thread_blocked, id=10504, stack(0x000000001a090000,0x000000001a190000)]
  0x00000000188ef000 JavaThread "Incoming local TCP Connector on port 51707" [_thread_in_native, id=7944, stack(0x0000000019e40000,0x0000000019f40000)]
  0x0000000017b50800 JavaThread "Service Thread" daemon [_thread_blocked, id=2248, stack(0x0000000017f30000,0x0000000018030000)]
  0x00000000161c3800 JavaThread "C1 CompilerThread2" daemon [_thread_in_native, id=12452, stack(0x0000000017a30000,0x0000000017b30000)]
  0x00000000161bd000 JavaThread "C2 CompilerThread1" daemon [_thread_in_native, id=2068, stack(0x0000000017930000,0x0000000017a30000)]
=>0x00000000161c8800 JavaThread "C2 CompilerThread0" daemon [_thread_in_native, id=4344, stack(0x0000000017830000,0x0000000017930000)]
  0x00000000161c7800 JavaThread "Attach Listener" daemon [_thread_blocked, id=3668, stack(0x0000000017730000,0x0000000017830000)]
  0x00000000161c6800 JavaThread "Signal Dispatcher" daemon [_thread_blocked, id=10348, stack(0x0000000017630000,0x0000000017730000)]
  0x00000000161ae000 JavaThread "Finalizer" daemon [_thread_blocked, id=8744, stack(0x0000000017420000,0x0000000017520000)]
  0x0000000002842800 JavaThread "Reference Handler" daemon [_thread_blocked, id=1600, stack(0x0000000017320000,0x0000000017420000)]
  0x00000000025cd800 JavaThread "main" [_thread_blocked, id=10260, stack(0x0000000002650000,0x0000000002750000)]

Other Threads:
  0x0000000016185800 VMThread [stack: 0x0000000017220000,0x0000000017320000] [id=5340]
  0x0000000017b55000 WatcherThread [stack: 0x0000000018030000,0x0000000018130000] [id=12780]

VM state:not at safepoint (normal execution)

VM Mutex/Monitor currently owned by a thread: None

Heap:
 PSYoungGen      total 36352K, used 24961K [0x00000000e0000000, 0x00000000e2a00000, 0x0000000100000000)
  eden space 31232K, 65% used [0x00000000e0000000,0x00000000e1406b40,0x00000000e1e80000)
  from space 5120K, 87% used [0x00000000e2400000,0x00000000e2859c58,0x00000000e2900000)
  to   space 5632K, 0% used [0x00000000e1e80000,0x00000000e1e80000,0x00000000e2400000)
 ParOldGen       total 42496K, used 4752K [0x00000000a0000000, 0x00000000a2980000, 0x00000000e0000000)
  object space 42496K, 11% used [0x00000000a0000000,0x00000000a04a4128,0x00000000a2980000)
 Metaspace       used 16165K, capacity 16562K, committed 16896K, reserved 1062912K
  class space    used 2298K, capacity 2447K, committed 2560K, reserved 1048576K

Card table byte_map: [0x0000000011c10000,0x0000000011f20000] byte_map_base: 0x0000000011710000

Marking Bits: (ParMarkBitMap*) 0x0000000056c14970
 Begin Bits: [0x0000000012520000, 0x0000000013d20000)
 End Bits:   [0x0000000013d20000, 0x0000000015520000)

Polling page: 0x0000000000840000

CodeCache: size=245760Kb used=4999Kb max_used=4999Kb free=240760Kb
 bounds [0x0000000002850000, 0x0000000002d40000, 0x0000000011850000]
 total_blobs=1847 nmethods=1474 adapters=286
 compilation: enabled

Compilation events (10 events):
Event: 2.114 Thread 0x00000000161c3800 1468       3       java.util.ArrayList::isEmpty (13 bytes)
Event: 2.114 Thread 0x00000000161c3800 nmethod 1468 0x0000000002d31dd0 code [0x0000000002d31f20, 0x0000000002d320d0]
Event: 2.122 Thread 0x00000000161c3800 1469       3       org.gradle.internal.service.DefaultServiceRegistry$ParentServices::wrap (10 bytes)
Event: 2.123 Thread 0x00000000161c3800 nmethod 1469 0x0000000002d32150 code [0x0000000002d322c0, 0x0000000002d32550]
Event: 2.123 Thread 0x00000000161c3800 1470       3       java.util.IdentityHashMap::maskNull (12 bytes)
Event: 2.123 Thread 0x00000000161c3800 nmethod 1470 0x0000000002d32650 code [0x0000000002d327a0, 0x0000000002d32930]
Event: 2.123 Thread 0x00000000161c3800 1472       3       org.gradle.internal.service.DefaultServiceRegistry$ParameterizedTypeSpec::isSatisfiedBy (90 bytes)
Event: 2.123 Thread 0x00000000161c3800 nmethod 1472 0x0000000002d32990 code [0x0000000002d32ba0, 0x0000000002d33678]
Event: 2.123 Thread 0x00000000161c3800 1471       3       org.gradle.internal.service.DefaultServiceRegistry$ParameterizedTypeSpec::isSatisfiedBy (9 bytes)
Event: 2.123 Thread 0x00000000161c3800 nmethod 1471 0x0000000002d339d0 code [0x0000000002d33b40, 0x0000000002d33de8]

GC Heap History (10 events):
Event: 0.731 GC heap before
{Heap before GC invocations=2 (full 0):
 PSYoungGen      total 18432K, used 18410K [0x00000000e0000000, 0x00000000e1480000, 0x0000000100000000)
  eden space 15872K, 100% used [0x00000000e0000000,0x00000000e0f80000,0x00000000e0f80000)
  from space 2560K, 99% used [0x00000000e0f80000,0x00000000e11faa78,0x00000000e1200000)
  to   space 2560K, 0% used [0x00000000e1200000,0x00000000e1200000,0x00000000e1480000)
 ParOldGen       total 42496K, used 385K [0x00000000a0000000, 0x00000000a2980000, 0x00000000e0000000)
  object space 42496K, 0% used [0x00000000a0000000,0x00000000a0060738,0x00000000a2980000)
 Metaspace       used 6909K, capacity 7114K, committed 7424K, reserved 1056768K
  class space    used 842K, capacity 911K, committed 1024K, reserved 1048576K
Event: 0.734 GC heap after
Heap after GC invocations=2 (full 0):
 PSYoungGen      total 18432K, used 2537K [0x00000000e0000000, 0x00000000e1480000, 0x0000000100000000)
  eden space 15872K, 0% used [0x00000000e0000000,0x00000000e0000000,0x00000000e0f80000)
  from space 2560K, 99% used [0x00000000e1200000,0x00000000e147a540,0x00000000e1480000)
  to   space 2560K, 0% used [0x00000000e0f80000,0x00000000e0f80000,0x00000000e1200000)
 ParOldGen       total 42496K, used 495K [0x00000000a0000000, 0x00000000a2980000, 0x00000000e0000000)
  object space 42496K, 1% used [0x00000000a0000000,0x00000000a007bc18,0x00000000a2980000)
 Metaspace       used 6909K, capacity 7114K, committed 7424K, reserved 1056768K
  class space    used 842K, capacity 911K, committed 1024K, reserved 1048576K
}
Event: 0.908 GC heap before
{Heap before GC invocations=3 (full 0):
 PSYoungGen      total 18432K, used 18409K [0x00000000e0000000, 0x00000000e1480000, 0x0000000100000000)
  eden space 15872K, 100% used [0x00000000e0000000,0x00000000e0f80000,0x00000000e0f80000)
  from space 2560K, 99% used [0x00000000e1200000,0x00000000e147a540,0x00000000e1480000)
  to   space 2560K, 0% used [0x00000000e0f80000,0x00000000e0f80000,0x00000000e1200000)
 ParOldGen       total 42496K, used 495K [0x00000000a0000000, 0x00000000a2980000, 0x00000000e0000000)
  object space 42496K, 1% used [0x00000000a0000000,0x00000000a007bc18,0x00000000a2980000)
 Metaspace       used 7193K, capacity 7460K, committed 7680K, reserved 1056768K
  class space    used 903K, capacity 984K, committed 1024K, reserved 1048576K
Event: 0.910 GC heap after
Heap after GC invocations=3 (full 0):
 PSYoungGen      total 18432K, used 2528K [0x00000000e0000000, 0x00000000e2400000, 0x0000000100000000)
  eden space 15872K, 0% used [0x00000000e0000000,0x00000000e0000000,0x00000000e0f80000)
  from space 2560K, 98% used [0x00000000e0f80000,0x00000000e11f8020,0x00000000e1200000)
  to   space 2560K, 0% used [0x00000000e2180000,0x00000000e2180000,0x00000000e2400000)
 ParOldGen       total 42496K, used 804K [0x00000000a0000000, 0x00000000a2980000, 0x00000000e0000000)
  object space 42496K, 1% used [0x00000000a0000000,0x00000000a00c9340,0x00000000a2980000)
 Metaspace       used 7193K, capacity 7460K, committed 7680K, reserved 1056768K
  class space    used 903K, capacity 984K, committed 1024K, reserved 1048576K
}
Event: 1.607 GC heap before
{Heap before GC invocations=4 (full 0):
 PSYoungGen      total 18432K, used 18400K [0x00000000e0000000, 0x00000000e2400000, 0x0000000100000000)
  eden space 15872K, 100% used [0x00000000e0000000,0x00000000e0f80000,0x00000000e0f80000)
  from space 2560K, 98% used [0x00000000e0f80000,0x00000000e11f8020,0x00000000e1200000)
  to   space 2560K, 0% used [0x00000000e2180000,0x00000000e2180000,0x00000000e2400000)
 ParOldGen       total 42496K, used 804K [0x00000000a0000000, 0x00000000a2980000, 0x00000000e0000000)
  object space 42496K, 1% used [0x00000000a0000000,0x00000000a00c9340,0x00000000a2980000)
 Metaspace       used 10829K, capacity 11140K, committed 11264K, reserved 1058816K
  class space    used 1420K, capacity 1522K, committed 1536K, reserved 1048576K
Event: 1.611 GC heap after
Heap after GC invocations=4 (full 0):
 PSYoungGen      total 18432K, used 2544K [0x00000000e0000000, 0x00000000e2400000, 0x0000000100000000)
  eden space 15872K, 0% used [0x00000000e0000000,0x00000000e0000000,0x00000000e0f80000)
  from space 2560K, 99% used [0x00000000e2180000,0x00000000e23fc010,0x00000000e2400000)
  to   space 2560K, 0% used [0x00000000e0f80000,0x00000000e0f80000,0x00000000e1200000)
 ParOldGen       total 42496K, used 2847K [0x00000000a0000000, 0x00000000a2980000, 0x00000000e0000000)
  object space 42496K, 6% used [0x00000000a0000000,0x00000000a02c7c18,0x00000000a2980000)
 Metaspace       used 10829K, capacity 11140K, committed 11264K, reserved 1058816K
  class space    used 1420K, capacity 1522K, committed 1536K, reserved 1048576K
}
Event: 1.797 GC heap before
{Heap before GC invocations=5 (full 0):
 PSYoungGen      total 18432K, used 18416K [0x00000000e0000000, 0x00000000e2400000, 0x0000000100000000)
  eden space 15872K, 100% used [0x00000000e0000000,0x00000000e0f80000,0x00000000e0f80000)
  from space 2560K, 99% used [0x00000000e2180000,0x00000000e23fc010,0x00000000e2400000)
  to   space 2560K, 0% used [0x00000000e0f80000,0x00000000e0f80000,0x00000000e1200000)
 ParOldGen       total 42496K, used 2847K [0x00000000a0000000, 0x00000000a2980000, 0x00000000e0000000)
  object space 42496K, 6% used [0x00000000a0000000,0x00000000a02c7c18,0x00000000a2980000)
 Metaspace       used 12882K, capacity 13326K, committed 13440K, reserved 1060864K
  class space    used 1748K, capacity 1901K, committed 1920K, reserved 1048576K
Event: 1.801 GC heap after
Heap after GC invocations=5 (full 0):
 PSYoungGen      total 18432K, used 2528K [0x00000000e0000000, 0x00000000e2900000, 0x0000000100000000)
  eden space 15872K, 0% used [0x00000000e0000000,0x00000000e0000000,0x00000000e0f80000)
  from space 2560K, 98% used [0x00000000e0f80000,0x00000000e11f8020,0x00000000e1200000)
  to   space 5120K, 0% used [0x00000000e2400000,0x00000000e2400000,0x00000000e2900000)
 ParOldGen       total 42496K, used 4752K [0x00000000a0000000, 0x00000000a2980000, 0x00000000e0000000)
  object space 42496K, 11% used [0x00000000a0000000,0x00000000a04a4128,0x00000000a2980000)
 Metaspace       used 12882K, capacity 13326K, committed 13440K, reserved 1060864K
  class space    used 1748K, capacity 1901K, committed 1920K, reserved 1048576K
}
Event: 1.928 GC heap before
{Heap before GC invocations=6 (full 0):
 PSYoungGen      total 18432K, used 18400K [0x00000000e0000000, 0x00000000e2900000, 0x0000000100000000)
  eden space 15872K, 100% used [0x00000000e0000000,0x00000000e0f80000,0x00000000e0f80000)
  from space 2560K, 98% used [0x00000000e0f80000,0x00000000e11f8020,0x00000000e1200000)
  to   space 5120K, 0% used [0x00000000e2400000,0x00000000e2400000,0x00000000e2900000)
 ParOldGen       total 42496K, used 4752K [0x00000000a0000000, 0x00000000a2980000, 0x00000000e0000000)
  object space 42496K, 11% used [0x00000000a0000000,0x00000000a04a4128,0x00000000a2980000)
 Metaspace       used 14238K, capacity 14642K, committed 14720K, reserved 1062912K
  class space    used 1980K, capacity 2127K, committed 2176K, reserved 1048576K
Event: 1.933 GC heap after
Heap after GC invocations=6 (full 0):
 PSYoungGen      total 36352K, used 4455K [0x00000000e0000000, 0x00000000e2a00000, 0x0000000100000000)
  eden space 31232K, 0% used [0x00000000e0000000,0x00000000e0000000,0x00000000e1e80000)
  from space 5120K, 87% used [0x00000000e2400000,0x00000000e2859c58,0x00000000e2900000)
  to   space 5632K, 0% used [0x00000000e1e80000,0x00000000e1e80000,0x00000000e2400000)
 ParOldGen       total 42496K, used 4752K [0x00000000a0000000, 0x00000000a2980000, 0x00000000e0000000)
  object space 42496K, 11% used [0x00000000a0000000,0x00000000a04a4128,0x00000000a2980000)
 Metaspace       used 14238K, capacity 14642K, committed 14720K, reserved 1062912K
  class space    used 1980K, capacity 2127K, committed 2176K, reserved 1048576K
}

Deoptimization events (10 events):
Event: 0.946 Thread 0x00000000025cd800 Uncommon trap: reason=bimorphic action=maybe_recompile pc=0x0000000002ad4244 method=java.util.HashMap.putVal(ILjava/lang/Object;Ljava/lang/Object;ZZ)Ljava/lang/Object; @ 91
Event: 1.050 Thread 0x00000000025cd800 Uncommon trap: reason=bimorphic action=maybe_recompile pc=0x0000000002b808e0 method=java.util.HashMap.putVal(ILjava/lang/Object;Ljava/lang/Object;ZZ)Ljava/lang/Object; @ 203
Event: 1.197 Thread 0x00000000025cd800 Uncommon trap: reason=unstable_if action=reinterpret pc=0x0000000002b37018 method=java.io.WinNTFileSystem.normalize(Ljava/lang/String;)Ljava/lang/String; @ 128
Event: 1.197 Thread 0x00000000025cd800 Uncommon trap: reason=unstable_if action=reinterpret pc=0x0000000002b67968 method=java.io.WinNTFileSystem.normalize(Ljava/lang/String;II)Ljava/lang/String; @ 90
Event: 1.643 Thread 0x0000000018ebf000 Uncommon trap: reason=unstable_if action=reinterpret pc=0x0000000002bd6320 method=java.util.concurrent.ConcurrentHashMap.putVal(Ljava/lang/Object;Ljava/lang/Object;Z)Ljava/lang/Object; @ 206
Event: 1.706 Thread 0x0000000018960800 Uncommon trap: reason=bimorphic action=maybe_recompile pc=0x0000000002b80260 method=java.util.HashMap.putVal(ILjava/lang/Object;Ljava/lang/Object;ZZ)Ljava/lang/Object; @ 253
Event: 1.706 Thread 0x0000000018960800 Uncommon trap: reason=bimorphic action=maybe_recompile pc=0x0000000002b80260 method=java.util.HashMap.putVal(ILjava/lang/Object;Ljava/lang/Object;ZZ)Ljava/lang/Object; @ 253
Event: 1.716 Thread 0x0000000018960800 Uncommon trap: reason=class_check action=maybe_recompile pc=0x0000000002ac21dc method=java.util.regex.Matcher.match(II)Z @ 86
Event: 1.904 Thread 0x0000000018960800 Uncommon trap: reason=class_check action=maybe_recompile pc=0x0000000002ac21dc method=java.util.regex.Matcher.match(II)Z @ 86
Event: 1.963 Thread 0x0000000018960800 Uncommon trap: reason=unstable_if action=reinterpret pc=0x0000000002cbe434 method=java.lang.String.lastIndexOf([CII[CIII)I @ 66

Classes redefined (0 events):
No events

Internal exceptions (10 events):
Event: 1.655 Thread 0x0000000018ebf000 Exception <a 'java/lang/NoSuchMethodError': <clinit>> (0x00000000e023db98) thrown at [D:\src\AOSP-openjdk-cygwin\jdk8u\hotspot\src\share\vm\prims\jni.cpp, line 1613]
Event: 1.657 Thread 0x0000000018ebf000 Exception <a 'java/lang/NoSuchMethodError': <clinit>> (0x00000000e0255690) thrown at [D:\src\AOSP-openjdk-cygwin\jdk8u\hotspot\src\share\vm\prims\jni.cpp, line 1613]
Event: 1.657 Thread 0x0000000018ebf000 Exception <a 'java/lang/NoSuchMethodError': <clinit>> (0x00000000e025e158) thrown at [D:\src\AOSP-openjdk-cygwin\jdk8u\hotspot\src\share\vm\prims\jni.cpp, line 1613]
Event: 1.658 Thread 0x0000000018ebf000 Exception <a 'java/lang/NoSuchMethodError': <clinit>> (0x00000000e026f880) thrown at [D:\src\AOSP-openjdk-cygwin\jdk8u\hotspot\src\share\vm\prims\jni.cpp, line 1613]
Event: 1.669 Thread 0x0000000018ebf000 Exception <a 'java/lang/NoSuchMethodError': <clinit>> (0x00000000e02dd128) thrown at [D:\src\AOSP-openjdk-cygwin\jdk8u\hotspot\src\share\vm\prims\jni.cpp, line 1613]
Event: 1.672 Thread 0x0000000018ebf000 Exception <a 'java/lang/NoSuchMethodError': <clinit>> (0x00000000e0300ac0) thrown at [D:\src\AOSP-openjdk-cygwin\jdk8u\hotspot\src\share\vm\prims\jni.cpp, line 1613]
Event: 1.675 Thread 0x0000000018ebf000 Exception <a 'java/lang/NoSuchMethodError': <clinit>> (0x00000000e031baa0) thrown at [D:\src\AOSP-openjdk-cygwin\jdk8u\hotspot\src\share\vm\prims\jni.cpp, line 1613]
Event: 1.678 Thread 0x0000000018ebf000 Exception <a 'java/lang/NoSuchMethodError': <clinit>> (0x00000000e033e6b8) thrown at [D:\src\AOSP-openjdk-cygwin\jdk8u\hotspot\src\share\vm\prims\jni.cpp, line 1613]
Event: 1.697 Thread 0x0000000018960800 Exception <a 'java/lang/NoSuchMethodError': <clinit>> (0x00000000e0417808) thrown at [D:\src\AOSP-openjdk-cygwin\jdk8u\hotspot\src\share\vm\prims\jni.cpp, line 1613]
Event: 1.699 Thread 0x0000000018960800 Exception <a 'java/lang/NoSuchMethodError': <clinit>> (0x00000000e041fa90) thrown at [D:\src\AOSP-openjdk-cygwin\jdk8u\hotspot\src\share\vm\prims\jni.cpp, line 1613]

Events (10 events):
Event: 2.169 loading class org/gradle/api/internal/plugins/PluginManagerInternal done
Event: 2.170 loading class org/gradle/util/Path
Event: 2.170 loading class org/gradle/util/Path done
Event: 2.170 loading class org/gradle/execution/TaskGraphExecuter
Event: 2.170 loading class org/gradle/execution/TaskGraphExecuter done
Event: 2.170 loading class org/gradle/api/internal/plugins/DefaultObjectConfigurationAction
Event: 2.170 loading class org/gradle/api/internal/plugins/DefaultObjectConfigurationAction done
Event: 2.171 loading class org/gradle/api/plugins/ObjectConfigurationAction
Event: 2.171 loading class org/gradle/api/plugins/ObjectConfigurationAction done
Event: 2.171 loading class java/beans/Introspector


Dynamic libraries:
0x00007ff6b5430000 - 0x00007ff6b5461000 	C:\Program Files\Android\Android Studio\jre\bin\java.exe
0x00007ffadac60000 - 0x00007ffadae41000 	C:\WINDOWS\SYSTEM32\ntdll.dll
0x00007ffad8690000 - 0x00007ffad8742000 	C:\WINDOWS\System32\KERNEL32.DLL
0x00007ffad7320000 - 0x00007ffad7593000 	C:\WINDOWS\System32\KERNELBASE.dll
0x00007ffadab80000 - 0x00007ffadac21000 	C:\WINDOWS\System32\ADVAPI32.dll
0x00007ffad8d60000 - 0x00007ffad8dfe000 	C:\WINDOWS\System32\msvcrt.dll
0x00007ffad91b0000 - 0x00007ffad920b000 	C:\WINDOWS\System32\sechost.dll
0x00007ffada650000 - 0x00007ffada774000 	C:\WINDOWS\System32\RPCRT4.dll
0x00007ffada920000 - 0x00007ffadaab0000 	C:\WINDOWS\System32\USER32.dll
0x00007ffad7600000 - 0x00007ffad7620000 	C:\WINDOWS\System32\win32u.dll
0x00007ffada8f0000 - 0x00007ffada918000 	C:\WINDOWS\System32\GDI32.dll
0x00007ffad7d80000 - 0x00007ffad7f12000 	C:\WINDOWS\System32\gdi32full.dll
0x00007ffad8050000 - 0x00007ffad80ef000 	C:\WINDOWS\System32\msvcp_win.dll
0x00007ffad7030000 - 0x00007ffad712a000 	C:\WINDOWS\System32\ucrtbase.dll
0x00007ffac8b70000 - 0x00007ffac8dd9000 	C:\WINDOWS\WinSxS\amd64_microsoft.windows.common-controls_6595b64144ccf1df_6.0.17134.345_none_fb429a5930656358\COMCTL32.dll
0x00007ffad8130000 - 0x00007ffad8453000 	C:\WINDOWS\System32\combase.dll
0x00007ffad7f20000 - 0x00007ffad7f9a000 	C:\WINDOWS\System32\bcryptPrimitives.dll
0x00007ffad80f0000 - 0x00007ffad811d000 	C:\WINDOWS\System32\IMM32.DLL
0x0000000056290000 - 0x0000000056362000 	C:\Program Files\Android\Android Studio\jre\jre\bin\msvcr100.dll
0x0000000056450000 - 0x0000000056c8f000 	C:\Program Files\Android\Android Studio\jre\jre\bin\server\jvm.dll
0x00007ffad8460000 - 0x00007ffad8468000 	C:\WINDOWS\System32\PSAPI.DLL
0x00007ffad5b90000 - 0x00007ffad5b9a000 	C:\WINDOWS\SYSTEM32\VERSION.dll
0x00007ffad5ba0000 - 0x00007ffad5ba9000 	C:\WINDOWS\SYSTEM32\WSOCK32.dll
0x00007ffad4f20000 - 0x00007ffad4f43000 	C:\WINDOWS\SYSTEM32\WINMM.dll
0x00007ffada7e0000 - 0x00007ffada84c000 	C:\WINDOWS\System32\WS2_32.dll
0x00007ffad4ad0000 - 0x00007ffad4afa000 	C:\WINDOWS\SYSTEM32\WINMMBASE.dll
0x00007ffad7620000 - 0x00007ffad7669000 	C:\WINDOWS\System32\cfgmgr32.dll
0x00007ffad5b40000 - 0x00007ffad5b4f000 	C:\Program Files\Android\Android Studio\jre\jre\bin\verify.dll
0x00007ffad0e70000 - 0x00007ffad0e99000 	C:\Program Files\Android\Android Studio\jre\jre\bin\java.dll
0x00007ffacc620000 - 0x00007ffacc636000 	C:\Program Files\Android\Android Studio\jre\jre\bin\zip.dll
0x00007ffad9210000 - 0x00007ffada64f000 	C:\WINDOWS\System32\SHELL32.dll
0x00007ffad8490000 - 0x00007ffad8539000 	C:\WINDOWS\System32\shcore.dll
0x00007ffad7670000 - 0x00007ffad7d7d000 	C:\WINDOWS\System32\windows.storage.dll
0x00007ffad88b0000 - 0x00007ffad8901000 	C:\WINDOWS\System32\shlwapi.dll
0x00007ffad7010000 - 0x00007ffad7021000 	C:\WINDOWS\System32\kernel.appcore.dll
0x00007ffad6fe0000 - 0x00007ffad6fff000 	C:\WINDOWS\System32\profapi.dll
0x00007ffad6f90000 - 0x00007ffad6fdc000 	C:\WINDOWS\System32\powrprof.dll
0x00007ffad7000000 - 0x00007ffad700a000 	C:\WINDOWS\System32\FLTLIB.DLL
0x00007ffac8ee0000 - 0x00007ffac8efa000 	C:\Program Files\Android\Android Studio\jre\jre\bin\net.dll
0x00007ffad6790000 - 0x00007ffad67f6000 	C:\WINDOWS\system32\mswsock.dll
0x00007ffabd9a0000 - 0x00007ffabd9b1000 	C:\Program Files\Android\Android Studio\jre\jre\bin\nio.dll
0x00007ffac22f0000 - 0x00007ffac230e000 	C:\Users\renan\.gradle\native\25\windows-amd64\native-platform.dll
0x00007ffac9620000 - 0x00007ffac962d000 	C:\Program Files\Android\Android Studio\jre\jre\bin\management.dll
0x00007ffad6940000 - 0x00007ffad6957000 	C:\WINDOWS\SYSTEM32\CRYPTSP.dll
0x00007ffad6370000 - 0x00007ffad63a3000 	C:\WINDOWS\system32\rsaenh.dll
0x00007ffad6ad0000 - 0x00007ffad6af5000 	C:\WINDOWS\SYSTEM32\bcrypt.dll
0x00007ffad6e70000 - 0x00007ffad6e98000 	C:\WINDOWS\SYSTEM32\USERENV.dll
0x00007ffad6960000 - 0x00007ffad696b000 	C:\WINDOWS\SYSTEM32\CRYPTBASE.dll
0x00007ffad6510000 - 0x00007ffad6548000 	C:\WINDOWS\SYSTEM32\IPHLPAPI.DLL
0x00007ffad8e00000 - 0x00007ffad8e08000 	C:\WINDOWS\System32\NSI.dll
0x00007ffacfaf0000 - 0x00007ffacfb06000 	C:\WINDOWS\SYSTEM32\dhcpcsvc6.DLL
0x00007ffacfba0000 - 0x00007ffacfbba000 	C:\WINDOWS\SYSTEM32\dhcpcsvc.DLL

VM Arguments:
jvm_args: -Xmx1536m -Dfile.encoding=windows-1252 -Duser.country=BR -Duser.language=pt -Duser.variant 
java_command: org.gradle.launcher.daemon.bootstrap.GradleDaemon 4.4
java_class_path (initial): C:\Users\renan\.gradle\wrapper\dists\gradle-4.4-all\9br9xq1tocpiv8o6njlyu5op1\gradle-4.4\lib\gradle-launcher-4.4.jar
Launcher Type: SUN_STANDARD

Environment Variables:
PATH=C:\Program Files (x86)\Common Files\Oracle\Java\javapath;C:\ProgramData\Oracle\Java\javapath;C:\WINDOWS\system32;C:\WINDOWS;C:\WINDOWS\System32\Wbem;C:\WINDOWS\System32\WindowsPowerShell\v1.0\;C:\Users\renan\AppData\Local\Programs\Python\Python36-32;C:\Users\renan\AppData\Local\Programs\Python\Python36-32\Scripts;;C:\WINDOWS\System32\OpenSSH\;C:\Program Files\MySQL\MySQL Utilities 1.6\;C:\Program Files\Microsoft VS Code\bin;C:\Program Files\nodejs\;C:\Users\renan\AppData\Local\Microsoft\WindowsApps;C:\Users\renan\AppData\Roaming\npm;C:\Users\renan\AppData\Local\Programs\Microsoft VS Code\bin
USERNAME=renan
OS=Windows_NT
PROCESSOR_IDENTIFIER=Intel64 Family 6 Model 142 Stepping 9, GenuineIntel



---------------  S Y S T E M  ---------------

OS: Windows 10.0 , 64 bit Build 17134 (10.0.17134.1)

CPU:total 4 (initial active 4) (2 cores per cpu, 2 threads per core) family 6 model 142 stepping 9, cmov, cx8, fxsr, mmx, sse, sse2, sse3, ssse3, sse4.1, sse4.2, popcnt, avx, avx2, aes, clmul, erms, 3dnowpref, lzcnt, ht, tsc, tscinvbit, bmi1, bmi2, adx

Memory: 4k page, physical 4034820k(622788k free), swap 5673220k(5576k free)

vm_info: OpenJDK 64-Bit Server VM (25.152-b02) for windows-amd64 JRE (1.8.0_152-release-1024-b02), built by "builder" with MS VC++ 10.0 (VS2010)

time: Mon Oct 22 21:28:12 2018
elapsed time: 2 seconds (0d 0h 0m 2s)

