#
# There is insufficient memory for the Java Runtime Environment to continue.
# Native memory allocation (malloc) failed to allocate 262160 bytes for Chunk::new
# Possible reasons:
#   The system is out of physical RAM or swap space
#   In 32 bit mode, the process size limit was hit
# Possible solutions:
#   Reduce memory load on the system
#   Increase physical memory or swap space
#   Check if swap backing store is full
#   Use 64 bit Java on a 64 bit OS
#   Decrease Java heap size (-Xmx/-Xms)
#   Decrease number of Java threads
#   Decrease Java thread stack sizes (-Xss)
#   Set larger code cache with -XX:ReservedCodeCacheSize=
# This output file may be truncated or incomplete.
#
#  Out of Memory Error (allocation.cpp:390), pid=1096, tid=0x000000000000272c
#
# JRE version: OpenJDK Runtime Environment (8.0_152-b02) (build 1.8.0_152-release-1024-b02)
# Java VM: OpenJDK 64-Bit Server VM (25.152-b02 mixed mode windows-amd64 compressed oops)
# Failed to write core dump. Minidumps are not enabled by default on client versions of Windows
#

---------------  T H R E A D  ---------------

Current thread (0x0000000015f78800):  JavaThread "C2 CompilerThread0" daemon [_thread_in_native, id=10028, stack(0x00000000175e0000,0x00000000176e0000)]

Stack: [0x00000000175e0000,0x00000000176e0000]
[error occurred during error reporting (printing stack bounds), id 0xc0000005]

Native frames: (J=compiled Java code, j=interpreted, Vv=VM code, C=native code)


Current CompileTask:
C2:   2134 1353       4       java.net.URLClassLoader$1::run (5 bytes)


---------------  P R O C E S S  ---------------

Java Threads: ( => current thread )
  0x000000001913f800 JavaThread "File lock request listener" [_thread_in_native, id=4672, stack(0x000000001aa40000,0x000000001ab40000)]
  0x00000000191e1000 JavaThread "Cache worker for file hash cache (C:\Users\renan\.gradle\caches\4.4\fileHashes)" [_thread_blocked, id=10772, stack(0x000000001a940000,0x000000001aa40000)]
  0x0000000018fca800 JavaThread "Stdin handler" [_thread_blocked, id=10856, stack(0x000000001a640000,0x000000001a740000)]
  0x0000000018699800 JavaThread "Asynchronous log dispatcher for DefaultDaemonConnection: socket connection from /127.0.0.1:51599 to /127.0.0.1:51600" [_thread_blocked, id=10048, stack(0x000000001a540000,0x000000001a640000)]
  0x0000000018691800 JavaThread "Daemon worker" [_thread_in_native, id=8784, stack(0x000000001a440000,0x000000001a540000)]
  0x000000001868b800 JavaThread "Cancel handler" [_thread_blocked, id=1180, stack(0x000000001a340000,0x000000001a440000)]
  0x0000000018f0e000 JavaThread "Handler for socket connection from /127.0.0.1:51599 to /127.0.0.1:51600" [_thread_in_native, id=7108, stack(0x000000001a040000,0x000000001a140000)]
  0x0000000018f0d800 JavaThread "Daemon" [_thread_blocked, id=13004, stack(0x0000000019f40000,0x000000001a040000)]
  0x0000000018f53800 JavaThread "Daemon periodic checks" [_thread_blocked, id=11340, stack(0x0000000019e40000,0x0000000019f40000)]
  0x0000000018a4a000 JavaThread "Incoming local TCP Connector on port 51599" [_thread_in_native, id=9556, stack(0x0000000019bf0000,0x0000000019cf0000)]
  0x0000000017909800 JavaThread "Service Thread" daemon [_thread_blocked, id=7972, stack(0x0000000017ce0000,0x0000000017de0000)]
  0x0000000015f71800 JavaThread "C1 CompilerThread2" daemon [_thread_blocked, id=2768, stack(0x00000000177e0000,0x00000000178e0000)]
  0x0000000015f6e000 JavaThread "C2 CompilerThread1" daemon [_thread_blocked, id=6716, stack(0x00000000176e0000,0x00000000177e0000)]
=>0x0000000015f78800 JavaThread "C2 CompilerThread0" daemon [_thread_in_native, id=10028, stack(0x00000000175e0000,0x00000000176e0000)]
  0x0000000015f77000 JavaThread "Attach Listener" daemon [_thread_blocked, id=1980, stack(0x00000000174e0000,0x00000000175e0000)]
  0x0000000015f76000 JavaThread "Signal Dispatcher" daemon [_thread_blocked, id=10788, stack(0x00000000173e0000,0x00000000174e0000)]
  0x0000000015f58800 JavaThread "Finalizer" daemon [_thread_blocked, id=7172, stack(0x00000000171d0000,0x00000000172d0000)]
  0x00000000025f1000 JavaThread "Reference Handler" daemon [_thread_blocked, id=11168, stack(0x00000000170d0000,0x00000000171d0000)]
  0x00000000023cd800 JavaThread "main" [_thread_blocked, id=1568, stack(0x0000000002400000,0x0000000002500000)]

Other Threads:
  0x0000000015f35800 VMThread [stack: 0x0000000016fd0000,0x00000000170d0000] [id=1768]
  0x000000001790a000 WatcherThread [stack: 0x0000000017de0000,0x0000000017ee0000] [id=6792]

VM state:not at safepoint (normal execution)

VM Mutex/Monitor currently owned by a thread: None

Heap:
 PSYoungGen      total 34304K, used 3689K [0x00000000e0000000, 0x00000000e2400000, 0x0000000100000000)
  eden space 31744K, 3% used [0x00000000e0000000,0x00000000e011e528,0x00000000e1f00000)
  from space 2560K, 99% used [0x00000000e1f00000,0x00000000e217c050,0x00000000e2180000)
  to   space 2560K, 0% used [0x00000000e2180000,0x00000000e2180000,0x00000000e2400000)
 ParOldGen       total 42496K, used 6538K [0x00000000a0000000, 0x00000000a2980000, 0x00000000e0000000)
  object space 42496K, 15% used [0x00000000a0000000,0x00000000a0662a38,0x00000000a2980000)
 Metaspace       used 14251K, capacity 14654K, committed 14720K, reserved 1062912K
  class space    used 1982K, capacity 2127K, committed 2176K, reserved 1048576K

Card table byte_map: [0x00000000119c0000,0x0000000011cd0000] byte_map_base: 0x00000000114c0000

Marking Bits: (ParMarkBitMap*) 0x0000000056c14970
 Begin Bits: [0x00000000122d0000, 0x0000000013ad0000)
 End Bits:   [0x0000000013ad0000, 0x00000000152d0000)

Polling page: 0x00000000001e0000

CodeCache: size=245760Kb used=4763Kb max_used=4773Kb free=240996Kb
 bounds [0x0000000002600000, 0x0000000002ab0000, 0x0000000011600000]
 total_blobs=1722 nmethods=1354 adapters=281
 compilation: enabled

Compilation events (10 events):
Event: 2.083 Thread 0x0000000015f71800 nmethod 1350 0x0000000002aa6e90 code [0x0000000002aa6fe0, 0x0000000002aa70d0]
Event: 2.084 Thread 0x0000000015f6e000 1352   !   4       java.net.URLClassLoader::findClass (47 bytes)
Event: 2.084 Thread 0x0000000015f78800 1353       4       java.net.URLClassLoader$1::run (5 bytes)
Event: 2.087 Thread 0x0000000015f6e000 nmethod 1352 0x0000000002aaa150 code [0x0000000002aaa2e0, 0x0000000002aaa4d8]
Event: 2.090 Thread 0x0000000015f6e000 1354       4       java.util.regex.Matcher::match (109 bytes)
Event: 2.100 Thread 0x0000000015f6e000 nmethod 1354 0x0000000002aa8110 code [0x0000000002aa8280, 0x0000000002aa87d8]
Event: 2.127 Thread 0x0000000015f71800 1355       3       java.lang.reflect.Field::copy (76 bytes)
Event: 2.127 Thread 0x0000000015f71800 nmethod 1355 0x0000000002aa7b10 code [0x0000000002aa7ca0, 0x0000000002aa7ff8]
Event: 2.129 Thread 0x0000000015f71800 1356       1       java.util.HashMap::afterNodeAccess (1 bytes)
Event: 2.129 Thread 0x0000000015f71800 nmethod 1356 0x0000000002aa7850 code [0x0000000002aa79a0, 0x0000000002aa7ab0]

GC Heap History (10 events):
Event: 0.454 GC heap before
{Heap before GC invocations=1 (full 0):
 PSYoungGen      total 18432K, used 15872K [0x00000000e0000000, 0x00000000e1480000, 0x0000000100000000)
  eden space 15872K, 100% used [0x00000000e0000000,0x00000000e0f80000,0x00000000e0f80000)
  from space 2560K, 0% used [0x00000000e1200000,0x00000000e1200000,0x00000000e1480000)
  to   space 2560K, 0% used [0x00000000e0f80000,0x00000000e0f80000,0x00000000e1200000)
 ParOldGen       total 42496K, used 0K [0x00000000a0000000, 0x00000000a2980000, 0x00000000e0000000)
  object space 42496K, 0% used [0x00000000a0000000,0x00000000a0000000,0x00000000a2980000)
 Metaspace       used 6054K, capacity 6230K, committed 6528K, reserved 1056768K
  class space    used 740K, capacity 783K, committed 896K, reserved 1048576K
Event: 0.457 GC heap after
Heap after GC invocations=1 (full 0):
 PSYoungGen      total 18432K, used 2536K [0x00000000e0000000, 0x00000000e1480000, 0x0000000100000000)
  eden space 15872K, 0% used [0x00000000e0000000,0x00000000e0000000,0x00000000e0f80000)
  from space 2560K, 99% used [0x00000000e0f80000,0x00000000e11fa030,0x00000000e1200000)
  to   space 2560K, 0% used [0x00000000e1200000,0x00000000e1200000,0x00000000e1480000)
 ParOldGen       total 42496K, used 330K [0x00000000a0000000, 0x00000000a2980000, 0x00000000e0000000)
  object space 42496K, 0% used [0x00000000a0000000,0x00000000a0052838,0x00000000a2980000)
 Metaspace       used 6054K, capacity 6230K, committed 6528K, reserved 1056768K
  class space    used 740K, capacity 783K, committed 896K, reserved 1048576K
}
Event: 0.675 GC heap before
{Heap before GC invocations=2 (full 0):
 PSYoungGen      total 18432K, used 18408K [0x00000000e0000000, 0x00000000e1480000, 0x0000000100000000)
  eden space 15872K, 100% used [0x00000000e0000000,0x00000000e0f80000,0x00000000e0f80000)
  from space 2560K, 99% used [0x00000000e0f80000,0x00000000e11fa030,0x00000000e1200000)
  to   space 2560K, 0% used [0x00000000e1200000,0x00000000e1200000,0x00000000e1480000)
 ParOldGen       total 42496K, used 330K [0x00000000a0000000, 0x00000000a2980000, 0x00000000e0000000)
  object space 42496K, 0% used [0x00000000a0000000,0x00000000a0052838,0x00000000a2980000)
 Metaspace       used 6911K, capacity 7126K, committed 7424K, reserved 1056768K
  class space    used 841K, capacity 911K, committed 1024K, reserved 1048576K
Event: 0.679 GC heap after
Heap after GC invocations=2 (full 0):
 PSYoungGen      total 18432K, used 2528K [0x00000000e0000000, 0x00000000e2400000, 0x0000000100000000)
  eden space 15872K, 0% used [0x00000000e0000000,0x00000000e0000000,0x00000000e0f80000)
  from space 2560K, 98% used [0x00000000e1200000,0x00000000e1478268,0x00000000e1480000)
  to   space 2560K, 0% used [0x00000000e0f80000,0x00000000e0f80000,0x00000000e1200000)
 ParOldGen       total 42496K, used 502K [0x00000000a0000000, 0x00000000a2980000, 0x00000000e0000000)
  object space 42496K, 1% used [0x00000000a0000000,0x00000000a007da48,0x00000000a2980000)
 Metaspace       used 6911K, capacity 7126K, committed 7424K, reserved 1056768K
  class space    used 841K, capacity 911K, committed 1024K, reserved 1048576K
}
Event: 0.835 GC heap before
{Heap before GC invocations=3 (full 0):
 PSYoungGen      total 18432K, used 18400K [0x00000000e0000000, 0x00000000e2400000, 0x0000000100000000)
  eden space 15872K, 100% used [0x00000000e0000000,0x00000000e0f80000,0x00000000e0f80000)
  from space 2560K, 98% used [0x00000000e1200000,0x00000000e1478268,0x00000000e1480000)
  to   space 2560K, 0% used [0x00000000e0f80000,0x00000000e0f80000,0x00000000e1200000)
 ParOldGen       total 42496K, used 502K [0x00000000a0000000, 0x00000000a2980000, 0x00000000e0000000)
  object space 42496K, 1% used [0x00000000a0000000,0x00000000a007da48,0x00000000a2980000)
 Metaspace       used 7197K, capacity 7472K, committed 7680K, reserved 1056768K
  class space    used 902K, capacity 984K, committed 1024K, reserved 1048576K
Event: 0.838 GC heap after
Heap after GC invocations=3 (full 0):
 PSYoungGen      total 18432K, used 2544K [0x00000000e0000000, 0x00000000e2400000, 0x0000000100000000)
  eden space 15872K, 0% used [0x00000000e0000000,0x00000000e0000000,0x00000000e0f80000)
  from space 2560K, 99% used [0x00000000e0f80000,0x00000000e11fc030,0x00000000e1200000)
  to   space 2560K, 0% used [0x00000000e2180000,0x00000000e2180000,0x00000000e2400000)
 ParOldGen       total 42496K, used 812K [0x00000000a0000000, 0x00000000a2980000, 0x00000000e0000000)
  object space 42496K, 1% used [0x00000000a0000000,0x00000000a00cb170,0x00000000a2980000)
 Metaspace       used 7197K, capacity 7472K, committed 7680K, reserved 1056768K
  class space    used 902K, capacity 984K, committed 1024K, reserved 1048576K
}
Event: 1.751 GC heap before
{Heap before GC invocations=4 (full 0):
 PSYoungGen      total 18432K, used 18416K [0x00000000e0000000, 0x00000000e2400000, 0x0000000100000000)
  eden space 15872K, 100% used [0x00000000e0000000,0x00000000e0f80000,0x00000000e0f80000)
  from space 2560K, 99% used [0x00000000e0f80000,0x00000000e11fc030,0x00000000e1200000)
  to   space 2560K, 0% used [0x00000000e2180000,0x00000000e2180000,0x00000000e2400000)
 ParOldGen       total 42496K, used 812K [0x00000000a0000000, 0x00000000a2980000, 0x00000000e0000000)
  object space 42496K, 1% used [0x00000000a0000000,0x00000000a00cb170,0x00000000a2980000)
 Metaspace       used 10823K, capacity 11152K, committed 11264K, reserved 1058816K
  class space    used 1422K, capacity 1522K, committed 1536K, reserved 1048576K
Event: 1.756 GC heap after
Heap after GC invocations=4 (full 0):
 PSYoungGen      total 34304K, used 2544K [0x00000000e0000000, 0x00000000e2400000, 0x0000000100000000)
  eden space 31744K, 0% used [0x00000000e0000000,0x00000000e0000000,0x00000000e1f00000)
  from space 2560K, 99% used [0x00000000e2180000,0x00000000e23fc010,0x00000000e2400000)
  to   space 2560K, 0% used [0x00000000e1f00000,0x00000000e1f00000,0x00000000e2180000)
 ParOldGen       total 42496K, used 2883K [0x00000000a0000000, 0x00000000a2980000, 0x00000000e0000000)
  object space 42496K, 6% used [0x00000000a0000000,0x00000000a02d0c60,0x00000000a2980000)
 Metaspace       used 10823K, capacity 11152K, committed 11264K, reserved 1058816K
  class space    used 1422K, capacity 1522K, committed 1536K, reserved 1048576K
}
Event: 2.114 GC heap before
{Heap before GC invocations=5 (full 0):
 PSYoungGen      total 34304K, used 34288K [0x00000000e0000000, 0x00000000e2400000, 0x0000000100000000)
  eden space 31744K, 100% used [0x00000000e0000000,0x00000000e1f00000,0x00000000e1f00000)
  from space 2560K, 99% used [0x00000000e2180000,0x00000000e23fc010,0x00000000e2400000)
  to   space 2560K, 0% used [0x00000000e1f00000,0x00000000e1f00000,0x00000000e2180000)
 ParOldGen       total 42496K, used 2883K [0x00000000a0000000, 0x00000000a2980000, 0x00000000e0000000)
  object space 42496K, 6% used [0x00000000a0000000,0x00000000a02d0c60,0x00000000a2980000)
 Metaspace       used 14180K, capacity 14558K, committed 14720K, reserved 1062912K
  class space    used 1970K, capacity 2095K, committed 2176K, reserved 1048576K
Event: 2.122 GC heap after
Heap after GC invocations=5 (full 0):
 PSYoungGen      total 34304K, used 2544K [0x00000000e0000000, 0x00000000e2400000, 0x0000000100000000)
  eden space 31744K, 0% used [0x00000000e0000000,0x00000000e0000000,0x00000000e1f00000)
  from space 2560K, 99% used [0x00000000e1f00000,0x00000000e217c050,0x00000000e2180000)
  to   space 2560K, 0% used [0x00000000e2180000,0x00000000e2180000,0x00000000e2400000)
 ParOldGen       total 42496K, used 6538K [0x00000000a0000000, 0x00000000a2980000, 0x00000000e0000000)
  object space 42496K, 15% used [0x00000000a0000000,0x00000000a0662a38,0x00000000a2980000)
 Metaspace       used 14180K, capacity 14558K, committed 14720K, reserved 1062912K
  class space    used 1970K, capacity 2095K, committed 2176K, reserved 1048576K
}

Deoptimization events (10 events):
Event: 0.877 Thread 0x00000000023cd800 Uncommon trap: reason=bimorphic action=maybe_recompile pc=0x0000000002884d44 method=java.util.HashMap.putVal(ILjava/lang/Object;Ljava/lang/Object;ZZ)Ljava/lang/Object; @ 91
Event: 0.999 Thread 0x00000000023cd800 Uncommon trap: reason=bimorphic action=maybe_recompile pc=0x000000000293cd44 method=java.util.HashMap.putVal(ILjava/lang/Object;Ljava/lang/Object;ZZ)Ljava/lang/Object; @ 203
Event: 1.144 Thread 0x00000000023cd800 Uncommon trap: reason=unstable_if action=reinterpret pc=0x00000000028f1ec8 method=java.io.WinNTFileSystem.normalize(Ljava/lang/String;)Ljava/lang/String; @ 128
Event: 1.144 Thread 0x00000000023cd800 Uncommon trap: reason=unstable_if action=reinterpret pc=0x000000000291956c method=java.io.WinNTFileSystem.normalize(Ljava/lang/String;II)Ljava/lang/String; @ 90
Event: 1.791 Thread 0x0000000018f0e000 Uncommon trap: reason=unstable_if action=reinterpret pc=0x000000000298ff20 method=java.util.concurrent.ConcurrentHashMap.putVal(Ljava/lang/Object;Ljava/lang/Object;Z)Ljava/lang/Object; @ 206
Event: 1.859 Thread 0x0000000018691800 Uncommon trap: reason=bimorphic action=maybe_recompile pc=0x000000000293c7d4 method=java.util.HashMap.putVal(ILjava/lang/Object;Ljava/lang/Object;ZZ)Ljava/lang/Object; @ 253
Event: 1.859 Thread 0x0000000018691800 Uncommon trap: reason=bimorphic action=maybe_recompile pc=0x000000000293c7d4 method=java.util.HashMap.putVal(ILjava/lang/Object;Ljava/lang/Object;ZZ)Ljava/lang/Object; @ 253
Event: 1.859 Thread 0x0000000018691800 Uncommon trap: reason=bimorphic action=maybe_recompile pc=0x00000000029352a0 method=java.util.HashMap.putVal(ILjava/lang/Object;Ljava/lang/Object;ZZ)Ljava/lang/Object; @ 253
Event: 1.869 Thread 0x0000000018691800 Uncommon trap: reason=class_check action=maybe_recompile pc=0x0000000002875c9c method=java.util.regex.Matcher.match(II)Z @ 86
Event: 2.088 Thread 0x0000000018691800 Uncommon trap: reason=class_check action=maybe_recompile pc=0x0000000002875c9c method=java.util.regex.Matcher.match(II)Z @ 86

Classes redefined (0 events):
No events

Internal exceptions (10 events):
Event: 1.803 Thread 0x0000000018f0e000 Exception <a 'java/lang/NoSuchMethodError': <clinit>> (0x00000000e0255ca8) thrown at [D:\src\AOSP-openjdk-cygwin\jdk8u\hotspot\src\share\vm\prims\jni.cpp, line 1613]
Event: 1.805 Thread 0x0000000018f0e000 Exception <a 'java/lang/NoSuchMethodError': <clinit>> (0x00000000e026d780) thrown at [D:\src\AOSP-openjdk-cygwin\jdk8u\hotspot\src\share\vm\prims\jni.cpp, line 1613]
Event: 1.805 Thread 0x0000000018f0e000 Exception <a 'java/lang/NoSuchMethodError': <clinit>> (0x00000000e0276248) thrown at [D:\src\AOSP-openjdk-cygwin\jdk8u\hotspot\src\share\vm\prims\jni.cpp, line 1613]
Event: 1.806 Thread 0x0000000018f0e000 Exception <a 'java/lang/NoSuchMethodError': <clinit>> (0x00000000e02879e0) thrown at [D:\src\AOSP-openjdk-cygwin\jdk8u\hotspot\src\share\vm\prims\jni.cpp, line 1613]
Event: 1.819 Thread 0x0000000018f0e000 Exception <a 'java/lang/NoSuchMethodError': <clinit>> (0x00000000e02f5238) thrown at [D:\src\AOSP-openjdk-cygwin\jdk8u\hotspot\src\share\vm\prims\jni.cpp, line 1613]
Event: 1.823 Thread 0x0000000018f0e000 Exception <a 'java/lang/NoSuchMethodError': <clinit>> (0x00000000e0318b58) thrown at [D:\src\AOSP-openjdk-cygwin\jdk8u\hotspot\src\share\vm\prims\jni.cpp, line 1613]
Event: 1.826 Thread 0x0000000018f0e000 Exception <a 'java/lang/NoSuchMethodError': <clinit>> (0x00000000e0333b18) thrown at [D:\src\AOSP-openjdk-cygwin\jdk8u\hotspot\src\share\vm\prims\jni.cpp, line 1613]
Event: 1.830 Thread 0x0000000018f0e000 Exception <a 'java/lang/NoSuchMethodError': <clinit>> (0x00000000e0356758) thrown at [D:\src\AOSP-openjdk-cygwin\jdk8u\hotspot\src\share\vm\prims\jni.cpp, line 1613]
Event: 1.851 Thread 0x0000000018691800 Exception <a 'java/lang/NoSuchMethodError': <clinit>> (0x00000000e0492868) thrown at [D:\src\AOSP-openjdk-cygwin\jdk8u\hotspot\src\share\vm\prims\jni.cpp, line 1613]
Event: 1.852 Thread 0x0000000018691800 Exception <a 'java/lang/NoSuchMethodError': <clinit>> (0x00000000e049aaf0) thrown at [D:\src\AOSP-openjdk-cygwin\jdk8u\hotspot\src\share\vm\prims\jni.cpp, line 1613]

Events (10 events):
Event: 2.127 loading class org/gradle/api/internal/changedetection/state/InMemoryCacheDecoratorFactory$CacheDetails
Event: 2.127 loading class org/gradle/api/internal/changedetection/state/InMemoryCacheDecoratorFactory$CacheDetails done
Event: 2.128 loading class org/gradle/api/internal/changedetection/state/InMemoryDecoratedCache
Event: 2.128 loading class org/gradle/api/internal/changedetection/state/InMemoryDecoratedCache done
Event: 2.129 loading class org/gradle/cache/internal/CrossProcessSynchronizingCache
Event: 2.129 loading class org/gradle/cache/internal/CrossProcessSynchronizingCache done
Event: 2.129 loading class org/gradle/internal/Factories
Event: 2.129 loading class org/gradle/internal/Factories done
Event: 2.130 loading class org/gradle/internal/Factories$1
Event: 2.130 loading class org/gradle/internal/Factories$1 done


Dynamic libraries:
0x00007ff6b5430000 - 0x00007ff6b5461000 	C:\Program Files\Android\Android Studio\jre\bin\java.exe
0x00007ffadac60000 - 0x00007ffadae41000 	C:\WINDOWS\SYSTEM32\ntdll.dll
0x00007ffad8690000 - 0x00007ffad8742000 	C:\WINDOWS\System32\KERNEL32.DLL
0x00007ffad7320000 - 0x00007ffad7593000 	C:\WINDOWS\System32\KERNELBASE.dll
0x00007ffadab80000 - 0x00007ffadac21000 	C:\WINDOWS\System32\ADVAPI32.dll
0x00007ffad8d60000 - 0x00007ffad8dfe000 	C:\WINDOWS\System32\msvcrt.dll
0x00007ffad91b0000 - 0x00007ffad920b000 	C:\WINDOWS\System32\sechost.dll
0x00007ffada650000 - 0x00007ffada774000 	C:\WINDOWS\System32\RPCRT4.dll
0x00007ffada920000 - 0x00007ffadaab0000 	C:\WINDOWS\System32\USER32.dll
0x00007ffad7600000 - 0x00007ffad7620000 	C:\WINDOWS\System32\win32u.dll
0x00007ffada8f0000 - 0x00007ffada918000 	C:\WINDOWS\System32\GDI32.dll
0x00007ffad7d80000 - 0x00007ffad7f12000 	C:\WINDOWS\System32\gdi32full.dll
0x00007ffad8050000 - 0x00007ffad80ef000 	C:\WINDOWS\System32\msvcp_win.dll
0x00007ffad7030000 - 0x00007ffad712a000 	C:\WINDOWS\System32\ucrtbase.dll
0x00007ffac8b70000 - 0x00007ffac8dd9000 	C:\WINDOWS\WinSxS\amd64_microsoft.windows.common-controls_6595b64144ccf1df_6.0.17134.345_none_fb429a5930656358\COMCTL32.dll
0x00007ffad8130000 - 0x00007ffad8453000 	C:\WINDOWS\System32\combase.dll
0x00007ffad7f20000 - 0x00007ffad7f9a000 	C:\WINDOWS\System32\bcryptPrimitives.dll
0x00007ffad80f0000 - 0x00007ffad811d000 	C:\WINDOWS\System32\IMM32.DLL
0x0000000056290000 - 0x0000000056362000 	C:\Program Files\Android\Android Studio\jre\jre\bin\msvcr100.dll
0x0000000056450000 - 0x0000000056c8f000 	C:\Program Files\Android\Android Studio\jre\jre\bin\server\jvm.dll
0x00007ffad8460000 - 0x00007ffad8468000 	C:\WINDOWS\System32\PSAPI.DLL
0x00007ffad5ba0000 - 0x00007ffad5ba9000 	C:\WINDOWS\SYSTEM32\WSOCK32.dll
0x00007ffad5b90000 - 0x00007ffad5b9a000 	C:\WINDOWS\SYSTEM32\VERSION.dll
0x00007ffad4f20000 - 0x00007ffad4f43000 	C:\WINDOWS\SYSTEM32\WINMM.dll
0x00007ffada7e0000 - 0x00007ffada84c000 	C:\WINDOWS\System32\WS2_32.dll
0x00007ffad4ad0000 - 0x00007ffad4afa000 	C:\WINDOWS\SYSTEM32\winmmbase.dll
0x00007ffad7620000 - 0x00007ffad7669000 	C:\WINDOWS\System32\cfgmgr32.dll
0x00007ffad5b40000 - 0x00007ffad5b4f000 	C:\Program Files\Android\Android Studio\jre\jre\bin\verify.dll
0x00007ffad0e70000 - 0x00007ffad0e99000 	C:\Program Files\Android\Android Studio\jre\jre\bin\java.dll
0x00007ffacc620000 - 0x00007ffacc636000 	C:\Program Files\Android\Android Studio\jre\jre\bin\zip.dll
0x00007ffad9210000 - 0x00007ffada64f000 	C:\WINDOWS\System32\SHELL32.dll
0x00007ffad8490000 - 0x00007ffad8539000 	C:\WINDOWS\System32\shcore.dll
0x00007ffad7670000 - 0x00007ffad7d7d000 	C:\WINDOWS\System32\windows.storage.dll
0x00007ffad88b0000 - 0x00007ffad8901000 	C:\WINDOWS\System32\shlwapi.dll
0x00007ffad7010000 - 0x00007ffad7021000 	C:\WINDOWS\System32\kernel.appcore.dll
0x00007ffad6fe0000 - 0x00007ffad6fff000 	C:\WINDOWS\System32\profapi.dll
0x00007ffad6f90000 - 0x00007ffad6fdc000 	C:\WINDOWS\System32\powrprof.dll
0x00007ffad7000000 - 0x00007ffad700a000 	C:\WINDOWS\System32\FLTLIB.DLL
0x00007ffac8ee0000 - 0x00007ffac8efa000 	C:\Program Files\Android\Android Studio\jre\jre\bin\net.dll
0x00007ffad6790000 - 0x00007ffad67f6000 	C:\WINDOWS\system32\mswsock.dll
0x00007ffabd9a0000 - 0x00007ffabd9b1000 	C:\Program Files\Android\Android Studio\jre\jre\bin\nio.dll
0x00007ffac22f0000 - 0x00007ffac230e000 	C:\Users\renan\.gradle\native\25\windows-amd64\native-platform.dll
0x00007ffac9620000 - 0x00007ffac962d000 	C:\Program Files\Android\Android Studio\jre\jre\bin\management.dll
0x00007ffad6940000 - 0x00007ffad6957000 	C:\WINDOWS\SYSTEM32\CRYPTSP.dll
0x00007ffad6370000 - 0x00007ffad63a3000 	C:\WINDOWS\system32\rsaenh.dll
0x00007ffad6ad0000 - 0x00007ffad6af5000 	C:\WINDOWS\SYSTEM32\bcrypt.dll
0x00007ffad6e70000 - 0x00007ffad6e98000 	C:\WINDOWS\SYSTEM32\USERENV.dll
0x00007ffad6960000 - 0x00007ffad696b000 	C:\WINDOWS\SYSTEM32\CRYPTBASE.dll
0x00007ffad6510000 - 0x00007ffad6548000 	C:\WINDOWS\SYSTEM32\IPHLPAPI.DLL
0x00007ffad8e00000 - 0x00007ffad8e08000 	C:\WINDOWS\System32\NSI.dll
0x00007ffacfaf0000 - 0x00007ffacfb06000 	C:\WINDOWS\SYSTEM32\dhcpcsvc6.DLL
0x00007ffacfba0000 - 0x00007ffacfbba000 	C:\WINDOWS\SYSTEM32\dhcpcsvc.DLL

VM Arguments:
jvm_args: -Xmx1536m -Dfile.encoding=windows-1252 -Duser.country=BR -Duser.language=pt -Duser.variant 
java_command: org.gradle.launcher.daemon.bootstrap.GradleDaemon 4.4
java_class_path (initial): C:\Users\renan\.gradle\wrapper\dists\gradle-4.4-all\9br9xq1tocpiv8o6njlyu5op1\gradle-4.4\lib\gradle-launcher-4.4.jar
Launcher Type: SUN_STANDARD

Environment Variables:
PATH=C:\Program Files (x86)\Common Files\Oracle\Java\javapath;C:\ProgramData\Oracle\Java\javapath;C:\WINDOWS\system32;C:\WINDOWS;C:\WINDOWS\System32\Wbem;C:\WINDOWS\System32\WindowsPowerShell\v1.0\;C:\Users\renan\AppData\Local\Programs\Python\Python36-32;C:\Users\renan\AppData\Local\Programs\Python\Python36-32\Scripts;;C:\WINDOWS\System32\OpenSSH\;C:\Program Files\MySQL\MySQL Utilities 1.6\;C:\Program Files\Microsoft VS Code\bin;C:\Program Files\nodejs\;C:\Users\renan\AppData\Local\Microsoft\WindowsApps;C:\Users\renan\AppData\Roaming\npm;C:\Users\renan\AppData\Local\Programs\Microsoft VS Code\bin
USERNAME=renan
OS=Windows_NT
PROCESSOR_IDENTIFIER=Intel64 Family 6 Model 142 Stepping 9, GenuineIntel



---------------  S Y S T E M  ---------------

OS: Windows 10.0 , 64 bit Build 17134 (10.0.17134.1)

CPU:total 4 (initial active 4) (2 cores per cpu, 2 threads per core) family 6 model 142 stepping 9, cmov, cx8, fxsr, mmx, sse, sse2, sse3, ssse3, sse4.1, sse4.2, popcnt, avx, avx2, aes, clmul, erms, 3dnowpref, lzcnt, ht, tsc, tscinvbit, bmi1, bmi2, adx

Memory: 4k page, physical 4034820k(654984k free), swap 5673220k(4116k free)

vm_info: OpenJDK 64-Bit Server VM (25.152-b02) for windows-amd64 JRE (1.8.0_152-release-1024-b02), built by "builder" with MS VC++ 10.0 (VS2010)

time: Mon Oct 22 21:26:12 2018
elapsed time: 2 seconds (0d 0h 0m 2s)

