#
# There is insufficient memory for the Java Runtime Environment to continue.
# Native memory allocation (malloc) failed to allocate 65552 bytes for Chunk::new
# Possible reasons:
#   The system is out of physical RAM or swap space
#   In 32 bit mode, the process size limit was hit
# Possible solutions:
#   Reduce memory load on the system
#   Increase physical memory or swap space
#   Check if swap backing store is full
#   Use 64 bit Java on a 64 bit OS
#   Decrease Java heap size (-Xmx/-Xms)
#   Decrease number of Java threads
#   Decrease Java thread stack sizes (-Xss)
#   Set larger code cache with -XX:ReservedCodeCacheSize=
# This output file may be truncated or incomplete.
#
#  Out of Memory Error (allocation.cpp:390), pid=5228, tid=0x0000000000001b68
#
# JRE version: OpenJDK Runtime Environment (8.0_152-b02) (build 1.8.0_152-release-1024-b02)
# Java VM: OpenJDK 64-Bit Server VM (25.152-b02 mixed mode windows-amd64 compressed oops)
# Failed to write core dump. Minidumps are not enabled by default on client versions of Windows
#

---------------  T H R E A D  ---------------

Current thread (0x00000000161a9800):  JavaThread "C2 CompilerThread0" daemon [_thread_in_native, id=7016, stack(0x0000000017820000,0x0000000017920000)]

Stack: [0x0000000017820000,0x0000000017920000]
[error occurred during error reporting (printing stack bounds), id 0xc0000005]

Native frames: (J=compiled Java code, j=interpreted, Vv=VM code, C=native code)


Current CompileTask:
C2:   2124 1340       4       java.net.URLClassLoader$1::run (5 bytes)


---------------  P R O C E S S  ---------------

Java Threads: ( => current thread )
  0x0000000019649000 JavaThread "File lock request listener" [_thread_in_native, id=3060, stack(0x000000001ac80000,0x000000001ad80000)]
  0x00000000194f6000 JavaThread "Cache worker for file hash cache (C:\Users\renan\.gradle\caches\4.4\fileHashes)" [_thread_blocked, id=460, stack(0x000000001ab80000,0x000000001ac80000)]
  0x0000000019212800 JavaThread "Stdin handler" [_thread_blocked, id=11160, stack(0x000000001a880000,0x000000001a980000)]
  0x0000000019211000 JavaThread "Asynchronous log dispatcher for DefaultDaemonConnection: socket connection from /127.0.0.1:51674 to /127.0.0.1:51675" [_thread_blocked, id=9752, stack(0x000000001a780000,0x000000001a880000)]
  0x0000000019204800 JavaThread "Daemon worker" [_thread_in_vm, id=716, stack(0x000000001a680000,0x000000001a780000)]
  0x0000000019223800 JavaThread "Cancel handler" [_thread_blocked, id=1424, stack(0x000000001a580000,0x000000001a680000)]
  0x000000001912b800 JavaThread "Handler for socket connection from /127.0.0.1:51674 to /127.0.0.1:51675" [_thread_in_native, id=10596, stack(0x000000001a280000,0x000000001a380000)]
  0x000000001912b000 JavaThread "Daemon" [_thread_blocked, id=5588, stack(0x000000001a180000,0x000000001a280000)]
  0x00000000191fc000 JavaThread "Daemon periodic checks" [_thread_blocked, id=5484, stack(0x000000001a080000,0x000000001a180000)]
  0x000000001907d000 JavaThread "Incoming local TCP Connector on port 51674" [_thread_in_native, id=7428, stack(0x0000000019e30000,0x0000000019f30000)]
  0x0000000017b4c800 JavaThread "Service Thread" daemon [_thread_blocked, id=2340, stack(0x0000000017f20000,0x0000000018020000)]
  0x00000000161a1800 JavaThread "C1 CompilerThread2" daemon [_thread_in_vm, id=10656, stack(0x0000000017a20000,0x0000000017b20000)]
  0x000000001619e800 JavaThread "C2 CompilerThread1" daemon [_thread_blocked, id=11596, stack(0x0000000017920000,0x0000000017a20000)]
=>0x00000000161a9800 JavaThread "C2 CompilerThread0" daemon [_thread_in_native, id=7016, stack(0x0000000017820000,0x0000000017920000)]
  0x00000000161a8000 JavaThread "Attach Listener" daemon [_thread_blocked, id=4372, stack(0x0000000017720000,0x0000000017820000)]
  0x00000000161a7000 JavaThread "Signal Dispatcher" daemon [_thread_blocked, id=4224, stack(0x0000000017620000,0x0000000017720000)]
  0x0000000016188000 JavaThread "Finalizer" daemon [_thread_blocked, id=4028, stack(0x0000000017410000,0x0000000017510000)]
  0x0000000002823800 JavaThread "Reference Handler" daemon [_thread_blocked, id=12544, stack(0x0000000017310000,0x0000000017410000)]
  0x00000000025ed800 JavaThread "main" [_thread_blocked, id=13116, stack(0x00000000025f0000,0x00000000026f0000)]

Other Threads:
  0x0000000016165000 VMThread [stack: 0x0000000017210000,0x0000000017310000] [id=7348]
  0x0000000017b4d000 WatcherThread [stack: 0x0000000018020000,0x0000000018120000] [id=10404]

VM state:not at safepoint (normal execution)

VM Mutex/Monitor currently owned by a thread: None

Heap:
 PSYoungGen      total 18432K, used 4577K [0x00000000e0000000, 0x00000000e2400000, 0x0000000100000000)
  eden space 15872K, 12% used [0x00000000e0000000,0x00000000e01fc5a8,0x00000000e0f80000)
  from space 2560K, 99% used [0x00000000e2180000,0x00000000e23fc010,0x00000000e2400000)
  to   space 2560K, 0% used [0x00000000e0f80000,0x00000000e0f80000,0x00000000e1200000)
 ParOldGen       total 42496K, used 6549K [0x00000000a0000000, 0x00000000a2980000, 0x00000000e0000000)
  object space 42496K, 15% used [0x00000000a0000000,0x00000000a0665480,0x00000000a2980000)
 Metaspace       used 14426K, capacity 14846K, committed 14976K, reserved 1062912K
  class space    used 2012K, capacity 2127K, committed 2176K, reserved 1048576K

Card table byte_map: [0x0000000011bf0000,0x0000000011f00000] byte_map_base: 0x00000000116f0000

Marking Bits: (ParMarkBitMap*) 0x0000000056c14970
 Begin Bits: [0x0000000012500000, 0x0000000013d00000)
 End Bits:   [0x0000000013d00000, 0x0000000015500000)

Polling page: 0x0000000002530000

CodeCache: size=245760Kb used=4670Kb max_used=4670Kb free=241089Kb
 bounds [0x0000000002830000, 0x0000000002cd0000, 0x0000000011830000]
 total_blobs=1719 nmethods=1351 adapters=281
 compilation: enabled

Compilation events (10 events):
Event: 2.091 Thread 0x00000000161a1800 nmethod 1342 0x0000000002cb7e50 code [0x0000000002cb7fa0, 0x0000000002cb80b0]
Event: 2.095 Thread 0x00000000161a1800 1343       3       sun.reflect.ReflectionFactory::copyField (10 bytes)
Event: 2.095 Thread 0x00000000161a1800 nmethod 1343 0x0000000002cbfcd0 code [0x0000000002cbfe60, 0x0000000002cc0248]
Event: 2.095 Thread 0x00000000161a1800 1344       3       java.lang.reflect.ReflectAccess::copyField (5 bytes)
Event: 2.095 Thread 0x00000000161a1800 nmethod 1344 0x0000000002cbf890 code [0x0000000002cbfa00, 0x0000000002cbfc08]
Event: 2.095 Thread 0x00000000161a1800 1345       3       java.lang.reflect.Field::copy (76 bytes)
Event: 2.095 Thread 0x00000000161a1800 nmethod 1345 0x0000000002cbf290 code [0x0000000002cbf420, 0x0000000002cbf778]
Event: 2.095 Thread 0x00000000161a1800 1346       3       java.lang.reflect.Field::<init> (44 bytes)
Event: 2.096 Thread 0x00000000161a1800 nmethod 1346 0x0000000002cbed90 code [0x0000000002cbef00, 0x0000000002cbf190]
Event: 2.120 Thread 0x00000000161a1800 1349       3       java.lang.Integer::numberOfLeadingZeros (76 bytes)

GC Heap History (10 events):
Event: 0.791 GC heap before
{Heap before GC invocations=2 (full 0):
 PSYoungGen      total 18432K, used 18410K [0x00000000e0000000, 0x00000000e1480000, 0x0000000100000000)
  eden space 15872K, 100% used [0x00000000e0000000,0x00000000e0f80000,0x00000000e0f80000)
  from space 2560K, 99% used [0x00000000e0f80000,0x00000000e11faa78,0x00000000e1200000)
  to   space 2560K, 0% used [0x00000000e1200000,0x00000000e1200000,0x00000000e1480000)
 ParOldGen       total 42496K, used 295K [0x00000000a0000000, 0x00000000a2980000, 0x00000000e0000000)
  object space 42496K, 0% used [0x00000000a0000000,0x00000000a0049d18,0x00000000a2980000)
 Metaspace       used 6909K, capacity 7126K, committed 7424K, reserved 1056768K
  class space    used 841K, capacity 911K, committed 1024K, reserved 1048576K
Event: 0.794 GC heap after
Heap after GC invocations=2 (full 0):
 PSYoungGen      total 18432K, used 2531K [0x00000000e0000000, 0x00000000e2400000, 0x0000000100000000)
  eden space 15872K, 0% used [0x00000000e0000000,0x00000000e0000000,0x00000000e0f80000)
  from space 2560K, 98% used [0x00000000e1200000,0x00000000e1478e98,0x00000000e1480000)
  to   space 2560K, 0% used [0x00000000e0f80000,0x00000000e0f80000,0x00000000e1200000)
 ParOldGen       total 42496K, used 447K [0x00000000a0000000, 0x00000000a2980000, 0x00000000e0000000)
  object space 42496K, 1% used [0x00000000a0000000,0x00000000a006feb8,0x00000000a2980000)
 Metaspace       used 6909K, capacity 7126K, committed 7424K, reserved 1056768K
  class space    used 841K, capacity 911K, committed 1024K, reserved 1048576K
}
Event: 0.966 GC heap before
{Heap before GC invocations=3 (full 0):
 PSYoungGen      total 18432K, used 18403K [0x00000000e0000000, 0x00000000e2400000, 0x0000000100000000)
  eden space 15872K, 100% used [0x00000000e0000000,0x00000000e0f80000,0x00000000e0f80000)
  from space 2560K, 98% used [0x00000000e1200000,0x00000000e1478e98,0x00000000e1480000)
  to   space 2560K, 0% used [0x00000000e0f80000,0x00000000e0f80000,0x00000000e1200000)
 ParOldGen       total 42496K, used 447K [0x00000000a0000000, 0x00000000a2980000, 0x00000000e0000000)
  object space 42496K, 1% used [0x00000000a0000000,0x00000000a006feb8,0x00000000a2980000)
 Metaspace       used 7194K, capacity 7472K, committed 7680K, reserved 1056768K
  class space    used 902K, capacity 984K, committed 1024K, reserved 1048576K
Event: 0.968 GC heap after
Heap after GC invocations=3 (full 0):
 PSYoungGen      total 18432K, used 2528K [0x00000000e0000000, 0x00000000e2400000, 0x0000000100000000)
  eden space 15872K, 0% used [0x00000000e0000000,0x00000000e0000000,0x00000000e0f80000)
  from space 2560K, 98% used [0x00000000e0f80000,0x00000000e11f8040,0x00000000e1200000)
  to   space 2560K, 0% used [0x00000000e2180000,0x00000000e2180000,0x00000000e2400000)
 ParOldGen       total 42496K, used 757K [0x00000000a0000000, 0x00000000a2980000, 0x00000000e0000000)
  object space 42496K, 1% used [0x00000000a0000000,0x00000000a00bd5e0,0x00000000a2980000)
 Metaspace       used 7194K, capacity 7472K, committed 7680K, reserved 1056768K
  class space    used 902K, capacity 984K, committed 1024K, reserved 1048576K
}
Event: 1.777 GC heap before
{Heap before GC invocations=4 (full 0):
 PSYoungGen      total 18432K, used 18400K [0x00000000e0000000, 0x00000000e2400000, 0x0000000100000000)
  eden space 15872K, 100% used [0x00000000e0000000,0x00000000e0f80000,0x00000000e0f80000)
  from space 2560K, 98% used [0x00000000e0f80000,0x00000000e11f8040,0x00000000e1200000)
  to   space 2560K, 0% used [0x00000000e2180000,0x00000000e2180000,0x00000000e2400000)
 ParOldGen       total 42496K, used 757K [0x00000000a0000000, 0x00000000a2980000, 0x00000000e0000000)
  object space 42496K, 1% used [0x00000000a0000000,0x00000000a00bd5e0,0x00000000a2980000)
 Metaspace       used 10824K, capacity 11152K, committed 11264K, reserved 1058816K
  class space    used 1421K, capacity 1522K, committed 1536K, reserved 1048576K
Event: 1.782 GC heap after
Heap after GC invocations=4 (full 0):
 PSYoungGen      total 18432K, used 2528K [0x00000000e0000000, 0x00000000e2400000, 0x0000000100000000)
  eden space 15872K, 0% used [0x00000000e0000000,0x00000000e0000000,0x00000000e0f80000)
  from space 2560K, 98% used [0x00000000e2180000,0x00000000e23f8020,0x00000000e2400000)
  to   space 2560K, 0% used [0x00000000e0f80000,0x00000000e0f80000,0x00000000e1200000)
 ParOldGen       total 42496K, used 2826K [0x00000000a0000000, 0x00000000a2980000, 0x00000000e0000000)
  object space 42496K, 6% used [0x00000000a0000000,0x00000000a02c2bd0,0x00000000a2980000)
 Metaspace       used 10824K, capacity 11152K, committed 11264K, reserved 1058816K
  class space    used 1421K, capacity 1522K, committed 1536K, reserved 1048576K
}
Event: 1.966 GC heap before
{Heap before GC invocations=5 (full 0):
 PSYoungGen      total 18432K, used 18400K [0x00000000e0000000, 0x00000000e2400000, 0x0000000100000000)
  eden space 15872K, 100% used [0x00000000e0000000,0x00000000e0f80000,0x00000000e0f80000)
  from space 2560K, 98% used [0x00000000e2180000,0x00000000e23f8020,0x00000000e2400000)
  to   space 2560K, 0% used [0x00000000e0f80000,0x00000000e0f80000,0x00000000e1200000)
 ParOldGen       total 42496K, used 2826K [0x00000000a0000000, 0x00000000a2980000, 0x00000000e0000000)
  object space 42496K, 6% used [0x00000000a0000000,0x00000000a02c2bd0,0x00000000a2980000)
 Metaspace       used 12880K, capacity 13338K, committed 13440K, reserved 1060864K
  class space    used 1749K, capacity 1901K, committed 1920K, reserved 1048576K
Event: 1.971 GC heap after
Heap after GC invocations=5 (full 0):
 PSYoungGen      total 18432K, used 2544K [0x00000000e0000000, 0x00000000e2400000, 0x0000000100000000)
  eden space 15872K, 0% used [0x00000000e0000000,0x00000000e0000000,0x00000000e0f80000)
  from space 2560K, 99% used [0x00000000e0f80000,0x00000000e11fc030,0x00000000e1200000)
  to   space 2560K, 0% used [0x00000000e2180000,0x00000000e2180000,0x00000000e2400000)
 ParOldGen       total 42496K, used 4699K [0x00000000a0000000, 0x00000000a2980000, 0x00000000e0000000)
  object space 42496K, 11% used [0x00000000a0000000,0x00000000a0496c38,0x00000000a2980000)
 Metaspace       used 12880K, capacity 13338K, committed 13440K, reserved 1060864K
  class space    used 1749K, capacity 1901K, committed 1920K, reserved 1048576K
}
Event: 2.098 GC heap before
{Heap before GC invocations=6 (full 0):
 PSYoungGen      total 18432K, used 18416K [0x00000000e0000000, 0x00000000e2400000, 0x0000000100000000)
  eden space 15872K, 100% used [0x00000000e0000000,0x00000000e0f80000,0x00000000e0f80000)
  from space 2560K, 99% used [0x00000000e0f80000,0x00000000e11fc030,0x00000000e1200000)
  to   space 2560K, 0% used [0x00000000e2180000,0x00000000e2180000,0x00000000e2400000)
 ParOldGen       total 42496K, used 4699K [0x00000000a0000000, 0x00000000a2980000, 0x00000000e0000000)
  object space 42496K, 11% used [0x00000000a0000000,0x00000000a0496c38,0x00000000a2980000)
 Metaspace       used 14231K, capacity 14590K, committed 14720K, reserved 1062912K
  class space    used 1979K, capacity 2127K, committed 2176K, reserved 1048576K
Event: 2.103 GC heap after
Heap after GC invocations=6 (full 0):
 PSYoungGen      total 18432K, used 2544K [0x00000000e0000000, 0x00000000e2400000, 0x0000000100000000)
  eden space 15872K, 0% used [0x00000000e0000000,0x00000000e0000000,0x00000000e0f80000)
  from space 2560K, 99% used [0x00000000e2180000,0x00000000e23fc010,0x00000000e2400000)
  to   space 2560K, 0% used [0x00000000e0f80000,0x00000000e0f80000,0x00000000e1200000)
 ParOldGen       total 42496K, used 6549K [0x00000000a0000000, 0x00000000a2980000, 0x00000000e0000000)
  object space 42496K, 15% used [0x00000000a0000000,0x00000000a0665480,0x00000000a2980000)
 Metaspace       used 14231K, capacity 14590K, committed 14720K, reserved 1062912K
  class space    used 1979K, capacity 2127K, committed 2176K, reserved 1048576K
}

Deoptimization events (10 events):
Event: 0.997 Thread 0x00000000025ed800 Uncommon trap: reason=bimorphic action=maybe_recompile pc=0x0000000002ac7730 method=java.util.HashMap.putVal(ILjava/lang/Object;Ljava/lang/Object;ZZ)Ljava/lang/Object; @ 91
Event: 1.003 Thread 0x00000000025ed800 Uncommon trap: reason=bimorphic action=maybe_recompile pc=0x0000000002ab2cc4 method=java.util.HashMap.putVal(ILjava/lang/Object;Ljava/lang/Object;ZZ)Ljava/lang/Object; @ 91
Event: 1.107 Thread 0x00000000025ed800 Uncommon trap: reason=bimorphic action=maybe_recompile pc=0x0000000002b61594 method=java.util.HashMap.putVal(ILjava/lang/Object;Ljava/lang/Object;ZZ)Ljava/lang/Object; @ 203
Event: 1.265 Thread 0x00000000025ed800 Uncommon trap: reason=unstable_if action=reinterpret pc=0x0000000002b16008 method=java.io.WinNTFileSystem.normalize(Ljava/lang/String;)Ljava/lang/String; @ 128
Event: 1.265 Thread 0x00000000025ed800 Uncommon trap: reason=unstable_if action=reinterpret pc=0x0000000002b490a8 method=java.io.WinNTFileSystem.normalize(Ljava/lang/String;II)Ljava/lang/String; @ 90
Event: 1.813 Thread 0x000000001912b800 Uncommon trap: reason=unstable_if action=reinterpret pc=0x0000000002bb8e20 method=java.util.concurrent.ConcurrentHashMap.putVal(Ljava/lang/Object;Ljava/lang/Object;Z)Ljava/lang/Object; @ 206
Event: 1.876 Thread 0x0000000019204800 Uncommon trap: reason=bimorphic action=maybe_recompile pc=0x0000000002b60ed8 method=java.util.HashMap.putVal(ILjava/lang/Object;Ljava/lang/Object;ZZ)Ljava/lang/Object; @ 253
Event: 1.876 Thread 0x0000000019204800 Uncommon trap: reason=bimorphic action=maybe_recompile pc=0x0000000002b60ed8 method=java.util.HashMap.putVal(ILjava/lang/Object;Ljava/lang/Object;ZZ)Ljava/lang/Object; @ 253
Event: 1.886 Thread 0x0000000019204800 Uncommon trap: reason=class_check action=maybe_recompile pc=0x0000000002aad61c method=java.util.regex.Matcher.match(II)Z @ 86
Event: 2.075 Thread 0x0000000019204800 Uncommon trap: reason=class_check action=maybe_recompile pc=0x0000000002aad61c method=java.util.regex.Matcher.match(II)Z @ 86

Classes redefined (0 events):
No events

Internal exceptions (10 events):
Event: 1.825 Thread 0x000000001912b800 Exception <a 'java/lang/NoSuchMethodError': <clinit>> (0x00000000e023cdf0) thrown at [D:\src\AOSP-openjdk-cygwin\jdk8u\hotspot\src\share\vm\prims\jni.cpp, line 1613]
Event: 1.826 Thread 0x000000001912b800 Exception <a 'java/lang/NoSuchMethodError': <clinit>> (0x00000000e02548d8) thrown at [D:\src\AOSP-openjdk-cygwin\jdk8u\hotspot\src\share\vm\prims\jni.cpp, line 1613]
Event: 1.827 Thread 0x000000001912b800 Exception <a 'java/lang/NoSuchMethodError': <clinit>> (0x00000000e025d3a0) thrown at [D:\src\AOSP-openjdk-cygwin\jdk8u\hotspot\src\share\vm\prims\jni.cpp, line 1613]
Event: 1.828 Thread 0x000000001912b800 Exception <a 'java/lang/NoSuchMethodError': <clinit>> (0x00000000e026ead8) thrown at [D:\src\AOSP-openjdk-cygwin\jdk8u\hotspot\src\share\vm\prims\jni.cpp, line 1613]
Event: 1.839 Thread 0x000000001912b800 Exception <a 'java/lang/NoSuchMethodError': <clinit>> (0x00000000e02dc380) thrown at [D:\src\AOSP-openjdk-cygwin\jdk8u\hotspot\src\share\vm\prims\jni.cpp, line 1613]
Event: 1.842 Thread 0x000000001912b800 Exception <a 'java/lang/NoSuchMethodError': <clinit>> (0x00000000e02ffc50) thrown at [D:\src\AOSP-openjdk-cygwin\jdk8u\hotspot\src\share\vm\prims\jni.cpp, line 1613]
Event: 1.845 Thread 0x000000001912b800 Exception <a 'java/lang/NoSuchMethodError': <clinit>> (0x00000000e031ac08) thrown at [D:\src\AOSP-openjdk-cygwin\jdk8u\hotspot\src\share\vm\prims\jni.cpp, line 1613]
Event: 1.847 Thread 0x000000001912b800 Exception <a 'java/lang/NoSuchMethodError': <clinit>> (0x00000000e033d860) thrown at [D:\src\AOSP-openjdk-cygwin\jdk8u\hotspot\src\share\vm\prims\jni.cpp, line 1613]
Event: 1.867 Thread 0x0000000019204800 Exception <a 'java/lang/NoSuchMethodError': <clinit>> (0x00000000e0416970) thrown at [D:\src\AOSP-openjdk-cygwin\jdk8u\hotspot\src\share\vm\prims\jni.cpp, line 1613]
Event: 1.868 Thread 0x0000000019204800 Exception <a 'java/lang/NoSuchMethodError': <clinit>> (0x00000000e041ebf8) thrown at [D:\src\AOSP-openjdk-cygwin\jdk8u\hotspot\src\share\vm\prims\jni.cpp, line 1613]

Events (10 events):
Event: 2.119 loading class java/util/Collections$SynchronizedMap
Event: 2.119 loading class java/util/Collections$SynchronizedMap done
Event: 2.119 loading class org/gradle/api/internal/initialization/loadercache/DefaultClassLoaderCache
Event: 2.119 loading class org/gradle/api/internal/initialization/loadercache/DefaultClassLoaderCache done
Event: 2.119 loading class org/gradle/api/internal/initialization/loadercache/DefaultClassLoaderCache$ClassLoaderSpec
Event: 2.119 loading class org/gradle/api/internal/initialization/loadercache/DefaultClassLoaderCache$ClassLoaderSpec done
Event: 2.120 loading class org/gradle/api/internal/initialization/loadercache/DefaultClassLoaderCache$ManagedClassLoaderSpec
Event: 2.120 loading class org/gradle/api/internal/initialization/loadercache/DefaultClassLoaderCache$ManagedClassLoaderSpec done
Event: 2.120 loading class org/gradle/api/internal/initialization/loadercache/DefaultClassLoaderCache$UnmanagedClassLoaderSpec
Event: 2.120 loading class org/gradle/api/internal/initialization/loadercache/DefaultClassLoaderCache$UnmanagedClassLoaderSpec done


Dynamic libraries:
0x00007ff6b5430000 - 0x00007ff6b5461000 	C:\Program Files\Android\Android Studio\jre\bin\java.exe
0x00007ffadac60000 - 0x00007ffadae41000 	C:\WINDOWS\SYSTEM32\ntdll.dll
0x00007ffad8690000 - 0x00007ffad8742000 	C:\WINDOWS\System32\KERNEL32.DLL
0x00007ffad7320000 - 0x00007ffad7593000 	C:\WINDOWS\System32\KERNELBASE.dll
0x00007ffadab80000 - 0x00007ffadac21000 	C:\WINDOWS\System32\ADVAPI32.dll
0x00007ffad8d60000 - 0x00007ffad8dfe000 	C:\WINDOWS\System32\msvcrt.dll
0x00007ffad91b0000 - 0x00007ffad920b000 	C:\WINDOWS\System32\sechost.dll
0x00007ffada650000 - 0x00007ffada774000 	C:\WINDOWS\System32\RPCRT4.dll
0x00007ffada920000 - 0x00007ffadaab0000 	C:\WINDOWS\System32\USER32.dll
0x00007ffad7600000 - 0x00007ffad7620000 	C:\WINDOWS\System32\win32u.dll
0x00007ffada8f0000 - 0x00007ffada918000 	C:\WINDOWS\System32\GDI32.dll
0x00007ffad7d80000 - 0x00007ffad7f12000 	C:\WINDOWS\System32\gdi32full.dll
0x00007ffad8050000 - 0x00007ffad80ef000 	C:\WINDOWS\System32\msvcp_win.dll
0x00007ffad7030000 - 0x00007ffad712a000 	C:\WINDOWS\System32\ucrtbase.dll
0x00007ffac8b70000 - 0x00007ffac8dd9000 	C:\WINDOWS\WinSxS\amd64_microsoft.windows.common-controls_6595b64144ccf1df_6.0.17134.345_none_fb429a5930656358\COMCTL32.dll
0x00007ffad8130000 - 0x00007ffad8453000 	C:\WINDOWS\System32\combase.dll
0x00007ffad7f20000 - 0x00007ffad7f9a000 	C:\WINDOWS\System32\bcryptPrimitives.dll
0x00007ffad80f0000 - 0x00007ffad811d000 	C:\WINDOWS\System32\IMM32.DLL
0x0000000056290000 - 0x0000000056362000 	C:\Program Files\Android\Android Studio\jre\jre\bin\msvcr100.dll
0x0000000056450000 - 0x0000000056c8f000 	C:\Program Files\Android\Android Studio\jre\jre\bin\server\jvm.dll
0x00007ffad8460000 - 0x00007ffad8468000 	C:\WINDOWS\System32\PSAPI.DLL
0x00007ffad4f20000 - 0x00007ffad4f43000 	C:\WINDOWS\SYSTEM32\WINMM.dll
0x00007ffad5b90000 - 0x00007ffad5b9a000 	C:\WINDOWS\SYSTEM32\VERSION.dll
0x00007ffad5ba0000 - 0x00007ffad5ba9000 	C:\WINDOWS\SYSTEM32\WSOCK32.dll
0x00007ffada7e0000 - 0x00007ffada84c000 	C:\WINDOWS\System32\WS2_32.dll
0x00007ffad4ad0000 - 0x00007ffad4afa000 	C:\WINDOWS\SYSTEM32\WINMMBASE.dll
0x00007ffad7620000 - 0x00007ffad7669000 	C:\WINDOWS\System32\cfgmgr32.dll
0x00007ffad5b40000 - 0x00007ffad5b4f000 	C:\Program Files\Android\Android Studio\jre\jre\bin\verify.dll
0x00007ffad0e70000 - 0x00007ffad0e99000 	C:\Program Files\Android\Android Studio\jre\jre\bin\java.dll
0x00007ffacc620000 - 0x00007ffacc636000 	C:\Program Files\Android\Android Studio\jre\jre\bin\zip.dll
0x00007ffad9210000 - 0x00007ffada64f000 	C:\WINDOWS\System32\SHELL32.dll
0x00007ffad8490000 - 0x00007ffad8539000 	C:\WINDOWS\System32\shcore.dll
0x00007ffad7670000 - 0x00007ffad7d7d000 	C:\WINDOWS\System32\windows.storage.dll
0x00007ffad88b0000 - 0x00007ffad8901000 	C:\WINDOWS\System32\shlwapi.dll
0x00007ffad7010000 - 0x00007ffad7021000 	C:\WINDOWS\System32\kernel.appcore.dll
0x00007ffad6fe0000 - 0x00007ffad6fff000 	C:\WINDOWS\System32\profapi.dll
0x00007ffad6f90000 - 0x00007ffad6fdc000 	C:\WINDOWS\System32\powrprof.dll
0x00007ffad7000000 - 0x00007ffad700a000 	C:\WINDOWS\System32\FLTLIB.DLL
0x00007ffac8ee0000 - 0x00007ffac8efa000 	C:\Program Files\Android\Android Studio\jre\jre\bin\net.dll
0x00007ffad6790000 - 0x00007ffad67f6000 	C:\WINDOWS\system32\mswsock.dll
0x00007ffabd9a0000 - 0x00007ffabd9b1000 	C:\Program Files\Android\Android Studio\jre\jre\bin\nio.dll
0x00007ffac22f0000 - 0x00007ffac230e000 	C:\Users\renan\.gradle\native\25\windows-amd64\native-platform.dll
0x00007ffac9620000 - 0x00007ffac962d000 	C:\Program Files\Android\Android Studio\jre\jre\bin\management.dll
0x00007ffad6940000 - 0x00007ffad6957000 	C:\WINDOWS\SYSTEM32\CRYPTSP.dll
0x00007ffad6370000 - 0x00007ffad63a3000 	C:\WINDOWS\system32\rsaenh.dll
0x00007ffad6ad0000 - 0x00007ffad6af5000 	C:\WINDOWS\SYSTEM32\bcrypt.dll
0x00007ffad6e70000 - 0x00007ffad6e98000 	C:\WINDOWS\SYSTEM32\USERENV.dll
0x00007ffad6960000 - 0x00007ffad696b000 	C:\WINDOWS\SYSTEM32\CRYPTBASE.dll
0x00007ffad6510000 - 0x00007ffad6548000 	C:\WINDOWS\SYSTEM32\IPHLPAPI.DLL
0x00007ffad8e00000 - 0x00007ffad8e08000 	C:\WINDOWS\System32\NSI.dll
0x00007ffacfaf0000 - 0x00007ffacfb06000 	C:\WINDOWS\SYSTEM32\dhcpcsvc6.DLL
0x00007ffacfba0000 - 0x00007ffacfbba000 	C:\WINDOWS\SYSTEM32\dhcpcsvc.DLL

VM Arguments:
jvm_args: -Xmx1536m -Dfile.encoding=windows-1252 -Duser.country=BR -Duser.language=pt -Duser.variant 
java_command: org.gradle.launcher.daemon.bootstrap.GradleDaemon 4.4
java_class_path (initial): C:\Users\renan\.gradle\wrapper\dists\gradle-4.4-all\9br9xq1tocpiv8o6njlyu5op1\gradle-4.4\lib\gradle-launcher-4.4.jar
Launcher Type: SUN_STANDARD

Environment Variables:
PATH=C:\Program Files (x86)\Common Files\Oracle\Java\javapath;C:\ProgramData\Oracle\Java\javapath;C:\WINDOWS\system32;C:\WINDOWS;C:\WINDOWS\System32\Wbem;C:\WINDOWS\System32\WindowsPowerShell\v1.0\;C:\Users\renan\AppData\Local\Programs\Python\Python36-32;C:\Users\renan\AppData\Local\Programs\Python\Python36-32\Scripts;;C:\WINDOWS\System32\OpenSSH\;C:\Program Files\MySQL\MySQL Utilities 1.6\;C:\Program Files\Microsoft VS Code\bin;C:\Program Files\nodejs\;C:\Users\renan\AppData\Local\Microsoft\WindowsApps;C:\Users\renan\AppData\Roaming\npm;C:\Users\renan\AppData\Local\Programs\Microsoft VS Code\bin
USERNAME=renan
OS=Windows_NT
PROCESSOR_IDENTIFIER=Intel64 Family 6 Model 142 Stepping 9, GenuineIntel



---------------  S Y S T E M  ---------------

OS: Windows 10.0 , 64 bit Build 17134 (10.0.17134.1)

CPU:total 4 (initial active 4) (2 cores per cpu, 2 threads per core) family 6 model 142 stepping 9, cmov, cx8, fxsr, mmx, sse, sse2, sse3, ssse3, sse4.1, sse4.2, popcnt, avx, avx2, aes, clmul, erms, 3dnowpref, lzcnt, ht, tsc, tscinvbit, bmi1, bmi2, adx

Memory: 4k page, physical 4034820k(654144k free), swap 5673220k(4004k free)

vm_info: OpenJDK 64-Bit Server VM (25.152-b02) for windows-amd64 JRE (1.8.0_152-release-1024-b02), built by "builder" with MS VC++ 10.0 (VS2010)

time: Mon Oct 22 21:27:28 2018
elapsed time: 2 seconds (0d 0h 0m 2s)

