#
# There is insufficient memory for the Java Runtime Environment to continue.
# Native memory allocation (malloc) failed to allocate 515056 bytes for Chunk::new
# Possible reasons:
#   The system is out of physical RAM or swap space
#   In 32 bit mode, the process size limit was hit
# Possible solutions:
#   Reduce memory load on the system
#   Increase physical memory or swap space
#   Check if swap backing store is full
#   Use 64 bit Java on a 64 bit OS
#   Decrease Java heap size (-Xmx/-Xms)
#   Decrease number of Java threads
#   Decrease Java thread stack sizes (-Xss)
#   Set larger code cache with -XX:ReservedCodeCacheSize=
# This output file may be truncated or incomplete.
#
#  Out of Memory Error (allocation.cpp:390), pid=9528, tid=0x0000000000001aac
#
# JRE version: OpenJDK Runtime Environment (8.0_152-b02) (build 1.8.0_152-release-1024-b02)
# Java VM: OpenJDK 64-Bit Server VM (25.152-b02 mixed mode windows-amd64 compressed oops)
# Failed to write core dump. Minidumps are not enabled by default on client versions of Windows
#

---------------  T H R E A D  ---------------

Current thread (0x00000000161fd000):  JavaThread "C2 CompilerThread1" daemon [_thread_in_native, id=6828, stack(0x0000000017970000,0x0000000017a70000)]

Stack: [0x0000000017970000,0x0000000017a70000]
[error occurred during error reporting (printing stack bounds), id 0xc0000005]

Native frames: (J=compiled Java code, j=interpreted, Vv=VM code, C=native code)


Current CompileTask:
C2:   2410 1296   !   4       java.lang.ClassLoader::loadClass (122 bytes)


---------------  P R O C E S S  ---------------

Java Threads: ( => current thread )
  0x00000000191dc800 JavaThread "Stdin handler" [_thread_blocked, id=9332, stack(0x000000001a8d0000,0x000000001a9d0000)]
  0x000000001923a800 JavaThread "Asynchronous log dispatcher for DefaultDaemonConnection: socket connection from /127.0.0.1:51531 to /127.0.0.1:51532" [_thread_blocked, id=7400, stack(0x000000001a7d0000,0x000000001a8d0000)]
  0x0000000019235000 JavaThread "Daemon worker" [_thread_in_vm, id=8404, stack(0x000000001a6d0000,0x000000001a7d0000)]
  0x00000000191d4800 JavaThread "Cancel handler" [_thread_blocked, id=11668, stack(0x000000001a5d0000,0x000000001a6d0000)]
  0x0000000018dd3000 JavaThread "Handler for socket connection from /127.0.0.1:51531 to /127.0.0.1:51532" [_thread_in_native, id=3852, stack(0x000000001a2d0000,0x000000001a3d0000)]
  0x0000000018dbc800 JavaThread "Daemon" [_thread_blocked, id=5644, stack(0x000000001a1d0000,0x000000001a2d0000)]
  0x0000000018cd6800 JavaThread "Daemon periodic checks" [_thread_blocked, id=1076, stack(0x000000001a0d0000,0x000000001a1d0000)]
  0x0000000018cd5800 JavaThread "Incoming local TCP Connector on port 51531" [_thread_in_native, id=2588, stack(0x0000000019e80000,0x0000000019f80000)]
  0x000000001625d000 JavaThread "Service Thread" daemon [_thread_blocked, id=8584, stack(0x0000000017f70000,0x0000000018070000)]
  0x000000001620a000 JavaThread "C1 CompilerThread2" daemon [_thread_blocked, id=10204, stack(0x0000000017a70000,0x0000000017b70000)]
=>0x00000000161fd000 JavaThread "C2 CompilerThread1" daemon [_thread_in_native, id=6828, stack(0x0000000017970000,0x0000000017a70000)]
  0x0000000016207000 JavaThread "C2 CompilerThread0" daemon [_thread_blocked, id=7376, stack(0x0000000017870000,0x0000000017970000)]
  0x0000000016205800 JavaThread "Attach Listener" daemon [_thread_blocked, id=2016, stack(0x0000000017770000,0x0000000017870000)]
  0x0000000016204800 JavaThread "Signal Dispatcher" daemon [_thread_blocked, id=12176, stack(0x0000000017670000,0x0000000017770000)]
  0x000000000288c000 JavaThread "Finalizer" daemon [_thread_blocked, id=7100, stack(0x0000000017460000,0x0000000017560000)]
  0x0000000002881000 JavaThread "Reference Handler" daemon [_thread_blocked, id=12932, stack(0x0000000017360000,0x0000000017460000)]
  0x000000000278d800 JavaThread "main" [_thread_blocked, id=5792, stack(0x0000000002590000,0x0000000002690000)]

Other Threads:
  0x00000000161c5800 VMThread [stack: 0x0000000017260000,0x0000000017360000] [id=11316]
  0x000000001625d800 WatcherThread [stack: 0x0000000018070000,0x0000000018170000] [id=8288]

VM state:not at safepoint (normal execution)

VM Mutex/Monitor currently owned by a thread: None

Heap:
 PSYoungGen      total 18432K, used 2887K [0x00000000e0000000, 0x00000000e1480000, 0x0000000100000000)
  eden space 15872K, 2% used [0x00000000e0000000,0x00000000e0059d70,0x00000000e0f80000)
  from space 2560K, 98% used [0x00000000e0f80000,0x00000000e11f8020,0x00000000e1200000)
  to   space 2560K, 0% used [0x00000000e1200000,0x00000000e1200000,0x00000000e1480000)
 ParOldGen       total 42496K, used 4751K [0x00000000a0000000, 0x00000000a2980000, 0x00000000e0000000)
  object space 42496K, 11% used [0x00000000a0000000,0x00000000a04a3c98,0x00000000a2980000)
 Metaspace       used 12935K, capacity 13338K, committed 13440K, reserved 1060864K
  class space    used 1752K, capacity 1901K, committed 1920K, reserved 1048576K

Card table byte_map: [0x0000000011c50000,0x0000000011f60000] byte_map_base: 0x0000000011750000

Marking Bits: (ParMarkBitMap*) 0x0000000056c14970
 Begin Bits: [0x0000000012560000, 0x0000000013d60000)
 End Bits:   [0x0000000013d60000, 0x0000000015560000)

Polling page: 0x0000000000d00000

CodeCache: size=245760Kb used=4608Kb max_used=4622Kb free=241151Kb
 bounds [0x0000000002890000, 0x0000000002d20000, 0x0000000011890000]
 total_blobs=1661 nmethods=1298 adapters=276
 compilation: enabled

Compilation events (10 events):
Event: 2.360 Thread 0x000000001620a000 nmethod 1294 0x0000000002d02c90 code [0x0000000002d02e20, 0x0000000002d032a8]
Event: 2.360 Thread 0x000000001620a000 1295       3       java.util.LinkedList$ListItr::remove (84 bytes)
Event: 2.361 Thread 0x000000001620a000 nmethod 1295 0x0000000002d02390 code [0x0000000002d02540, 0x0000000002d02a28]
Event: 2.363 Thread 0x00000000161fd000 1296   !   4       java.lang.ClassLoader::loadClass (122 bytes)
Event: 2.364 Thread 0x0000000016207000 1297       4       java.lang.String::lastIndexOf (151 bytes)
Event: 2.366 Thread 0x0000000016207000 nmethod 1297 0x0000000002d0ea10 code [0x0000000002d0eb60, 0x0000000002d0edd8]
Event: 2.370 Thread 0x0000000016207000 1298   !   4       java.util.concurrent.ConcurrentHashMap::transfer (832 bytes)
Event: 2.389 Thread 0x0000000016207000 nmethod 1298 0x0000000002d15c10 code [0x0000000002d15da0, 0x0000000002d16b48]
Event: 2.389 Thread 0x0000000016207000 1299       4       java.nio.DirectLongBufferU::put (18 bytes)
Event: 2.389 Thread 0x0000000016207000 nmethod 1299 0x0000000002d12d10 code [0x0000000002d12e40, 0x0000000002d12ed8]

GC Heap History (9 events):
Event: 0.611 GC heap before
{Heap before GC invocations=1 (full 0):
 PSYoungGen      total 18432K, used 15872K [0x00000000e0000000, 0x00000000e1480000, 0x0000000100000000)
  eden space 15872K, 100% used [0x00000000e0000000,0x00000000e0f80000,0x00000000e0f80000)
  from space 2560K, 0% used [0x00000000e1200000,0x00000000e1200000,0x00000000e1480000)
  to   space 2560K, 0% used [0x00000000e0f80000,0x00000000e0f80000,0x00000000e1200000)
 ParOldGen       total 42496K, used 0K [0x00000000a0000000, 0x00000000a2980000, 0x00000000e0000000)
  object space 42496K, 0% used [0x00000000a0000000,0x00000000a0000000,0x00000000a2980000)
 Metaspace       used 6051K, capacity 6230K, committed 6528K, reserved 1056768K
  class space    used 740K, capacity 783K, committed 896K, reserved 1048576K
Event: 0.615 GC heap after
Heap after GC invocations=1 (full 0):
 PSYoungGen      total 18432K, used 2538K [0x00000000e0000000, 0x00000000e1480000, 0x0000000100000000)
  eden space 15872K, 0% used [0x00000000e0000000,0x00000000e0000000,0x00000000e0f80000)
  from space 2560K, 99% used [0x00000000e0f80000,0x00000000e11faa58,0x00000000e1200000)
  to   space 2560K, 0% used [0x00000000e1200000,0x00000000e1200000,0x00000000e1480000)
 ParOldGen       total 42496K, used 352K [0x00000000a0000000, 0x00000000a2980000, 0x00000000e0000000)
  object space 42496K, 0% used [0x00000000a0000000,0x00000000a0058268,0x00000000a2980000)
 Metaspace       used 6051K, capacity 6230K, committed 6528K, reserved 1056768K
  class space    used 740K, capacity 783K, committed 896K, reserved 1048576K
}
Event: 0.931 GC heap before
{Heap before GC invocations=2 (full 0):
 PSYoungGen      total 18432K, used 18410K [0x00000000e0000000, 0x00000000e1480000, 0x0000000100000000)
  eden space 15872K, 100% used [0x00000000e0000000,0x00000000e0f80000,0x00000000e0f80000)
  from space 2560K, 99% used [0x00000000e0f80000,0x00000000e11faa58,0x00000000e1200000)
  to   space 2560K, 0% used [0x00000000e1200000,0x00000000e1200000,0x00000000e1480000)
 ParOldGen       total 42496K, used 352K [0x00000000a0000000, 0x00000000a2980000, 0x00000000e0000000)
  object space 42496K, 0% used [0x00000000a0000000,0x00000000a0058268,0x00000000a2980000)
 Metaspace       used 6907K, capacity 7126K, committed 7424K, reserved 1056768K
  class space    used 842K, capacity 911K, committed 1024K, reserved 1048576K
Event: 0.935 GC heap after
Heap after GC invocations=2 (full 0):
 PSYoungGen      total 18432K, used 2547K [0x00000000e0000000, 0x00000000e1480000, 0x0000000100000000)
  eden space 15872K, 0% used [0x00000000e0000000,0x00000000e0000000,0x00000000e0f80000)
  from space 2560K, 99% used [0x00000000e1200000,0x00000000e147cd98,0x00000000e1480000)
  to   space 2560K, 0% used [0x00000000e0f80000,0x00000000e0f80000,0x00000000e1200000)
 ParOldGen       total 42496K, used 505K [0x00000000a0000000, 0x00000000a2980000, 0x00000000e0000000)
  object space 42496K, 1% used [0x00000000a0000000,0x00000000a007e408,0x00000000a2980000)
 Metaspace       used 6907K, capacity 7126K, committed 7424K, reserved 1056768K
  class space    used 842K, capacity 911K, committed 1024K, reserved 1048576K
}
Event: 1.147 GC heap before
{Heap before GC invocations=3 (full 0):
 PSYoungGen      total 18432K, used 18419K [0x00000000e0000000, 0x00000000e1480000, 0x0000000100000000)
  eden space 15872K, 100% used [0x00000000e0000000,0x00000000e0f80000,0x00000000e0f80000)
  from space 2560K, 99% used [0x00000000e1200000,0x00000000e147cd98,0x00000000e1480000)
  to   space 2560K, 0% used [0x00000000e0f80000,0x00000000e0f80000,0x00000000e1200000)
 ParOldGen       total 42496K, used 505K [0x00000000a0000000, 0x00000000a2980000, 0x00000000e0000000)
  object space 42496K, 1% used [0x00000000a0000000,0x00000000a007e408,0x00000000a2980000)
 Metaspace       used 7213K, capacity 7472K, committed 7680K, reserved 1056768K
  class space    used 903K, capacity 984K, committed 1024K, reserved 1048576K
Event: 1.149 GC heap after
Heap after GC invocations=3 (full 0):
 PSYoungGen      total 18432K, used 2546K [0x00000000e0000000, 0x00000000e1480000, 0x0000000100000000)
  eden space 15872K, 0% used [0x00000000e0000000,0x00000000e0000000,0x00000000e0f80000)
  from space 2560K, 99% used [0x00000000e0f80000,0x00000000e11fc858,0x00000000e1200000)
  to   space 2560K, 0% used [0x00000000e1200000,0x00000000e1200000,0x00000000e1480000)
 ParOldGen       total 42496K, used 786K [0x00000000a0000000, 0x00000000a2980000, 0x00000000e0000000)
  object space 42496K, 1% used [0x00000000a0000000,0x00000000a00c48b0,0x00000000a2980000)
 Metaspace       used 7213K, capacity 7472K, committed 7680K, reserved 1056768K
  class space    used 903K, capacity 984K, committed 1024K, reserved 1048576K
}
Event: 2.105 GC heap before
{Heap before GC invocations=4 (full 0):
 PSYoungGen      total 18432K, used 18418K [0x00000000e0000000, 0x00000000e1480000, 0x0000000100000000)
  eden space 15872K, 100% used [0x00000000e0000000,0x00000000e0f80000,0x00000000e0f80000)
  from space 2560K, 99% used [0x00000000e0f80000,0x00000000e11fc858,0x00000000e1200000)
  to   space 2560K, 0% used [0x00000000e1200000,0x00000000e1200000,0x00000000e1480000)
 ParOldGen       total 42496K, used 786K [0x00000000a0000000, 0x00000000a2980000, 0x00000000e0000000)
  object space 42496K, 1% used [0x00000000a0000000,0x00000000a00c48b0,0x00000000a2980000)
 Metaspace       used 10836K, capacity 11152K, committed 11264K, reserved 1058816K
  class space    used 1421K, capacity 1522K, committed 1536K, reserved 1048576K
Event: 2.111 GC heap after
Heap after GC invocations=4 (full 0):
 PSYoungGen      total 18432K, used 2544K [0x00000000e0000000, 0x00000000e1480000, 0x0000000100000000)
  eden space 15872K, 0% used [0x00000000e0000000,0x00000000e0000000,0x00000000e0f80000)
  from space 2560K, 99% used [0x00000000e1200000,0x00000000e147c030,0x00000000e1480000)
  to   space 2560K, 0% used [0x00000000e0f80000,0x00000000e0f80000,0x00000000e1200000)
 ParOldGen       total 42496K, used 2842K [0x00000000a0000000, 0x00000000a2980000, 0x00000000e0000000)
  object space 42496K, 6% used [0x00000000a0000000,0x00000000a02c6b60,0x00000000a2980000)
 Metaspace       used 10836K, capacity 11152K, committed 11264K, reserved 1058816K
  class space    used 1421K, capacity 1522K, committed 1536K, reserved 1048576K
}
Event: 2.402 GC heap before
{Heap before GC invocations=5 (full 0):
 PSYoungGen      total 18432K, used 18416K [0x00000000e0000000, 0x00000000e1480000, 0x0000000100000000)
  eden space 15872K, 100% used [0x00000000e0000000,0x00000000e0f80000,0x00000000e0f80000)
  from space 2560K, 99% used [0x00000000e1200000,0x00000000e147c030,0x00000000e1480000)
  to   space 2560K, 0% used [0x00000000e0f80000,0x00000000e0f80000,0x00000000e1200000)
 ParOldGen       total 42496K, used 2842K [0x00000000a0000000, 0x00000000a2980000, 0x00000000e0000000)
  object space 42496K, 6% used [0x00000000a0000000,0x00000000a02c6b60,0x00000000a2980000)
 Metaspace       used 12900K, capacity 13338K, committed 13440K, reserved 1060864K
  class space    used 1749K, capacity 1901K, committed 1920K, reserved 1048576K

Deoptimization events (10 events):
Event: 1.198 Thread 0x000000000278d800 Uncommon trap: reason=bimorphic action=maybe_recompile pc=0x0000000002b2ab7c method=java.util.HashMap.putVal(ILjava/lang/Object;Ljava/lang/Object;ZZ)Ljava/lang/Object; @ 91
Event: 1.206 Thread 0x000000000278d800 Uncommon trap: reason=bimorphic action=maybe_recompile pc=0x0000000002b15e04 method=java.util.HashMap.putVal(ILjava/lang/Object;Ljava/lang/Object;ZZ)Ljava/lang/Object; @ 91
Event: 1.407 Thread 0x000000000278d800 Uncommon trap: reason=bimorphic action=maybe_recompile pc=0x0000000002bc4b84 method=java.util.HashMap.putVal(ILjava/lang/Object;Ljava/lang/Object;ZZ)Ljava/lang/Object; @ 203
Event: 1.589 Thread 0x000000000278d800 Uncommon trap: reason=unstable_if action=reinterpret pc=0x0000000002b7bd54 method=java.io.WinNTFileSystem.normalize(Ljava/lang/String;)Ljava/lang/String; @ 128
Event: 1.589 Thread 0x000000000278d800 Uncommon trap: reason=unstable_if action=reinterpret pc=0x0000000002bb551c method=java.io.WinNTFileSystem.normalize(Ljava/lang/String;II)Ljava/lang/String; @ 90
Event: 2.171 Thread 0x0000000018dd3000 Uncommon trap: reason=unstable_if action=reinterpret pc=0x0000000002c26a9c method=java.util.concurrent.ConcurrentHashMap.putVal(Ljava/lang/Object;Ljava/lang/Object;Z)Ljava/lang/Object; @ 206
Event: 2.255 Thread 0x0000000019235000 Uncommon trap: reason=bimorphic action=maybe_recompile pc=0x0000000002bc4614 method=java.util.HashMap.putVal(ILjava/lang/Object;Ljava/lang/Object;ZZ)Ljava/lang/Object; @ 253
Event: 2.255 Thread 0x0000000019235000 Uncommon trap: reason=bimorphic action=maybe_recompile pc=0x0000000002bc4614 method=java.util.HashMap.putVal(ILjava/lang/Object;Ljava/lang/Object;ZZ)Ljava/lang/Object; @ 253
Event: 2.255 Thread 0x0000000019235000 Uncommon trap: reason=bimorphic action=maybe_recompile pc=0x0000000002ced448 method=java.util.HashMap.putVal(ILjava/lang/Object;Ljava/lang/Object;ZZ)Ljava/lang/Object; @ 253
Event: 2.269 Thread 0x0000000019235000 Uncommon trap: reason=class_check action=maybe_recompile pc=0x0000000002b035dc method=java.util.regex.Matcher.match(II)Z @ 86

Classes redefined (0 events):
No events

Internal exceptions (10 events):
Event: 2.189 Thread 0x0000000018dd3000 Exception <a 'java/lang/NoSuchMethodError': <clinit>> (0x00000000e0232468) thrown at [D:\src\AOSP-openjdk-cygwin\jdk8u\hotspot\src\share\vm\prims\jni.cpp, line 1613]
Event: 2.192 Thread 0x0000000018dd3000 Exception <a 'java/lang/NoSuchMethodError': <clinit>> (0x00000000e0249f88) thrown at [D:\src\AOSP-openjdk-cygwin\jdk8u\hotspot\src\share\vm\prims\jni.cpp, line 1613]
Event: 2.192 Thread 0x0000000018dd3000 Exception <a 'java/lang/NoSuchMethodError': <clinit>> (0x00000000e0252a50) thrown at [D:\src\AOSP-openjdk-cygwin\jdk8u\hotspot\src\share\vm\prims\jni.cpp, line 1613]
Event: 2.194 Thread 0x0000000018dd3000 Exception <a 'java/lang/NoSuchMethodError': <clinit>> (0x00000000e0264178) thrown at [D:\src\AOSP-openjdk-cygwin\jdk8u\hotspot\src\share\vm\prims\jni.cpp, line 1613]
Event: 2.208 Thread 0x0000000018dd3000 Exception <a 'java/lang/NoSuchMethodError': <clinit>> (0x00000000e02d1a20) thrown at [D:\src\AOSP-openjdk-cygwin\jdk8u\hotspot\src\share\vm\prims\jni.cpp, line 1613]
Event: 2.211 Thread 0x0000000018dd3000 Exception <a 'java/lang/NoSuchMethodError': <clinit>> (0x00000000e02f5320) thrown at [D:\src\AOSP-openjdk-cygwin\jdk8u\hotspot\src\share\vm\prims\jni.cpp, line 1613]
Event: 2.215 Thread 0x0000000018dd3000 Exception <a 'java/lang/NoSuchMethodError': <clinit>> (0x00000000e03102e0) thrown at [D:\src\AOSP-openjdk-cygwin\jdk8u\hotspot\src\share\vm\prims\jni.cpp, line 1613]
Event: 2.218 Thread 0x0000000018dd3000 Exception <a 'java/lang/NoSuchMethodError': <clinit>> (0x00000000e0332ef8) thrown at [D:\src\AOSP-openjdk-cygwin\jdk8u\hotspot\src\share\vm\prims\jni.cpp, line 1613]
Event: 2.244 Thread 0x0000000019235000 Exception <a 'java/lang/NoSuchMethodError': <clinit>> (0x00000000e040c130) thrown at [D:\src\AOSP-openjdk-cygwin\jdk8u\hotspot\src\share\vm\prims\jni.cpp, line 1613]
Event: 2.244 Thread 0x0000000019235000 Exception <a 'java/lang/NoSuchMethodError': <clinit>> (0x00000000e04143b8) thrown at [D:\src\AOSP-openjdk-cygwin\jdk8u\hotspot\src\share\vm\prims\jni.cpp, line 1613]

Events (10 events):
Event: 2.401 loading class kotlin/reflect/jvm/internal/ReflectProperties done
Event: 2.402 loading class kotlin/reflect/jvm/internal/ReflectProperties$LazyVal
Event: 2.402 loading class kotlin/reflect/jvm/internal/ReflectProperties$LazyVal done
Event: 2.402 loading class kotlin/reflect/jvm/internal/ReflectProperties$Val
Event: 2.402 loading class kotlin/reflect/jvm/internal/ReflectProperties$Val done
Event: 2.402 loading class kotlin/reflect/jvm/internal/ReflectProperties$Val$1
Event: 2.402 loading class kotlin/reflect/jvm/internal/ReflectProperties$Val$1 done
Event: 2.402 loading class kotlin/reflect/jvm/internal/pcollections/MapEntry
Event: 2.402 loading class kotlin/reflect/jvm/internal/pcollections/MapEntry done
Event: 2.402 Executing VM operation: ParallelGCFailedAllocation


Dynamic libraries:
0x00007ff6b5430000 - 0x00007ff6b5461000 	C:\Program Files\Android\Android Studio\jre\bin\java.exe
0x00007ffadac60000 - 0x00007ffadae41000 	C:\WINDOWS\SYSTEM32\ntdll.dll
0x00007ffad8690000 - 0x00007ffad8742000 	C:\WINDOWS\System32\KERNEL32.DLL
0x00007ffad7320000 - 0x00007ffad7593000 	C:\WINDOWS\System32\KERNELBASE.dll
0x00007ffadab80000 - 0x00007ffadac21000 	C:\WINDOWS\System32\ADVAPI32.dll
0x00007ffad8d60000 - 0x00007ffad8dfe000 	C:\WINDOWS\System32\msvcrt.dll
0x00007ffad91b0000 - 0x00007ffad920b000 	C:\WINDOWS\System32\sechost.dll
0x00007ffada650000 - 0x00007ffada774000 	C:\WINDOWS\System32\RPCRT4.dll
0x00007ffada920000 - 0x00007ffadaab0000 	C:\WINDOWS\System32\USER32.dll
0x00007ffad7600000 - 0x00007ffad7620000 	C:\WINDOWS\System32\win32u.dll
0x00007ffada8f0000 - 0x00007ffada918000 	C:\WINDOWS\System32\GDI32.dll
0x00007ffad7d80000 - 0x00007ffad7f12000 	C:\WINDOWS\System32\gdi32full.dll
0x00007ffad8050000 - 0x00007ffad80ef000 	C:\WINDOWS\System32\msvcp_win.dll
0x00007ffad7030000 - 0x00007ffad712a000 	C:\WINDOWS\System32\ucrtbase.dll
0x00007ffac8b70000 - 0x00007ffac8dd9000 	C:\WINDOWS\WinSxS\amd64_microsoft.windows.common-controls_6595b64144ccf1df_6.0.17134.345_none_fb429a5930656358\COMCTL32.dll
0x00007ffad8130000 - 0x00007ffad8453000 	C:\WINDOWS\System32\combase.dll
0x00007ffad7f20000 - 0x00007ffad7f9a000 	C:\WINDOWS\System32\bcryptPrimitives.dll
0x00007ffad80f0000 - 0x00007ffad811d000 	C:\WINDOWS\System32\IMM32.DLL
0x0000000056290000 - 0x0000000056362000 	C:\Program Files\Android\Android Studio\jre\jre\bin\msvcr100.dll
0x0000000056450000 - 0x0000000056c8f000 	C:\Program Files\Android\Android Studio\jre\jre\bin\server\jvm.dll
0x00007ffad8460000 - 0x00007ffad8468000 	C:\WINDOWS\System32\PSAPI.DLL
0x00007ffad4f20000 - 0x00007ffad4f43000 	C:\WINDOWS\SYSTEM32\WINMM.dll
0x00007ffad5ba0000 - 0x00007ffad5ba9000 	C:\WINDOWS\SYSTEM32\WSOCK32.dll
0x00007ffad5b90000 - 0x00007ffad5b9a000 	C:\WINDOWS\SYSTEM32\VERSION.dll
0x00007ffada7e0000 - 0x00007ffada84c000 	C:\WINDOWS\System32\WS2_32.dll
0x00007ffad4ad0000 - 0x00007ffad4afa000 	C:\WINDOWS\SYSTEM32\winmmbase.dll
0x00007ffad7620000 - 0x00007ffad7669000 	C:\WINDOWS\System32\cfgmgr32.dll
0x00007ffad5b40000 - 0x00007ffad5b4f000 	C:\Program Files\Android\Android Studio\jre\jre\bin\verify.dll
0x00007ffad0e70000 - 0x00007ffad0e99000 	C:\Program Files\Android\Android Studio\jre\jre\bin\java.dll
0x00007ffacc620000 - 0x00007ffacc636000 	C:\Program Files\Android\Android Studio\jre\jre\bin\zip.dll
0x00007ffad9210000 - 0x00007ffada64f000 	C:\WINDOWS\System32\SHELL32.dll
0x00007ffad8490000 - 0x00007ffad8539000 	C:\WINDOWS\System32\shcore.dll
0x00007ffad7670000 - 0x00007ffad7d7d000 	C:\WINDOWS\System32\windows.storage.dll
0x00007ffad88b0000 - 0x00007ffad8901000 	C:\WINDOWS\System32\shlwapi.dll
0x00007ffad7010000 - 0x00007ffad7021000 	C:\WINDOWS\System32\kernel.appcore.dll
0x00007ffad6fe0000 - 0x00007ffad6fff000 	C:\WINDOWS\System32\profapi.dll
0x00007ffad6f90000 - 0x00007ffad6fdc000 	C:\WINDOWS\System32\powrprof.dll
0x00007ffad7000000 - 0x00007ffad700a000 	C:\WINDOWS\System32\FLTLIB.DLL
0x00007ffac8ee0000 - 0x00007ffac8efa000 	C:\Program Files\Android\Android Studio\jre\jre\bin\net.dll
0x00007ffad6790000 - 0x00007ffad67f6000 	C:\WINDOWS\system32\mswsock.dll
0x00007ffabd9a0000 - 0x00007ffabd9b1000 	C:\Program Files\Android\Android Studio\jre\jre\bin\nio.dll
0x00007ffac22f0000 - 0x00007ffac230e000 	C:\Users\renan\.gradle\native\25\windows-amd64\native-platform.dll
0x00007ffac9620000 - 0x00007ffac962d000 	C:\Program Files\Android\Android Studio\jre\jre\bin\management.dll
0x00007ffad6940000 - 0x00007ffad6957000 	C:\WINDOWS\SYSTEM32\CRYPTSP.dll
0x00007ffad6370000 - 0x00007ffad63a3000 	C:\WINDOWS\system32\rsaenh.dll
0x00007ffad6ad0000 - 0x00007ffad6af5000 	C:\WINDOWS\SYSTEM32\bcrypt.dll
0x00007ffad6e70000 - 0x00007ffad6e98000 	C:\WINDOWS\SYSTEM32\USERENV.dll
0x00007ffad6960000 - 0x00007ffad696b000 	C:\WINDOWS\SYSTEM32\CRYPTBASE.dll
0x00007ffad6510000 - 0x00007ffad6548000 	C:\WINDOWS\SYSTEM32\IPHLPAPI.DLL
0x00007ffad8e00000 - 0x00007ffad8e08000 	C:\WINDOWS\System32\NSI.dll
0x00007ffacfaf0000 - 0x00007ffacfb06000 	C:\WINDOWS\SYSTEM32\dhcpcsvc6.DLL
0x00007ffacfba0000 - 0x00007ffacfbba000 	C:\WINDOWS\SYSTEM32\dhcpcsvc.DLL

VM Arguments:
jvm_args: -Xmx1536m -Dfile.encoding=windows-1252 -Duser.country=BR -Duser.language=pt -Duser.variant 
java_command: org.gradle.launcher.daemon.bootstrap.GradleDaemon 4.4
java_class_path (initial): C:\Users\renan\.gradle\wrapper\dists\gradle-4.4-all\9br9xq1tocpiv8o6njlyu5op1\gradle-4.4\lib\gradle-launcher-4.4.jar
Launcher Type: SUN_STANDARD

Environment Variables:
PATH=C:\Program Files (x86)\Common Files\Oracle\Java\javapath;C:\ProgramData\Oracle\Java\javapath;C:\WINDOWS\system32;C:\WINDOWS;C:\WINDOWS\System32\Wbem;C:\WINDOWS\System32\WindowsPowerShell\v1.0\;C:\Users\renan\AppData\Local\Programs\Python\Python36-32;C:\Users\renan\AppData\Local\Programs\Python\Python36-32\Scripts;;C:\WINDOWS\System32\OpenSSH\;C:\Program Files\MySQL\MySQL Utilities 1.6\;C:\Program Files\Microsoft VS Code\bin;C:\Program Files\nodejs\;C:\Users\renan\AppData\Local\Microsoft\WindowsApps;C:\Users\renan\AppData\Roaming\npm;C:\Users\renan\AppData\Local\Programs\Microsoft VS Code\bin
USERNAME=renan
OS=Windows_NT
PROCESSOR_IDENTIFIER=Intel64 Family 6 Model 142 Stepping 9, GenuineIntel



---------------  S Y S T E M  ---------------

OS: Windows 10.0 , 64 bit Build 17134 (10.0.17134.1)

CPU:total 4 (initial active 4) (2 cores per cpu, 2 threads per core) family 6 model 142 stepping 9, cmov, cx8, fxsr, mmx, sse, sse2, sse3, ssse3, sse4.1, sse4.2, popcnt, avx, avx2, aes, clmul, erms, 3dnowpref, lzcnt, ht, tsc, tscinvbit, bmi1, bmi2, adx

Memory: 4k page, physical 4034820k(688216k free), swap 5673220k(1508k free)

vm_info: OpenJDK 64-Bit Server VM (25.152-b02) for windows-amd64 JRE (1.8.0_152-release-1024-b02), built by "builder" with MS VC++ 10.0 (VS2010)

time: Mon Oct 22 21:22:54 2018
elapsed time: 2 seconds (0d 0h 0m 2s)

