#
# There is insufficient memory for the Java Runtime Environment to continue.
# Native memory allocation (malloc) failed to allocate 360544 bytes for Chunk::new
# Possible reasons:
#   The system is out of physical RAM or swap space
#   In 32 bit mode, the process size limit was hit
# Possible solutions:
#   Reduce memory load on the system
#   Increase physical memory or swap space
#   Check if swap backing store is full
#   Use 64 bit Java on a 64 bit OS
#   Decrease Java heap size (-Xmx/-Xms)
#   Decrease number of Java threads
#   Decrease Java thread stack sizes (-Xss)
#   Set larger code cache with -XX:ReservedCodeCacheSize=
# This output file may be truncated or incomplete.
#
#  Out of Memory Error (allocation.cpp:390), pid=6708, tid=0x0000000000001e48
#
# JRE version: OpenJDK Runtime Environment (8.0_152-b02) (build 1.8.0_152-release-1024-b02)
# Java VM: OpenJDK 64-Bit Server VM (25.152-b02 mixed mode windows-amd64 compressed oops)
# Failed to write core dump. Minidumps are not enabled by default on client versions of Windows
#

---------------  T H R E A D  ---------------

Current thread (0x00000000167bf000):  JavaThread "C2 CompilerThread1" daemon [_thread_in_native, id=7752, stack(0x0000000017f20000,0x0000000018020000)]

Stack: [0x0000000017f20000,0x0000000018020000]
[error occurred during error reporting (printing stack bounds), id 0xc0000005]

Native frames: (J=compiled Java code, j=interpreted, Vv=VM code, C=native code)


Current CompileTask:
C2:   1923 1300   !   4       java.lang.ClassLoader::loadClass (122 bytes)


---------------  P R O C E S S  ---------------

Java Threads: ( => current thread )
  0x0000000019611800 JavaThread "Stdin handler" [_thread_blocked, id=13060, stack(0x000000001ae80000,0x000000001af80000)]
  0x000000001960f800 JavaThread "Asynchronous log dispatcher for DefaultDaemonConnection: socket connection from /127.0.0.1:51569 to /127.0.0.1:51570" [_thread_blocked, id=6740, stack(0x000000001ad80000,0x000000001ae80000)]
  0x000000001960e000 JavaThread "Daemon worker" [_thread_in_native, id=3588, stack(0x000000001ac80000,0x000000001ad80000)]
  0x0000000019647800 JavaThread "Cancel handler" [_thread_blocked, id=9796, stack(0x000000001ab80000,0x000000001ac80000)]
  0x00000000195ea800 JavaThread "Handler for socket connection from /127.0.0.1:51569 to /127.0.0.1:51570" [_thread_in_native, id=6380, stack(0x000000001a880000,0x000000001a980000)]
  0x00000000195e7000 JavaThread "Daemon" [_thread_blocked, id=9044, stack(0x000000001a780000,0x000000001a880000)]
  0x0000000019708800 JavaThread "Daemon periodic checks" [_thread_blocked, id=876, stack(0x000000001a680000,0x000000001a780000)]
  0x00000000197c7800 JavaThread "Incoming local TCP Connector on port 51569" [_thread_in_native, id=10140, stack(0x000000001a430000,0x000000001a530000)]
  0x0000000018150800 JavaThread "Service Thread" daemon [_thread_blocked, id=2424, stack(0x0000000018520000,0x0000000018620000)]
  0x00000000167c2800 JavaThread "C1 CompilerThread2" daemon [_thread_blocked, id=5876, stack(0x0000000018020000,0x0000000018120000)]
=>0x00000000167bf000 JavaThread "C2 CompilerThread1" daemon [_thread_in_native, id=7752, stack(0x0000000017f20000,0x0000000018020000)]
  0x00000000167b9000 JavaThread "C2 CompilerThread0" daemon [_thread_in_native, id=10016, stack(0x0000000017e20000,0x0000000017f20000)]
  0x00000000167b8000 JavaThread "Attach Listener" daemon [_thread_blocked, id=9456, stack(0x0000000017d20000,0x0000000017e20000)]
  0x00000000167c6800 JavaThread "Signal Dispatcher" daemon [_thread_blocked, id=6968, stack(0x0000000017c20000,0x0000000017d20000)]
  0x00000000167a8800 JavaThread "Finalizer" daemon [_thread_blocked, id=1016, stack(0x0000000017a10000,0x0000000017b10000)]
  0x0000000002e41000 JavaThread "Reference Handler" daemon [_thread_blocked, id=640, stack(0x0000000017910000,0x0000000017a10000)]
  0x0000000002d4d800 JavaThread "main" [_thread_blocked, id=11732, stack(0x0000000002b50000,0x0000000002c50000)]

Other Threads:
  0x0000000016785800 VMThread [stack: 0x0000000017810000,0x0000000017910000] [id=2072]
  0x000000001681a000 WatcherThread [stack: 0x0000000018620000,0x0000000018720000] [id=7476]

VM state:not at safepoint (normal execution)

VM Mutex/Monitor currently owned by a thread: None

Heap:
 PSYoungGen      total 34304K, used 23357K [0x00000000e0000000, 0x00000000e2400000, 0x0000000100000000)
  eden space 31744K, 65% used [0x00000000e0000000,0x00000000e14534b0,0x00000000e1f00000)
  from space 2560K, 99% used [0x00000000e2180000,0x00000000e23fc010,0x00000000e2400000)
  to   space 2560K, 0% used [0x00000000e1f00000,0x00000000e1f00000,0x00000000e2180000)
 ParOldGen       total 42496K, used 2868K [0x00000000a0000000, 0x00000000a2980000, 0x00000000e0000000)
  object space 42496K, 6% used [0x00000000a0000000,0x00000000a02cd2b0,0x00000000a2980000)
 Metaspace       used 13093K, capacity 13494K, committed 13824K, reserved 1060864K
  class space    used 1785K, capacity 1933K, committed 2048K, reserved 1048576K

Card table byte_map: [0x0000000012210000,0x0000000012520000] byte_map_base: 0x0000000011d10000

Marking Bits: (ParMarkBitMap*) 0x0000000056c14970
 Begin Bits: [0x0000000012b20000, 0x0000000014320000)
 End Bits:   [0x0000000014320000, 0x0000000015b20000)

Polling page: 0x0000000001220000

CodeCache: size=245760Kb used=4579Kb max_used=4579Kb free=241181Kb
 bounds [0x0000000002e50000, 0x00000000032d0000, 0x0000000011e50000]
 total_blobs=1666 nmethods=1303 adapters=276
 compilation: enabled

Compilation events (10 events):
Event: 1.877 Thread 0x00000000167bf000 1300   !   4       java.lang.ClassLoader::loadClass (122 bytes)
Event: 1.884 Thread 0x00000000167b9000 nmethod 1288 0x00000000032c91d0 code [0x00000000032c9360, 0x00000000032ca0e8]
Event: 1.884 Thread 0x00000000167b9000 1301       4       java.lang.String::lastIndexOf (151 bytes)
Event: 1.886 Thread 0x00000000167b9000 nmethod 1301 0x00000000032c2290 code [0x00000000032c23e0, 0x00000000032c2658]
Event: 1.914 Thread 0x00000000167c2800 1302       3       org.gradle.internal.service.DefaultServiceMethodFactory::toServiceMethod (11 bytes)
Event: 1.914 Thread 0x00000000167c2800 nmethod 1302 0x00000000032c8d50 code [0x00000000032c8ec0, 0x00000000032c90e8]
Event: 1.914 Thread 0x00000000167c2800 1303   !   3       org.gradle.internal.service.MethodHandleBasedServiceMethodFactory::toServiceMethod (51 bytes)
Event: 1.915 Thread 0x00000000167c2800 nmethod 1303 0x00000000032c6ed0 code [0x00000000032c7160, 0x00000000032c8348]
Event: 1.915 Thread 0x00000000167c2800 1304       3       org.gradle.internal.service.AbstractServiceMethod::<init> (42 bytes)
Event: 1.917 Thread 0x00000000167c2800 nmethod 1304 0x00000000032ca950 code [0x00000000032cabc0, 0x00000000032cbee8]

GC Heap History (8 events):
Event: 0.469 GC heap before
{Heap before GC invocations=1 (full 0):
 PSYoungGen      total 18432K, used 15872K [0x00000000e0000000, 0x00000000e1480000, 0x0000000100000000)
  eden space 15872K, 100% used [0x00000000e0000000,0x00000000e0f80000,0x00000000e0f80000)
  from space 2560K, 0% used [0x00000000e1200000,0x00000000e1200000,0x00000000e1480000)
  to   space 2560K, 0% used [0x00000000e0f80000,0x00000000e0f80000,0x00000000e1200000)
 ParOldGen       total 42496K, used 0K [0x00000000a0000000, 0x00000000a2980000, 0x00000000e0000000)
  object space 42496K, 0% used [0x00000000a0000000,0x00000000a0000000,0x00000000a2980000)
 Metaspace       used 6054K, capacity 6226K, committed 6528K, reserved 1056768K
  class space    used 740K, capacity 783K, committed 896K, reserved 1048576K
Event: 0.472 GC heap after
Heap after GC invocations=1 (full 0):
 PSYoungGen      total 18432K, used 2538K [0x00000000e0000000, 0x00000000e1480000, 0x0000000100000000)
  eden space 15872K, 0% used [0x00000000e0000000,0x00000000e0000000,0x00000000e0f80000)
  from space 2560K, 99% used [0x00000000e0f80000,0x00000000e11faa78,0x00000000e1200000)
  to   space 2560K, 0% used [0x00000000e1200000,0x00000000e1200000,0x00000000e1480000)
 ParOldGen       total 42496K, used 352K [0x00000000a0000000, 0x00000000a2980000, 0x00000000e0000000)
  object space 42496K, 0% used [0x00000000a0000000,0x00000000a0058268,0x00000000a2980000)
 Metaspace       used 6054K, capacity 6226K, committed 6528K, reserved 1056768K
  class space    used 740K, capacity 783K, committed 896K, reserved 1048576K
}
Event: 0.694 GC heap before
{Heap before GC invocations=2 (full 0):
 PSYoungGen      total 18432K, used 18410K [0x00000000e0000000, 0x00000000e1480000, 0x0000000100000000)
  eden space 15872K, 100% used [0x00000000e0000000,0x00000000e0f80000,0x00000000e0f80000)
  from space 2560K, 99% used [0x00000000e0f80000,0x00000000e11faa78,0x00000000e1200000)
  to   space 2560K, 0% used [0x00000000e1200000,0x00000000e1200000,0x00000000e1480000)
 ParOldGen       total 42496K, used 352K [0x00000000a0000000, 0x00000000a2980000, 0x00000000e0000000)
  object space 42496K, 0% used [0x00000000a0000000,0x00000000a0058268,0x00000000a2980000)
 Metaspace       used 6908K, capacity 7122K, committed 7424K, reserved 1056768K
  class space    used 841K, capacity 911K, committed 1024K, reserved 1048576K
Event: 0.699 GC heap after
Heap after GC invocations=2 (full 0):
 PSYoungGen      total 18432K, used 2544K [0x00000000e0000000, 0x00000000e2400000, 0x0000000100000000)
  eden space 15872K, 0% used [0x00000000e0000000,0x00000000e0000000,0x00000000e0f80000)
  from space 2560K, 99% used [0x00000000e1200000,0x00000000e147c278,0x00000000e1480000)
  to   space 2560K, 0% used [0x00000000e0f80000,0x00000000e0f80000,0x00000000e1200000)
 ParOldGen       total 42496K, used 494K [0x00000000a0000000, 0x00000000a2980000, 0x00000000e0000000)
  object space 42496K, 1% used [0x00000000a0000000,0x00000000a007ba10,0x00000000a2980000)
 Metaspace       used 6908K, capacity 7122K, committed 7424K, reserved 1056768K
  class space    used 841K, capacity 911K, committed 1024K, reserved 1048576K
}
Event: 0.850 GC heap before
{Heap before GC invocations=3 (full 0):
 PSYoungGen      total 18432K, used 18416K [0x00000000e0000000, 0x00000000e2400000, 0x0000000100000000)
  eden space 15872K, 100% used [0x00000000e0000000,0x00000000e0f80000,0x00000000e0f80000)
  from space 2560K, 99% used [0x00000000e1200000,0x00000000e147c278,0x00000000e1480000)
  to   space 2560K, 0% used [0x00000000e0f80000,0x00000000e0f80000,0x00000000e1200000)
 ParOldGen       total 42496K, used 494K [0x00000000a0000000, 0x00000000a2980000, 0x00000000e0000000)
  object space 42496K, 1% used [0x00000000a0000000,0x00000000a007ba10,0x00000000a2980000)
 Metaspace       used 7194K, capacity 7468K, committed 7680K, reserved 1056768K
  class space    used 902K, capacity 984K, committed 1024K, reserved 1048576K
Event: 0.853 GC heap after
Heap after GC invocations=3 (full 0):
 PSYoungGen      total 18432K, used 2544K [0x00000000e0000000, 0x00000000e2400000, 0x0000000100000000)
  eden space 15872K, 0% used [0x00000000e0000000,0x00000000e0000000,0x00000000e0f80000)
  from space 2560K, 99% used [0x00000000e0f80000,0x00000000e11fc030,0x00000000e1200000)
  to   space 2560K, 0% used [0x00000000e2180000,0x00000000e2180000,0x00000000e2400000)
 ParOldGen       total 42496K, used 776K [0x00000000a0000000, 0x00000000a2980000, 0x00000000e0000000)
  object space 42496K, 1% used [0x00000000a0000000,0x00000000a00c2010,0x00000000a2980000)
 Metaspace       used 7194K, capacity 7468K, committed 7680K, reserved 1056768K
  class space    used 902K, capacity 984K, committed 1024K, reserved 1048576K
}
Event: 1.597 GC heap before
{Heap before GC invocations=4 (full 0):
 PSYoungGen      total 18432K, used 18416K [0x00000000e0000000, 0x00000000e2400000, 0x0000000100000000)
  eden space 15872K, 100% used [0x00000000e0000000,0x00000000e0f80000,0x00000000e0f80000)
  from space 2560K, 99% used [0x00000000e0f80000,0x00000000e11fc030,0x00000000e1200000)
  to   space 2560K, 0% used [0x00000000e2180000,0x00000000e2180000,0x00000000e2400000)
 ParOldGen       total 42496K, used 776K [0x00000000a0000000, 0x00000000a2980000, 0x00000000e0000000)
  object space 42496K, 1% used [0x00000000a0000000,0x00000000a00c2010,0x00000000a2980000)
 Metaspace       used 10811K, capacity 11148K, committed 11264K, reserved 1058816K
  class space    used 1422K, capacity 1522K, committed 1536K, reserved 1048576K
Event: 1.606 GC heap after
Heap after GC invocations=4 (full 0):
 PSYoungGen      total 34304K, used 2544K [0x00000000e0000000, 0x00000000e2400000, 0x0000000100000000)
  eden space 31744K, 0% used [0x00000000e0000000,0x00000000e0000000,0x00000000e1f00000)
  from space 2560K, 99% used [0x00000000e2180000,0x00000000e23fc010,0x00000000e2400000)
  to   space 2560K, 0% used [0x00000000e1f00000,0x00000000e1f00000,0x00000000e2180000)
 ParOldGen       total 42496K, used 2868K [0x00000000a0000000, 0x00000000a2980000, 0x00000000e0000000)
  object space 42496K, 6% used [0x00000000a0000000,0x00000000a02cd2b0,0x00000000a2980000)
 Metaspace       used 10811K, capacity 11148K, committed 11264K, reserved 1058816K
  class space    used 1422K, capacity 1522K, committed 1536K, reserved 1048576K
}

Deoptimization events (10 events):
Event: 0.887 Thread 0x0000000002d4d800 Uncommon trap: reason=bimorphic action=maybe_recompile pc=0x00000000030e98c8 method=java.util.HashMap.putVal(ILjava/lang/Object;Ljava/lang/Object;ZZ)Ljava/lang/Object; @ 91
Event: 0.888 Thread 0x0000000002d4d800 Uncommon trap: reason=bimorphic action=maybe_recompile pc=0x00000000030e98c8 method=java.util.HashMap.putVal(ILjava/lang/Object;Ljava/lang/Object;ZZ)Ljava/lang/Object; @ 91
Event: 0.892 Thread 0x0000000002d4d800 Uncommon trap: reason=bimorphic action=maybe_recompile pc=0x00000000030d4b44 method=java.util.HashMap.putVal(ILjava/lang/Object;Ljava/lang/Object;ZZ)Ljava/lang/Object; @ 91
Event: 1.004 Thread 0x0000000002d4d800 Uncommon trap: reason=bimorphic action=maybe_recompile pc=0x0000000003183354 method=java.util.HashMap.putVal(ILjava/lang/Object;Ljava/lang/Object;ZZ)Ljava/lang/Object; @ 203
Event: 1.147 Thread 0x0000000002d4d800 Uncommon trap: reason=unstable_if action=reinterpret pc=0x000000000312fb58 method=java.io.WinNTFileSystem.normalize(Ljava/lang/String;)Ljava/lang/String; @ 128
Event: 1.147 Thread 0x0000000002d4d800 Uncommon trap: reason=unstable_if action=reinterpret pc=0x00000000031693a8 method=java.io.WinNTFileSystem.normalize(Ljava/lang/String;II)Ljava/lang/String; @ 90
Event: 1.657 Thread 0x00000000195ea800 Uncommon trap: reason=unstable_if action=reinterpret pc=0x00000000031db0e0 method=java.util.concurrent.ConcurrentHashMap.putVal(Ljava/lang/Object;Ljava/lang/Object;Z)Ljava/lang/Object; @ 206
Event: 1.754 Thread 0x000000001960e000 Uncommon trap: reason=bimorphic action=maybe_recompile pc=0x0000000003182c98 method=java.util.HashMap.putVal(ILjava/lang/Object;Ljava/lang/Object;ZZ)Ljava/lang/Object; @ 253
Event: 1.754 Thread 0x000000001960e000 Uncommon trap: reason=bimorphic action=maybe_recompile pc=0x0000000003182c98 method=java.util.HashMap.putVal(ILjava/lang/Object;Ljava/lang/Object;ZZ)Ljava/lang/Object; @ 253
Event: 1.775 Thread 0x000000001960e000 Uncommon trap: reason=class_check action=maybe_recompile pc=0x00000000030c1c9c method=java.util.regex.Matcher.match(II)Z @ 86

Classes redefined (0 events):
No events

Internal exceptions (10 events):
Event: 1.678 Thread 0x00000000195ea800 Exception <a 'java/lang/NoSuchMethodError': <clinit>> (0x00000000e03352e0) thrown at [D:\src\AOSP-openjdk-cygwin\jdk8u\hotspot\src\share\vm\prims\jni.cpp, line 1613]
Event: 1.681 Thread 0x00000000195ea800 Exception <a 'java/lang/NoSuchMethodError': <clinit>> (0x00000000e034cdb8) thrown at [D:\src\AOSP-openjdk-cygwin\jdk8u\hotspot\src\share\vm\prims\jni.cpp, line 1613]
Event: 1.681 Thread 0x00000000195ea800 Exception <a 'java/lang/NoSuchMethodError': <clinit>> (0x00000000e0355880) thrown at [D:\src\AOSP-openjdk-cygwin\jdk8u\hotspot\src\share\vm\prims\jni.cpp, line 1613]
Event: 1.684 Thread 0x00000000195ea800 Exception <a 'java/lang/NoSuchMethodError': <clinit>> (0x00000000e0366ef0) thrown at [D:\src\AOSP-openjdk-cygwin\jdk8u\hotspot\src\share\vm\prims\jni.cpp, line 1613]
Event: 1.701 Thread 0x00000000195ea800 Exception <a 'java/lang/NoSuchMethodError': <clinit>> (0x00000000e03d4790) thrown at [D:\src\AOSP-openjdk-cygwin\jdk8u\hotspot\src\share\vm\prims\jni.cpp, line 1613]
Event: 1.705 Thread 0x00000000195ea800 Exception <a 'java/lang/NoSuchMethodError': <clinit>> (0x00000000e03f8090) thrown at [D:\src\AOSP-openjdk-cygwin\jdk8u\hotspot\src\share\vm\prims\jni.cpp, line 1613]
Event: 1.711 Thread 0x00000000195ea800 Exception <a 'java/lang/NoSuchMethodError': <clinit>> (0x00000000e0412ff0) thrown at [D:\src\AOSP-openjdk-cygwin\jdk8u\hotspot\src\share\vm\prims\jni.cpp, line 1613]
Event: 1.714 Thread 0x00000000195ea800 Exception <a 'java/lang/NoSuchMethodError': <clinit>> (0x00000000e0435c30) thrown at [D:\src\AOSP-openjdk-cygwin\jdk8u\hotspot\src\share\vm\prims\jni.cpp, line 1613]
Event: 1.739 Thread 0x000000001960e000 Exception <a 'java/lang/NoSuchMethodError': <clinit>> (0x00000000e0511368) thrown at [D:\src\AOSP-openjdk-cygwin\jdk8u\hotspot\src\share\vm\prims\jni.cpp, line 1613]
Event: 1.740 Thread 0x000000001960e000 Exception <a 'java/lang/NoSuchMethodError': <clinit>> (0x00000000e05195f0) thrown at [D:\src\AOSP-openjdk-cygwin\jdk8u\hotspot\src\share\vm\prims\jni.cpp, line 1613]

Events (10 events):
Event: 1.919 loading class org/gradle/api/internal/artifacts/ivyservice/projectmodule/LocalComponentRegistry
Event: 1.919 loading class org/gradle/api/internal/artifacts/ivyservice/projectmodule/LocalComponentRegistry done
Event: 1.919 loading class org/gradle/api/internal/artifacts/ivyservice/projectmodule/ProjectPublicationRegistry
Event: 1.919 loading class org/gradle/api/internal/artifacts/ivyservice/projectmodule/ProjectPublicationRegistry done
Event: 1.919 loading class org/gradle/api/internal/filestore/ivy/ArtifactIdentifierFileStore
Event: 1.919 loading class org/gradle/api/internal/filestore/ivy/ArtifactIdentifierFileStore done
Event: 1.919 loading class org/gradle/internal/resource/local/GroupedAndNamedUniqueFileStore
Event: 1.919 loading class org/gradle/internal/resource/local/GroupedAndNamedUniqueFileStore done
Event: 1.920 loading class org/gradle/internal/resource/local/LocallyAvailableResourceFinder
Event: 1.920 loading class org/gradle/internal/resource/local/LocallyAvailableResourceFinder done


Dynamic libraries:
0x00007ff6b5430000 - 0x00007ff6b5461000 	C:\Program Files\Android\Android Studio\jre\bin\java.exe
0x00007ffadac60000 - 0x00007ffadae41000 	C:\WINDOWS\SYSTEM32\ntdll.dll
0x00007ffad8690000 - 0x00007ffad8742000 	C:\WINDOWS\System32\KERNEL32.DLL
0x00007ffad7320000 - 0x00007ffad7593000 	C:\WINDOWS\System32\KERNELBASE.dll
0x00007ffadab80000 - 0x00007ffadac21000 	C:\WINDOWS\System32\ADVAPI32.dll
0x00007ffad8d60000 - 0x00007ffad8dfe000 	C:\WINDOWS\System32\msvcrt.dll
0x00007ffad91b0000 - 0x00007ffad920b000 	C:\WINDOWS\System32\sechost.dll
0x00007ffada650000 - 0x00007ffada774000 	C:\WINDOWS\System32\RPCRT4.dll
0x00007ffada920000 - 0x00007ffadaab0000 	C:\WINDOWS\System32\USER32.dll
0x00007ffad7600000 - 0x00007ffad7620000 	C:\WINDOWS\System32\win32u.dll
0x00007ffada8f0000 - 0x00007ffada918000 	C:\WINDOWS\System32\GDI32.dll
0x00007ffad7d80000 - 0x00007ffad7f12000 	C:\WINDOWS\System32\gdi32full.dll
0x00007ffad8050000 - 0x00007ffad80ef000 	C:\WINDOWS\System32\msvcp_win.dll
0x00007ffad7030000 - 0x00007ffad712a000 	C:\WINDOWS\System32\ucrtbase.dll
0x00007ffac8b70000 - 0x00007ffac8dd9000 	C:\WINDOWS\WinSxS\amd64_microsoft.windows.common-controls_6595b64144ccf1df_6.0.17134.345_none_fb429a5930656358\COMCTL32.dll
0x00007ffad8130000 - 0x00007ffad8453000 	C:\WINDOWS\System32\combase.dll
0x00007ffad7f20000 - 0x00007ffad7f9a000 	C:\WINDOWS\System32\bcryptPrimitives.dll
0x00007ffad80f0000 - 0x00007ffad811d000 	C:\WINDOWS\System32\IMM32.DLL
0x0000000056290000 - 0x0000000056362000 	C:\Program Files\Android\Android Studio\jre\jre\bin\msvcr100.dll
0x0000000056450000 - 0x0000000056c8f000 	C:\Program Files\Android\Android Studio\jre\jre\bin\server\jvm.dll
0x00007ffad8460000 - 0x00007ffad8468000 	C:\WINDOWS\System32\PSAPI.DLL
0x00007ffad5ba0000 - 0x00007ffad5ba9000 	C:\WINDOWS\SYSTEM32\WSOCK32.dll
0x00007ffad4f20000 - 0x00007ffad4f43000 	C:\WINDOWS\SYSTEM32\WINMM.dll
0x00007ffad5b90000 - 0x00007ffad5b9a000 	C:\WINDOWS\SYSTEM32\VERSION.dll
0x00007ffada7e0000 - 0x00007ffada84c000 	C:\WINDOWS\System32\WS2_32.dll
0x00007ffad4ad0000 - 0x00007ffad4afa000 	C:\WINDOWS\SYSTEM32\WINMMBASE.dll
0x00007ffad7620000 - 0x00007ffad7669000 	C:\WINDOWS\System32\cfgmgr32.dll
0x00007ffad5b40000 - 0x00007ffad5b4f000 	C:\Program Files\Android\Android Studio\jre\jre\bin\verify.dll
0x00007ffad0e70000 - 0x00007ffad0e99000 	C:\Program Files\Android\Android Studio\jre\jre\bin\java.dll
0x00007ffacc620000 - 0x00007ffacc636000 	C:\Program Files\Android\Android Studio\jre\jre\bin\zip.dll
0x00007ffad9210000 - 0x00007ffada64f000 	C:\WINDOWS\System32\SHELL32.dll
0x00007ffad8490000 - 0x00007ffad8539000 	C:\WINDOWS\System32\shcore.dll
0x00007ffad7670000 - 0x00007ffad7d7d000 	C:\WINDOWS\System32\windows.storage.dll
0x00007ffad88b0000 - 0x00007ffad8901000 	C:\WINDOWS\System32\shlwapi.dll
0x00007ffad7010000 - 0x00007ffad7021000 	C:\WINDOWS\System32\kernel.appcore.dll
0x00007ffad6fe0000 - 0x00007ffad6fff000 	C:\WINDOWS\System32\profapi.dll
0x00007ffad6f90000 - 0x00007ffad6fdc000 	C:\WINDOWS\System32\powrprof.dll
0x00007ffad7000000 - 0x00007ffad700a000 	C:\WINDOWS\System32\FLTLIB.DLL
0x00007ffac8ee0000 - 0x00007ffac8efa000 	C:\Program Files\Android\Android Studio\jre\jre\bin\net.dll
0x00007ffad6790000 - 0x00007ffad67f6000 	C:\WINDOWS\system32\mswsock.dll
0x00007ffabd9a0000 - 0x00007ffabd9b1000 	C:\Program Files\Android\Android Studio\jre\jre\bin\nio.dll
0x00007ffac22f0000 - 0x00007ffac230e000 	C:\Users\renan\.gradle\native\25\windows-amd64\native-platform.dll
0x00007ffac9620000 - 0x00007ffac962d000 	C:\Program Files\Android\Android Studio\jre\jre\bin\management.dll
0x00007ffad6940000 - 0x00007ffad6957000 	C:\WINDOWS\SYSTEM32\CRYPTSP.dll
0x00007ffad6370000 - 0x00007ffad63a3000 	C:\WINDOWS\system32\rsaenh.dll
0x00007ffad6ad0000 - 0x00007ffad6af5000 	C:\WINDOWS\SYSTEM32\bcrypt.dll
0x00007ffad6e70000 - 0x00007ffad6e98000 	C:\WINDOWS\SYSTEM32\USERENV.dll
0x00007ffad6960000 - 0x00007ffad696b000 	C:\WINDOWS\SYSTEM32\CRYPTBASE.dll
0x00007ffad6510000 - 0x00007ffad6548000 	C:\WINDOWS\SYSTEM32\IPHLPAPI.DLL
0x00007ffad8e00000 - 0x00007ffad8e08000 	C:\WINDOWS\System32\NSI.dll
0x00007ffacfaf0000 - 0x00007ffacfb06000 	C:\WINDOWS\SYSTEM32\dhcpcsvc6.DLL
0x00007ffacfba0000 - 0x00007ffacfbba000 	C:\WINDOWS\SYSTEM32\dhcpcsvc.DLL

VM Arguments:
jvm_args: -Xmx1536m -Dfile.encoding=windows-1252 -Duser.country=BR -Duser.language=pt -Duser.variant 
java_command: org.gradle.launcher.daemon.bootstrap.GradleDaemon 4.4
java_class_path (initial): C:\Users\renan\.gradle\wrapper\dists\gradle-4.4-all\9br9xq1tocpiv8o6njlyu5op1\gradle-4.4\lib\gradle-launcher-4.4.jar
Launcher Type: SUN_STANDARD

Environment Variables:
PATH=C:\Program Files (x86)\Common Files\Oracle\Java\javapath;C:\ProgramData\Oracle\Java\javapath;C:\WINDOWS\system32;C:\WINDOWS;C:\WINDOWS\System32\Wbem;C:\WINDOWS\System32\WindowsPowerShell\v1.0\;C:\Users\renan\AppData\Local\Programs\Python\Python36-32;C:\Users\renan\AppData\Local\Programs\Python\Python36-32\Scripts;;C:\WINDOWS\System32\OpenSSH\;C:\Program Files\MySQL\MySQL Utilities 1.6\;C:\Program Files\Microsoft VS Code\bin;C:\Program Files\nodejs\;C:\Users\renan\AppData\Local\Microsoft\WindowsApps;C:\Users\renan\AppData\Roaming\npm;C:\Users\renan\AppData\Local\Programs\Microsoft VS Code\bin
USERNAME=renan
OS=Windows_NT
PROCESSOR_IDENTIFIER=Intel64 Family 6 Model 142 Stepping 9, GenuineIntel



---------------  S Y S T E M  ---------------

OS: Windows 10.0 , 64 bit Build 17134 (10.0.17134.1)

CPU:total 4 (initial active 4) (2 cores per cpu, 2 threads per core) family 6 model 142 stepping 9, cmov, cx8, fxsr, mmx, sse, sse2, sse3, ssse3, sse4.1, sse4.2, popcnt, avx, avx2, aes, clmul, erms, 3dnowpref, lzcnt, ht, tsc, tscinvbit, bmi1, bmi2, adx

Memory: 4k page, physical 4034820k(631820k free), swap 5673220k(4104k free)

vm_info: OpenJDK 64-Bit Server VM (25.152-b02) for windows-amd64 JRE (1.8.0_152-release-1024-b02), built by "builder" with MS VC++ 10.0 (VS2010)

time: Mon Oct 22 21:24:37 2018
elapsed time: 1 seconds (0d 0h 0m 1s)

