#
# There is insufficient memory for the Java Runtime Environment to continue.
# Native memory allocation (malloc) failed to allocate 262160 bytes for Chunk::new
# Possible reasons:
#   The system is out of physical RAM or swap space
#   In 32 bit mode, the process size limit was hit
# Possible solutions:
#   Reduce memory load on the system
#   Increase physical memory or swap space
#   Check if swap backing store is full
#   Use 64 bit Java on a 64 bit OS
#   Decrease Java heap size (-Xmx/-Xms)
#   Decrease number of Java threads
#   Decrease Java thread stack sizes (-Xss)
#   Set larger code cache with -XX:ReservedCodeCacheSize=
# This output file may be truncated or incomplete.
#
#  Out of Memory Error (allocation.cpp:390), pid=2852, tid=0x000000000000173c
#
# JRE version: OpenJDK Runtime Environment (8.0_152-b02) (build 1.8.0_152-release-1024-b02)
# Java VM: OpenJDK 64-Bit Server VM (25.152-b02 mixed mode windows-amd64 compressed oops)
# Failed to write core dump. Minidumps are not enabled by default on client versions of Windows
#

---------------  T H R E A D  ---------------

Current thread (0x0000000016b57000):  JavaThread "C2 CompilerThread0" daemon [_thread_in_native, id=5948, stack(0x00000000181c0000,0x00000000182c0000)]

Stack: [0x00000000181c0000,0x00000000182c0000]
[error occurred during error reporting (printing stack bounds), id 0xc0000005]

Native frames: (J=compiled Java code, j=interpreted, Vv=VM code, C=native code)


Current CompileTask:
C2:   2170 1343       4       java.net.URLClassLoader$1::run (5 bytes)


---------------  P R O C E S S  ---------------

Java Threads: ( => current thread )
  0x000000001ba6f800 JavaThread "Cache worker for file hash cache (C:\Users\renan\usjt_entregas\DESWEBMOB\AgendaComFirebase\.gradle\4.4\fileHashes)" [_thread_blocked, id=13200, stack(0x000000001d6c0000,0x000000001d7c0000)]
  0x0000000019e4c800 JavaThread "File lock request listener" [_thread_in_native, id=9768, stack(0x000000001c5f0000,0x000000001c6f0000)]
  0x0000000019d17800 JavaThread "Cache worker for file hash cache (C:\Users\renan\.gradle\caches\4.4\fileHashes)" [_thread_blocked, id=11872, stack(0x000000001c4f0000,0x000000001c5f0000)]
  0x0000000019bdf000 JavaThread "Stdin handler" [_thread_blocked, id=2144, stack(0x000000001b220000,0x000000001b320000)]
  0x0000000019a8c800 JavaThread "Asynchronous log dispatcher for DefaultDaemonConnection: socket connection from /127.0.0.1:51734 to /127.0.0.1:51735" [_thread_blocked, id=8968, stack(0x000000001b120000,0x000000001b220000)]
  0x0000000019a8a000 JavaThread "Daemon worker" [_thread_in_vm, id=9364, stack(0x000000001b020000,0x000000001b120000)]
  0x0000000019a86000 JavaThread "Cancel handler" [_thread_blocked, id=1864, stack(0x000000001af20000,0x000000001b020000)]
  0x0000000019a76000 JavaThread "Handler for socket connection from /127.0.0.1:51734 to /127.0.0.1:51735" [_thread_in_native, id=8344, stack(0x000000001ac20000,0x000000001ad20000)]
  0x0000000019970800 JavaThread "Daemon" [_thread_blocked, id=5428, stack(0x000000001ab20000,0x000000001ac20000)]
  0x0000000019cbc000 JavaThread "Daemon periodic checks" [_thread_blocked, id=3316, stack(0x000000001aa20000,0x000000001ab20000)]
  0x0000000019bbe800 JavaThread "Incoming local TCP Connector on port 51734" [_thread_in_native, id=6100, stack(0x000000001a7d0000,0x000000001a8d0000)]
  0x0000000016bae800 JavaThread "Service Thread" daemon [_thread_blocked, id=7764, stack(0x00000000188c0000,0x00000000189c0000)]
  0x0000000016b5a000 JavaThread "C1 CompilerThread2" daemon [_thread_in_native, id=2848, stack(0x00000000183c0000,0x00000000184c0000)]
  0x0000000016b4c800 JavaThread "C2 CompilerThread1" daemon [_thread_in_native, id=11532, stack(0x00000000182c0000,0x00000000183c0000)]
=>0x0000000016b57000 JavaThread "C2 CompilerThread0" daemon [_thread_in_native, id=5948, stack(0x00000000181c0000,0x00000000182c0000)]
  0x0000000016b55800 JavaThread "Attach Listener" daemon [_thread_blocked, id=2692, stack(0x00000000180c0000,0x00000000181c0000)]
  0x0000000016b54800 JavaThread "Signal Dispatcher" daemon [_thread_blocked, id=3152, stack(0x0000000017fc0000,0x00000000180c0000)]
  0x00000000031dc000 JavaThread "Finalizer" daemon [_thread_blocked, id=10392, stack(0x0000000017db0000,0x0000000017eb0000)]
  0x00000000031d1000 JavaThread "Reference Handler" daemon [_thread_blocked, id=3724, stack(0x0000000017cb0000,0x0000000017db0000)]
  0x0000000002f3d800 JavaThread "main" [_thread_blocked, id=5808, stack(0x0000000002fe0000,0x00000000030e0000)]

Other Threads:
  0x0000000016b15800 VMThread [stack: 0x0000000017bb0000,0x0000000017cb0000] [id=9912]
  0x00000000184ea000 WatcherThread [stack: 0x00000000189c0000,0x0000000018ac0000] [id=10744]

VM state:not at safepoint (normal execution)

VM Mutex/Monitor currently owned by a thread: None

Heap:
 PSYoungGen      total 34304K, used 23587K [0x00000000e0000000, 0x00000000e2400000, 0x0000000100000000)
  eden space 31744K, 66% used [0x00000000e0000000,0x00000000e1488d60,0x00000000e1f00000)
  from space 2560K, 100% used [0x00000000e1f00000,0x00000000e2180000,0x00000000e2180000)
  to   space 2560K, 0% used [0x00000000e2180000,0x00000000e2180000,0x00000000e2400000)
 ParOldGen       total 42496K, used 6403K [0x00000000a0000000, 0x00000000a2980000, 0x00000000e0000000)
  object space 42496K, 15% used [0x00000000a0000000,0x00000000a0640f88,0x00000000a2980000)
 Metaspace       used 16131K, capacity 16502K, committed 16640K, reserved 1062912K
  class space    used 2296K, capacity 2447K, committed 2560K, reserved 1048576K

Card table byte_map: [0x00000000125a0000,0x00000000128b0000] byte_map_base: 0x00000000120a0000

Marking Bits: (ParMarkBitMap*) 0x0000000056c14970
 Begin Bits: [0x0000000012eb0000, 0x00000000146b0000)
 End Bits:   [0x00000000146b0000, 0x0000000015eb0000)

Polling page: 0x0000000001020000

CodeCache: size=245760Kb used=4976Kb max_used=4976Kb free=240783Kb
 bounds [0x00000000031e0000, 0x00000000036c0000, 0x00000000121e0000]
 total_blobs=1828 nmethods=1455 adapters=286
 compilation: enabled

Compilation events (10 events):
Event: 2.098 Thread 0x0000000016b5a000 1457       3       java.util.ArrayList::isEmpty (13 bytes)
Event: 2.099 Thread 0x0000000016b5a000 nmethod 1457 0x00000000036bb750 code [0x00000000036bb8a0, 0x00000000036bba50]
Event: 2.110 Thread 0x0000000016b5a000 1458       3       org.gradle.internal.service.DefaultServiceRegistry$ParentServices::wrap (10 bytes)
Event: 2.110 Thread 0x0000000016b5a000 nmethod 1458 0x00000000036bbad0 code [0x00000000036bbc40, 0x00000000036bbed0]
Event: 2.110 Thread 0x0000000016b5a000 1459       3       java.util.IdentityHashMap::maskNull (12 bytes)
Event: 2.110 Thread 0x0000000016b5a000 nmethod 1459 0x00000000036bbfd0 code [0x00000000036bc120, 0x00000000036bc2b0]
Event: 2.110 Thread 0x0000000016b5a000 1460       3       org.gradle.internal.service.DefaultServiceRegistry$ParameterizedTypeSpec::isSatisfiedBy (9 bytes)
Event: 2.111 Thread 0x0000000016b5a000 nmethod 1460 0x00000000036bc310 code [0x00000000036bc480, 0x00000000036bc728]
Event: 2.111 Thread 0x0000000016b5a000 1461       3       org.gradle.internal.service.DefaultServiceRegistry$ParameterizedTypeSpec::isSatisfiedBy (90 bytes)
Event: 2.111 Thread 0x0000000016b5a000 nmethod 1461 0x00000000036bc7d0 code [0x00000000036bc9e0, 0x00000000036bd4b8]

GC Heap History (10 events):
Event: 0.458 GC heap before
{Heap before GC invocations=1 (full 0):
 PSYoungGen      total 18432K, used 15872K [0x00000000e0000000, 0x00000000e1480000, 0x0000000100000000)
  eden space 15872K, 100% used [0x00000000e0000000,0x00000000e0f80000,0x00000000e0f80000)
  from space 2560K, 0% used [0x00000000e1200000,0x00000000e1200000,0x00000000e1480000)
  to   space 2560K, 0% used [0x00000000e0f80000,0x00000000e0f80000,0x00000000e1200000)
 ParOldGen       total 42496K, used 0K [0x00000000a0000000, 0x00000000a2980000, 0x00000000e0000000)
  object space 42496K, 0% used [0x00000000a0000000,0x00000000a0000000,0x00000000a2980000)
 Metaspace       used 6049K, capacity 6222K, committed 6528K, reserved 1056768K
  class space    used 740K, capacity 783K, committed 896K, reserved 1048576K
Event: 0.461 GC heap after
Heap after GC invocations=1 (full 0):
 PSYoungGen      total 18432K, used 2538K [0x00000000e0000000, 0x00000000e1480000, 0x0000000100000000)
  eden space 15872K, 0% used [0x00000000e0000000,0x00000000e0000000,0x00000000e0f80000)
  from space 2560K, 99% used [0x00000000e0f80000,0x00000000e11fa858,0x00000000e1200000)
  to   space 2560K, 0% used [0x00000000e1200000,0x00000000e1200000,0x00000000e1480000)
 ParOldGen       total 42496K, used 287K [0x00000000a0000000, 0x00000000a2980000, 0x00000000e0000000)
  object space 42496K, 0% used [0x00000000a0000000,0x00000000a0047fe0,0x00000000a2980000)
 Metaspace       used 6049K, capacity 6222K, committed 6528K, reserved 1056768K
  class space    used 740K, capacity 783K, committed 896K, reserved 1048576K
}
Event: 0.685 GC heap before
{Heap before GC invocations=2 (full 0):
 PSYoungGen      total 18432K, used 18410K [0x00000000e0000000, 0x00000000e1480000, 0x0000000100000000)
  eden space 15872K, 100% used [0x00000000e0000000,0x00000000e0f80000,0x00000000e0f80000)
  from space 2560K, 99% used [0x00000000e0f80000,0x00000000e11fa858,0x00000000e1200000)
  to   space 2560K, 0% used [0x00000000e1200000,0x00000000e1200000,0x00000000e1480000)
 ParOldGen       total 42496K, used 287K [0x00000000a0000000, 0x00000000a2980000, 0x00000000e0000000)
  object space 42496K, 0% used [0x00000000a0000000,0x00000000a0047fe0,0x00000000a2980000)
 Metaspace       used 6909K, capacity 7118K, committed 7424K, reserved 1056768K
  class space    used 842K, capacity 911K, committed 1024K, reserved 1048576K
Event: 0.688 GC heap after
Heap after GC invocations=2 (full 0):
 PSYoungGen      total 18432K, used 2553K [0x00000000e0000000, 0x00000000e1480000, 0x0000000100000000)
  eden space 15872K, 0% used [0x00000000e0000000,0x00000000e0000000,0x00000000e0f80000)
  from space 2560K, 99% used [0x00000000e1200000,0x00000000e147e530,0x00000000e1480000)
  to   space 2560K, 0% used [0x00000000e0f80000,0x00000000e0f80000,0x00000000e1200000)
 ParOldGen       total 42496K, used 405K [0x00000000a0000000, 0x00000000a2980000, 0x00000000e0000000)
  object space 42496K, 0% used [0x00000000a0000000,0x00000000a00654c0,0x00000000a2980000)
 Metaspace       used 6909K, capacity 7118K, committed 7424K, reserved 1056768K
  class space    used 842K, capacity 911K, committed 1024K, reserved 1048576K
}
Event: 0.839 GC heap before
{Heap before GC invocations=3 (full 0):
 PSYoungGen      total 18432K, used 18425K [0x00000000e0000000, 0x00000000e1480000, 0x0000000100000000)
  eden space 15872K, 100% used [0x00000000e0000000,0x00000000e0f80000,0x00000000e0f80000)
  from space 2560K, 99% used [0x00000000e1200000,0x00000000e147e530,0x00000000e1480000)
  to   space 2560K, 0% used [0x00000000e0f80000,0x00000000e0f80000,0x00000000e1200000)
 ParOldGen       total 42496K, used 405K [0x00000000a0000000, 0x00000000a2980000, 0x00000000e0000000)
  object space 42496K, 0% used [0x00000000a0000000,0x00000000a00654c0,0x00000000a2980000)
 Metaspace       used 7192K, capacity 7464K, committed 7680K, reserved 1056768K
  class space    used 903K, capacity 984K, committed 1024K, reserved 1048576K
Event: 0.842 GC heap after
Heap after GC invocations=3 (full 0):
 PSYoungGen      total 18432K, used 2544K [0x00000000e0000000, 0x00000000e2400000, 0x0000000100000000)
  eden space 15872K, 0% used [0x00000000e0000000,0x00000000e0000000,0x00000000e0f80000)
  from space 2560K, 99% used [0x00000000e0f80000,0x00000000e11fc030,0x00000000e1200000)
  to   space 2560K, 0% used [0x00000000e2180000,0x00000000e2180000,0x00000000e2400000)
 ParOldGen       total 42496K, used 683K [0x00000000a0000000, 0x00000000a2980000, 0x00000000e0000000)
  object space 42496K, 1% used [0x00000000a0000000,0x00000000a00aad30,0x00000000a2980000)
 Metaspace       used 7192K, capacity 7464K, committed 7680K, reserved 1056768K
  class space    used 903K, capacity 984K, committed 1024K, reserved 1048576K
}
Event: 1.564 GC heap before
{Heap before GC invocations=4 (full 0):
 PSYoungGen      total 18432K, used 18416K [0x00000000e0000000, 0x00000000e2400000, 0x0000000100000000)
  eden space 15872K, 100% used [0x00000000e0000000,0x00000000e0f80000,0x00000000e0f80000)
  from space 2560K, 99% used [0x00000000e0f80000,0x00000000e11fc030,0x00000000e1200000)
  to   space 2560K, 0% used [0x00000000e2180000,0x00000000e2180000,0x00000000e2400000)
 ParOldGen       total 42496K, used 683K [0x00000000a0000000, 0x00000000a2980000, 0x00000000e0000000)
  object space 42496K, 1% used [0x00000000a0000000,0x00000000a00aad30,0x00000000a2980000)
 Metaspace       used 10811K, capacity 11144K, committed 11264K, reserved 1058816K
  class space    used 1420K, capacity 1522K, committed 1536K, reserved 1048576K
Event: 1.568 GC heap after
Heap after GC invocations=4 (full 0):
 PSYoungGen      total 34304K, used 2528K [0x00000000e0000000, 0x00000000e2400000, 0x0000000100000000)
  eden space 31744K, 0% used [0x00000000e0000000,0x00000000e0000000,0x00000000e1f00000)
  from space 2560K, 98% used [0x00000000e2180000,0x00000000e23f8020,0x00000000e2400000)
  to   space 2560K, 0% used [0x00000000e1f00000,0x00000000e1f00000,0x00000000e2180000)
 ParOldGen       total 42496K, used 2735K [0x00000000a0000000, 0x00000000a2980000, 0x00000000e0000000)
  object space 42496K, 6% used [0x00000000a0000000,0x00000000a02abc50,0x00000000a2980000)
 Metaspace       used 10811K, capacity 11144K, committed 11264K, reserved 1058816K
  class space    used 1420K, capacity 1522K, committed 1536K, reserved 1048576K
}
Event: 1.897 GC heap before
{Heap before GC invocations=5 (full 0):
 PSYoungGen      total 34304K, used 34272K [0x00000000e0000000, 0x00000000e2400000, 0x0000000100000000)
  eden space 31744K, 100% used [0x00000000e0000000,0x00000000e1f00000,0x00000000e1f00000)
  from space 2560K, 98% used [0x00000000e2180000,0x00000000e23f8020,0x00000000e2400000)
  to   space 2560K, 0% used [0x00000000e1f00000,0x00000000e1f00000,0x00000000e2180000)
 ParOldGen       total 42496K, used 2735K [0x00000000a0000000, 0x00000000a2980000, 0x00000000e0000000)
  object space 42496K, 6% used [0x00000000a0000000,0x00000000a02abc50,0x00000000a2980000)
 Metaspace       used 14173K, capacity 14550K, committed 14720K, reserved 1062912K
  class space    used 1971K, capacity 2095K, committed 2176K, reserved 1048576K
Event: 1.903 GC heap after
Heap after GC invocations=5 (full 0):
 PSYoungGen      total 34304K, used 2560K [0x00000000e0000000, 0x00000000e2400000, 0x0000000100000000)
  eden space 31744K, 0% used [0x00000000e0000000,0x00000000e0000000,0x00000000e1f00000)
  from space 2560K, 100% used [0x00000000e1f00000,0x00000000e2180000,0x00000000e2180000)
  to   space 2560K, 0% used [0x00000000e2180000,0x00000000e2180000,0x00000000e2400000)
 ParOldGen       total 42496K, used 6403K [0x00000000a0000000, 0x00000000a2980000, 0x00000000e0000000)
  object space 42496K, 15% used [0x00000000a0000000,0x00000000a0640f88,0x00000000a2980000)
 Metaspace       used 14173K, capacity 14550K, committed 14720K, reserved 1062912K
  class space    used 1971K, capacity 2095K, committed 2176K, reserved 1048576K
}

Deoptimization events (10 events):
Event: 0.993 Thread 0x0000000002f3d800 Uncommon trap: reason=bimorphic action=maybe_recompile pc=0x0000000003512204 method=java.util.HashMap.putVal(ILjava/lang/Object;Ljava/lang/Object;ZZ)Ljava/lang/Object; @ 203
Event: 1.148 Thread 0x0000000002f3d800 Uncommon trap: reason=unstable_if action=reinterpret pc=0x00000000034b8e24 method=java.io.WinNTFileSystem.normalize(Ljava/lang/String;)Ljava/lang/String; @ 128
Event: 1.148 Thread 0x0000000002f3d800 Uncommon trap: reason=unstable_if action=reinterpret pc=0x00000000034f8de8 method=java.io.WinNTFileSystem.normalize(Ljava/lang/String;II)Ljava/lang/String; @ 90
Event: 1.602 Thread 0x0000000019a76000 Uncommon trap: reason=unstable_if action=reinterpret pc=0x0000000003565c20 method=java.util.concurrent.ConcurrentHashMap.putVal(Ljava/lang/Object;Ljava/lang/Object;Z)Ljava/lang/Object; @ 206
Event: 1.672 Thread 0x0000000019a8a000 Uncommon trap: reason=bimorphic action=maybe_recompile pc=0x0000000003511c94 method=java.util.HashMap.putVal(ILjava/lang/Object;Ljava/lang/Object;ZZ)Ljava/lang/Object; @ 253
Event: 1.672 Thread 0x0000000019a8a000 Uncommon trap: reason=bimorphic action=maybe_recompile pc=0x0000000003511c94 method=java.util.HashMap.putVal(ILjava/lang/Object;Ljava/lang/Object;ZZ)Ljava/lang/Object; @ 253
Event: 1.672 Thread 0x0000000019a8a000 Uncommon trap: reason=bimorphic action=maybe_recompile pc=0x000000000350ee68 method=java.util.HashMap.putVal(ILjava/lang/Object;Ljava/lang/Object;ZZ)Ljava/lang/Object; @ 253
Event: 1.684 Thread 0x0000000019a8a000 Uncommon trap: reason=class_check action=maybe_recompile pc=0x000000000345b61c method=java.util.regex.Matcher.match(II)Z @ 86
Event: 1.872 Thread 0x0000000019a8a000 Uncommon trap: reason=class_check action=maybe_recompile pc=0x000000000345b61c method=java.util.regex.Matcher.match(II)Z @ 86
Event: 1.944 Thread 0x0000000019a8a000 Uncommon trap: reason=unstable_if action=reinterpret pc=0x000000000365b234 method=java.lang.String.lastIndexOf([CII[CIII)I @ 66

Classes redefined (0 events):
No events

Internal exceptions (10 events):
Event: 1.613 Thread 0x0000000019a76000 Exception <a 'java/lang/NoSuchMethodError': <clinit>> (0x00000000e0251d90) thrown at [D:\src\AOSP-openjdk-cygwin\jdk8u\hotspot\src\share\vm\prims\jni.cpp, line 1613]
Event: 1.615 Thread 0x0000000019a76000 Exception <a 'java/lang/NoSuchMethodError': <clinit>> (0x00000000e0269868) thrown at [D:\src\AOSP-openjdk-cygwin\jdk8u\hotspot\src\share\vm\prims\jni.cpp, line 1613]
Event: 1.615 Thread 0x0000000019a76000 Exception <a 'java/lang/NoSuchMethodError': <clinit>> (0x00000000e0272330) thrown at [D:\src\AOSP-openjdk-cygwin\jdk8u\hotspot\src\share\vm\prims\jni.cpp, line 1613]
Event: 1.616 Thread 0x0000000019a76000 Exception <a 'java/lang/NoSuchMethodError': <clinit>> (0x00000000e0283a68) thrown at [D:\src\AOSP-openjdk-cygwin\jdk8u\hotspot\src\share\vm\prims\jni.cpp, line 1613]
Event: 1.629 Thread 0x0000000019a76000 Exception <a 'java/lang/NoSuchMethodError': <clinit>> (0x00000000e02f12b8) thrown at [D:\src\AOSP-openjdk-cygwin\jdk8u\hotspot\src\share\vm\prims\jni.cpp, line 1613]
Event: 1.638 Thread 0x0000000019a76000 Exception <a 'java/lang/NoSuchMethodError': <clinit>> (0x00000000e0314bf8) thrown at [D:\src\AOSP-openjdk-cygwin\jdk8u\hotspot\src\share\vm\prims\jni.cpp, line 1613]
Event: 1.642 Thread 0x0000000019a76000 Exception <a 'java/lang/NoSuchMethodError': <clinit>> (0x00000000e032fba0) thrown at [D:\src\AOSP-openjdk-cygwin\jdk8u\hotspot\src\share\vm\prims\jni.cpp, line 1613]
Event: 1.645 Thread 0x0000000019a76000 Exception <a 'java/lang/NoSuchMethodError': <clinit>> (0x00000000e03527e0) thrown at [D:\src\AOSP-openjdk-cygwin\jdk8u\hotspot\src\share\vm\prims\jni.cpp, line 1613]
Event: 1.664 Thread 0x0000000019a8a000 Exception <a 'java/lang/NoSuchMethodError': <clinit>> (0x00000000e048f320) thrown at [D:\src\AOSP-openjdk-cygwin\jdk8u\hotspot\src\share\vm\prims\jni.cpp, line 1613]
Event: 1.665 Thread 0x0000000019a8a000 Exception <a 'java/lang/NoSuchMethodError': <clinit>> (0x00000000e04975a8) thrown at [D:\src\AOSP-openjdk-cygwin\jdk8u\hotspot\src\share\vm\prims\jni.cpp, line 1613]

Events (10 events):
Event: 2.167 loading class org/gradle/execution/TaskGraphExecuter
Event: 2.167 loading class org/gradle/execution/TaskGraphExecuter done
Event: 2.168 loading class org/gradle/api/internal/plugins/PluginManagerInternal
Event: 2.168 loading class org/gradle/api/internal/plugins/PluginManagerInternal done
Event: 2.168 loading class org/gradle/util/Path
Event: 2.168 loading class org/gradle/util/Path done
Event: 2.168 loading class org/gradle/api/internal/plugins/DefaultObjectConfigurationAction
Event: 2.168 loading class org/gradle/api/internal/plugins/DefaultObjectConfigurationAction done
Event: 2.168 loading class org/gradle/api/plugins/ObjectConfigurationAction
Event: 2.168 loading class org/gradle/api/plugins/ObjectConfigurationAction done


Dynamic libraries:
0x00007ff6b5430000 - 0x00007ff6b5461000 	C:\Program Files\Android\Android Studio\jre\bin\java.exe
0x00007ffadac60000 - 0x00007ffadae41000 	C:\WINDOWS\SYSTEM32\ntdll.dll
0x00007ffad8690000 - 0x00007ffad8742000 	C:\WINDOWS\System32\KERNEL32.DLL
0x00007ffad7320000 - 0x00007ffad7593000 	C:\WINDOWS\System32\KERNELBASE.dll
0x00007ffadab80000 - 0x00007ffadac21000 	C:\WINDOWS\System32\ADVAPI32.dll
0x00007ffad8d60000 - 0x00007ffad8dfe000 	C:\WINDOWS\System32\msvcrt.dll
0x00007ffad91b0000 - 0x00007ffad920b000 	C:\WINDOWS\System32\sechost.dll
0x00007ffada650000 - 0x00007ffada774000 	C:\WINDOWS\System32\RPCRT4.dll
0x00007ffada920000 - 0x00007ffadaab0000 	C:\WINDOWS\System32\USER32.dll
0x00007ffad7600000 - 0x00007ffad7620000 	C:\WINDOWS\System32\win32u.dll
0x00007ffada8f0000 - 0x00007ffada918000 	C:\WINDOWS\System32\GDI32.dll
0x00007ffad7d80000 - 0x00007ffad7f12000 	C:\WINDOWS\System32\gdi32full.dll
0x00007ffad8050000 - 0x00007ffad80ef000 	C:\WINDOWS\System32\msvcp_win.dll
0x00007ffad7030000 - 0x00007ffad712a000 	C:\WINDOWS\System32\ucrtbase.dll
0x00007ffac8b70000 - 0x00007ffac8dd9000 	C:\WINDOWS\WinSxS\amd64_microsoft.windows.common-controls_6595b64144ccf1df_6.0.17134.345_none_fb429a5930656358\COMCTL32.dll
0x00007ffad8130000 - 0x00007ffad8453000 	C:\WINDOWS\System32\combase.dll
0x00007ffad7f20000 - 0x00007ffad7f9a000 	C:\WINDOWS\System32\bcryptPrimitives.dll
0x00007ffad80f0000 - 0x00007ffad811d000 	C:\WINDOWS\System32\IMM32.DLL
0x0000000056290000 - 0x0000000056362000 	C:\Program Files\Android\Android Studio\jre\jre\bin\msvcr100.dll
0x0000000056450000 - 0x0000000056c8f000 	C:\Program Files\Android\Android Studio\jre\jre\bin\server\jvm.dll
0x00007ffad8460000 - 0x00007ffad8468000 	C:\WINDOWS\System32\PSAPI.DLL
0x00007ffad5ba0000 - 0x00007ffad5ba9000 	C:\WINDOWS\SYSTEM32\WSOCK32.dll
0x00007ffada7e0000 - 0x00007ffada84c000 	C:\WINDOWS\System32\WS2_32.dll
0x00007ffad4f20000 - 0x00007ffad4f43000 	C:\WINDOWS\SYSTEM32\WINMM.dll
0x00007ffad5b90000 - 0x00007ffad5b9a000 	C:\WINDOWS\SYSTEM32\VERSION.dll
0x00007ffad4ad0000 - 0x00007ffad4afa000 	C:\WINDOWS\SYSTEM32\WINMMBASE.dll
0x00007ffad7620000 - 0x00007ffad7669000 	C:\WINDOWS\System32\cfgmgr32.dll
0x00007ffad5b40000 - 0x00007ffad5b4f000 	C:\Program Files\Android\Android Studio\jre\jre\bin\verify.dll
0x00007ffad0e70000 - 0x00007ffad0e99000 	C:\Program Files\Android\Android Studio\jre\jre\bin\java.dll
0x00007ffacc620000 - 0x00007ffacc636000 	C:\Program Files\Android\Android Studio\jre\jre\bin\zip.dll
0x00007ffad9210000 - 0x00007ffada64f000 	C:\WINDOWS\System32\SHELL32.dll
0x00007ffad8490000 - 0x00007ffad8539000 	C:\WINDOWS\System32\shcore.dll
0x00007ffad7670000 - 0x00007ffad7d7d000 	C:\WINDOWS\System32\windows.storage.dll
0x00007ffad88b0000 - 0x00007ffad8901000 	C:\WINDOWS\System32\shlwapi.dll
0x00007ffad7010000 - 0x00007ffad7021000 	C:\WINDOWS\System32\kernel.appcore.dll
0x00007ffad6fe0000 - 0x00007ffad6fff000 	C:\WINDOWS\System32\profapi.dll
0x00007ffad6f90000 - 0x00007ffad6fdc000 	C:\WINDOWS\System32\powrprof.dll
0x00007ffad7000000 - 0x00007ffad700a000 	C:\WINDOWS\System32\FLTLIB.DLL
0x00007ffac8ee0000 - 0x00007ffac8efa000 	C:\Program Files\Android\Android Studio\jre\jre\bin\net.dll
0x00007ffad6790000 - 0x00007ffad67f6000 	C:\WINDOWS\system32\mswsock.dll
0x00007ffabd9a0000 - 0x00007ffabd9b1000 	C:\Program Files\Android\Android Studio\jre\jre\bin\nio.dll
0x00007ffac22f0000 - 0x00007ffac230e000 	C:\Users\renan\.gradle\native\25\windows-amd64\native-platform.dll
0x00007ffac9620000 - 0x00007ffac962d000 	C:\Program Files\Android\Android Studio\jre\jre\bin\management.dll
0x00007ffad6940000 - 0x00007ffad6957000 	C:\WINDOWS\SYSTEM32\CRYPTSP.dll
0x00007ffad6370000 - 0x00007ffad63a3000 	C:\WINDOWS\system32\rsaenh.dll
0x00007ffad6ad0000 - 0x00007ffad6af5000 	C:\WINDOWS\SYSTEM32\bcrypt.dll
0x00007ffad6e70000 - 0x00007ffad6e98000 	C:\WINDOWS\SYSTEM32\USERENV.dll
0x00007ffad6960000 - 0x00007ffad696b000 	C:\WINDOWS\SYSTEM32\CRYPTBASE.dll
0x00007ffad6510000 - 0x00007ffad6548000 	C:\WINDOWS\SYSTEM32\IPHLPAPI.DLL
0x00007ffad8e00000 - 0x00007ffad8e08000 	C:\WINDOWS\System32\NSI.dll
0x00007ffacfaf0000 - 0x00007ffacfb06000 	C:\WINDOWS\SYSTEM32\dhcpcsvc6.DLL
0x00007ffacfba0000 - 0x00007ffacfbba000 	C:\WINDOWS\SYSTEM32\dhcpcsvc.DLL

VM Arguments:
jvm_args: -Xmx1536m -Dfile.encoding=windows-1252 -Duser.country=BR -Duser.language=pt -Duser.variant 
java_command: org.gradle.launcher.daemon.bootstrap.GradleDaemon 4.4
java_class_path (initial): C:\Users\renan\.gradle\wrapper\dists\gradle-4.4-all\9br9xq1tocpiv8o6njlyu5op1\gradle-4.4\lib\gradle-launcher-4.4.jar
Launcher Type: SUN_STANDARD

Environment Variables:
PATH=C:\Program Files (x86)\Common Files\Oracle\Java\javapath;C:\ProgramData\Oracle\Java\javapath;C:\WINDOWS\system32;C:\WINDOWS;C:\WINDOWS\System32\Wbem;C:\WINDOWS\System32\WindowsPowerShell\v1.0\;C:\Users\renan\AppData\Local\Programs\Python\Python36-32;C:\Users\renan\AppData\Local\Programs\Python\Python36-32\Scripts;;C:\WINDOWS\System32\OpenSSH\;C:\Program Files\MySQL\MySQL Utilities 1.6\;C:\Program Files\Microsoft VS Code\bin;C:\Program Files\nodejs\;C:\Users\renan\AppData\Local\Microsoft\WindowsApps;C:\Users\renan\AppData\Roaming\npm;C:\Users\renan\AppData\Local\Programs\Microsoft VS Code\bin
USERNAME=renan
OS=Windows_NT
PROCESSOR_IDENTIFIER=Intel64 Family 6 Model 142 Stepping 9, GenuineIntel



---------------  S Y S T E M  ---------------

OS: Windows 10.0 , 64 bit Build 17134 (10.0.17134.1)

CPU:total 4 (initial active 4) (2 cores per cpu, 2 threads per core) family 6 model 142 stepping 9, cmov, cx8, fxsr, mmx, sse, sse2, sse3, ssse3, sse4.1, sse4.2, popcnt, avx, avx2, aes, clmul, erms, 3dnowpref, lzcnt, ht, tsc, tscinvbit, bmi1, bmi2, adx

Memory: 4k page, physical 4034820k(596780k free), swap 5673220k(5136k free)

vm_info: OpenJDK 64-Bit Server VM (25.152-b02) for windows-amd64 JRE (1.8.0_152-release-1024-b02), built by "builder" with MS VC++ 10.0 (VS2010)

time: Mon Oct 22 21:28:26 2018
elapsed time: 2 seconds (0d 0h 0m 2s)

