#
# There is insufficient memory for the Java Runtime Environment to continue.
# Native memory allocation (malloc) failed to allocate 1111456 bytes for Chunk::new
# Possible reasons:
#   The system is out of physical RAM or swap space
#   In 32 bit mode, the process size limit was hit
# Possible solutions:
#   Reduce memory load on the system
#   Increase physical memory or swap space
#   Check if swap backing store is full
#   Use 64 bit Java on a 64 bit OS
#   Decrease Java heap size (-Xmx/-Xms)
#   Decrease number of Java threads
#   Decrease Java thread stack sizes (-Xss)
#   Set larger code cache with -XX:ReservedCodeCacheSize=
# This output file may be truncated or incomplete.
#
#  Out of Memory Error (allocation.cpp:390), pid=9456, tid=0x0000000000000418
#
# JRE version: OpenJDK Runtime Environment (8.0_152-b02) (build 1.8.0_152-release-1024-b02)
# Java VM: OpenJDK 64-Bit Server VM (25.152-b02 mixed mode windows-amd64 compressed oops)
# Failed to write core dump. Minidumps are not enabled by default on client versions of Windows
#

---------------  T H R E A D  ---------------

Current thread (0x00000000165d7000):  JavaThread "C2 CompilerThread0" daemon [_thread_in_native, id=1048, stack(0x0000000017c50000,0x0000000017d50000)]

Stack: [0x0000000017c50000,0x0000000017d50000]
[error occurred during error reporting (printing stack bounds), id 0xc0000005]

Native frames: (J=compiled Java code, j=interpreted, Vv=VM code, C=native code)


Current CompileTask:
C2:3846627 21906 %     4       com.android.tools.r8.ir.regalloc.LinearScanRegisterAllocator::performLinearScan @ 504 (767 bytes)


---------------  P R O C E S S  ---------------

Java Threads: ( => current thread )
  0x000000001c0cb000 JavaThread "pool-47-thread-2" [_thread_in_Java, id=4448, stack(0x000000003b7b0000,0x000000003b8b0000)]
  0x000000001c0ce000 JavaThread "pool-47-thread-1" [_thread_in_Java, id=10140, stack(0x000000003b6b0000,0x000000003b7b0000)]
  0x000000001f479000 JavaThread "ForkJoinPool.commonPool-worker-1" daemon [_thread_blocked, id=2424, stack(0x00000000377b0000,0x00000000378b0000)]
  0x000000001f477800 JavaThread "ForkJoinPool.commonPool-worker-0" daemon [_thread_blocked, id=9420, stack(0x00000000376b0000,0x00000000377b0000)]
  0x000000001f471800 JavaThread "ForkJoinPool.commonPool-worker-3" daemon [_thread_in_Java, id=10196, stack(0x00000000375b0000,0x00000000376b0000)]
  0x000000001f478800 JavaThread "Cache worker for Java compile cache (C:\Users\renan\usjt_entregas\DESWEBMOB\AgendaComFirebase\.gradle\4.4\javaCompile)" [_thread_blocked, id=5876, stack(0x00000000365b0000,0x00000000366b0000)]
  0x000000001f46e800 JavaThread "Task worker for ':' Thread 3" [_thread_blocked, id=7140, stack(0x0000000034ab0000,0x0000000034bb0000)]
  0x000000001f46d000 JavaThread "Task worker for ':' Thread 2" [_thread_blocked, id=6180, stack(0x00000000349b0000,0x0000000034ab0000)]
  0x000000001bc8f000 JavaThread "Task worker for ':'" [_thread_blocked, id=10048, stack(0x00000000348b0000,0x00000000349b0000)]
  0x000000001bc8e800 JavaThread "Cache worker for Build Output Cleanup Cache (C:\Users\renan\usjt_entregas\DESWEBMOB\AgendaComFirebase\.gradle\buildOutputCleanup)" [_thread_blocked, id=3444, stack(0x00000000347b0000,0x00000000348b0000)]
  0x000000001bc8d800 JavaThread "Cache worker for task history cache (C:\Users\renan\usjt_entregas\DESWEBMOB\AgendaComFirebase\.gradle\4.4\taskHistory)" [_thread_blocked, id=12336, stack(0x00000000346b0000,0x00000000347b0000)]
  0x000000001bc86000 JavaThread "Cache worker for file content cache (C:\Users\renan\usjt_entregas\DESWEBMOB\AgendaComFirebase\.gradle\4.4\fileContent)" [_thread_blocked, id=9516, stack(0x00000000345b0000,0x00000000346b0000)]
  0x000000001bc8d000 JavaThread "build operations Thread 4" [_thread_blocked, id=8516, stack(0x00000000344b0000,0x00000000345b0000)]
  0x000000001bc90000 JavaThread "build operations Thread 3" [_thread_blocked, id=10636, stack(0x00000000343b0000,0x00000000344b0000)]
  0x000000001bc8b800 JavaThread "build operations Thread 2" [_thread_blocked, id=2212, stack(0x00000000342b0000,0x00000000343b0000)]
  0x000000001bc83000 JavaThread "build operations" [_thread_blocked, id=2860, stack(0x00000000341b0000,0x00000000342b0000)]
  0x000000001bc87000 JavaThread "Cache worker for Artifact transforms cache (C:\Users\renan\.gradle\caches\transforms-1)" [_thread_blocked, id=5832, stack(0x00000000340b0000,0x00000000341b0000)]
  0x000000001bc89000 JavaThread "Cache worker for file hash cache (C:\Users\renan\usjt_entregas\DESWEBMOB\AgendaComFirebase\.gradle\4.4\fileHashes)" [_thread_blocked, id=876, stack(0x0000000033fb0000,0x00000000340b0000)]
  0x000000001bc87800 JavaThread "Stdin handler" [_thread_blocked, id=10496, stack(0x0000000033eb0000,0x0000000033fb0000)]
  0x000000001bc85800 JavaThread "Asynchronous log dispatcher for DefaultDaemonConnection: socket connection from /127.0.0.1:57026 to /127.0.0.1:54324" [_thread_blocked, id=11680, stack(0x0000000033db0000,0x0000000033eb0000)]
  0x000000001bc84800 JavaThread "Daemon worker Thread 5" [_thread_blocked, id=8404, stack(0x0000000033cb0000,0x0000000033db0000)]
  0x000000001bc84000 JavaThread "Cancel handler" [_thread_blocked, id=1268, stack(0x0000000033bb0000,0x0000000033cb0000)]
  0x000000001bc8a000 JavaThread "Handler for socket connection from /127.0.0.1:57026 to /127.0.0.1:54324" [_thread_in_native, id=6372, stack(0x0000000033ab0000,0x0000000033bb0000)]
  0x000000001bc81800 JavaThread "Daemon Thread 5" [_thread_blocked, id=9704, stack(0x00000000339b0000,0x0000000033ab0000)]
  0x000000001f46e000 JavaThread "Memory manager" [_thread_blocked, id=10280, stack(0x0000000022080000,0x0000000022180000)]
  0x0000000019645800 JavaThread "File lock request listener" [_thread_in_native, id=10088, stack(0x000000001b0b0000,0x000000001b1b0000)]
  0x0000000019606800 JavaThread "Cache worker for file hash cache (C:\Users\renan\.gradle\caches\4.4\fileHashes)" [_thread_blocked, id=2952, stack(0x000000001afb0000,0x000000001b0b0000)]
  0x0000000019281800 JavaThread "Daemon periodic checks" [_thread_blocked, id=10572, stack(0x000000001a4b0000,0x000000001a5b0000)]
  0x00000000192c0000 JavaThread "Incoming local TCP Connector on port 57026" [_thread_in_native, id=3760, stack(0x000000001a260000,0x000000001a360000)]
  0x0000000017f79800 JavaThread "Service Thread" daemon [_thread_blocked, id=10580, stack(0x0000000018350000,0x0000000018450000)]
  0x00000000165da000 JavaThread "C1 CompilerThread2" daemon [_thread_blocked, id=12844, stack(0x0000000017e50000,0x0000000017f50000)]
  0x00000000165cd000 JavaThread "C2 CompilerThread1" daemon [_thread_in_native, id=2608, stack(0x0000000017d50000,0x0000000017e50000)]
=>0x00000000165d7000 JavaThread "C2 CompilerThread0" daemon [_thread_in_native, id=1048, stack(0x0000000017c50000,0x0000000017d50000)]
  0x00000000165d5800 JavaThread "Attach Listener" daemon [_thread_blocked, id=8508, stack(0x0000000017b50000,0x0000000017c50000)]
  0x00000000165d4800 JavaThread "Signal Dispatcher" daemon [_thread_blocked, id=13252, stack(0x0000000017a50000,0x0000000017b50000)]
  0x0000000002c5c000 JavaThread "Finalizer" daemon [_thread_blocked, id=11036, stack(0x0000000017840000,0x0000000017940000)]
  0x0000000002c51000 JavaThread "Reference Handler" daemon [_thread_blocked, id=12000, stack(0x0000000017740000,0x0000000017840000)]
  0x0000000002a3d800 JavaThread "main" [_thread_blocked, id=7080, stack(0x0000000002a60000,0x0000000002b60000)]

Other Threads:
  0x0000000016595800 VMThread [stack: 0x0000000017640000,0x0000000017740000] [id=11784]
  0x0000000017f7a000 WatcherThread [stack: 0x0000000018450000,0x0000000018550000] [id=5228]

VM state:not at safepoint (normal execution)

VM Mutex/Monitor currently owned by a thread: None

Heap:
 PSYoungGen      total 241152K, used 209549K [0x00000000e0000000, 0x00000000f0880000, 0x0000000100000000)
  eden space 212480K, 98% used [0x00000000e0000000,0x00000000ecc48d90,0x00000000ecf80000)
  from space 28672K, 1% used [0x00000000eeb80000,0x00000000eebda9c0,0x00000000f0780000)
  to   space 28672K, 0% used [0x00000000ecf80000,0x00000000ecf80000,0x00000000eeb80000)
 ParOldGen       total 94720K, used 62861K [0x00000000a0000000, 0x00000000a5c80000, 0x00000000e0000000)
  object space 94720K, 66% used [0x00000000a0000000,0x00000000a3d63548,0x00000000a5c80000)
 Metaspace       used 88977K, capacity 92730K, committed 95192K, reserved 1132544K
  class space    used 11099K, capacity 11871K, committed 12544K, reserved 1048576K

Card table byte_map: [0x0000000012020000,0x0000000012330000] byte_map_base: 0x0000000011b20000

Marking Bits: (ParMarkBitMap*) 0x0000000056c14970
 Begin Bits: [0x0000000012930000, 0x0000000014130000)
 End Bits:   [0x0000000014130000, 0x0000000015930000)

Polling page: 0x0000000002990000

CodeCache: size=245760Kb used=59468Kb max_used=59479Kb free=186291Kb
 bounds [0x0000000002c60000, 0x00000000066f0000, 0x0000000011c60000]
 total_blobs=18199 nmethods=17318 adapters=791
 compilation: enabled

Compilation events (10 events):
Event: 3845.914 Thread 0x00000000165da000 22196       1       com.android.tools.r8.code.PackedSwitch::getOpcode (3 bytes)
Event: 3845.914 Thread 0x00000000165da000 nmethod 22196 0x00000000031ee590 code [0x00000000031ee6e0, 0x00000000031ee7f0]
Event: 3845.934 Thread 0x00000000165da000 22197       2       java.util.zip.CRC32::<init> (5 bytes)
Event: 3845.935 Thread 0x00000000165da000 nmethod 22197 0x000000000345e550 code [0x000000000345e6a0, 0x000000000345e7f0]
Event: 3845.966 Thread 0x00000000165da000 22198   !   2       java.util.concurrent.ThreadPoolExecutor::interruptIdleWorkers (120 bytes)
Event: 3845.967 Thread 0x00000000165da000 nmethod 22198 0x0000000002e77e90 code [0x0000000002e780a0, 0x0000000002e785f8]
Event: 3845.972 Thread 0x00000000165da000 22199       1       com.android.tools.r8.BaseCompilerCommand$Builder::getProgramConsumer (5 bytes)
Event: 3845.973 Thread 0x00000000165da000 nmethod 22199 0x000000000345e290 code [0x000000000345e3e0, 0x000000000345e4f0]
Event: 3845.975 Thread 0x00000000165da000 22200       1       com.android.tools.r8.graph.DexItemFactory::access$600 (5 bytes)
Event: 3845.975 Thread 0x00000000165da000 nmethod 22200 0x000000000345dfd0 code [0x000000000345e120, 0x000000000345e210]

GC Heap History (10 events):
Event: 3841.710 GC heap before
{Heap before GC invocations=42 (full 4):
 PSYoungGen      total 241152K, used 221522K [0x00000000e0000000, 0x00000000f0880000, 0x0000000100000000)
  eden space 212480K, 100% used [0x00000000e0000000,0x00000000ecf80000,0x00000000ecf80000)
  from space 28672K, 31% used [0x00000000ecf80000,0x00000000ed854a80,0x00000000eeb80000)
  to   space 28672K, 0% used [0x00000000eeb80000,0x00000000eeb80000,0x00000000f0780000)
 ParOldGen       total 94720K, used 55071K [0x00000000a0000000, 0x00000000a5c80000, 0x00000000e0000000)
  object space 94720K, 58% used [0x00000000a0000000,0x00000000a35c7e38,0x00000000a5c80000)
 Metaspace       used 88811K, capacity 92586K, committed 95192K, reserved 1132544K
  class space    used 11099K, capacity 11871K, committed 12544K, reserved 1048576K
Event: 3841.751 GC heap after
Heap after GC invocations=42 (full 4):
 PSYoungGen      total 241152K, used 5821K [0x00000000e0000000, 0x00000000f0880000, 0x0000000100000000)
  eden space 212480K, 0% used [0x00000000e0000000,0x00000000e0000000,0x00000000ecf80000)
  from space 28672K, 20% used [0x00000000eeb80000,0x00000000ef12f7a0,0x00000000f0780000)
  to   space 28672K, 0% used [0x00000000ecf80000,0x00000000ecf80000,0x00000000eeb80000)
 ParOldGen       total 94720K, used 59443K [0x00000000a0000000, 0x00000000a5c80000, 0x00000000e0000000)
  object space 94720K, 62% used [0x00000000a0000000,0x00000000a3a0cf38,0x00000000a5c80000)
 Metaspace       used 88811K, capacity 92586K, committed 95192K, reserved 1132544K
  class space    used 11099K, capacity 11871K, committed 12544K, reserved 1048576K
}
Event: 3842.641 GC heap before
{Heap before GC invocations=43 (full 4):
 PSYoungGen      total 241152K, used 218301K [0x00000000e0000000, 0x00000000f0880000, 0x0000000100000000)
  eden space 212480K, 100% used [0x00000000e0000000,0x00000000ecf80000,0x00000000ecf80000)
  from space 28672K, 20% used [0x00000000eeb80000,0x00000000ef12f7a0,0x00000000f0780000)
  to   space 28672K, 0% used [0x00000000ecf80000,0x00000000ecf80000,0x00000000eeb80000)
 ParOldGen       total 94720K, used 59443K [0x00000000a0000000, 0x00000000a5c80000, 0x00000000e0000000)
  object space 94720K, 62% used [0x00000000a0000000,0x00000000a3a0cf38,0x00000000a5c80000)
 Metaspace       used 88855K, capacity 92590K, committed 95192K, reserved 1132544K
  class space    used 11099K, capacity 11871K, committed 12544K, reserved 1048576K
Event: 3842.658 GC heap after
Heap after GC invocations=43 (full 4):
 PSYoungGen      total 241152K, used 1786K [0x00000000e0000000, 0x00000000f0880000, 0x0000000100000000)
  eden space 212480K, 0% used [0x00000000e0000000,0x00000000e0000000,0x00000000ecf80000)
  from space 28672K, 6% used [0x00000000ecf80000,0x00000000ed13e9e8,0x00000000eeb80000)
  to   space 28672K, 0% used [0x00000000eeb80000,0x00000000eeb80000,0x00000000f0780000)
 ParOldGen       total 94720K, used 62099K [0x00000000a0000000, 0x00000000a5c80000, 0x00000000e0000000)
  object space 94720K, 65% used [0x00000000a0000000,0x00000000a3ca4fb8,0x00000000a5c80000)
 Metaspace       used 88855K, capacity 92590K, committed 95192K, reserved 1132544K
  class space    used 11099K, capacity 11871K, committed 12544K, reserved 1048576K
}
Event: 3843.411 GC heap before
{Heap before GC invocations=44 (full 4):
 PSYoungGen      total 241152K, used 214266K [0x00000000e0000000, 0x00000000f0880000, 0x0000000100000000)
  eden space 212480K, 100% used [0x00000000e0000000,0x00000000ecf80000,0x00000000ecf80000)
  from space 28672K, 6% used [0x00000000ecf80000,0x00000000ed13e9e8,0x00000000eeb80000)
  to   space 28672K, 0% used [0x00000000eeb80000,0x00000000eeb80000,0x00000000f0780000)
 ParOldGen       total 94720K, used 62099K [0x00000000a0000000, 0x00000000a5c80000, 0x00000000e0000000)
  object space 94720K, 65% used [0x00000000a0000000,0x00000000a3ca4fb8,0x00000000a5c80000)
 Metaspace       used 88880K, capacity 92594K, committed 95192K, reserved 1132544K
  class space    used 11099K, capacity 11871K, committed 12544K, reserved 1048576K
Event: 3843.426 GC heap after
Heap after GC invocations=44 (full 4):
 PSYoungGen      total 241152K, used 5858K [0x00000000e0000000, 0x00000000f0880000, 0x0000000100000000)
  eden space 212480K, 0% used [0x00000000e0000000,0x00000000e0000000,0x00000000ecf80000)
  from space 28672K, 20% used [0x00000000eeb80000,0x00000000ef138848,0x00000000f0780000)
  to   space 28672K, 0% used [0x00000000ecf80000,0x00000000ecf80000,0x00000000eeb80000)
 ParOldGen       total 94720K, used 62749K [0x00000000a0000000, 0x00000000a5c80000, 0x00000000e0000000)
  object space 94720K, 66% used [0x00000000a0000000,0x00000000a3d47548,0x00000000a5c80000)
 Metaspace       used 88880K, capacity 92594K, committed 95192K, reserved 1132544K
  class space    used 11099K, capacity 11871K, committed 12544K, reserved 1048576K
}
Event: 3844.381 GC heap before
{Heap before GC invocations=45 (full 4):
 PSYoungGen      total 241152K, used 218338K [0x00000000e0000000, 0x00000000f0880000, 0x0000000100000000)
  eden space 212480K, 100% used [0x00000000e0000000,0x00000000ecf80000,0x00000000ecf80000)
  from space 28672K, 20% used [0x00000000eeb80000,0x00000000ef138848,0x00000000f0780000)
  to   space 28672K, 0% used [0x00000000ecf80000,0x00000000ecf80000,0x00000000eeb80000)
 ParOldGen       total 94720K, used 62749K [0x00000000a0000000, 0x00000000a5c80000, 0x00000000e0000000)
  object space 94720K, 66% used [0x00000000a0000000,0x00000000a3d47548,0x00000000a5c80000)
 Metaspace       used 88916K, capacity 92658K, committed 95192K, reserved 1132544K
  class space    used 11099K, capacity 11871K, committed 12544K, reserved 1048576K
Event: 3844.388 GC heap after
Heap after GC invocations=45 (full 4):
 PSYoungGen      total 241152K, used 4179K [0x00000000e0000000, 0x00000000f0880000, 0x0000000100000000)
  eden space 212480K, 0% used [0x00000000e0000000,0x00000000e0000000,0x00000000ecf80000)
  from space 28672K, 14% used [0x00000000ecf80000,0x00000000ed394c98,0x00000000eeb80000)
  to   space 28672K, 0% used [0x00000000eeb80000,0x00000000eeb80000,0x00000000f0780000)
 ParOldGen       total 94720K, used 62837K [0x00000000a0000000, 0x00000000a5c80000, 0x00000000e0000000)
  object space 94720K, 66% used [0x00000000a0000000,0x00000000a3d5d548,0x00000000a5c80000)
 Metaspace       used 88916K, capacity 92658K, committed 95192K, reserved 1132544K
  class space    used 11099K, capacity 11871K, committed 12544K, reserved 1048576K
}
Event: 3845.180 GC heap before
{Heap before GC invocations=46 (full 4):
 PSYoungGen      total 241152K, used 216659K [0x00000000e0000000, 0x00000000f0880000, 0x0000000100000000)
  eden space 212480K, 100% used [0x00000000e0000000,0x00000000ecf80000,0x00000000ecf80000)
  from space 28672K, 14% used [0x00000000ecf80000,0x00000000ed394c98,0x00000000eeb80000)
  to   space 28672K, 0% used [0x00000000eeb80000,0x00000000eeb80000,0x00000000f0780000)
 ParOldGen       total 94720K, used 62837K [0x00000000a0000000, 0x00000000a5c80000, 0x00000000e0000000)
  object space 94720K, 66% used [0x00000000a0000000,0x00000000a3d5d548,0x00000000a5c80000)
 Metaspace       used 88953K, capacity 92666K, committed 95192K, reserved 1132544K
  class space    used 11099K, capacity 11871K, committed 12544K, reserved 1048576K
Event: 3845.183 GC heap after
Heap after GC invocations=46 (full 4):
 PSYoungGen      total 241152K, used 362K [0x00000000e0000000, 0x00000000f0880000, 0x0000000100000000)
  eden space 212480K, 0% used [0x00000000e0000000,0x00000000e0000000,0x00000000ecf80000)
  from space 28672K, 1% used [0x00000000eeb80000,0x00000000eebda9c0,0x00000000f0780000)
  to   space 28672K, 0% used [0x00000000ecf80000,0x00000000ecf80000,0x00000000eeb80000)
 ParOldGen       total 94720K, used 62861K [0x00000000a0000000, 0x00000000a5c80000, 0x00000000e0000000)
  object space 94720K, 66% used [0x00000000a0000000,0x00000000a3d63548,0x00000000a5c80000)
 Metaspace       used 88953K, capacity 92666K, committed 95192K, reserved 1132544K
  class space    used 11099K, capacity 11871K, committed 12544K, reserved 1048576K
}

Deoptimization events (10 events):
Event: 3844.642 Thread 0x000000001c0ce800 Uncommon trap: reason=unstable_if action=reinterpret pc=0x0000000006226a80 method=com.android.tools.r8.ir.conversion.JarState$Slot.isCategory1(Lcom/android/tools/r8/org/objectweb/asm/Type;)Z @ 11
Event: 3844.642 Thread 0x000000001c0ce800 Uncommon trap: reason=unstable_if action=reinterpret pc=0x000000000638b0a4 method=com.android.tools.r8.ir.conversion.JarState$Slot.isCategory1(Lcom/android/tools/r8/org/objectweb/asm/Type;)Z @ 11
Event: 3844.908 Thread 0x000000001f479000 Uncommon trap: reason=unstable_if action=reinterpret pc=0x000000000571a8ac method=java.util.TimSort.countRunAndMakeAscending([Ljava/lang/Object;IILjava/util/Comparator;)I @ 27
Event: 3844.934 Thread 0x000000001f47a800 Uncommon trap: reason=unstable_if action=reinterpret pc=0x000000000667d424 method=com.android.tools.r8.ir.conversion.JarState$Slot.isCategory1(Lcom/android/tools/r8/org/objectweb/asm/Type;)Z @ 11
Event: 3845.122 Thread 0x000000001c0cb000 Uncommon trap: reason=bimorphic action=maybe_recompile pc=0x00000000064c1074 method=java.util.concurrent.FutureTask.run()V @ 42
Event: 3845.123 Thread 0x000000001f47b800 Uncommon trap: reason=bimorphic action=maybe_recompile pc=0x00000000064c1074 method=java.util.concurrent.FutureTask.run()V @ 42
Event: 3845.127 Thread 0x000000001f472800 Uncommon trap: reason=bimorphic action=maybe_recompile pc=0x00000000064c1074 method=java.util.concurrent.FutureTask.run()V @ 42
Event: 3845.128 Thread 0x000000001f474000 Uncommon trap: reason=bimorphic action=maybe_recompile pc=0x00000000064c1074 method=java.util.concurrent.FutureTask.run()V @ 42
Event: 3845.560 Thread 0x000000001c0c9000 Uncommon trap: reason=unstable_if action=reinterpret pc=0x00000000066d2f1c method=com.android.tools.r8.ir.conversion.JarSourceCode.traceInstruction(ILcom/android/tools/r8/ir/conversion/IRBuilder;)I @ 203
Event: 3845.774 Thread 0x000000001c0c9000 Uncommon trap: reason=unstable_if action=reinterpret pc=0x0000000006437f14 method=java.util.concurrent.ConcurrentHashMap.computeIfAbsent(Ljava/lang/Object;Ljava/util/function/Function;)Ljava/lang/Object; @ 281

Classes redefined (0 events):
No events

Internal exceptions (10 events):
Event: 3834.814 Thread 0x000000001bc84800 Exception <a 'sun/nio/fs/WindowsException'> (0x00000000e6ac13b0) thrown at [D:\src\AOSP-openjdk-cygwin\jdk8u\hotspot\src\share\vm\prims\jni.cpp, line 709]
Event: 3834.814 Thread 0x000000001bc84800 Exception <a 'sun/nio/fs/WindowsException'> (0x00000000e6ac3478) thrown at [D:\src\AOSP-openjdk-cygwin\jdk8u\hotspot\src\share\vm\prims\jni.cpp, line 709]
Event: 3834.824 Thread 0x000000001bc84800 Exception <a 'sun/nio/fs/WindowsException'> (0x00000000e6af0608) thrown at [D:\src\AOSP-openjdk-cygwin\jdk8u\hotspot\src\share\vm\prims\jni.cpp, line 709]
Event: 3834.824 Thread 0x000000001bc84800 Exception <a 'sun/nio/fs/WindowsException'> (0x00000000e6af1528) thrown at [D:\src\AOSP-openjdk-cygwin\jdk8u\hotspot\src\share\vm\prims\jni.cpp, line 709]
Event: 3834.824 Thread 0x000000001bc84800 Exception <a 'sun/nio/fs/WindowsException'> (0x00000000e6af35f0) thrown at [D:\src\AOSP-openjdk-cygwin\jdk8u\hotspot\src\share\vm\prims\jni.cpp, line 709]
Event: 3834.839 Thread 0x000000001bc84800 Exception <a 'sun/nio/fs/WindowsException'> (0x00000000e6b5d320) thrown at [D:\src\AOSP-openjdk-cygwin\jdk8u\hotspot\src\share\vm\prims\jni.cpp, line 709]
Event: 3834.839 Thread 0x000000001bc84800 Exception <a 'sun/nio/fs/WindowsException'> (0x00000000e6b5e240) thrown at [D:\src\AOSP-openjdk-cygwin\jdk8u\hotspot\src\share\vm\prims\jni.cpp, line 709]
Event: 3834.839 Thread 0x000000001bc84800 Exception <a 'sun/nio/fs/WindowsException'> (0x00000000e6b60308) thrown at [D:\src\AOSP-openjdk-cygwin\jdk8u\hotspot\src\share\vm\prims\jni.cpp, line 709]
Event: 3838.436 Thread 0x000000001c0cb000 Implicit null exception at 0x0000000004ec3fc4 to 0x0000000004ec4831
Event: 3843.013 Thread 0x000000001c0ce800 Implicit null exception at 0x00000000065158f7 to 0x00000000065170ed

Events (10 events):
Event: 3845.934 Thread 0x000000001c0ce800 Thread exited: 0x000000001c0ce800
Event: 3845.934 Thread 0x000000001c0ce000 Thread exited: 0x000000001c0ce000
Event: 3845.953 Thread 0x000000001c0cb000 Thread exited: 0x000000001c0cb000
Event: 3845.953 Thread 0x000000001c0cb800 Thread exited: 0x000000001c0cb800
Event: 3845.968 Thread 0x000000001c0c9000 Thread exited: 0x000000001c0c9000
Event: 3845.968 Thread 0x000000001c0cc800 Thread exited: 0x000000001c0cc800
Event: 3845.973 Thread 0x000000001c0ce000 Thread added: 0x000000001c0ce000
Event: 3845.973 Thread 0x000000001c0cb000 Thread added: 0x000000001c0cb000
Event: 3845.980 Executing VM operation: RevokeBias
Event: 3845.981 Executing VM operation: RevokeBias done


Dynamic libraries:
0x00007ff6299b0000 - 0x00007ff6299e1000 	C:\Program Files\Android\Android Studio\jre\bin\java.exe
0x00007ffadac60000 - 0x00007ffadae41000 	C:\WINDOWS\SYSTEM32\ntdll.dll
0x00007ffad8690000 - 0x00007ffad8742000 	C:\WINDOWS\System32\KERNEL32.DLL
0x00007ffad7320000 - 0x00007ffad7593000 	C:\WINDOWS\System32\KERNELBASE.dll
0x00007ffadab80000 - 0x00007ffadac21000 	C:\WINDOWS\System32\ADVAPI32.dll
0x00007ffad8d60000 - 0x00007ffad8dfe000 	C:\WINDOWS\System32\msvcrt.dll
0x00007ffad91b0000 - 0x00007ffad920b000 	C:\WINDOWS\System32\sechost.dll
0x00007ffada650000 - 0x00007ffada774000 	C:\WINDOWS\System32\RPCRT4.dll
0x00007ffada920000 - 0x00007ffadaab0000 	C:\WINDOWS\System32\USER32.dll
0x00007ffad7600000 - 0x00007ffad7620000 	C:\WINDOWS\System32\win32u.dll
0x00007ffada8f0000 - 0x00007ffada918000 	C:\WINDOWS\System32\GDI32.dll
0x00007ffad7d80000 - 0x00007ffad7f12000 	C:\WINDOWS\System32\gdi32full.dll
0x00007ffad8050000 - 0x00007ffad80ef000 	C:\WINDOWS\System32\msvcp_win.dll
0x00007ffad7030000 - 0x00007ffad712a000 	C:\WINDOWS\System32\ucrtbase.dll
0x00007ffac8b70000 - 0x00007ffac8dd9000 	C:\WINDOWS\WinSxS\amd64_microsoft.windows.common-controls_6595b64144ccf1df_6.0.17134.345_none_fb429a5930656358\COMCTL32.dll
0x00007ffad8130000 - 0x00007ffad8453000 	C:\WINDOWS\System32\combase.dll
0x00007ffad7f20000 - 0x00007ffad7f9a000 	C:\WINDOWS\System32\bcryptPrimitives.dll
0x00007ffad80f0000 - 0x00007ffad811d000 	C:\WINDOWS\System32\IMM32.DLL
0x0000000056290000 - 0x0000000056362000 	C:\Program Files\Android\Android Studio\jre\jre\bin\msvcr100.dll
0x0000000056450000 - 0x0000000056c8f000 	C:\Program Files\Android\Android Studio\jre\jre\bin\server\jvm.dll
0x00007ffad8460000 - 0x00007ffad8468000 	C:\WINDOWS\System32\PSAPI.DLL
0x00007ffad5b90000 - 0x00007ffad5b9a000 	C:\WINDOWS\SYSTEM32\VERSION.dll
0x00007ffad4f20000 - 0x00007ffad4f43000 	C:\WINDOWS\SYSTEM32\WINMM.dll
0x00007ffad5ba0000 - 0x00007ffad5ba9000 	C:\WINDOWS\SYSTEM32\WSOCK32.dll
0x00007ffad4ad0000 - 0x00007ffad4afa000 	C:\WINDOWS\SYSTEM32\WINMMBASE.dll
0x00007ffada7e0000 - 0x00007ffada84c000 	C:\WINDOWS\System32\WS2_32.dll
0x00007ffad7620000 - 0x00007ffad7669000 	C:\WINDOWS\System32\cfgmgr32.dll
0x00007ffad5b40000 - 0x00007ffad5b4f000 	C:\Program Files\Android\Android Studio\jre\jre\bin\verify.dll
0x00007ffad0e70000 - 0x00007ffad0e99000 	C:\Program Files\Android\Android Studio\jre\jre\bin\java.dll
0x00007ffacc620000 - 0x00007ffacc636000 	C:\Program Files\Android\Android Studio\jre\jre\bin\zip.dll
0x00007ffad9210000 - 0x00007ffada64f000 	C:\WINDOWS\System32\SHELL32.dll
0x00007ffad8490000 - 0x00007ffad8539000 	C:\WINDOWS\System32\shcore.dll
0x00007ffad7670000 - 0x00007ffad7d7d000 	C:\WINDOWS\System32\windows.storage.dll
0x00007ffad88b0000 - 0x00007ffad8901000 	C:\WINDOWS\System32\shlwapi.dll
0x00007ffad7010000 - 0x00007ffad7021000 	C:\WINDOWS\System32\kernel.appcore.dll
0x00007ffad6fe0000 - 0x00007ffad6fff000 	C:\WINDOWS\System32\profapi.dll
0x00007ffad6f90000 - 0x00007ffad6fdc000 	C:\WINDOWS\System32\powrprof.dll
0x00007ffad7000000 - 0x00007ffad700a000 	C:\WINDOWS\System32\FLTLIB.DLL
0x00007ffac8ee0000 - 0x00007ffac8efa000 	C:\Program Files\Android\Android Studio\jre\jre\bin\net.dll
0x00007ffad6790000 - 0x00007ffad67f6000 	C:\WINDOWS\system32\mswsock.dll
0x00007ffabd9a0000 - 0x00007ffabd9b1000 	C:\Program Files\Android\Android Studio\jre\jre\bin\nio.dll
0x00007ffac22f0000 - 0x00007ffac230e000 	C:\Users\renan\.gradle\native\25\windows-amd64\native-platform.dll
0x00007ffac9620000 - 0x00007ffac962d000 	C:\Program Files\Android\Android Studio\jre\jre\bin\management.dll
0x00007ffad6940000 - 0x00007ffad6957000 	C:\WINDOWS\SYSTEM32\CRYPTSP.dll
0x00007ffad6370000 - 0x00007ffad63a3000 	C:\WINDOWS\system32\rsaenh.dll
0x00007ffad6ad0000 - 0x00007ffad6af5000 	C:\WINDOWS\SYSTEM32\bcrypt.dll
0x00007ffad6e70000 - 0x00007ffad6e98000 	C:\WINDOWS\SYSTEM32\USERENV.dll
0x00007ffad6960000 - 0x00007ffad696b000 	C:\WINDOWS\SYSTEM32\CRYPTBASE.dll
0x00007ffad6510000 - 0x00007ffad6548000 	C:\WINDOWS\SYSTEM32\IPHLPAPI.DLL
0x00007ffad8e00000 - 0x00007ffad8e08000 	C:\WINDOWS\System32\NSI.dll
0x00007ffacfaf0000 - 0x00007ffacfb06000 	C:\WINDOWS\SYSTEM32\dhcpcsvc6.DLL
0x00007ffacfba0000 - 0x00007ffacfbba000 	C:\WINDOWS\SYSTEM32\dhcpcsvc.DLL
0x00007ffacc180000 - 0x00007ffacc1a4000 	C:\Program Files\Android\Android Studio\jre\jre\bin\sunec.dll
0x00007ffad6550000 - 0x00007ffad660e000 	C:\WINDOWS\SYSTEM32\DNSAPI.dll
0x00007ffaca2f0000 - 0x00007ffaca2fa000 	C:\Windows\System32\rasadhlp.dll
0x00007ffacaa80000 - 0x00007ffacaaf2000 	C:\WINDOWS\System32\fwpuclnt.dll
0x00007ffad5b30000 - 0x00007ffad5b3b000 	C:\Program Files\Android\Android Studio\jre\jre\bin\sunmscapi.dll
0x00007ffad7130000 - 0x00007ffad7312000 	C:\WINDOWS\System32\CRYPT32.dll
0x00007ffad6f70000 - 0x00007ffad6f82000 	C:\WINDOWS\System32\MSASN1.dll

VM Arguments:
jvm_args: -Xmx1536m -Dfile.encoding=windows-1252 -Duser.country=BR -Duser.language=pt -Duser.variant 
java_command: org.gradle.launcher.daemon.bootstrap.GradleDaemon 4.4
java_class_path (initial): C:\Users\renan\.gradle\wrapper\dists\gradle-4.4-all\9br9xq1tocpiv8o6njlyu5op1\gradle-4.4\lib\gradle-launcher-4.4.jar
Launcher Type: SUN_STANDARD

Environment Variables:
PATH=C:\Program Files (x86)\Common Files\Oracle\Java\javapath;C:\ProgramData\Oracle\Java\javapath;C:\WINDOWS\system32;C:\WINDOWS;C:\WINDOWS\System32\Wbem;C:\WINDOWS\System32\WindowsPowerShell\v1.0\;C:\Users\renan\AppData\Local\Programs\Python\Python36-32;C:\Users\renan\AppData\Local\Programs\Python\Python36-32\Scripts;;C:\WINDOWS\System32\OpenSSH\;C:\Program Files\MySQL\MySQL Utilities 1.6\;C:\Program Files\Microsoft VS Code\bin;C:\Program Files\nodejs\;C:\Users\renan\AppData\Local\Microsoft\WindowsApps;C:\Users\renan\AppData\Roaming\npm;C:\Users\renan\AppData\Local\Programs\Microsoft VS Code\bin
USERNAME=renan
OS=Windows_NT
PROCESSOR_IDENTIFIER=Intel64 Family 6 Model 142 Stepping 9, GenuineIntel



---------------  S Y S T E M  ---------------

OS: Windows 10.0 , 64 bit Build 17134 (10.0.17134.1)

CPU:total 4 (initial active 4) (2 cores per cpu, 2 threads per core) family 6 model 142 stepping 9, cmov, cx8, fxsr, mmx, sse, sse2, sse3, ssse3, sse4.1, sse4.2, popcnt, avx, avx2, aes, clmul, erms, 3dnowpref, lzcnt, ht, tsc, tscinvbit, bmi1, bmi2, adx

Memory: 4k page, physical 4034820k(375072k free), swap 5673220k(4952k free)

vm_info: OpenJDK 64-Bit Server VM (25.152-b02) for windows-amd64 JRE (1.8.0_152-release-1024-b02), built by "builder" with MS VC++ 10.0 (VS2010)

time: Mon Oct 22 20:59:38 2018
elapsed time: 3846 seconds (0d 1h 4m 6s)

