#
# There is insufficient memory for the Java Runtime Environment to continue.
# Native memory allocation (malloc) failed to allocate 515056 bytes for Chunk::new
# Possible reasons:
#   The system is out of physical RAM or swap space
#   In 32 bit mode, the process size limit was hit
# Possible solutions:
#   Reduce memory load on the system
#   Increase physical memory or swap space
#   Check if swap backing store is full
#   Use 64 bit Java on a 64 bit OS
#   Decrease Java heap size (-Xmx/-Xms)
#   Decrease number of Java threads
#   Decrease Java thread stack sizes (-Xss)
#   Set larger code cache with -XX:ReservedCodeCacheSize=
# This output file may be truncated or incomplete.
#
#  Out of Memory Error (allocation.cpp:390), pid=1396, tid=0x0000000000000490
#
# JRE version: OpenJDK Runtime Environment (8.0_152-b02) (build 1.8.0_152-release-1024-b02)
# Java VM: OpenJDK 64-Bit Server VM (25.152-b02 mixed mode windows-amd64 compressed oops)
# Failed to write core dump. Minidumps are not enabled by default on client versions of Windows
#

---------------  T H R E A D  ---------------

Current thread (0x0000000016e2f000):  JavaThread "C2 CompilerThread1" daemon [_thread_in_native, id=1168, stack(0x00000000185b0000,0x00000000186b0000)]

Stack: [0x00000000185b0000,0x00000000186b0000]
[error occurred during error reporting (printing stack bounds), id 0xc0000005]

Native frames: (J=compiled Java code, j=interpreted, Vv=VM code, C=native code)


Current CompileTask:
C2:   1953 1302   !   4       java.lang.ClassLoader::loadClass (122 bytes)


---------------  P R O C E S S  ---------------

Java Threads: ( => current thread )
  0x0000000019eaf800 JavaThread "Stdin handler" [_thread_blocked, id=11128, stack(0x000000001b510000,0x000000001b610000)]
  0x0000000019eae800 JavaThread "Asynchronous log dispatcher for DefaultDaemonConnection: socket connection from /127.0.0.1:51554 to /127.0.0.1:51555" [_thread_blocked, id=1708, stack(0x000000001b410000,0x000000001b510000)]
  0x0000000019ea9800 JavaThread "Daemon worker" [_thread_blocked, id=12852, stack(0x000000001b310000,0x000000001b410000)]
  0x0000000019ecb000 JavaThread "Cancel handler" [_thread_blocked, id=8940, stack(0x000000001b210000,0x000000001b310000)]
  0x0000000019cc2000 JavaThread "Handler for socket connection from /127.0.0.1:51554 to /127.0.0.1:51555" [_thread_in_native, id=10356, stack(0x000000001af10000,0x000000001b010000)]
  0x0000000019cc1800 JavaThread "Daemon" [_thread_blocked, id=8720, stack(0x000000001ae10000,0x000000001af10000)]
  0x0000000019cdc000 JavaThread "Daemon periodic checks" [_thread_blocked, id=6352, stack(0x000000001ad10000,0x000000001ae10000)]
  0x0000000019cda800 JavaThread "Incoming local TCP Connector on port 51554" [_thread_in_native, id=9516, stack(0x000000001aac0000,0x000000001abc0000)]
  0x0000000016e8e800 JavaThread "Service Thread" daemon [_thread_blocked, id=9492, stack(0x0000000018bb0000,0x0000000018cb0000)]
  0x0000000016e32800 JavaThread "C1 CompilerThread2" daemon [_thread_blocked, id=3192, stack(0x00000000186b0000,0x00000000187b0000)]
=>0x0000000016e2f000 JavaThread "C2 CompilerThread1" daemon [_thread_in_native, id=1168, stack(0x00000000185b0000,0x00000000186b0000)]
  0x0000000016e37800 JavaThread "C2 CompilerThread0" daemon [_thread_blocked, id=12548, stack(0x00000000184b0000,0x00000000185b0000)]
  0x0000000016e36000 JavaThread "Attach Listener" daemon [_thread_blocked, id=8656, stack(0x00000000183b0000,0x00000000184b0000)]
  0x0000000016e35000 JavaThread "Signal Dispatcher" daemon [_thread_blocked, id=13096, stack(0x00000000182b0000,0x00000000183b0000)]
  0x00000000034bd000 JavaThread "Finalizer" daemon [_thread_blocked, id=8972, stack(0x00000000180a0000,0x00000000181a0000)]
  0x00000000034b1000 JavaThread "Reference Handler" daemon [_thread_blocked, id=13220, stack(0x0000000017fa0000,0x00000000180a0000)]
  0x00000000033bd800 JavaThread "main" [_thread_blocked, id=4248, stack(0x0000000003240000,0x0000000003340000)]

Other Threads:
  0x0000000016df5800 VMThread [stack: 0x0000000017ea0000,0x0000000017fa0000] [id=1840]
  0x00000000187d9800 WatcherThread [stack: 0x0000000018cb0000,0x0000000018db0000] [id=11068]

VM state:at safepoint (normal execution)

VM Mutex/Monitor currently owned by a thread:  ([mutex/lock_event])
[0x00000000033bd390] Threads_lock - owner thread: 0x0000000016df5800
[0x00000000033bce90] Heap_lock - owner thread: 0x0000000019ea9800

Heap:
 PSYoungGen      total 18432K, used 2544K [0x00000000e0000000, 0x00000000e2400000, 0x0000000100000000)
  eden space 15872K, 0% used [0x00000000e0000000,0x00000000e0000000,0x00000000e0f80000)
  from space 2560K, 99% used [0x00000000e2180000,0x00000000e23fc050,0x00000000e2400000)
  to   space 2560K, 0% used [0x00000000e0f80000,0x00000000e0f80000,0x00000000e1200000)
 ParOldGen       total 42496K, used 4962K [0x00000000a0000000, 0x00000000a2980000, 0x00000000e0000000)
  object space 42496K, 11% used [0x00000000a0000000,0x00000000a04d8aa0,0x00000000a2980000)
 Metaspace       used 13019K, capacity 13398K, committed 13440K, reserved 1060864K
  class space    used 1772K, capacity 1901K, committed 1920K, reserved 1048576K

Card table byte_map: [0x0000000012880000,0x0000000012b90000] byte_map_base: 0x0000000012380000

Marking Bits: (ParMarkBitMap*) 0x0000000056c14970
 Begin Bits: [0x0000000013190000, 0x0000000014990000)
 End Bits:   [0x0000000014990000, 0x0000000016190000)

Polling page: 0x0000000001480000

CodeCache: size=245760Kb used=4590Kb max_used=4590Kb free=241169Kb
 bounds [0x00000000034c0000, 0x0000000003950000, 0x00000000124c0000]
 total_blobs=1669 nmethods=1306 adapters=276
 compilation: enabled

Compilation events (10 events):
Event: 1.900 Thread 0x0000000016e37800 1304   !   4       java.util.concurrent.ConcurrentHashMap::transfer (832 bytes)
Event: 1.918 Thread 0x0000000016e37800 nmethod 1304 0x00000000039362d0 code [0x0000000003936460, 0x0000000003937208]
Event: 1.941 Thread 0x0000000016e32800 1305       3       org.gradle.internal.service.DefaultServiceMethodFactory::toServiceMethod (11 bytes)
Event: 1.941 Thread 0x0000000016e32800 nmethod 1305 0x0000000003931110 code [0x0000000003931280, 0x00000000039314a8]
Event: 1.941 Thread 0x0000000016e32800 1306   !   3       org.gradle.internal.service.MethodHandleBasedServiceMethodFactory::toServiceMethod (51 bytes)
Event: 1.942 Thread 0x0000000016e32800 nmethod 1306 0x000000000393add0 code [0x000000000393b060, 0x000000000393c248]
Event: 1.942 Thread 0x0000000016e32800 1307       3       org.gradle.internal.service.AbstractServiceMethod::<init> (42 bytes)
Event: 1.944 Thread 0x0000000016e32800 nmethod 1307 0x000000000393cc50 code [0x000000000393cec0, 0x000000000393e1e8]
Event: 1.944 Thread 0x0000000016e32800 1308       3       java.lang.reflect.Method::getGenericParameterTypes (5 bytes)
Event: 1.945 Thread 0x0000000016e32800 nmethod 1308 0x000000000393ed50 code [0x000000000393ef80, 0x000000000393fce8]

GC Heap History (10 events):
Event: 0.515 GC heap after
Heap after GC invocations=1 (full 0):
 PSYoungGen      total 18432K, used 2546K [0x00000000e0000000, 0x00000000e1480000, 0x0000000100000000)
  eden space 15872K, 0% used [0x00000000e0000000,0x00000000e0000000,0x00000000e0f80000)
  from space 2560K, 99% used [0x00000000e0f80000,0x00000000e11fcaa8,0x00000000e1200000)
  to   space 2560K, 0% used [0x00000000e1200000,0x00000000e1200000,0x00000000e1480000)
 ParOldGen       total 42496K, used 332K [0x00000000a0000000, 0x00000000a2980000, 0x00000000e0000000)
  object space 42496K, 0% used [0x00000000a0000000,0x00000000a00531b0,0x00000000a2980000)
 Metaspace       used 6052K, capacity 6226K, committed 6528K, reserved 1056768K
  class space    used 740K, capacity 783K, committed 896K, reserved 1048576K
}
Event: 0.759 GC heap before
{Heap before GC invocations=2 (full 0):
 PSYoungGen      total 18432K, used 18418K [0x00000000e0000000, 0x00000000e1480000, 0x0000000100000000)
  eden space 15872K, 100% used [0x00000000e0000000,0x00000000e0f80000,0x00000000e0f80000)
  from space 2560K, 99% used [0x00000000e0f80000,0x00000000e11fcaa8,0x00000000e1200000)
  to   space 2560K, 0% used [0x00000000e1200000,0x00000000e1200000,0x00000000e1480000)
 ParOldGen       total 42496K, used 332K [0x00000000a0000000, 0x00000000a2980000, 0x00000000e0000000)
  object space 42496K, 0% used [0x00000000a0000000,0x00000000a00531b0,0x00000000a2980000)
 Metaspace       used 6910K, capacity 7122K, committed 7424K, reserved 1056768K
  class space    used 841K, capacity 911K, committed 1024K, reserved 1048576K
Event: 0.763 GC heap after
Heap after GC invocations=2 (full 0):
 PSYoungGen      total 18432K, used 2540K [0x00000000e0000000, 0x00000000e2400000, 0x0000000100000000)
  eden space 15872K, 0% used [0x00000000e0000000,0x00000000e0000000,0x00000000e0f80000)
  from space 2560K, 99% used [0x00000000e1200000,0x00000000e147b048,0x00000000e1480000)
  to   space 2560K, 0% used [0x00000000e0f80000,0x00000000e0f80000,0x00000000e1200000)
 ParOldGen       total 42496K, used 474K [0x00000000a0000000, 0x00000000a2980000, 0x00000000e0000000)
  object space 42496K, 1% used [0x00000000a0000000,0x00000000a0076958,0x00000000a2980000)
 Metaspace       used 6910K, capacity 7122K, committed 7424K, reserved 1056768K
  class space    used 841K, capacity 911K, committed 1024K, reserved 1048576K
}
Event: 0.970 GC heap before
{Heap before GC invocations=3 (full 0):
 PSYoungGen      total 18432K, used 18412K [0x00000000e0000000, 0x00000000e2400000, 0x0000000100000000)
  eden space 15872K, 100% used [0x00000000e0000000,0x00000000e0f80000,0x00000000e0f80000)
  from space 2560K, 99% used [0x00000000e1200000,0x00000000e147b048,0x00000000e1480000)
  to   space 2560K, 0% used [0x00000000e0f80000,0x00000000e0f80000,0x00000000e1200000)
 ParOldGen       total 42496K, used 474K [0x00000000a0000000, 0x00000000a2980000, 0x00000000e0000000)
  object space 42496K, 1% used [0x00000000a0000000,0x00000000a0076958,0x00000000a2980000)
 Metaspace       used 7195K, capacity 7468K, committed 7680K, reserved 1056768K
  class space    used 902K, capacity 984K, committed 1024K, reserved 1048576K
Event: 0.972 GC heap after
Heap after GC invocations=3 (full 0):
 PSYoungGen      total 18432K, used 2544K [0x00000000e0000000, 0x00000000e2400000, 0x0000000100000000)
  eden space 15872K, 0% used [0x00000000e0000000,0x00000000e0000000,0x00000000e0f80000)
  from space 2560K, 99% used [0x00000000e0f80000,0x00000000e11fc030,0x00000000e1200000)
  to   space 2560K, 0% used [0x00000000e2180000,0x00000000e2180000,0x00000000e2400000)
 ParOldGen       total 42496K, used 784K [0x00000000a0000000, 0x00000000a2980000, 0x00000000e0000000)
  object space 42496K, 1% used [0x00000000a0000000,0x00000000a00c4080,0x00000000a2980000)
 Metaspace       used 7195K, capacity 7468K, committed 7680K, reserved 1056768K
  class space    used 902K, capacity 984K, committed 1024K, reserved 1048576K
}
Event: 1.719 GC heap before
{Heap before GC invocations=4 (full 0):
 PSYoungGen      total 18432K, used 18416K [0x00000000e0000000, 0x00000000e2400000, 0x0000000100000000)
  eden space 15872K, 100% used [0x00000000e0000000,0x00000000e0f80000,0x00000000e0f80000)
  from space 2560K, 99% used [0x00000000e0f80000,0x00000000e11fc030,0x00000000e1200000)
  to   space 2560K, 0% used [0x00000000e2180000,0x00000000e2180000,0x00000000e2400000)
 ParOldGen       total 42496K, used 784K [0x00000000a0000000, 0x00000000a2980000, 0x00000000e0000000)
  object space 42496K, 1% used [0x00000000a0000000,0x00000000a00c4080,0x00000000a2980000)
 Metaspace       used 10822K, capacity 11148K, committed 11264K, reserved 1058816K
  class space    used 1421K, capacity 1522K, committed 1536K, reserved 1048576K
Event: 1.724 GC heap after
Heap after GC invocations=4 (full 0):
 PSYoungGen      total 18432K, used 2544K [0x00000000e0000000, 0x00000000e2400000, 0x0000000100000000)
  eden space 15872K, 0% used [0x00000000e0000000,0x00000000e0000000,0x00000000e0f80000)
  from space 2560K, 99% used [0x00000000e2180000,0x00000000e23fc030,0x00000000e2400000)
  to   space 2560K, 0% used [0x00000000e0f80000,0x00000000e0f80000,0x00000000e1200000)
 ParOldGen       total 42496K, used 2833K [0x00000000a0000000, 0x00000000a2980000, 0x00000000e0000000)
  object space 42496K, 6% used [0x00000000a0000000,0x00000000a02c46e0,0x00000000a2980000)
 Metaspace       used 10822K, capacity 11148K, committed 11264K, reserved 1058816K
  class space    used 1421K, capacity 1522K, committed 1536K, reserved 1048576K
}
Event: 1.921 GC heap before
{Heap before GC invocations=5 (full 0):
 PSYoungGen      total 18432K, used 18416K [0x00000000e0000000, 0x00000000e2400000, 0x0000000100000000)
  eden space 15872K, 100% used [0x00000000e0000000,0x00000000e0f80000,0x00000000e0f80000)
  from space 2560K, 99% used [0x00000000e2180000,0x00000000e23fc030,0x00000000e2400000)
  to   space 2560K, 0% used [0x00000000e0f80000,0x00000000e0f80000,0x00000000e1200000)
 ParOldGen       total 42496K, used 2833K [0x00000000a0000000, 0x00000000a2980000, 0x00000000e0000000)
  object space 42496K, 6% used [0x00000000a0000000,0x00000000a02c46e0,0x00000000a2980000)
 Metaspace       used 12872K, capacity 13334K, committed 13440K, reserved 1060864K
  class space    used 1749K, capacity 1901K, committed 1920K, reserved 1048576K
Event: 1.926 GC heap after
Heap after GC invocations=5 (full 0):
 PSYoungGen      total 18432K, used 2528K [0x00000000e0000000, 0x00000000e2400000, 0x0000000100000000)
  eden space 15872K, 0% used [0x00000000e0000000,0x00000000e0000000,0x00000000e0f80000)
  from space 2560K, 98% used [0x00000000e0f80000,0x00000000e11f8020,0x00000000e1200000)
  to   space 2560K, 0% used [0x00000000e2180000,0x00000000e2180000,0x00000000e2400000)
 ParOldGen       total 42496K, used 4739K [0x00000000a0000000, 0x00000000a2980000, 0x00000000e0000000)
  object space 42496K, 11% used [0x00000000a0000000,0x00000000a04a0fc0,0x00000000a2980000)
 Metaspace       used 12872K, capacity 13334K, committed 13440K, reserved 1060864K
  class space    used 1749K, capacity 1901K, committed 1920K, reserved 1048576K
}
Event: 1.949 GC heap before
{Heap before GC invocations=6 (full 0):
 PSYoungGen      total 18432K, used 4463K [0x00000000e0000000, 0x00000000e2400000, 0x0000000100000000)
  eden space 15872K, 12% used [0x00000000e0000000,0x00000000e01e3c68,0x00000000e0f80000)
  from space 2560K, 98% used [0x00000000e0f80000,0x00000000e11f8020,0x00000000e1200000)
  to   space 2560K, 0% used [0x00000000e2180000,0x00000000e2180000,0x00000000e2400000)
 ParOldGen       total 42496K, used 4739K [0x00000000a0000000, 0x00000000a2980000, 0x00000000e0000000)
  object space 42496K, 11% used [0x00000000a0000000,0x00000000a04a0fc0,0x00000000a2980000)
 Metaspace       used 13019K, capacity 13398K, committed 13440K, reserved 1060864K
  class space    used 1772K, capacity 1901K, committed 1920K, reserved 1048576K

Deoptimization events (10 events):
Event: 1.007 Thread 0x00000000033bd800 Uncommon trap: reason=bimorphic action=maybe_recompile pc=0x0000000003754f58 method=java.util.HashMap.putVal(ILjava/lang/Object;Ljava/lang/Object;ZZ)Ljava/lang/Object; @ 91
Event: 1.012 Thread 0x00000000033bd800 Uncommon trap: reason=bimorphic action=maybe_recompile pc=0x00000000037401c4 method=java.util.HashMap.putVal(ILjava/lang/Object;Ljava/lang/Object;ZZ)Ljava/lang/Object; @ 91
Event: 1.150 Thread 0x00000000033bd800 Uncommon trap: reason=bimorphic action=maybe_recompile pc=0x00000000037eaf84 method=java.util.HashMap.putVal(ILjava/lang/Object;Ljava/lang/Object;ZZ)Ljava/lang/Object; @ 203
Event: 1.302 Thread 0x00000000033bd800 Uncommon trap: reason=unstable_if action=reinterpret pc=0x00000000037a01d8 method=java.io.WinNTFileSystem.normalize(Ljava/lang/String;)Ljava/lang/String; @ 128
Event: 1.302 Thread 0x00000000033bd800 Uncommon trap: reason=unstable_if action=reinterpret pc=0x00000000037d1f24 method=java.io.WinNTFileSystem.normalize(Ljava/lang/String;II)Ljava/lang/String; @ 90
Event: 1.760 Thread 0x0000000019cc2000 Uncommon trap: reason=unstable_if action=reinterpret pc=0x000000000384e820 method=java.util.concurrent.ConcurrentHashMap.putVal(Ljava/lang/Object;Ljava/lang/Object;Z)Ljava/lang/Object; @ 206
Event: 1.830 Thread 0x0000000019ea9800 Uncommon trap: reason=bimorphic action=maybe_recompile pc=0x00000000037eaa14 method=java.util.HashMap.putVal(ILjava/lang/Object;Ljava/lang/Object;ZZ)Ljava/lang/Object; @ 253
Event: 1.830 Thread 0x0000000019ea9800 Uncommon trap: reason=bimorphic action=maybe_recompile pc=0x00000000037eaa14 method=java.util.HashMap.putVal(ILjava/lang/Object;Ljava/lang/Object;ZZ)Ljava/lang/Object; @ 253
Event: 1.830 Thread 0x0000000019ea9800 Uncommon trap: reason=bimorphic action=maybe_recompile pc=0x00000000037ef398 method=java.util.HashMap.putVal(ILjava/lang/Object;Ljava/lang/Object;ZZ)Ljava/lang/Object; @ 253
Event: 1.839 Thread 0x0000000019ea9800 Uncommon trap: reason=class_check action=maybe_recompile pc=0x000000000372e39c method=java.util.regex.Matcher.match(II)Z @ 86

Classes redefined (0 events):
No events

Internal exceptions (10 events):
Event: 1.773 Thread 0x0000000019cc2000 Exception <a 'java/lang/NoSuchMethodError': <clinit>> (0x00000000e0249470) thrown at [D:\src\AOSP-openjdk-cygwin\jdk8u\hotspot\src\share\vm\prims\jni.cpp, line 1613]
Event: 1.774 Thread 0x0000000019cc2000 Exception <a 'java/lang/NoSuchMethodError': <clinit>> (0x00000000e0260f58) thrown at [D:\src\AOSP-openjdk-cygwin\jdk8u\hotspot\src\share\vm\prims\jni.cpp, line 1613]
Event: 1.775 Thread 0x0000000019cc2000 Exception <a 'java/lang/NoSuchMethodError': <clinit>> (0x00000000e0269a20) thrown at [D:\src\AOSP-openjdk-cygwin\jdk8u\hotspot\src\share\vm\prims\jni.cpp, line 1613]
Event: 1.776 Thread 0x0000000019cc2000 Exception <a 'java/lang/NoSuchMethodError': <clinit>> (0x00000000e027b1c0) thrown at [D:\src\AOSP-openjdk-cygwin\jdk8u\hotspot\src\share\vm\prims\jni.cpp, line 1613]
Event: 1.791 Thread 0x0000000019cc2000 Exception <a 'java/lang/NoSuchMethodError': <clinit>> (0x00000000e02e8a60) thrown at [D:\src\AOSP-openjdk-cygwin\jdk8u\hotspot\src\share\vm\prims\jni.cpp, line 1613]
Event: 1.795 Thread 0x0000000019cc2000 Exception <a 'java/lang/NoSuchMethodError': <clinit>> (0x00000000e030c3d0) thrown at [D:\src\AOSP-openjdk-cygwin\jdk8u\hotspot\src\share\vm\prims\jni.cpp, line 1613]
Event: 1.801 Thread 0x0000000019cc2000 Exception <a 'java/lang/NoSuchMethodError': <clinit>> (0x00000000e0327380) thrown at [D:\src\AOSP-openjdk-cygwin\jdk8u\hotspot\src\share\vm\prims\jni.cpp, line 1613]
Event: 1.804 Thread 0x0000000019cc2000 Exception <a 'java/lang/NoSuchMethodError': <clinit>> (0x00000000e034a000) thrown at [D:\src\AOSP-openjdk-cygwin\jdk8u\hotspot\src\share\vm\prims\jni.cpp, line 1613]
Event: 1.823 Thread 0x0000000019ea9800 Exception <a 'java/lang/NoSuchMethodError': <clinit>> (0x00000000e0423408) thrown at [D:\src\AOSP-openjdk-cygwin\jdk8u\hotspot\src\share\vm\prims\jni.cpp, line 1613]
Event: 1.823 Thread 0x0000000019ea9800 Exception <a 'java/lang/NoSuchMethodError': <clinit>> (0x00000000e042b690) thrown at [D:\src\AOSP-openjdk-cygwin\jdk8u\hotspot\src\share\vm\prims\jni.cpp, line 1613]

Events (10 events):
Event: 1.947 loading class org/gradle/api/artifacts/component/BuildIdentifier done
Event: 1.948 loading class org/gradle/initialization/BuildIdentity
Event: 1.948 loading class org/gradle/initialization/BuildIdentity done
Event: 1.948 loading class org/gradle/internal/resource/local/FileStore
Event: 1.948 loading class org/gradle/internal/resource/local/FileStore done
Event: 1.948 loading class org/gradle/api/internal/artifacts/repositories/resolver/ExternalResourceAccessor
Event: 1.948 loading class org/gradle/api/internal/artifacts/repositories/resolver/ExternalResourceAccessor done
Event: 1.948 loading class org/gradle/internal/resource/TextResourceLoader
Event: 1.948 loading class org/gradle/internal/resource/TextResourceLoader done
Event: 1.949 Executing VM operation: CollectForMetadataAllocation


Dynamic libraries:
0x00007ff6b5430000 - 0x00007ff6b5461000 	C:\Program Files\Android\Android Studio\jre\bin\java.exe
0x00007ffadac60000 - 0x00007ffadae41000 	C:\WINDOWS\SYSTEM32\ntdll.dll
0x00007ffad8690000 - 0x00007ffad8742000 	C:\WINDOWS\System32\KERNEL32.DLL
0x00007ffad7320000 - 0x00007ffad7593000 	C:\WINDOWS\System32\KERNELBASE.dll
0x00007ffadab80000 - 0x00007ffadac21000 	C:\WINDOWS\System32\ADVAPI32.dll
0x00007ffad8d60000 - 0x00007ffad8dfe000 	C:\WINDOWS\System32\msvcrt.dll
0x00007ffad91b0000 - 0x00007ffad920b000 	C:\WINDOWS\System32\sechost.dll
0x00007ffada650000 - 0x00007ffada774000 	C:\WINDOWS\System32\RPCRT4.dll
0x00007ffada920000 - 0x00007ffadaab0000 	C:\WINDOWS\System32\USER32.dll
0x00007ffad7600000 - 0x00007ffad7620000 	C:\WINDOWS\System32\win32u.dll
0x00007ffada8f0000 - 0x00007ffada918000 	C:\WINDOWS\System32\GDI32.dll
0x00007ffad7d80000 - 0x00007ffad7f12000 	C:\WINDOWS\System32\gdi32full.dll
0x00007ffad8050000 - 0x00007ffad80ef000 	C:\WINDOWS\System32\msvcp_win.dll
0x00007ffad7030000 - 0x00007ffad712a000 	C:\WINDOWS\System32\ucrtbase.dll
0x00007ffac8b70000 - 0x00007ffac8dd9000 	C:\WINDOWS\WinSxS\amd64_microsoft.windows.common-controls_6595b64144ccf1df_6.0.17134.345_none_fb429a5930656358\COMCTL32.dll
0x00007ffad8130000 - 0x00007ffad8453000 	C:\WINDOWS\System32\combase.dll
0x00007ffad7f20000 - 0x00007ffad7f9a000 	C:\WINDOWS\System32\bcryptPrimitives.dll
0x00007ffad80f0000 - 0x00007ffad811d000 	C:\WINDOWS\System32\IMM32.DLL
0x0000000056290000 - 0x0000000056362000 	C:\Program Files\Android\Android Studio\jre\jre\bin\msvcr100.dll
0x0000000056450000 - 0x0000000056c8f000 	C:\Program Files\Android\Android Studio\jre\jre\bin\server\jvm.dll
0x00007ffad8460000 - 0x00007ffad8468000 	C:\WINDOWS\System32\PSAPI.DLL
0x00007ffad5b90000 - 0x00007ffad5b9a000 	C:\WINDOWS\SYSTEM32\VERSION.dll
0x00007ffad4f20000 - 0x00007ffad4f43000 	C:\WINDOWS\SYSTEM32\WINMM.dll
0x00007ffad5ba0000 - 0x00007ffad5ba9000 	C:\WINDOWS\SYSTEM32\WSOCK32.dll
0x00007ffada7e0000 - 0x00007ffada84c000 	C:\WINDOWS\System32\WS2_32.dll
0x00007ffad4ad0000 - 0x00007ffad4afa000 	C:\WINDOWS\SYSTEM32\winmmbase.dll
0x00007ffad7620000 - 0x00007ffad7669000 	C:\WINDOWS\System32\cfgmgr32.dll
0x00007ffad5b40000 - 0x00007ffad5b4f000 	C:\Program Files\Android\Android Studio\jre\jre\bin\verify.dll
0x00007ffad0e70000 - 0x00007ffad0e99000 	C:\Program Files\Android\Android Studio\jre\jre\bin\java.dll
0x00007ffacc620000 - 0x00007ffacc636000 	C:\Program Files\Android\Android Studio\jre\jre\bin\zip.dll
0x00007ffad9210000 - 0x00007ffada64f000 	C:\WINDOWS\System32\SHELL32.dll
0x00007ffad8490000 - 0x00007ffad8539000 	C:\WINDOWS\System32\shcore.dll
0x00007ffad7670000 - 0x00007ffad7d7d000 	C:\WINDOWS\System32\windows.storage.dll
0x00007ffad88b0000 - 0x00007ffad8901000 	C:\WINDOWS\System32\shlwapi.dll
0x00007ffad7010000 - 0x00007ffad7021000 	C:\WINDOWS\System32\kernel.appcore.dll
0x00007ffad6fe0000 - 0x00007ffad6fff000 	C:\WINDOWS\System32\profapi.dll
0x00007ffad6f90000 - 0x00007ffad6fdc000 	C:\WINDOWS\System32\powrprof.dll
0x00007ffad7000000 - 0x00007ffad700a000 	C:\WINDOWS\System32\FLTLIB.DLL
0x00007ffac8ee0000 - 0x00007ffac8efa000 	C:\Program Files\Android\Android Studio\jre\jre\bin\net.dll
0x00007ffad6790000 - 0x00007ffad67f6000 	C:\WINDOWS\system32\mswsock.dll
0x00007ffabd9a0000 - 0x00007ffabd9b1000 	C:\Program Files\Android\Android Studio\jre\jre\bin\nio.dll
0x00007ffac22f0000 - 0x00007ffac230e000 	C:\Users\renan\.gradle\native\25\windows-amd64\native-platform.dll
0x00007ffac9620000 - 0x00007ffac962d000 	C:\Program Files\Android\Android Studio\jre\jre\bin\management.dll
0x00007ffad6940000 - 0x00007ffad6957000 	C:\WINDOWS\SYSTEM32\CRYPTSP.dll
0x00007ffad6370000 - 0x00007ffad63a3000 	C:\WINDOWS\system32\rsaenh.dll
0x00007ffad6ad0000 - 0x00007ffad6af5000 	C:\WINDOWS\SYSTEM32\bcrypt.dll
0x00007ffad6e70000 - 0x00007ffad6e98000 	C:\WINDOWS\SYSTEM32\USERENV.dll
0x00007ffad6960000 - 0x00007ffad696b000 	C:\WINDOWS\SYSTEM32\CRYPTBASE.dll
0x00007ffad6510000 - 0x00007ffad6548000 	C:\WINDOWS\SYSTEM32\IPHLPAPI.DLL
0x00007ffad8e00000 - 0x00007ffad8e08000 	C:\WINDOWS\System32\NSI.dll
0x00007ffacfaf0000 - 0x00007ffacfb06000 	C:\WINDOWS\SYSTEM32\dhcpcsvc6.DLL
0x00007ffacfba0000 - 0x00007ffacfbba000 	C:\WINDOWS\SYSTEM32\dhcpcsvc.DLL

VM Arguments:
jvm_args: -Xmx1536m -Dfile.encoding=windows-1252 -Duser.country=BR -Duser.language=pt -Duser.variant 
java_command: org.gradle.launcher.daemon.bootstrap.GradleDaemon 4.4
java_class_path (initial): C:\Users\renan\.gradle\wrapper\dists\gradle-4.4-all\9br9xq1tocpiv8o6njlyu5op1\gradle-4.4\lib\gradle-launcher-4.4.jar
Launcher Type: SUN_STANDARD

Environment Variables:
PATH=C:\Program Files (x86)\Common Files\Oracle\Java\javapath;C:\ProgramData\Oracle\Java\javapath;C:\WINDOWS\system32;C:\WINDOWS;C:\WINDOWS\System32\Wbem;C:\WINDOWS\System32\WindowsPowerShell\v1.0\;C:\Users\renan\AppData\Local\Programs\Python\Python36-32;C:\Users\renan\AppData\Local\Programs\Python\Python36-32\Scripts;;C:\WINDOWS\System32\OpenSSH\;C:\Program Files\MySQL\MySQL Utilities 1.6\;C:\Program Files\Microsoft VS Code\bin;C:\Program Files\nodejs\;C:\Users\renan\AppData\Local\Microsoft\WindowsApps;C:\Users\renan\AppData\Roaming\npm;C:\Users\renan\AppData\Local\Programs\Microsoft VS Code\bin
USERNAME=renan
OS=Windows_NT
PROCESSOR_IDENTIFIER=Intel64 Family 6 Model 142 Stepping 9, GenuineIntel



---------------  S Y S T E M  ---------------

OS: Windows 10.0 , 64 bit Build 17134 (10.0.17134.1)

CPU:total 4 (initial active 4) (2 cores per cpu, 2 threads per core) family 6 model 142 stepping 9, cmov, cx8, fxsr, mmx, sse, sse2, sse3, ssse3, sse4.1, sse4.2, popcnt, avx, avx2, aes, clmul, erms, 3dnowpref, lzcnt, ht, tsc, tscinvbit, bmi1, bmi2, adx

Memory: 4k page, physical 4034820k(628012k free), swap 5673220k(3128k free)

vm_info: OpenJDK 64-Bit Server VM (25.152-b02) for windows-amd64 JRE (1.8.0_152-release-1024-b02), built by "builder" with MS VC++ 10.0 (VS2010)

time: Mon Oct 22 21:24:10 2018
elapsed time: 1 seconds (0d 0h 0m 1s)

